<?xml version="1.0" encoding="UTF-8"?>
<!-- Generated by org.testng.reporters.JUnitReportReporter -->
<testsuite hostname="DGIT-0099" failures="0" tests="2" name="BookingMaskTestCases.VerifyBookingCancellationAndEnquiryTC42TC43" time="210.899" errors="0" timestamp="2023-07-13T17:18:57 IST" skipped="0">
  <testcase classname="BookingMaskTestCases.VerifyBookingCancellationAndEnquiryTC42TC43" name="validateCancellationPricesWithSA" time="103.153">
    <system-out>
      <![CDATA[Select Falk Tours AG in CompanyID dropdownList
Select TFT1 in TravelType dropdownList
Selected HK002 - (code) from dropdown list
Send Booking action code
Send number of passenger
Send correct KOS in input field
Send correct ProductCode in input field
Send roomcode in input field
Send correct boardName
Send Occupancy
Send TotalPax 
Send Travel from date
Send Travel To date
Select Number of passenger
Click on SendBookingButton
Clicked on ViewList
Clicked on SendTBMcode to verify booking is done or not
Clicked on Booking listButton
Send TBM code
Clicked on Booking listButton
Clicked on edit booking1
Send Modified booking action
Clicked on SendBookingButton after entering SA action code
Clicked on ViewList
Clicked on SendTBMcode to verify booking is done or not
Clicked on Booking listButton
Validating Actual ReservationNo 253311559/01 and Expected ReservationNo is 253311559/01]]>
    </system-out>
  </testcase> <!-- validateCancellationPricesWithSA -->
  <testcase classname="BookingMaskTestCases.VerifyBookingCancellationAndEnquiryTC42TC43" name="validateCancellationPricesWithS" time="107.746">
    <system-out>
      <![CDATA[Select Falk Tours AG in CompanyID dropdownList
Select TFT1 in TravelType dropdownList
Selected HK002 - (code) from dropdown list
Send Booking action
Send number of passenger
Send correct KOS in input field
Send correct ProductCode in input field
Send roomcode in input field
Send correct boardName
Send Occupancy
Send bookinglines 
Send Travel from dates
Send Travel To date
Select Number of passenger
Click on sendBookingButton
Clicked on ViewList
Clicked on SendTBMcode to verify booking is done or not
Clicked on Booking listButton
Send TBM code
Clicked on Booking listButton
Clicked on edit booking1
Send Modified booking action
Click on sendBookingButton after entering SA action code
Clicked on ViewList
Clicked on SendTBMcode to verify booking is done or not
Clicked on Booking listButton
Validating Actual Price with excluding Cancellation charges is 4888.00 and Expected Price excluding Cancellation charges is 4888.00
Validating Actual ReservationNo 134974412/02 and Expected ReservationNo is 134974412/02]]>
    </system-out>
  </testcase> <!-- validateCancellationPricesWithS -->
  <system-out>
    <![CDATA[Browser Launch 
Valid Username Entered
Valid Password Entered
Clicked on Dashboard button
Select the Falk Tours AG from given list
Clicked on proceed button
Clicked on sales dropdown in Dashboard
Clicked on sales Booking in Dashboard
Clicked on create Button in sales Booking page
Select Falk Tours AG in CompanyID dropdownList
Select TFT1 in TravelType dropdownList
Selected HK002 - (code) from dropdown list
Send Booking action
Send number of passenger
Send correct KOS in input field
Send correct ProductCode in input field
Send roomcode in input field
Send correct boardName
Send Occupancy
Send bookinglines 
Send Travel from dates
Send Travel To date
Select Number of passenger
Click on sendBookingButton
Clicked on ViewList
Clicked on SendTBMcode to verify booking is done or not
Clicked on Booking listButton
Send TBM code
Clicked on Booking listButton
Clicked on edit booking1
Send Modified booking action
Click on sendBookingButton after entering SA action code
Clicked on ViewList
Clicked on SendTBMcode to verify booking is done or not
Clicked on Booking listButton
Validating Actual Price with excluding Cancellation charges is 4888.00 and Expected Price excluding Cancellation charges is 4888.00
Validating Actual ReservationNo 134974412/02 and Expected ReservationNo is 134974412/02
Clicking on Logout Button in Booking Mask page
Logout from Booking Mask Page
Valid Username Entered
Valid Password Entered
Clicked on Dashboard button
Select the Falk Tours AG from given list
Clicked on proceed button
Clicked on sales dropdown in Dashboard
Clicked on sales Booking in Dashboard
Clicked on create Button in sales Booking page
Select Falk Tours AG in CompanyID dropdownList
Select TFT1 in TravelType dropdownList
Selected HK002 - (code) from dropdown list
Send Booking action code
Send number of passenger
Send correct KOS in input field
Send correct ProductCode in input field
Send roomcode in input field
Send correct boardName
Send Occupancy
Send TotalPax 
Send Travel from date
Send Travel To date
Select Number of passenger
Click on SendBookingButton
Clicked on ViewList
Clicked on SendTBMcode to verify booking is done or not
Clicked on Booking listButton
Send TBM code
Clicked on Booking listButton
Clicked on edit booking1
Send Modified booking action
Clicked on SendBookingButton after entering SA action code
Clicked on ViewList
Clicked on SendTBMcode to verify booking is done or not
Clicked on Booking listButton
Validating Actual ReservationNo 253311559/01 and Expected ReservationNo is 253311559/01
Clicking on Logout Button in Booking Mask page
Logout from Booking Mask Page
Closing Browser]]>
  </system-out>
</testsuite> <!-- BookingMaskTestCases.VerifyBookingCancellationAndEnquiryTC42TC43 -->
