<?xml version="1.0" encoding="UTF-8"?>
<!-- Generated by org.testng.reporters.JUnitReportReporter -->
<testsuite hostname="DGIT-0099" failures="0" tests="1" name="BookingMaskTC.verifyCreateBookingForThreePerson_TC35" time="63.608" errors="0" timestamp="2023-01-30T14:53:18 IST" skipped="0">
  <testcase classname="BookingMaskTC.verifyCreateBookingForThreePerson_TC35" name="validatePriceWithThreePerson" time="63.608"/>
  <system-out>
    <![CDATA[Validating Actual price 2001.00 and Expected Price 2001.00]]>
  </system-out>
</testsuite> <!-- BookingMaskTC.verifyCreateBookingForThreePerson_TC35 -->
