<?xml version="1.0" encoding="UTF-8"?>
<!-- Generated by org.testng.reporters.JUnitReportReporter -->
<testsuite hostname="DGIT-0099" failures="0" tests="1" name="BookingMaskTC.TCC26" time="225.347" errors="0" timestamp="2022-12-27T11:59:32 IST" skipped="0">
  <testcase classname="BookingMaskTC.TCC26" name="validateErrorMsgByInvalidRoomcode" time="225.347"/>
  <system-out>
    <![CDATA[Validating Actual message Bitte prüfen Sie den angegebenen Zimmerscode..                                                                                                                                                                                                                                                                                   and Expected message Bitte prüfen Sie den angegebenen Zimmerscode..                                                                                                                                                                                                                                                                                  ]]>
  </system-out>
</testsuite> <!-- BookingMaskTC.TCC26 -->
