<?xml version="1.0" encoding="UTF-8"?>
<!-- Generated by org.testng.reporters.JUnitReportReporter -->
<testsuite hostname="DGIT-0099" failures="0" tests="1" name="BookingMaskTC.TCC88" time="41.984" errors="0" timestamp="2022-12-07T14:31:30 IST" skipped="0">
  <testcase classname="BookingMaskTC.TCC88" name="validatePriceForSeasonB" time="41.984"/>
  <system-out>
    <![CDATA[Validating Actual message  and Expected message Kontingent nicht mehr verfÃ¼gbar.                                                                                                                                                                                                                                                                                                                                                                                                                                                                                                                                                                                                         ]]>
  </system-out>
</testsuite> <!-- BookingMaskTC.TCC88 -->
