<?xml version="1.0" encoding="UTF-8"?>
<!-- Generated by org.testng.reporters.JUnitReportReporter -->
<testsuite hostname="DGIT-0099" failures="0" tests="1" name="BookingMaskTC.TCC148" time="98.527" errors="0" timestamp="2022-12-13T11:37:35 IST" skipped="0">
  <testcase classname="BookingMaskTC.TCC148" name="validatePriceForThreeRoomsWithDifferentDates" time="98.527"/>
  <system-out>
    <![CDATA[Validating Actual ReservationNo 851897189/01 and Expected ReservationNo is 851897189/01]]>
  </system-out>
</testsuite> <!-- BookingMaskTC.TCC148 -->
