<?xml version="1.0" encoding="UTF-8"?>
<!-- Generated by org.testng.reporters.JUnitReportReporter -->
<testsuite hostname="DGIT-0099" failures="0" tests="1" name="BookingMaskTC.verifyBookingModificationWithEditOccupancyTC18" time="170.296" errors="0" timestamp="2023-02-10T09:23:37 IST" skipped="0">
  <testcase classname="BookingMaskTC.verifyBookingModificationWithEditOccupancyTC18" name="validateBookingByEditingOccupancyWithU" time="170.296"/>
  <system-out>
    <![CDATA[Validating Actual ReservationNo 487124589/02 and Expected ReservationNo is 487124589/02
Validating Actual price 533280.00 and Expected Price 533280.00]]>
  </system-out>
</testsuite> <!-- BookingMaskTC.verifyBookingModificationWithEditOccupancyTC18 -->
