<?xml version="1.0" encoding="UTF-8"?>
<!-- Generated by org.testng.reporters.JUnitReportReporter -->
<testsuite hostname="DGIT-0099" failures="0" tests="1" name="TestNGTest.ValidateSelectCompany_TC01" time="3.450" errors="0" timestamp="2022-10-12T17:40:39 IST" skipped="0">
  <testcase classname="TestNGTest.ValidateSelectCompany_TC01" name="CheckCorrectCredentials" time="3.450"/>
  <system-out>
    <![CDATA[Validating actual & Expected Text]]>
  </system-out>
</testsuite> <!-- TestNGTest.ValidateSelectCompany_TC01 -->
