<?xml version="1.0" encoding="UTF-8"?>
<!-- Generated by org.testng.reporters.JUnitReportReporter -->
<testsuite hostname="DGIT-0099" failures="0" tests="1" name="BookingMaskTestCases.VerifyBookingModificationWithEditOccupancyTC18" time="167.546" errors="0" timestamp="2023-05-26T12:56:27 IST" skipped="0">
  <testcase classname="BookingMaskTestCases.VerifyBookingModificationWithEditOccupancyTC18" name="validateBookingByEditingOccupancyWithU" time="167.546"/>
  <system-out>
    <![CDATA[Validating Actual ReservationNo 495842159/02 and Expected ReservationNo is 495842159/02
Validating Actual price 533280.00 and Expected Price 533280.00]]>
  </system-out>
</testsuite> <!-- BookingMaskTestCases.VerifyBookingModificationWithEditOccupancyTC18 -->
