<?xml version="1.0" encoding="UTF-8"?>
<!-- Generated by org.testng.reporters.JUnitReportReporter -->
<testsuite hostname="DGIT-0099" failures="0" tests="1" name="TestNGTest.ValidateCopyrightMsgOnEmailPageTC_24" time="0.602" errors="0" timestamp="2022-10-11T17:52:00 IST" skipped="0">
  <testcase classname="TestNGTest.ValidateCopyrightMsgOnEmailPageTC_24" name="ValidateCopyrightTextOnEmailPageTest" time="0.602"/>
  <system-out>
    <![CDATA[Validating actual & Expected Msg]]>
  </system-out>
</testsuite> <!-- TestNGTest.ValidateCopyrightMsgOnEmailPageTC_24 -->
