<?xml version="1.0" encoding="UTF-8"?>
<!-- Generated by org.testng.reporters.JUnitReportReporter -->
<testsuite hostname="DGIT-0099" failures="0" tests="1" name="TestNGTest.LoginPageTextValidation_TC17" time="0.047" errors="0" timestamp="2022-10-14T14:12:59 IST" skipped="0">
  <testcase classname="TestNGTest.LoginPageTextValidation_TC17" name="ValidateCopyrightTextOnLoginPageTest" time="0.047"/>
  <system-out>
    <![CDATA[Validating actual & Expected Msg]]>
  </system-out>
</testsuite> <!-- TestNGTest.LoginPageTextValidation_TC17 -->
