<?xml version="1.0" encoding="UTF-8"?>
<!-- Generated by org.testng.reporters.JUnitReportReporter -->
<testsuite hostname="DGIT-0099" failures="0" tests="1" name="TestNGTest.ValidateWelcomeMsgOnEmailPageTC_23" time="0.595" errors="0" timestamp="2022-10-12T10:51:49 IST" skipped="0">
  <testcase classname="TestNGTest.ValidateWelcomeMsgOnEmailPageTC_23" name="ValidateWelcomeAndResetPwdTextTest" time="0.595"/>
  <system-out>
    <![CDATA[Validating actual & Expected Text]]>
  </system-out>
</testsuite> <!-- TestNGTest.ValidateWelcomeMsgOnEmailPageTC_23 -->
