<?xml version="1.0" encoding="UTF-8"?>
<!-- Generated by org.testng.reporters.JUnitReportReporter -->
<testsuite hostname="DGIT-0099" failures="0" tests="1" name="BookingMaskTC.Tcc11" time="103.277" errors="0" timestamp="2022-11-25T18:34:16 IST" skipped="0">
  <testcase classname="BookingMaskTC.Tcc11" name="validatePriceFieldWithBookingInquiry" time="103.277"/>
  <system-out>
    <![CDATA[Validating Actual message Der angefragte Zeitraum liegt außerhalb der Vertragslaufzeit.                                                                                                                                                                                                                                                                    and Expected message Der angefragte Zeitraum liegt außerhalb der Vertragslaufzeit.                                                                                                                                                                                                                                                                   ]]>
  </system-out>
</testsuite> <!-- BookingMaskTC.Tcc11 -->
