<?xml version="1.0" encoding="UTF-8"?>
<!-- Generated by org.testng.reporters.JUnitReportReporter -->
<testsuite hostname="DGIT-0099" failures="0" tests="1" name="LoginPageTestCases.DashboardValidation_TC02" time="4.171" errors="0" timestamp="2023-02-17T12:07:39 IST" skipped="0">
  <testcase classname="LoginPageTestCases.DashboardValidation_TC02" name="ValidUserNameAndValidPasswordEnterToDashboardPageTest" time="4.171"/>
  <system-out>
    <![CDATA[Validating actual Text Dashboard and Expected Text Dashboard]]>
  </system-out>
</testsuite> <!-- LoginPageTestCases.DashboardValidation_TC02 -->
