<?xml version="1.0" encoding="UTF-8"?>
<!-- Generated by org.testng.reporters.JUnitReportReporter -->
<testsuite hostname="DGIT-0099" failures="0" tests="1" name="BookingMaskTC.modifyMultisaleslineBookingWithArriDeparConditonTC153" time="111.067" errors="0" timestamp="2023-01-31T15:32:58 IST" skipped="0">
  <testcase classname="BookingMaskTC.modifyMultisaleslineBookingWithArriDeparConditonTC153" name="validateErrorMessageByEditingMultisalesLineBooking" time="111.067"/>
  <system-out>
    <![CDATA[Validating Actual message Maximale Aufenthaltsdauer überschritten                                                                                                                                                                                                                                                                                          and Expected message Maximale Aufenthaltsdauer überschritten                                                                                                                                                                                                                                                                                         ]]>
  </system-out>
</testsuite> <!-- BookingMaskTC.modifyMultisaleslineBookingWithArriDeparConditonTC153 -->
