<?xml version="1.0" encoding="UTF-8"?>
<!-- Generated by org.testng.reporters.JUnitReportReporter -->
<testsuite hostname="DGIT-0099" failures="0" tests="1" name="BookingMaskTestCases.VerifySeasonAEndDateANDseasonBstartDate_TC83" time="46.569" errors="0" timestamp="2023-05-26T12:56:27 IST" skipped="0">
  <testcase classname="BookingMaskTestCases.VerifySeasonAEndDateANDseasonBstartDate_TC83" name="validatePriceForSeasonAendANDSeasonBstartDate" time="46.569"/>
  <system-out>
    <![CDATA[Validating Actual price 444.00 and Expected Price 444.00]]>
  </system-out>
</testsuite> <!-- BookingMaskTestCases.VerifySeasonAEndDateANDseasonBstartDate_TC83 -->
