<?xml version="1.0" encoding="UTF-8"?>
<!-- Generated by org.testng.reporters.JUnitReportReporter -->
<testsuite hostname="DGIT-0099" failures="0" tests="1" name="BookingMaskTestCases.CreateBA" time="272.254" errors="0" timestamp="2023-03-13T09:58:34 IST" skipped="0">
  <testcase classname="BookingMaskTestCases.CreateBA" name="validatePriceFieldWithBA" time="272.254"/>
  <system-out>
    <![CDATA[Validating Actual price 293280.00 and Expected Price 293280.00]]>
  </system-out>
</testsuite> <!-- BookingMaskTestCases.CreateBA -->
