<?xml version="1.0" encoding="UTF-8"?>
<!-- Generated by org.testng.reporters.JUnitReportReporter -->
<testsuite hostname="DGIT-0099" failures="0" tests="1" name="BookingMaskTC.verifyModifyBookingToDateOutOfContractTC24" time="98.222" errors="0" timestamp="2023-01-30T14:11:47 IST" skipped="0">
  <testcase classname="BookingMaskTC.verifyModifyBookingToDateOutOfContractTC24" name="validateErrorMessageForOutOfContractDates" time="98.222"/>
  <system-out>
    <![CDATA[Validating Actual message Kontingent nicht mehr verfügbar.                                                                                                                                                                                                                                                                                                 and Expected message Kontingent nicht mehr verfügbar.                                                                                                                                                                                                                                                                                                ]]>
  </system-out>
</testsuite> <!-- BookingMaskTC.verifyModifyBookingToDateOutOfContractTC24 -->
