<?xml version="1.0" encoding="UTF-8"?>
<!-- Generated by org.testng.reporters.JUnitReportReporter -->
<testsuite hostname="DGIT-0099" failures="0" tests="1" name="BookingMaskTC.TCC28" time="194.814" errors="0" timestamp="2022-12-20T09:30:39 IST" skipped="0">
  <testcase classname="BookingMaskTC.TCC28" name="validateTotalPriceWithDifferentDates" time="194.814"/>
  <system-out>
    <![CDATA[Validating Actual price for Room1 is 51562.00 and Expected Price for Room1 is 51562.00
Validating Actual price for Room2 is 24892.00 and Expected Price for Room2 is 24892.00
Validating Total price for both Room is 76454 and Expected Price for both room  is 76454.00]]>
  </system-out>
</testsuite> <!-- BookingMaskTC.TCC28 -->
