<?xml version="1.0" encoding="UTF-8"?>
<!-- Generated by org.testng.reporters.JUnitReportReporter -->
<testsuite hostname="DGIT-0099" failures="0" tests="1" name="TestNGTest.TC14" time="1.618" errors="0" timestamp="2022-10-10T17:10:33 IST" skipped="0">
  <testcase classname="TestNGTest.TC14" name="RefreshPageWithFieldTest" time="1.618"/>
  <system-out>
    <![CDATA[Validating actual & Expected Url]]>
  </system-out>
</testsuite> <!-- TestNGTest.TC14 -->
