<?xml version="1.0" encoding="UTF-8"?>
<!-- Generated by org.testng.reporters.JUnitReportReporter -->
<testsuite hostname="DGIT-0099" failures="0" tests="1" name="BookingMaskTC.verifySeasonAEndDateANDseasonBstartDate_TC83" time="46.683" errors="0" timestamp="2023-02-03T09:11:32 IST" skipped="0">
  <testcase classname="BookingMaskTC.verifySeasonAEndDateANDseasonBstartDate_TC83" name="validatePriceForSeasonAendANDSeasonBstartDate" time="46.683"/>
  <system-out>
    <![CDATA[Validating Actual price 444.00 and Expected Price 444.00]]>
  </system-out>
</testsuite> <!-- BookingMaskTC.verifySeasonAEndDateANDseasonBstartDate_TC83 -->
