<?xml version="1.0" encoding="UTF-8"?>
<!-- Generated by org.testng.reporters.JUnitReportReporter -->
<testsuite hostname="DGIT-0099" failures="0" tests="1" name="BookingMaskTestCases.VerifyModifyBookingWithTravelToDateDecrease_TC20" time="108.531" errors="0" timestamp="2023-05-25T12:46:45 IST" skipped="0">
  <testcase classname="BookingMaskTestCases.VerifyModifyBookingWithTravelToDateDecrease_TC20" name="validatePriceByDecreasingTravelToDate" time="108.531"/>
  <system-out>
    <![CDATA[Validating Actual price 8888.00 and Expected Price 8888.00]]>
  </system-out>
</testsuite> <!-- BookingMaskTestCases.VerifyModifyBookingWithTravelToDateDecrease_TC20 -->
