<?xml version="1.0" encoding="UTF-8"?>
<!-- Generated by org.testng.reporters.JUnitReportReporter -->
<testsuite hostname="DGIT-0099" failures="0" tests="1" name="BookingMaskTestCases.VerifyTravelDatesOutOfContract_TC11" time="49.734" errors="0" timestamp="2023-05-24T15:15:19 IST" skipped="0">
  <testcase classname="BookingMaskTestCases.VerifyTravelDatesOutOfContract_TC11" name="validateMessageOnBMwithDatesOutOfContract" time="49.734"/>
  <system-out>
    <![CDATA[Validating Actual message Kontingent nicht mehr verfügbar.                                                                                                                                                                                                                                                                                                 and Expected message Kontingent nicht mehr verfügbar.                                                                                                                                                                                                                                                                                                                                                                                                                                                                                                                                                                                       ]]>
  </system-out>
</testsuite> <!-- BookingMaskTestCases.VerifyTravelDatesOutOfContract_TC11 -->
