<?xml version="1.0" encoding="UTF-8"?>
<!-- Generated by org.testng.reporters.JUnitReportReporter -->
<testsuite hostname="DGIT-0099" failures="0" tests="1" name="BookingMaskTC.verifyTravelDateInBetweenSeasonA_TC79" time="48.843" errors="0" timestamp="2023-01-31T17:20:17 IST" skipped="0">
  <testcase classname="BookingMaskTC.verifyTravelDateInBetweenSeasonA_TC79" name="validatePriceInBetweenSeasonA" time="48.843"/>
  <system-out>
    <![CDATA[Validating Actual price 2220.00 and Expected Price 2220.00]]>
  </system-out>
</testsuite> <!-- BookingMaskTC.verifyTravelDateInBetweenSeasonA_TC79 -->
