<?xml version="1.0" encoding="UTF-8"?>
<!-- Generated by org.testng.reporters.JUnitReportReporter -->
<testsuite hostname="DGIT-0099" failures="0" tests="1" name="SalesBookingListTestCases.VerifySalesbookinglistpageheadingandbreadcrumbsTC1" time="27.857" errors="0" timestamp="2023-05-26T18:24:44 IST" skipped="0">
  <testcase classname="SalesBookingListTestCases.VerifySalesbookinglistpageheadingandbreadcrumbsTC1" name="ValidateSalesBookingListHeadingAndBreadcrumbs" time="27.857"/>
  <system-out>
    <![CDATA[Validating Actual Text is Sales Booking List
Dashboard
SalesBooking and Expected text is Sales Booking List
Dashboard
SalesBooking]]>
  </system-out>
</testsuite> <!-- SalesBookingListTestCases.VerifySalesbookinglistpageheadingandbreadcrumbsTC1 -->
