<?xml version="1.0" encoding="UTF-8"?>
<!-- Generated by org.testng.reporters.JUnitReportReporter -->
<testsuite hostname="DGIT-0099" failures="0" tests="2" name="Booking_AllotmentTestCases.new1" time="55.123" errors="0" timestamp="2023-04-11T17:10:12 IST" skipped="1">
  <testcase classname="Booking_AllotmentTestCases.new1" name="validateIncreaseDecreaseAllotmentWithAnyValue" time="55.123"/>
  <system-out>
    <![CDATA[Send start date of season_B on allotment page
Send end date of season_B on allotment page
Clicked on load allotment
Clicked on Change allotment button
Validating Actual initial allotment is 3 and Expected allotment for season_C is 3
Validating Actual current allotment is 15 and Expected allotment for season_C is 15
Validating Actual remaining allotment is 15 and Expected allotment for season_C is 15]]>
  </system-out>
  <testcase classname="Booking_AllotmentTestCases.new1" name="validateIncreaseDecreaseAllotmentWithNegativeValue">
    <skipped/>
  </testcase> <!-- validateIncreaseDecreaseAllotmentWithNegativeValue -->
  <system-out/>
</testsuite> <!-- Booking_AllotmentTestCases.new1 -->
