<?xml version="1.0" encoding="UTF-8"?>
<!-- Generated by org.testng.reporters.JUnitReportReporter -->
<testsuite hostname="DGIT-0099" failures="0" tests="1" name="BookingMaskTC.verifyConfirmBookingWithB_TC02" time="89.117" errors="0" timestamp="2023-02-15T16:30:07 IST" skipped="0">
  <testcase classname="BookingMaskTC.verifyConfirmBookingWithB_TC02" name="validateReservationNoField" time="89.117"/>
  <system-out>
    <![CDATA[Validating Expected ReservationNo 896154423/01 and Actual ReservationNo is 896154423/01]]>
  </system-out>
</testsuite> <!-- BookingMaskTC.verifyConfirmBookingWithB_TC02 -->
