<?xml version="1.0" encoding="UTF-8"?>
<!-- Generated by org.testng.reporters.JUnitReportReporter -->
<testsuite hostname="DGIT-0099" failures="0" tests="1" name="BookingMaskTestCases.VerifyBookingWithMismatchPaxAndOCCTC50" time="58.476" errors="0" timestamp="2023-07-13T17:40:55 IST" skipped="0">
  <testcase classname="BookingMaskTestCases.VerifyBookingWithMismatchPaxAndOCCTC50" name="validateBookingWitMismatchPaxAndOCC" time="58.476">
    <system-out>
      <![CDATA[Validating Actual Message isBitte pr端fen Sie die Anzahl der Personen                                                                                                                                                                                                                                                                                         and Expected Message is Bitte pr端fen Sie die Anzahl der Personen                                                                                                                                                                                                                                                                                        ]]>
    </system-out>
  </testcase> <!-- validateBookingWitMismatchPaxAndOCC -->
  <system-out>
    <![CDATA[Browser Launch 
Valid Username Entered
Valid Password Entered
Clicked on Dashboard button
Select the Falk Tours AG from given list
Clicked on proceed button
Clicked on sales dropdown in Dashboard
Clicked on sales Booking in Dashboard
Clicked on create Button in sales Booking page
Select Falk Tours AG in CompanyID dropdownList
Select TFT1 in TravelType dropdownList
Selected HK001 - (TESTING) from dropdown list
Send Booking action
Send number of passenger
Send correct KOS in input field
Send correct ProductCode in input field
Send roomcode in input field
Send correct boardName
Send Occupancy
Send bookinglines 
Send Travel from date 
Send Travel To date
Send Number of passenger
Clicked on sendbookingButton
Clicked on send Modified Number of pax
Clicked on send modified occupancy 
Clicked on sendbookingButton
Validating Actual Message isBitte pr端fen Sie die Anzahl der Personen                                                                                                                                                                                                                                                                                         and Expected Message is Bitte pr端fen Sie die Anzahl der Personen                                                                                                                                                                                                                                                                                        
Clicking on Logout Button in Booking Mask page
Logout from Booking Mask Page
Closing Browser]]>
  </system-out>
</testsuite> <!-- BookingMaskTestCases.VerifyBookingWithMismatchPaxAndOCCTC50 -->
