<?xml version="1.0" encoding="UTF-8"?>
<!-- Generated by org.testng.reporters.JUnitReportReporter -->
<testsuite hostname="DGIT-0099" failures="0" tests="1" name="TestNGTest.ValidateErrorMsg" time="1.593" errors="0" timestamp="2022-10-06T11:59:01 IST" skipped="0">
  <testcase classname="TestNGTest.ValidateErrorMsg" name="incorrectCredentialMsg" time="1.593"/>
  <system-out/>
</testsuite> <!-- TestNGTest.ValidateErrorMsg -->
