<?xml version="1.0" encoding="UTF-8"?>
<!-- Generated by org.testng.reporters.JUnitReportReporter -->
<testsuite hostname="DGIT-0099" failures="0" tests="1" name="BookingMaskTC.verifyModifyBookingToInvalidRoomCodeTC26" time="107.014" errors="0" timestamp="2023-01-30T14:24:46 IST" skipped="0">
  <testcase classname="BookingMaskTC.verifyModifyBookingToInvalidRoomCodeTC26" name="validateBookingBySendingInvalidRoomcode" time="107.014"/>
  <system-out>
    <![CDATA[Validating Actual message Bitte prüfen Sie den angegebenen Zimmerscode..                                                                                                                                                                                                                                                                                   and Expected message Bitte prüfen Sie den angegebenen Zimmerscode..                                                                                                                                                                                                                                                                                  ]]>
  </system-out>
</testsuite> <!-- BookingMaskTC.verifyModifyBookingToInvalidRoomCodeTC26 -->
