<?xml version="1.0" encoding="UTF-8"?>
<!-- Generated by org.testng.reporters.JUnitReportReporter -->
<testsuite hostname="DGIT-0099" failures="0" tests="1" name="LoginPageTC.LoginPageTextValidationTC_18" time="0.130" errors="0" timestamp="2022-11-05T16:43:01 IST" skipped="0">
  <testcase classname="LoginPageTC.LoginPageTextValidationTC_18" name="ValidateWelcomeBackTextOnLoginPageTest" time="0.130"/>
  <system-out>
    <![CDATA[Validating actual Welcome back, and Expected Text Welcome back,]]>
  </system-out>
</testsuite> <!-- LoginPageTC.LoginPageTextValidationTC_18 -->
