<?xml version="1.0" encoding="UTF-8"?>
<!-- Generated by org.testng.reporters.JUnitReportReporter -->
<testsuite hostname="DGIT-0099" failures="0" tests="1" name="TestNGTest.ValidatePasswordRecoveryPageTC_08" time="1.050" errors="0" timestamp="2022-10-11T12:49:46 IST" skipped="0">
  <testcase classname="TestNGTest.ValidatePasswordRecoveryPageTC_08" name="ValidatePasswordRecoveryPageTest" time="1.050"/>
  <system-out>
    <![CDATA[Validating actual & Expected Title]]>
  </system-out>
</testsuite> <!-- TestNGTest.ValidatePasswordRecoveryPageTC_08 -->
