<?xml version="1.0" encoding="UTF-8"?>
<!-- Generated by org.testng.reporters.JUnitReportReporter -->
<testsuite hostname="DGIT-0099" failures="0" tests="1" name="LoginPageTestCases.ValidateErrorMsgOnUserName_TC04" time="3.228" errors="0" timestamp="2023-06-27T17:30:50 IST" skipped="0">
  <testcase classname="LoginPageTestCases.ValidateErrorMsgOnUserName_TC04" name="CheckIncorrectCredentialsOnUserNameFieldTest" time="3.228"/>
  <system-out>
    <![CDATA[Validating actual Credentials are invalid! and Expected Text Credentials are invalid!]]>
  </system-out>
</testsuite> <!-- LoginPageTestCases.ValidateErrorMsgOnUserName_TC04 -->
