<?xml version="1.0" encoding="UTF-8"?>
<!-- Generated by org.testng.reporters.JUnitReportReporter -->
<testsuite hostname="DGIT-0099" failures="0" tests="1" name="TestNGTest.ValidateRecoverUserNameRefreshTC_14" time="2.098" errors="0" timestamp="2022-10-13T15:37:22 IST" skipped="0">
  <testcase classname="TestNGTest.ValidateRecoverUserNameRefreshTC_14" name="RecoverUserNameRefreshWithFieldTest" time="2.098"/>
  <system-out>
    <![CDATA[Validating actual & Expected Url]]>
  </system-out>
</testsuite> <!-- TestNGTest.ValidateRecoverUserNameRefreshTC_14 -->
