<?xml version="1.0" encoding="UTF-8"?>
<!-- Generated by org.testng.reporters.JUnitReportReporter -->
<testsuite hostname="DGIT-0099" failures="0" tests="1" name="BookingMaskTestCases.VerifyTravelDateEndingOutOfContract_TC12" time="44.098" errors="0" timestamp="2023-05-26T12:56:27 IST" skipped="0">
  <testcase classname="BookingMaskTestCases.VerifyTravelDateEndingOutOfContract_TC12" name="validateMessageOnBMpage" time="44.098"/>
  <system-out>
    <![CDATA[Validating Actual message is Kontingent nicht mehr verfügbar.                                                                                                                                                                                                                                                                                                 and Expected message is Kontingent nicht mehr verfügbar.                                                                                                                                                                                                                                                                                                                                                                                                                                                                                                                                                                                       ]]>
  </system-out>
</testsuite> <!-- BookingMaskTestCases.VerifyTravelDateEndingOutOfContract_TC12 -->
