<?xml version="1.0" encoding="UTF-8"?>
<!-- Generated by org.testng.reporters.JUnitReportReporter -->
<testsuite hostname="DGIT-0099" failures="0" tests="1" name="LoginPageTC.RecoveryPasswordPageTextValidation_TC23" time="1.759" errors="0" timestamp="2022-12-16T11:45:44 IST" skipped="0">
  <testcase classname="LoginPageTC.RecoveryPasswordPageTextValidation_TC23" name="ValidateWelcomeTextOnRecoveryPageTest" time="1.759"/>
  <system-out>
    <![CDATA[Validating actual Welcome to Falk Tours, and Expected Message Welcome to Falk Tours,
Validating actual Please enter your User Name below to get reset password link on registered mail address. and Expected Message Please enter your User Name below to get reset password link on registered mail address.]]>
  </system-out>
</testsuite> <!-- LoginPageTC.RecoveryPasswordPageTextValidation_TC23 -->
