<?xml version="1.0" encoding="UTF-8"?>
<!-- Generated by org.testng.reporters.JUnitReportReporter -->
<testsuite hostname="DGIT-0099" failures="0" tests="1" name="LoginPageTestCases.ValidateRecoverPwdLinkTC_20" time="1.328" errors="0" timestamp="2023-08-02T17:04:07 IST" skipped="0">
  <testcase classname="LoginPageTestCases.ValidateRecoverPwdLinkTC_20" name="VerifyRecoverPwdIsLinkTest" time="1.328">
    <system-out>
      <![CDATA[Validating actual Recover Password and Expected Text Recover Password]]>
    </system-out>
  </testcase> <!-- VerifyRecoverPwdIsLinkTest -->
  <system-out>
    <![CDATA[Browser Launch 
Validating actual Recover Password and Expected Text Recover Password
Closing Browser]]>
  </system-out>
</testsuite> <!-- LoginPageTestCases.ValidateRecoverPwdLinkTC_20 -->
