<?xml version="1.0" encoding="UTF-8"?>
<!-- Generated by org.testng.reporters.JUnitReportReporter -->
<testsuite hostname="DGIT-0099" failures="0" tests="2" name="BookingMaskTestCases.createBA" time="248.981" errors="1" timestamp="2023-02-23T18:13:30 IST" skipped="1">
  <testcase classname="BookingMaskTestCases.createBA" name="validatePriceFieldWithBookingInquiry" time="0.000">
    <skipped/>
  </testcase> <!-- validatePriceFieldWithBookingInquiry -->
  <system-out/>
  <testcase classname="BookingMaskTestCases.createBA" name="loginToApp" time="248.981">
    <error message="Cannot locate option with text: HK003 - (TESTING)
For documentation on this error, please visit: https://selenium.dev/exceptions/#no_such_element
Build info: version: &#039;4.8.0&#039;, revision: &#039;267030adea&#039;
System info: os.name: &#039;Windows 10&#039;, os.arch: &#039;amd64&#039;, os.version: &#039;10.0&#039;, java.version: &#039;17.0.4.1&#039;
Driver info: driver.version: unknown" type="org.openqa.selenium.NoSuchElementException">
      <![CDATA[org.openqa.selenium.NoSuchElementException: Cannot locate option with text: HK003 - (TESTING)
For documentation on this error, please visit: https://selenium.dev/exceptions/#no_such_element
Build info: version: '4.8.0', revision: '267030adea'
System info: os.name: 'Windows 10', os.arch: 'amd64', os.version: '10.0', java.version: '17.0.4.1'
Driver info: driver.version: unknown
at org.openqa.selenium.support.ui.Select.selectByVisibleText(Select.java:153)
at utility.utilityClass.listBoxHandlingUsingByText(utilityClass.java:149)
at BookingMaskTestCases.createBA.loginToApp(createBA.java:522)
at java.base/jdk.internal.reflect.NativeMethodAccessorImpl.invoke0(Native Method)
at java.base/jdk.internal.reflect.NativeMethodAccessorImpl.invoke(NativeMethodAccessorImpl.java:77)
at java.base/jdk.internal.reflect.DelegatingMethodAccessorImpl.invoke(DelegatingMethodAccessorImpl.java:43)
at java.base/java.lang.reflect.Method.invoke(Method.java:568)
at org.testng.internal.MethodInvocationHelper.invokeMethod(MethodInvocationHelper.java:133)
at org.testng.internal.MethodInvocationHelper.invokeMethodConsideringTimeout(MethodInvocationHelper.java:62)
at org.testng.internal.ConfigInvoker.invokeConfigurationMethod(ConfigInvoker.java:385)
at org.testng.internal.ConfigInvoker.invokeConfigurations(ConfigInvoker.java:321)
at org.testng.internal.TestInvoker.runConfigMethods(TestInvoker.java:700)
at org.testng.internal.TestInvoker.invokeMethod(TestInvoker.java:527)
at org.testng.internal.TestInvoker.invokeTestMethod(TestInvoker.java:173)
at org.testng.internal.MethodRunner.runInSequence(MethodRunner.java:46)
at org.testng.internal.TestInvoker$MethodInvocationAgent.invoke(TestInvoker.java:824)
at org.testng.internal.TestInvoker.invokeTestMethods(TestInvoker.java:146)
at org.testng.internal.TestMethodWorker.invokeTestMethods(TestMethodWorker.java:146)
at org.testng.internal.TestMethodWorker.run(TestMethodWorker.java:128)
at java.base/java.util.ArrayList.forEach(ArrayList.java:1511)
at org.testng.TestRunner.privateRun(TestRunner.java:794)
at org.testng.TestRunner.run(TestRunner.java:596)
at org.testng.SuiteRunner.runTest(SuiteRunner.java:377)
at org.testng.SuiteRunner.runSequentially(SuiteRunner.java:371)
at org.testng.SuiteRunner.privateRun(SuiteRunner.java:332)
at org.testng.SuiteRunner.run(SuiteRunner.java:276)
at org.testng.SuiteRunnerWorker.runSuite(SuiteRunnerWorker.java:53)
at org.testng.SuiteRunnerWorker.run(SuiteRunnerWorker.java:96)
at org.testng.TestNG.runSuitesSequentially(TestNG.java:1212)
at org.testng.TestNG.runSuitesLocally(TestNG.java:1134)
at org.testng.TestNG.runSuites(TestNG.java:1063)
at org.testng.TestNG.run(TestNG.java:1031)
at org.testng.remote.AbstractRemoteTestNG.run(AbstractRemoteTestNG.java:115)
at org.testng.remote.RemoteTestNG.initAndRun(RemoteTestNG.java:251)
at org.testng.remote.RemoteTestNG.main(RemoteTestNG.java:77)
]]>
    </error>
  </testcase> <!-- loginToApp -->
  <system-out>
    <![CDATA[Valid Username Entered
Valid Password Entered
Clicked on Dashboard button
Select the Falk Tours AG from given list
Clicked on proceed button
Clicked on Master dropdown in dashboard page
Clicked on TBM dropdown
Clicked on TBM code
Clicked on create TBM button
Select kind of service from dropdown
Send TBM code
Select Country from ListBox 
Clicked on Create TBMcode button
Clicked on Dashboard button
Clicked on Accommodation dropdown
Clicked on create Accommodation
Select TBM code from dropdown list
Send hotel stars
Select state from the listBox
Select City from the listBox
Send zip code
send Street
Send Number
Send hotel email
Send phone Number
Send contract partner name
Send contract partner Email
Send Reservation Eamil
Select bank details in purchase agency dropdown
Clicked on create AccommdationButton
Clicked on Rooms button
Clicked on create Room
Select Room Type from dropdown
Send Room name
Select the sea view Street
Send room code
Send minimum adult person
Send maximum adult person
Send minimum children person
Send maximum children person
Send maximum Total person
Clicked on CreateRoom button
Clicked on Contract
Clicked on Create contract
Send contract name
Select currency in the listBox
Select season in the listBox
Send start date of contract
Send End date of contract
Select price type in the listBox
Select price category in the listBox
Select status of contract in the ListBox
Select board basis in the listBox
Select the Price
Check the listbox is multiselect or not
Select the Distributor
Select the online or offline mode in listbox
Send cancellation Fees upto days
Send cancellation fees value
select cancellation fees discount type in listbox
Send cancellation fees travel from date
Send cancellation fees travel To date
Clicked on create contract on contract page
Send all required details for Season_A
Send all required details for Season_B
Send all required details for Season_C
Send all required details for Season_D
Send all required details for Season_E
Send all required details for Season_F
Send all required details for Season_G
send all required details for Season_H
Delete the extra created room in Rooms
Clicked on OK on the popup for Update price
Clicked on generate Allotment
Navigate to dashboard page
Clicked on offer defination
Clicked on FalkToursAG
Clicked on TchiboDE
Send TBM code 
Clicked on checkBox
Clicked on saveButton
Clicked on Calculation dropdown
Clicked on offer calculationList
Clicked on offer calculation
Clicked on FalkToursAG
Clicked on TchiboDE
Clicked on Testing in calaculation page
Clicked on Room1
Send DB% Value
Clicked on save setting button
Clicked on SaveandCalculate button
Clicked on Yes button in popup
Clicked on transfer price
Clicked on Transfer price online
Clicked on TESTING option in TichiboDE after saving of calculation
Click on Room1
Clicked on Save price
Clicked on sales dropdown in Dashboard
Clicked on sales Booking in Dashboard
Clicked on create Button in sales Booking page
Select TFT1 in TravelType dropdownList]]>
  </system-out>
</testsuite> <!-- BookingMaskTestCases.createBA -->
