<?xml version="1.0" encoding="UTF-8"?>
<!-- Generated by org.testng.reporters.JUnitReportReporter -->
<testsuite hostname="DGIT-0099" failures="0" tests="1" name="BookingMaskTC.TCC26" time="115.411" errors="0" timestamp="2023-01-20T12:32:21 IST" skipped="0">
  <testcase classname="BookingMaskTC.TCC26" name="validateErrorMsgByInvalidRoomcode" time="115.411"/>
  <system-out>
    <![CDATA[Validating Actual message Bitte prüfen Sie den angegebenen Zimmerscode..                                                                                                                                                                                                                                                                                   and Expected message Bitte prüfen Sie den angegebenen Zimmerscode..                                                                                                                                                                                                                                                                                  ]]>
  </system-out>
</testsuite> <!-- BookingMaskTC.TCC26 -->
