<?xml version="1.0" encoding="UTF-8"?>
<!-- Generated by org.testng.reporters.JUnitReportReporter -->
<testsuite hostname="DGIT-0099" failures="0" tests="1" name="BookingMaskTestCases.verifyBookingModificationWithEditOccupancyTC18" time="201.715" errors="0" timestamp="2023-02-20T14:19:08 IST" skipped="0">
  <testcase classname="BookingMaskTestCases.verifyBookingModificationWithEditOccupancyTC18" name="validateBookingByEditingOccupancyWithU" time="201.715"/>
  <system-out>
    <![CDATA[Validating Actual ReservationNo 686583115/02 and Expected ReservationNo is 686583115/02
Validating Actual price 533280.00 and Expected Price 533280.00]]>
  </system-out>
</testsuite> <!-- BookingMaskTestCases.verifyBookingModificationWithEditOccupancyTC18 -->
