<?xml version="1.0" encoding="UTF-8"?>
<!-- Generated by org.testng.reporters.JUnitReportReporter -->
<testsuite hostname="DGIT-0099" failures="0" tests="4" name="BookingMaskTestCases.verifyRoomOccupancyLimitTC70ToTC73" time="361.491" errors="0" timestamp="2023-03-01T15:50:48 IST" skipped="0">
  <testcase classname="BookingMaskTestCases.verifyRoomOccupancyLimitTC70ToTC73" name="validateOccupancyForMinChildrenBooking" time="85.576"/>
  <system-out>
    <![CDATA[Select TFT1 in TravelType dropdownList
Selected HK001 - (TESTING) from dropdown list
Selected room 807 from dropdown
Select Falk Tours AG in CompanyID dropdownList
Send number of passenger
Send correct KOS in input field
Send correct ProductCode in input field
Send roomcode in input field
Send correct boardName
Send Occupancy
Send bookinglines 
Send Travel from date
Send Travel To date
Select Number of passenger
Click on sendBookingButton after U action code
Clicked on ViewList
Clicked on sendTBMcode to verify booking is done or not
Send TBM code
Clicked on Booking listButton
Validating Expected ReservationNo 331184836/01 and Actual ReservationNo is 331184836/01
Validating Actual price 4002.00 and Expected Price 4002.00]]>
  </system-out>
  <testcase classname="BookingMaskTestCases.verifyRoomOccupancyLimitTC70ToTC73" name="validateLimitOccupancyCombinationBooking" time="96.487"/>
  <system-out>
    <![CDATA[Select TFT1 in TravelType dropdownList
Selected HK001 - (TESTING) from dropdown list
Selected room 807 from dropdown
Select Falk Tours AG in CompanyID dropdownList
Send number of passenger
Send correct KOS in input field
Send correct ProductCode in input field
Send roomcode in input field
Send correct boardName
Send Occupancy
Send bookinglines 
Send Travel from date
Send Travel To date
Select Number of passenger
Click on sendBookingButton after U action code
Clicked on ViewList
Clicked on sendTBMcode to verify booking is done or not
Send TBM code
Clicked on Booking listButton
Validating Expected ReservationNo 944443597/01 and Actual ReservationNo is 944443597/01
Validating Actual price 6003.00 and Expected Price 6003.00]]>
  </system-out>
  <testcase classname="BookingMaskTestCases.verifyRoomOccupancyLimitTC70ToTC73" name="validateLimitOccupancyCombinationBookings" time="90.209"/>
  <system-out>
    <![CDATA[Select TFT1 in TravelType dropdownList
Selected HK001 - (TESTING) from dropdown list
Selected room 807 from dropdown
Select Falk Tours AG in CompanyID dropdownList
Send number of passenger
Send correct KOS in input field
Send correct ProductCode in input field
Send roomcode in input field
Send correct boardName
Send Occupancy
Send bookinglines 
Send Travel from date
Send Travel To date
Select Number of passenger
Click on sendBookingButton
Clicked on ViewList
Clicked on sendTBMcode to verify booking is done or not
Send TBM code
Clicked on Booking listButton
Validating Expected ReservationNo 765244528/01 and Actual ReservationNo is 765244528/01
Validating Actual price 8004.00 and Expected Price 8004.00]]>
  </system-out>
  <testcase classname="BookingMaskTestCases.verifyRoomOccupancyLimitTC70ToTC73" name="validateLimitOccupancyForMaxAdults" time="89.219"/>
  <system-out>
    <![CDATA[Select TFT1 in TravelType dropdownList
Selected HK001 - (TESTING) from dropdown list
Selected room 807 from dropdown
Select Falk Tours AG in CompanyID dropdownList
Send number of passenger
Send correct KOS in input field
Send correct ProductCode in input field
Send roomcode in input field
Send correct boardName
Send Occupancy
Send bookinglines 
Send Travel from date
Send Travel To date
Select Number of passenger
Click on sendBookingButton 
Clicked on ViewList
Clicked on sendTBMcode to verify booking is done or not
Send TBM code
Clicked on Booking listButton
Validating Expected ReservationNo 312264587/01 and Actual ReservationNo is 312264587/01
Validating Actual price 6003.00 and Expected Price 6003.00]]>
  </system-out>
</testsuite> <!-- BookingMaskTestCases.verifyRoomOccupancyLimitTC70ToTC73 -->
