<?xml version="1.0" encoding="UTF-8"?>
<!-- Generated by org.testng.reporters.JUnitReportReporter -->
<testsuite hostname="DGIT-0099" failures="0" tests="1" name="BookingMaskTC.TCC10" time="54.457" errors="0" timestamp="2022-11-29T11:46:11 IST" skipped="0">
  <testcase classname="BookingMaskTC.TCC10" name="validateTravelBothDateOutOfContractNotification" time="54.457"/>
  <system-out>
    <![CDATA[Validating Actual price 1332.00 and Expected Price 1332.00]]>
  </system-out>
</testsuite> <!-- BookingMaskTC.TCC10 -->
