<?xml version="1.0" encoding="UTF-8"?>
<!-- Generated by org.testng.reporters.JUnitReportReporter -->
<testsuite hostname="DGIT-0099" failures="0" tests="1" name="BookingMaskTC.verifyTravelToDateLessThanTravelFromDate_TC08" time="38.982" errors="0" timestamp="2023-01-17T10:47:22 IST" skipped="0">
  <testcase classname="BookingMaskTC.verifyTravelToDateLessThanTravelFromDate_TC08" name="validateTravelToDateLessThanTravelFromDatePopUpMessageonBM" time="38.982"/>
  <system-out>
    <![CDATA[Validating Actual Message Travel From should be less than Travel To date. and Expected Message Travel From should be less than Travel To date.]]>
  </system-out>
</testsuite> <!-- BookingMaskTC.verifyTravelToDateLessThanTravelFromDate_TC08 -->
