<?xml version="1.0" encoding="UTF-8"?>
<!-- Generated by org.testng.reporters.JUnitReportReporter -->
<testsuite hostname="DGIT-0099" failures="0" tests="1" name="BookingMaskTC.verifyTravelDateIsWeekend_TC90" time="45.636" errors="0" timestamp="2022-12-29T12:51:42 IST" skipped="0">
  <testcase classname="BookingMaskTC.verifyTravelDateIsWeekend_TC90" name="validatePriceForWeekend" time="45.636"/>
  <system-out>
    <![CDATA[Validating Actual price 4444.00 and Expected Price 4444.00]]>
  </system-out>
</testsuite> <!-- BookingMaskTC.verifyTravelDateIsWeekend_TC90 -->
