<?xml version="1.0" encoding="UTF-8"?>
<!-- Generated by org.testng.reporters.JUnitReportReporter -->
<testsuite hostname="DGIT-0099" failures="0" tests="1" name="BookingMaskTestCases.VerifyTravelDateIsEndOfSeasonB_TC85" time="50.637" errors="0" timestamp="2023-05-26T12:56:27 IST" skipped="0">
  <testcase classname="BookingMaskTestCases.VerifyTravelDateIsEndOfSeasonB_TC85" name="validatePriceForEndDayOfSeasonB" time="50.637"/>
  <system-out>
    <![CDATA[Validating Actual price 888.00 and Expected Price 888.00]]>
  </system-out>
</testsuite> <!-- BookingMaskTestCases.VerifyTravelDateIsEndOfSeasonB_TC85 -->
