<?xml version="1.0" encoding="UTF-8"?>
<!-- Generated by org.testng.reporters.JUnitReportReporter -->
<testsuite hostname="DGIT-0099" failures="0" tests="6" name="LoginPageTestCases.DashboardValidation_TC02" time="27.109" errors="0" timestamp="2023-07-04T16:29:21 IST" skipped="0">
  <testcase classname="LoginPageTestCases.DashboardValidation_TC02" name="ValidUserNameAndValidPasswordEnterToDashboardPageTest" time="3.900"/>
  <system-out>
    <![CDATA[Validating actual Text Dashboard and Expected Text Dashboard]]>
  </system-out>
  <testcase classname="LoginPageTestCases.DashboardValidation_TC02" name="ValidUserNameAndValidPasswordEnterToDashboardPageTest" time="3.467"/>
  <system-out>
    <![CDATA[Validating actual Text Dashboard and Expected Text Dashboard]]>
  </system-out>
  <testcase classname="LoginPageTestCases.DashboardValidation_TC02" name="ValidUserNameAndValidPasswordEnterToDashboardPageTest" time="3.769"/>
  <system-out>
    <![CDATA[Validating actual Text Dashboard and Expected Text Dashboard]]>
  </system-out>
  <testcase classname="LoginPageTestCases.DashboardValidation_TC02" name="ValidUserNameAndValidPasswordEnterToDashboardPageTest" time="3.847"/>
  <system-out>
    <![CDATA[Validating actual Text Dashboard and Expected Text Dashboard]]>
  </system-out>
  <testcase classname="LoginPageTestCases.DashboardValidation_TC02" name="ValidUserNameAndValidPasswordEnterToDashboardPageTest" time="8.450"/>
  <system-out>
    <![CDATA[Validating actual Text Dashboard and Expected Text Dashboard]]>
  </system-out>
  <testcase classname="LoginPageTestCases.DashboardValidation_TC02" name="ValidUserNameAndValidPasswordEnterToDashboardPageTest" time="3.676"/>
  <system-out>
    <![CDATA[Validating actual Text Dashboard and Expected Text Dashboard]]>
  </system-out>
</testsuite> <!-- LoginPageTestCases.DashboardValidation_TC02 -->
