<?xml version="1.0" encoding="UTF-8"?>
<!-- Generated by org.testng.reporters.JUnitReportReporter -->
<testsuite hostname="DGIT-0099" failures="0" tests="1" name="BookingMaskTestCases.verifyBookingModifyEnquiry_TC16" time="125.569" errors="0" timestamp="2023-02-17T09:35:16 IST" skipped="0">
  <testcase classname="BookingMaskTestCases.verifyBookingModifyEnquiry_TC16" name="validatepriceFieldWithChangeInBookingAction" time="125.569"/>
  <system-out>
    <![CDATA[Validating Actual price for Season-G  533280.00 and Expected Price for Season-G with UA action code is 533280.00]]>
  </system-out>
</testsuite> <!-- BookingMaskTestCases.verifyBookingModifyEnquiry_TC16 -->
