<?xml version="1.0" encoding="UTF-8"?>
<!-- Generated by org.testng.reporters.JUnitReportReporter -->
<testsuite hostname="DGIT-0099" failures="0" tests="1" name="BookingMaskTestCases.VerifyCreateBookingForThreePersonThreeRooms_TC36" time="58.693" errors="0" timestamp="2023-05-25T12:46:45 IST" skipped="0">
  <testcase classname="BookingMaskTestCases.VerifyCreateBookingForThreePersonThreeRooms_TC36" name="validatePriceForThreePersonThreeRoom" time="58.693"/>
  <system-out>
    <![CDATA[Validating Actual price for Season-H is 2444.00 and Expected Price for Season-H is2444.00
Validating Actual price for Season-H is 2444.00 and Expected Price for Season-H is 2444.00
Validating Actual price for Season-H is 2444.00 and Expected Price for Season-H is 2444.00]]>
  </system-out>
</testsuite> <!-- BookingMaskTestCases.VerifyCreateBookingForThreePersonThreeRooms_TC36 -->
