<?xml version="1.0" encoding="UTF-8"?>
<!-- Generated by org.testng.reporters.JUnitReportReporter -->
<testsuite hostname="DGIT-0099" failures="0" tests="1" name="LoginPageTestCases.ValidateErrorMsgOnPassword_TC03" time="1.290" errors="0" timestamp="2023-02-20T18:05:05 IST" skipped="0">
  <testcase classname="LoginPageTestCases.ValidateErrorMsgOnPassword_TC03" name="CheckIncorrectCredentialsOnPasswordFieldTest" time="1.290"/>
  <system-out>
    <![CDATA[Validating actual Credentials are invalid! and Expected Text Credentials are invalid!]]>
  </system-out>
</testsuite> <!-- LoginPageTestCases.ValidateErrorMsgOnPassword_TC03 -->
