<?xml version="1.0" encoding="UTF-8"?>
<!-- Generated by org.testng.reporters.JUnitReportReporter -->
<testsuite hostname="DGIT-0099" failures="0" tests="1" name="LoginPageTestCases.LoginValidation_TC01" time="4.191" errors="0" timestamp="2023-07-19T16:31:13 IST" skipped="0">
  <testcase classname="LoginPageTestCases.LoginValidation_TC01" name="ValidUserNameAndValidPasswordTest" time="4.191">
    <system-out>
      <![CDATA[Validating actual Please select company to proceed. and Expected Text Please select company to proceed.]]>
    </system-out>
  </testcase> <!-- ValidUserNameAndValidPasswordTest -->
  <system-out>
    <![CDATA[Browser Launch
Valid Username Entered
Valid Password Entered
Click on Dashboard button
Validating actual Please select company to proceed. and Expected Text Please select company to proceed.
Closing Browser]]>
  </system-out>
</testsuite> <!-- LoginPageTestCases.LoginValidation_TC01 -->
