<?xml version="1.0" encoding="UTF-8"?>
<!-- Generated by org.testng.reporters.JUnitReportReporter -->
<testsuite hostname="DGIT-0099" failures="0" tests="1" name="BookingMaskTC.TC01" time="119.691" errors="0" timestamp="2022-11-10T16:25:45 IST" skipped="0">
  <testcase classname="BookingMaskTC.TC01" name="validatePriceField" time="119.691"/>
  <system-out>
    <![CDATA[Validating Actual price 42840.00 and Expected Price 42840.00]]>
  </system-out>
</testsuite> <!-- BookingMaskTC.TC01 -->
