<?xml version="1.0" encoding="UTF-8"?>
<!-- Generated by org.testng.reporters.JUnitReportReporter -->
<testsuite hostname="DGIT-0099" failures="0" tests="1" name="LoginPageTestCases.recoveryPasswordPageValidation_TC24" time="1.780" errors="0" timestamp="2023-07-06T10:15:17 IST" skipped="0">
  <testcase classname="LoginPageTestCases.recoveryPasswordPageValidation_TC24" name="ValidateCopyrightTextOnRecoveryPasswordTest" time="1.780">
    <system-out>
      <![CDATA[Validating actual TextCopyright © Zeus 2023 and Expected Text Copyright © Zeus 2023]]>
    </system-out>
  </testcase> <!-- ValidateCopyrightTextOnRecoveryPasswordTest -->
  <system-out>
    <![CDATA[Browser Launch 
Clicked on Recovery PasswordButton 
Validating actual TextCopyright © Zeus 2023 and Expected Text Copyright © Zeus 2023
Closing Browser]]>
  </system-out>
</testsuite> <!-- LoginPageTestCases.recoveryPasswordPageValidation_TC24 -->
