<?xml version="1.0" encoding="UTF-8"?>
<!-- Generated by org.testng.reporters.JUnitReportReporter -->
<testsuite hostname="DGIT-0099" failures="0" tests="1" name="LoginPageTC.recoveryPasswordPageValidation_TC24" time="0.658" errors="0" timestamp="2023-01-30T09:23:00 IST" skipped="0">
  <testcase classname="LoginPageTC.recoveryPasswordPageValidation_TC24" name="ValidateCopyrightTextOnRecoveryPasswordTest" time="0.658"/>
  <system-out>
    <![CDATA[Validating actual TextCopyright © Zeus 2022 and Expected Text Copyright © Zeus 2022]]>
  </system-out>
</testsuite> <!-- LoginPageTC.recoveryPasswordPageValidation_TC24 -->
