<?xml version="1.0" encoding="UTF-8"?>
<!-- Generated by org.testng.reporters.JUnitReportReporter -->
<testsuite hostname="DGIT-0099" failures="0" tests="2" name="SalesBookingListTestCases.TC6AndTC7" time="54.306" errors="0" timestamp="2023-03-16T14:37:42 IST" skipped="0">
  <testcase classname="SalesBookingListTestCases.TC6AndTC7" name="validatepriceFieldWithChangeInBookingAction" time="25.426"/>
  <system-out>
    <![CDATA[Clicked on sales booking link on Booking mask page
Validating Actual Text in salesBooking list page is Dashboard and Expected text in the salesBooking list page is Dashboard]]>
  </system-out>
  <testcase classname="SalesBookingListTestCases.TC6AndTC7" name="validatepriceFieldWithChangeInBookingAcddtion" time="28.880"/>
  <system-out>
    <![CDATA[Clicked on dashboard link on Booking mask page
Validating Actual Text in salesBooking list page is Dashboard and Expected text in the salesBooking list page is Dashboard]]>
  </system-out>
</testsuite> <!-- SalesBookingListTestCases.TC6AndTC7 -->
