<?xml version="1.0" encoding="UTF-8"?>
<!-- Generated by org.testng.reporters.JUnitReportReporter -->
<testsuite hostname="DGIT-0099" failures="0" tests="1" name="TestNGTest.ValidateErrorMsgOnPassword" time="1.964" errors="0" timestamp="2022-10-10T17:50:44 IST" skipped="0">
  <testcase classname="TestNGTest.ValidateErrorMsgOnPassword" name="CheckIncorrectCredentialsOnPasswordTest" time="1.964"/>
  <system-out>
    <![CDATA[Validating actual & Expected Msg]]>
  </system-out>
</testsuite> <!-- TestNGTest.ValidateErrorMsgOnPassword -->
