<?xml version="1.0" encoding="UTF-8"?>
<!-- Generated by org.testng.reporters.JUnitReportReporter -->
<testsuite hostname="DGIT-0099" failures="0" tests="1" name="BookingMaskTC.verifyCreateBookingWithTwoPerson_TC33" time="65.470" errors="0" timestamp="2023-01-30T14:49:05 IST" skipped="0">
  <testcase classname="BookingMaskTC.verifyCreateBookingWithTwoPerson_TC33" name="validatePriceWithTwoPerson" time="65.470"/>
  <system-out>
    <![CDATA[Validating Actual price 1334.00 and Expected Price 1334.00]]>
  </system-out>
</testsuite> <!-- BookingMaskTC.verifyCreateBookingWithTwoPerson_TC33 -->
