<?xml version="1.0" encoding="UTF-8"?>
<!-- Generated by org.testng.reporters.JUnitReportReporter -->
<testsuite hostname="DGIT-0099" failures="0" tests="1" name="BookingMaskTestCases.VerifyTravelToDateLessThanTravelFromDate_TC08" time="38.735" errors="0" timestamp="2023-05-24T15:15:19 IST" skipped="0">
  <testcase classname="BookingMaskTestCases.VerifyTravelToDateLessThanTravelFromDate_TC08" name="validateTravelToDateLessThanTravelFromDatePopUpMessageonBM" time="38.735"/>
  <system-out>
    <![CDATA[Validating Actual Message Travel From should be less than Travel To date. and Expected Message Travel From should be less than Travel To date.]]>
  </system-out>
</testsuite> <!-- BookingMaskTestCases.VerifyTravelToDateLessThanTravelFromDate_TC08 -->
