<?xml version="1.0" encoding="UTF-8"?>
<!-- Generated by org.testng.reporters.JUnitReportReporter -->
<testsuite hostname="DGIT-0099" failures="0" tests="1" name="BookingMaskTestCases.verifyModifyBookingByEditingBothTravelFromAndToDateTC23" time="69.161" errors="0" timestamp="2023-03-03T11:33:14 IST" skipped="0">
  <testcase classname="BookingMaskTestCases.verifyModifyBookingByEditingBothTravelFromAndToDateTC23" name="validatePriceByEditingBothTravelFromAndToDate" time="69.161"/>
  <system-out>
    <![CDATA[Validating Actual price with changing travel date is 1776.00 and Expected Price with changing travel date is 1776.00]]>
  </system-out>
</testsuite> <!-- BookingMaskTestCases.verifyModifyBookingByEditingBothTravelFromAndToDateTC23 -->
