<?xml version="1.0" encoding="UTF-8"?>
<!-- Generated by org.testng.reporters.JUnitReportReporter -->
<testsuite hostname="DGIT-0099" failures="0" tests="1" name="BookingMaskTC.verifyTravelDateInBetweenSeasonB_TC81" time="46.608" errors="0" timestamp="2023-01-31T17:26:54 IST" skipped="0">
  <testcase classname="BookingMaskTC.verifyTravelDateInBetweenSeasonB_TC81" name="validatePriceInBetweenSeasonB" time="46.608"/>
  <system-out>
    <![CDATA[Validating Actual price 4440.00 and Expected Price 4440.00]]>
  </system-out>
</testsuite> <!-- BookingMaskTC.verifyTravelDateInBetweenSeasonB_TC81 -->
