<?xml version="1.0" encoding="UTF-8"?>
<!-- Generated by org.testng.reporters.JUnitReportReporter -->
<testsuite hostname="DGIT-0099" failures="0" tests="1" name="BookingMaskTestCases.createBA" time="265.372" errors="0" timestamp="2023-03-03T11:15:29 IST" skipped="0">
  <testcase classname="BookingMaskTestCases.createBA" name="validatePriceFieldWithBookingInquiry" time="265.372"/>
  <system-out>
    <![CDATA[Validating Actual price 293280.00 and Expected Price 293280.00]]>
  </system-out>
</testsuite> <!-- BookingMaskTestCases.createBA -->
