<?xml version="1.0" encoding="UTF-8"?>
<!-- Generated by org.testng.reporters.JUnitReportReporter -->
<testsuite hostname="DGIT-0099" failures="0" tests="1" name="BookingMaskTC.createMultisalesLinesBookingWithSameDates_TC147" time="96.394" errors="0" timestamp="2023-01-31T11:51:11 IST" skipped="0">
  <testcase classname="BookingMaskTC.createMultisalesLinesBookingWithSameDates_TC147" name="validateBookingForThreeRoomsWithSameDateAndPrice" time="96.394"/>
  <system-out>
    <![CDATA[Validating Actual ReservationNo 266863927/01 and Expected ReservationNo is 266863927/01
Validating Actual price for Room1 is 1776.00 and Expected Price for Room1 is 1776.00
Validating Actual price for Room2 is 888.00 and Expected Price for Room2 is 888.00
Validating Actual price for Room3 is 1064.00 and Expected Price for Room3 is 1064.00]]>
  </system-out>
</testsuite> <!-- BookingMaskTC.createMultisalesLinesBookingWithSameDates_TC147 -->
