<?xml version="1.0" encoding="UTF-8"?>
<!-- Generated by org.testng.reporters.JUnitReportReporter -->
<testsuite hostname="DGIT-0099" failures="0" tests="1" name="BookingMaskTC.multisalesLineBookingWithDifferentDatesAndMoreThanMaxStay_TC151" time="54.038" errors="0" timestamp="2023-01-31T14:42:25 IST" skipped="0">
  <testcase classname="BookingMaskTC.multisalesLineBookingWithDifferentDatesAndMoreThanMaxStay_TC151" name="validateErrorMsgwithDifferentDatesAndMaxStay" time="54.038"/>
  <system-out>
    <![CDATA[Validating Actual message Maximale Aufenthaltsdauer überschritten                                                                                                                                                                                                                                                                                          and Expected message Maximale Aufenthaltsdauer überschritten                                                                                                                                                                                                                                                                                         ]]>
  </system-out>
</testsuite> <!-- BookingMaskTC.multisalesLineBookingWithDifferentDatesAndMoreThanMaxStay_TC151 -->
