<?xml version="1.0" encoding="UTF-8"?>
<!-- Generated by org.testng.reporters.JUnitReportReporter -->
<testsuite hostname="DGIT-0099" failures="0" tests="2" name="SalesBookingListTestCases.VerifyEditIconForBookingTC29" time="86.838" errors="0" timestamp="2023-03-22T15:18:30 IST" skipped="1">
  <testcase classname="SalesBookingListTestCases.VerifyEditIconForBookingTC29" name="ValidateEditIconAndBookingData" time="86.838"/>
  <system-out>
    <![CDATA[Select TFT1 in TravelType dropdownList
Selected HK001 - (TESTING) from dropdown list
Send booking action
Select Falk Tours AG in CompanyID dropdownList
Send number of passenger
Send correct KOS in input field
Send correct ProductCode in input field
Send roomcode in input field
Send correct boardName
Send Occupancy
Send bookinglines 
Send Travel from date
Send Travel To date
Select Number of passengers
Click on SendBookingButton
Clicked on ViewList
Clicked on SendTBMcode to verify booking is done or not
Clicked on Booking listButton
Send TBM code
Clicked on Booking listButton
Validating Actual price is 4000.00 and expected Price is 4000.00
Validating Actual ReservationNo 312677452/01 and Actual ReservationNo is 312677452/01
Validating ExpectedcustomerNameOnSB PatilTest and Actual customername is PatilTest
Validating ExpectedtbmCodesOnSB HK001 and Actual tbmcode is HK001
Validating ExpectedStatusOnSB is OK and Actual Status is OK]]>
  </system-out>
  <testcase classname="SalesBookingListTestCases.VerifyEditIconForBookingTC29" name="ValidateBooking2">
    <skipped/>
  </testcase> <!-- ValidateBooking2 -->
  <system-out/>
</testsuite> <!-- SalesBookingListTestCases.VerifyEditIconForBookingTC29 -->
