<?xml version="1.0" encoding="UTF-8"?>
<!-- Generated by org.testng.reporters.JUnitReportReporter -->
<testsuite hostname="DGIT-0099" failures="1" tests="2" name="Booking_AllotmentTestCases.TC45" time="119.775" errors="0" timestamp="2023-05-05T19:08:06 IST" skipped="1">
  <testcase classname="Booking_AllotmentTestCases.TC45" name="validateMultisalesLineBookingWhenAllotIsAvailableSS" time="119.775">
    <failure message="Test Case Failed as actual &amp; expected sold allotment number are not matching expected [2] but found [4]" type="java.lang.AssertionError">
      <![CDATA[java.lang.AssertionError: Test Case Failed as actual & expected sold allotment number are not matching expected [2] but found [4]
at org.testng.Assert.fail(Assert.java:99)
at org.testng.Assert.failNotEquals(Assert.java:1037)
at org.testng.Assert.assertEqualsImpl(Assert.java:140)
at org.testng.Assert.assertEquals(Assert.java:122)
at org.testng.Assert.assertEquals(Assert.java:629)
at Booking_AllotmentTestCases.TC45.validateMultisalesLineBookingWhenAllotIsAvailableSS(TC45.java:464)
at java.base/jdk.internal.reflect.NativeMethodAccessorImpl.invoke0(Native Method)
at java.base/jdk.internal.reflect.NativeMethodAccessorImpl.invoke(NativeMethodAccessorImpl.java:77)
at java.base/jdk.internal.reflect.DelegatingMethodAccessorImpl.invoke(DelegatingMethodAccessorImpl.java:43)
at java.base/java.lang.reflect.Method.invoke(Method.java:568)
at org.testng.internal.MethodInvocationHelper.invokeMethod(MethodInvocationHelper.java:133)
at org.testng.internal.TestInvoker.invokeMethod(TestInvoker.java:598)
at org.testng.internal.TestInvoker.invokeTestMethod(TestInvoker.java:173)
at org.testng.internal.MethodRunner.runInSequence(MethodRunner.java:46)
at org.testng.internal.TestInvoker$MethodInvocationAgent.invoke(TestInvoker.java:824)
at org.testng.internal.TestInvoker.invokeTestMethods(TestInvoker.java:146)
at org.testng.internal.TestMethodWorker.invokeTestMethods(TestMethodWorker.java:146)
at org.testng.internal.TestMethodWorker.run(TestMethodWorker.java:128)
at java.base/java.util.ArrayList.forEach(ArrayList.java:1511)
at org.testng.TestRunner.privateRun(TestRunner.java:794)
at org.testng.TestRunner.run(TestRunner.java:596)
at org.testng.SuiteRunner.runTest(SuiteRunner.java:377)
at org.testng.SuiteRunner.runSequentially(SuiteRunner.java:371)
at org.testng.SuiteRunner.privateRun(SuiteRunner.java:332)
at org.testng.SuiteRunner.run(SuiteRunner.java:276)
at org.testng.SuiteRunnerWorker.runSuite(SuiteRunnerWorker.java:53)
at org.testng.SuiteRunnerWorker.run(SuiteRunnerWorker.java:96)
at org.testng.TestNG.runSuitesSequentially(TestNG.java:1212)
at org.testng.TestNG.runSuitesLocally(TestNG.java:1134)
at org.testng.TestNG.runSuites(TestNG.java:1063)
at org.testng.TestNG.run(TestNG.java:1031)
at org.testng.remote.AbstractRemoteTestNG.run(AbstractRemoteTestNG.java:115)
at org.testng.remote.RemoteTestNG.initAndRun(RemoteTestNG.java:251)
at org.testng.remote.RemoteTestNG.main(RemoteTestNG.java:77)
]]>
    </failure>
  </testcase> <!-- validateMultisalesLineBookingWhenAllotIsAvailableSS -->
  <system-out>
    <![CDATA[Clicked on sales dropdown in Dashboard
Clicked on sales Booking in Dashboard
Clicked on create Button in sales Booking page
Select TFT1 in TravelType dropdownList
Selected HK004 - (TEST) from dropdown list
Select Falk Tours AG in CompanyID dropdownList
Send Booking action
Send number of passengers
Send correct KOS in input field
Send correct ProductCode in input field
Send roomcode in input field
Send correct boardName
Send Occupancy
Send bookinglines 
Send Travel from date
Send Travel To date
Select Number of passenger
Send correct KOS in input field
Send correct ProductCode in input field
Send roomcode in input field
Send correct boardName
Send Occupancy
Send bookinglines 
Send Travel from date
Send Travel To date
Select Number of passenger
Click on sendBookingButton
Clicked on ViewList
Clicked on sendTBMcode to verify booking is done or not
Clicked on Booking listButton
Send TBM code
Clicked on Booking listButton
Clicked on edit booking1
Send Modified Travel from date
Send Modified Travel To date
Send Modified Travel from date
Send Modified Travel To date
Click on sendBookingButton
Clicked on dashboardLink
Clicked on purchase option
Clicked on accommodation option in list
Clicked on Allotment 
Send start date of season_E on allotment page
Send end date of season_E on allotment page
Clicked on load allotment]]>
  </system-out>
  <testcase classname="Booking_AllotmentTestCases.TC45" name="validateMultisalesLineBookingWhenAllotIsAvailable">
    <skipped/>
  </testcase> <!-- validateMultisalesLineBookingWhenAllotIsAvailable -->
  <system-out/>
</testsuite> <!-- Booking_AllotmentTestCases.TC45 -->
