<?xml version="1.0" encoding="UTF-8"?>
<!-- Generated by org.testng.reporters.JUnitReportReporter -->
<testsuite hostname="DGIT-0099" failures="0" tests="1" name="BookingMaskTC.verifyTravelDateStartWithSeasonCandEndsOutOfanySeason_TC86" time="49.064" errors="0" timestamp="2022-12-28T12:20:10 IST" skipped="0">
  <testcase classname="BookingMaskTC.verifyTravelDateStartWithSeasonCandEndsOutOfanySeason_TC86" name="validateErrorMsgOnBM" time="49.064"/>
  <system-out>
    <![CDATA[Validating Actual message Ungültige Reisedauer.                                                                                                                                                                                                                                                                                                            and Expected message Ungültige Reisedauer.                                                                                                                                                                                                                                                                                                                                                                                                                                                                                                                                                                                                               ]]>
  </system-out>
</testsuite> <!-- BookingMaskTC.verifyTravelDateStartWithSeasonCandEndsOutOfanySeason_TC86 -->
