<?xml version="1.0" encoding="UTF-8"?>
<!-- Generated by org.testng.reporters.JUnitReportReporter -->
<testsuite hostname="DGIT-0099" failures="0" tests="1" name="LoginPageTC.ValidateErrorMsgOnUserName_TC04" time="1.563" errors="0" timestamp="2023-01-30T09:23:00 IST" skipped="0">
  <testcase classname="LoginPageTC.ValidateErrorMsgOnUserName_TC04" name="CheckIncorrectCredentialsOnUserNameFieldTest" time="1.563"/>
  <system-out>
    <![CDATA[Validating actual Credentials are invalid! and Expected Text Credentials are invalid!]]>
  </system-out>
</testsuite> <!-- LoginPageTC.ValidateErrorMsgOnUserName_TC04 -->
