<?xml version="1.0" encoding="UTF-8"?>
<!-- Generated by org.testng.reporters.JUnitReportReporter -->
<testsuite hostname="DGIT-0099" failures="0" tests="1" name="TestNGTest.ValidateRecoveryPwdAndRefreshWithField" time="1.998" errors="0" timestamp="2022-10-10T18:35:30 IST" skipped="0">
  <testcase classname="TestNGTest.ValidateRecoveryPwdAndRefreshWithField" name="RefreshPageWithFieldTest" time="1.998"/>
  <system-out>
    <![CDATA[Validating actual & Expected Url]]>
  </system-out>
</testsuite> <!-- TestNGTest.ValidateRecoveryPwdAndRefreshWithField -->
