<?xml version="1.0" encoding="UTF-8"?>
<!-- Generated by org.testng.reporters.JUnitReportReporter -->
<testsuite hostname="DGIT-0099" failures="0" tests="1" name="BookingMaskTC.verifyCreateConfirmBooking_TC02" time="131.359" errors="0" timestamp="2022-11-30T17:36:10 IST" skipped="0">
  <testcase classname="BookingMaskTC.verifyCreateConfirmBooking_TC02" name="validateReservationNoField" time="131.359"/>
  <system-out>
    <![CDATA[Validating Actual price 533280.00 and Expected Price with UA is 533280.00]]>
  </system-out>
</testsuite> <!-- BookingMaskTC.verifyCreateConfirmBooking_TC02 -->
