<?xml version="1.0" encoding="UTF-8"?>
<!-- Generated by org.testng.reporters.JUnitReportReporter -->
<testsuite hostname="DGIT-0099" failures="0" tests="1" name="BookingMaskTC.TCC25" time="129.374" errors="0" timestamp="2023-01-20T12:26:56 IST" skipped="0">
  <testcase classname="BookingMaskTC.TCC25" name="validatePriceByModifyingRoomcode" time="129.374"/>
  <system-out>
    <![CDATA[Validating Actual price 93360.00 and Expected Price 93360.00]]>
  </system-out>
</testsuite> <!-- BookingMaskTC.TCC25 -->
