<?xml version="1.0" encoding="UTF-8"?>
<!-- Generated by org.testng.reporters.JUnitReportReporter -->
<testsuite hostname="DGIT-0099" failures="0" tests="1" name="TestNGTest.RecoverPasswordAndBackToLoginVaidation" time="2.352" errors="0" timestamp="2022-10-13T15:08:59 IST" skipped="0">
  <testcase classname="TestNGTest.RecoverPasswordAndBackToLoginVaidation" name="RecoverPasswordAndGoBackToLoginTest" time="2.352"/>
  <system-out>
    <![CDATA[Validating actual & Expected Text]]>
  </system-out>
</testsuite> <!-- TestNGTest.RecoverPasswordAndBackToLoginVaidation -->
