<?xml version="1.0" encoding="UTF-8"?>
<!-- Generated by org.testng.reporters.JUnitReportReporter -->
<testsuite hostname="DGIT-0099" failures="0" tests="1" name="TestNGTest.ValidateErrorMsgOnPassword_TC03" time="2.228" errors="0" timestamp="2022-10-14T14:20:06 IST" skipped="0">
  <testcase classname="TestNGTest.ValidateErrorMsgOnPassword_TC03" name="CheckIncorrectCredentialsOnPasswordFieldTest" time="2.228"/>
  <system-out>
    <![CDATA[Validating actual & Expected Msg]]>
  </system-out>
</testsuite> <!-- TestNGTest.ValidateErrorMsgOnPassword_TC03 -->
