<?xml version="1.0" encoding="UTF-8"?>
<!-- Generated by org.testng.reporters.JUnitReportReporter -->
<testsuite hostname="DGIT-0099" failures="0" tests="1" name="TestNGTest.ValidateDashboardPage$ValidateSelectCompany" time="4.346" errors="0" timestamp="2022-10-10T14:48:50 IST" skipped="0">
  <testcase classname="TestNGTest.ValidateDashboardPage$ValidateSelectCompany" name="DashboardPageTest" time="4.346"/>
  <system-out>
    <![CDATA[Validating actual & Expected Text]]>
  </system-out>
</testsuite> <!-- TestNGTest.ValidateDashboardPage$ValidateSelectCompany -->
