<?xml version="1.0" encoding="UTF-8"?>
<!-- Generated by org.testng.reporters.JUnitReportReporter -->
<testsuite hostname="DGIT-0099" failures="0" tests="1" name="BookingMaskTC.verifyConfirmBookingWithB_TC02" time="90.043" errors="0" timestamp="2023-02-09T09:07:04 IST" skipped="0">
  <testcase classname="BookingMaskTC.verifyConfirmBookingWithB_TC02" name="validateReservationNoField" time="90.043"/>
  <system-out>
    <![CDATA[Validating Expected ReservationNo 413888414/01 and Actual ReservationNo is 413888414/01]]>
  </system-out>
</testsuite> <!-- BookingMaskTC.verifyConfirmBookingWithB_TC02 -->
