<?xml version="1.0" encoding="UTF-8"?>
<!-- Generated by org.testng.reporters.JUnitReportReporter -->
<testsuite hostname="DGIT-0099" failures="0" tests="1" name="BookingMaskTC.TCC24" time="211.476" errors="0" timestamp="2022-12-26T16:56:31 IST" skipped="0">
  <testcase classname="BookingMaskTC.TCC24" name="validatePriceByEditingBothTravelFromAndToDate" time="211.476"/>
  <system-out>
    <![CDATA[Validating Actual message Kontingent nicht mehr verfügbar.                                                                                                                                                                                                                                                                                                 and Expected message Kontingent nicht mehr verfügbar.                                                                                                                                                                                                                                                                                                ]]>
  </system-out>
</testsuite> <!-- BookingMaskTC.TCC24 -->
