<?xml version="1.0" encoding="UTF-8"?>
<!-- Generated by org.testng.reporters.JUnitReportReporter -->
<testsuite hostname="DGIT-0099" failures="0" tests="1" name="BookingMaskTC.verifyModifyBookingWithTravelToDateDecrease_TC20" time="125.224" errors="0" timestamp="2023-02-10T17:43:57 IST" skipped="0">
  <testcase classname="BookingMaskTC.verifyModifyBookingWithTravelToDateDecrease_TC20" name="validatePriceByDecreasingTravelToDate" time="125.224"/>
  <system-out>
    <![CDATA[Validating Actual price 8888.00 and Expected Price 8888.00]]>
  </system-out>
</testsuite> <!-- BookingMaskTC.verifyModifyBookingWithTravelToDateDecrease_TC20 -->
