<?xml version="1.0" encoding="UTF-8"?>
<!-- Generated by org.testng.reporters.JUnitReportReporter -->
<testsuite hostname="DGIT-0099" failures="0" tests="1" name="BookingMaskTC.multisalesLineBookingWithDifferentDatesAndMoreThanMaxStay_TC151" time="62.706" errors="0" timestamp="2022-12-20T09:52:31 IST" skipped="0">
  <testcase classname="BookingMaskTC.multisalesLineBookingWithDifferentDatesAndMoreThanMaxStay_TC151" name="validateErrorMsgwithDifferentDatesAndMaxStay" time="62.706"/>
  <system-out>
    <![CDATA[Validating Actual message Maximale Aufenthaltsdauer überschritten                                                                                                                                                                                                                                                                                          and Expected message Maximale Aufenthaltsdauer überschritten                                                                                                                                                                                                                                                                                         ]]>
  </system-out>
</testsuite> <!-- BookingMaskTC.multisalesLineBookingWithDifferentDatesAndMoreThanMaxStay_TC151 -->
