<?xml version="1.0" encoding="UTF-8"?>
<!-- Generated by org.testng.reporters.JUnitReportReporter -->
<testsuite hostname="DGIT-0099" failures="0" tests="4" name="listeners.TestNGlistenerZeus" time="0.011" errors="0" timestamp="2023-02-28T14:10:24 IST" skipped="0">
  <testcase classname="listeners.TestNGlistenerZeus" name="test2" time="0.001"/>
  <system-out/>
  <testcase classname="listeners.TestNGlistenerZeus" name="test3" time="0.000"/>
  <system-out/>
  <testcase classname="listeners.TestNGlistenerZeus" name="test1" time="0.009"/>
  <system-out/>
  <testcase classname="listeners.TestNGlistenerZeus" name="test4" time="0.001"/>
  <system-out/>
</testsuite> <!-- listeners.TestNGlistenerZeus -->
