<?xml version="1.0" encoding="UTF-8"?>
<!-- Generated by org.testng.reporters.JUnitReportReporter -->
<testsuite hostname="DGIT-0099" failures="0" tests="1" name="BookingMaskTC.TCC25" time="356.878" errors="0" timestamp="2022-12-27T11:00:30 IST" skipped="0">
  <testcase classname="BookingMaskTC.TCC25" name="validatePriceByModifyingRoomcode" time="356.878"/>
  <system-out>
    <![CDATA[Validating Actual price 93360.00 and Expected Price 93360.00]]>
  </system-out>
</testsuite> <!-- BookingMaskTC.TCC25 -->
