<?xml version="1.0" encoding="UTF-8"?>
<!-- Generated by org.testng.reporters.JUnitReportReporter -->
<testsuite hostname="DGIT-0099" failures="0" tests="1" name="BookingMaskTestCases.VerifyModifyBookingToAddAnotherRoomWithSameDateTC27" time="120.077" errors="0" timestamp="2023-05-25T14:33:14 IST" skipped="0">
  <testcase classname="BookingMaskTestCases.VerifyModifyBookingToAddAnotherRoomWithSameDateTC27" name="validateBookingAndTotalPriceofBothRooms" time="120.077"/>
  <system-out>
    <![CDATA[Validating Actual price for Room1 is 266640.00 and Expected Price for Room1 is 266640.00
Validating Actual price for Room2 is 266640.00 and Expected Price for Room2 is 266640.00
Validating Actual price for both Room is 533280 and Expected Price for both room  is 533280]]>
  </system-out>
</testsuite> <!-- BookingMaskTestCases.VerifyModifyBookingToAddAnotherRoomWithSameDateTC27 -->
