<?xml version="1.0" encoding="UTF-8"?>
<!-- Generated by org.testng.reporters.JUnitReportReporter -->
<testsuite hostname="DGIT-0099" failures="0" tests="1" name="BookingMaskTC.TCC38" time="134.746" errors="0" timestamp="2022-12-23T10:44:29 IST" skipped="0">
  <testcase classname="BookingMaskTC.TCC38" name="validateReservationNoOnSalesList" time="134.746"/>
  <system-out>
    <![CDATA[Validating Actual price 239976.00 and Expected Price 239976.00]]>
  </system-out>
</testsuite> <!-- BookingMaskTC.TCC38 -->
