<?xml version="1.0" encoding="UTF-8"?>
<!-- Generated by org.testng.reporters.JUnitReportReporter -->
<testsuite hostname="DGIT-0099" failures="0" tests="1" name="LoginPageTC.LoginValidation_TC01" time="2.201" errors="0" timestamp="2022-12-16T11:40:04 IST" skipped="0">
  <testcase classname="LoginPageTC.LoginValidation_TC01" name="ValidUserNameAndValidPasswordTest" time="2.201"/>
  <system-out>
    <![CDATA[Validating actual Please select company to proceed. and Expected Text Please select company to proceed.]]>
  </system-out>
</testsuite> <!-- LoginPageTC.LoginValidation_TC01 -->
