<?xml version="1.0" encoding="UTF-8"?>
<!-- Generated by org.testng.reporters.JUnitReportReporter -->
<testsuite hostname="DGIT-0099" failures="0" tests="1" name="BookingMaskTestCases.verifyBookingModificationWithTravelToDateIncrease_TC19" time="74.215" errors="0" timestamp="2023-02-24T15:16:04 IST" skipped="0">
  <testcase classname="BookingMaskTestCases.verifyBookingModificationWithTravelToDateIncrease_TC19" name="validatePriceWithTravelToDateIncrease" time="74.215"/>
  <system-out>
    <![CDATA[Validating Actual Price with increased travel to date  266640.00 and Expected Price with increase in date is 266640.00]]>
  </system-out>
</testsuite> <!-- BookingMaskTestCases.verifyBookingModificationWithTravelToDateIncrease_TC19 -->
