<?xml version="1.0" encoding="UTF-8"?>
<!-- Generated by org.testng.reporters.JUnitReportReporter -->
<testsuite hostname="DGIT-0099" failures="0" tests="3" name="Booking_AllotmentTestCases.TC49TC51" time="79.039" errors="0" timestamp="2023-05-10T16:01:47 IST" skipped="2">
  <testcase classname="Booking_AllotmentTestCases.TC49TC51" name="validateBookingCancellationAndAllotmenSt" time="79.039"/>
  <system-out>
    <![CDATA[Clicked on sales dropdown in Dashboard
Clicked on sales Booking in Dashboard
Clicked on create Button in sales Booking page
Select TFT1 in TravelType dropdownList
Selected HK004 - (TEST) from dropdown list
Select Falk Tours AG in CompanyID dropdownList
Send Booking action
Send number of passengers
Send correct KOS in input field
Send correct ProductCode in input field
Send roomcode in input field
Send correct boardName
Send Occupancy
Send bookinglines 
Send Travel from date
Send Travel To date
Select Number of passenger
Send correct KOS in input field
Send correct ProductCode in input field
Send roomcode in input field
Send correct boardName
Send Occupancy
Send bookinglines
Send Travel from date 
Send Travel To date
Select Number of passenger
Click on sendBookingButton
Clicked on dashboardLink
Clicked on purchase option
Clicked on accommodation option in list
Clicked on Allotment 
Send start date on allotment page
Send end date on allotment page
Clicked on load allotment
Validating Actual Message for season-E is Kontingent nicht mehr verfügbar.                                                                                                                                                                                                                                                                                                 and Expected Message for season-E is Kontingent nicht mehr verfügbar.                                                                                                                                                                                                                                                                                                
Validating Actual sold allotment for Room1 is 16 and Expected allotment for season_E is 16
Validating Actual sold allotment for Room1 is 16 and Expected allotment for season_E is 16
Validating Actual sold allotment for Room1 is 15 and Expected allotment for season_E is 15]]>
  </system-out>
  <testcase classname="Booking_AllotmentTestCases.TC49TC51" name="validateBookingAfterIncreaseInAllotment">
    <skipped/>
  </testcase> <!-- validateBookingAfterIncreaseInAllotment -->
  <system-out/>
  <testcase classname="Booking_AllotmentTestCases.TC49TC51" name="validateBookingCancellationAndAllotment">
    <skipped/>
  </testcase> <!-- validateBookingCancellationAndAllotment -->
  <system-out/>
</testsuite> <!-- Booking_AllotmentTestCases.TC49TC51 -->
