<?xml version="1.0" encoding="UTF-8"?>
<!-- Generated by org.testng.reporters.JUnitReportReporter -->
<testsuite hostname="DGIT-0099" failures="0" tests="1" name="TestNGTest.ValidateErrorMsgOnUserNameTC_04" time="2.475" errors="0" timestamp="2022-10-13T12:39:00 IST" skipped="0">
  <testcase classname="TestNGTest.ValidateErrorMsgOnUserNameTC_04" name="CheckIncorrectCredentialsOnUserNameFieldTest" time="2.475"/>
  <system-out>
    <![CDATA[Validating actual & Expected Msg]]>
  </system-out>
</testsuite> <!-- TestNGTest.ValidateErrorMsgOnUserNameTC_04 -->
