<?xml version="1.0" encoding="UTF-8"?>
<!-- Generated by org.testng.reporters.JUnitReportReporter -->
<testsuite hostname="DGIT-0099" failures="0" tests="1" name="BookingMaskTestCases.VerifyBookingWithTravelFromAndTravelToSameDate_TC07" time="36.821" errors="0" timestamp="2023-07-24T14:30:43 IST" skipped="0">
  <testcase classname="BookingMaskTestCases.VerifyBookingWithTravelFromAndTravelToSameDate_TC07" name="validateTravelFromAndTravelToSameDatePopUpMessageonBM" time="36.821">
    <system-out>
      <![CDATA[Validating Actual Message Travel From should be less than Travel To date. and Expected Message Travel From should be less than Travel To date.]]>
    </system-out>
  </testcase> <!-- validateTravelFromAndTravelToSameDatePopUpMessageonBM -->
  <system-out>
    <![CDATA[Browser Launch 
Valid Username Entered
Valid Password Entered
Clicked on Dashboard button
Select the Falk Tours AG from given list
Clicked on proceed button
Clicked on sales dropdown in Dashboard
Clicked on sales Booking in Dashboard
Clicked on create Button in sales Booking page
Select Falk Tours AG in CompanyID dropdownList
Select TFT1 in TravelType dropdownList
Selected HK001 - (TESTING) from dropdown list
Send number of passenger
Send correct KOS in input field
Send correct ProductCode in input field
Send roomcode in input field
Send correct boardName
Send Occupancy
Send bookinglines 
Send Travel from date
Send Travel To date
Send Number of passenger
Clicked on sendbookingButton
Validating Actual Message Travel From should be less than Travel To date. and Expected Message Travel From should be less than Travel To date.
Closing Browser]]>
  </system-out>
</testsuite> <!-- BookingMaskTestCases.VerifyBookingWithTravelFromAndTravelToSameDate_TC07 -->
