<?xml version="1.0" encoding="UTF-8"?>
<!-- Generated by org.testng.reporters.JUnitReportReporter -->
<testsuite hostname="DGIT-0099" failures="0" tests="1" name="BookingMaskTC.TCC31" time="135.755" errors="0" timestamp="2022-12-12T15:27:58 IST" skipped="0">
  <testcase classname="BookingMaskTC.TCC31" name="validatePriceForDifferentDates" time="135.755"/>
  <system-out>
    <![CDATA[Validating Actual price For Season -G is 266640.00 and Expected Price for Season-G is266640.00
Validating Actual price for Season-B is 23976.00 and Expected Price for Season-B is 23976.00]]>
  </system-out>
</testsuite> <!-- BookingMaskTC.TCC31 -->
