<?xml version="1.0" encoding="UTF-8"?>
<!-- Generated by org.testng.reporters.JUnitReportReporter -->
<testsuite hostname="DGIT-0099" failures="0" tests="1" name="SalesBookingListTestCases.TC1" time="28.109" errors="0" timestamp="2023-03-20T16:24:53 IST" skipped="0">
  <testcase classname="SalesBookingListTestCases.TC1" name="validatepriceFieldWithChangeInBookingAction" time="28.109"/>
  <system-out>
    <![CDATA[Validating Actual Text is Sales Booking List
Dashboard
SalesBooking and Expected text is Sales Booking List
Dashboard
SalesBooking]]>
  </system-out>
</testsuite> <!-- SalesBookingListTestCases.TC1 -->
