<?xml version="1.0" encoding="UTF-8"?>
<!-- Generated by org.testng.reporters.JUnitReportReporter -->
<testsuite hostname="DGIT-0099" failures="0" tests="1" name="BookingMaskTC.TCC87" time="41.526" errors="0" timestamp="2022-12-07T15:17:21 IST" skipped="0">
  <testcase classname="BookingMaskTC.TCC87" name="validatePriceForSeasonB" time="41.526"/>
  <system-out>
    <![CDATA[Validating Actual message Column 'SeasonPrice' does not belong to table .                                                                                                                                                                                                                                                                                 and Expected message Column 'SeasonPrice' does not belong to table .                                                                                                                                                                                                                                                                                                                                                                                                                                                                                                                                                                                                       ]]>
  </system-out>
</testsuite> <!-- BookingMaskTC.TCC87 -->
