<?xml version="1.0" encoding="UTF-8"?>
<!-- Generated by org.testng.reporters.JUnitReportReporter -->
<testsuite hostname="DGIT-0099" failures="0" tests="1" name="LoginPageTestCases.LoginPageTextValidation_TC17" time="1.322" errors="0" timestamp="2023-07-04T14:09:54 IST" skipped="0">
  <testcase classname="LoginPageTestCases.LoginPageTextValidation_TC17" name="ValidateCopyrightTextOnLoginPageTest" time="1.322"/>
  <system-out>
    <![CDATA[Validating actual Copyright © Zeus 2023 and Expected Text Copyright © Zeus 2023]]>
  </system-out>
</testsuite> <!-- LoginPageTestCases.LoginPageTextValidation_TC17 -->
