<?xml version="1.0" encoding="UTF-8"?>
<!-- Generated by org.testng.reporters.JUnitReportReporter -->
<testsuite hostname="DGIT-0099" failures="0" tests="1" name="BookingMaskTestCases.VerifyModifyBookingByEditingBothTravelFromAndToDateTC23" time="75.765" errors="0" timestamp="2023-05-25T12:46:45 IST" skipped="0">
  <testcase classname="BookingMaskTestCases.VerifyModifyBookingByEditingBothTravelFromAndToDateTC23" name="validatePriceByEditingBothTravelFromAndToDate" time="75.765"/>
  <system-out>
    <![CDATA[Validating Actual price with changing travel date is 1776.00 and Expected Price with changing travel date is 1776.00]]>
  </system-out>
</testsuite> <!-- BookingMaskTestCases.VerifyModifyBookingByEditingBothTravelFromAndToDateTC23 -->
