<?xml version="1.0" encoding="UTF-8"?>
<!-- Generated by org.testng.reporters.JUnitReportReporter -->
<testsuite hostname="DGIT-0099" failures="1" tests="2" name="Booking_AllotmentTestCases.verifyAllotmentwithRoomBooking_TC07andTC09" time="62.675" errors="0" timestamp="2023-04-14T11:32:02 IST" skipped="1">
  <testcase classname="Booking_AllotmentTestCases.verifyAllotmentwithRoomBooking_TC07andTC09" name="validateApplyStopSales" time="62.675">
    <failure message="Test Case Failed as actual and expected stop sales text are not matching expected [STOP] but found [-]" type="java.lang.AssertionError">
      <![CDATA[java.lang.AssertionError: Test Case Failed as actual and expected stop sales text are not matching expected [STOP] but found [-]
at org.testng.Assert.fail(Assert.java:99)
at org.testng.Assert.failNotEquals(Assert.java:1037)
at org.testng.Assert.assertEqualsImpl(Assert.java:140)
at org.testng.Assert.assertEquals(Assert.java:122)
at org.testng.Assert.assertEquals(Assert.java:629)
at Booking_AllotmentTestCases.verifyAllotmentwithRoomBooking_TC07andTC09.validateApplyStopSales(verifyAllotmentwithRoomBooking_TC07andTC09.java:424)
at java.base/jdk.internal.reflect.NativeMethodAccessorImpl.invoke0(Native Method)
at java.base/jdk.internal.reflect.NativeMethodAccessorImpl.invoke(NativeMethodAccessorImpl.java:77)
at java.base/jdk.internal.reflect.DelegatingMethodAccessorImpl.invoke(DelegatingMethodAccessorImpl.java:43)
at java.base/java.lang.reflect.Method.invoke(Method.java:568)
at org.testng.internal.MethodInvocationHelper.invokeMethod(MethodInvocationHelper.java:133)
at org.testng.internal.TestInvoker.invokeMethod(TestInvoker.java:598)
at org.testng.internal.TestInvoker.invokeTestMethod(TestInvoker.java:173)
at org.testng.internal.MethodRunner.runInSequence(MethodRunner.java:46)
at org.testng.internal.TestInvoker$MethodInvocationAgent.invoke(TestInvoker.java:824)
at org.testng.internal.TestInvoker.invokeTestMethods(TestInvoker.java:146)
at org.testng.internal.TestMethodWorker.invokeTestMethods(TestMethodWorker.java:146)
at org.testng.internal.TestMethodWorker.run(TestMethodWorker.java:128)
at java.base/java.util.ArrayList.forEach(ArrayList.java:1511)
at org.testng.TestRunner.privateRun(TestRunner.java:794)
at org.testng.TestRunner.run(TestRunner.java:596)
at org.testng.SuiteRunner.runTest(SuiteRunner.java:377)
at org.testng.SuiteRunner.runSequentially(SuiteRunner.java:371)
at org.testng.SuiteRunner.privateRun(SuiteRunner.java:332)
at org.testng.SuiteRunner.run(SuiteRunner.java:276)
at org.testng.SuiteRunnerWorker.runSuite(SuiteRunnerWorker.java:53)
at org.testng.SuiteRunnerWorker.run(SuiteRunnerWorker.java:96)
at org.testng.TestNG.runSuitesSequentially(TestNG.java:1212)
at org.testng.TestNG.runSuitesLocally(TestNG.java:1134)
at org.testng.TestNG.runSuites(TestNG.java:1063)
at org.testng.TestNG.run(TestNG.java:1031)
at org.testng.remote.AbstractRemoteTestNG.run(AbstractRemoteTestNG.java:115)
at org.testng.remote.RemoteTestNG.initAndRun(RemoteTestNG.java:251)
at org.testng.remote.RemoteTestNG.main(RemoteTestNG.java:77)
]]>
    </failure>
  </testcase> <!-- validateApplyStopSales -->
  <system-out>
    <![CDATA[Send start date of season_E on allotment page
Send end date of season_E on allotment page
Clicked on load allotment
Clicked on Change allotment button
Enter start date for room1
Enter until date for room1
Send start date of season_E on allotment page
Send end date of season_E on allotment page
Validating Actual initial allotment is 5 and Expected allotment for season_E is 5
Validating Actual current allotment is 5 and Expected allotment for season_E is 5
Validating Actual sold allotment is 0 and Expected allotment for season_E is 0
Validating Actual remaining allotment is 5 and Expected allotment for season_E is 5]]>
  </system-out>
  <testcase classname="Booking_AllotmentTestCases.verifyAllotmentwithRoomBooking_TC07andTC09" name="validateIncrDecrAllotWithRoomBooking">
    <skipped/>
  </testcase> <!-- validateIncrDecrAllotWithRoomBooking -->
  <system-out/>
</testsuite> <!-- Booking_AllotmentTestCases.verifyAllotmentwithRoomBooking_TC07andTC09 -->
