<?xml version="1.0" encoding="UTF-8"?>
<!-- Generated by org.testng.reporters.JUnitReportReporter -->
<testsuite hostname="DGIT-0099" failures="0" tests="1" name="BookingMaskTC.multisaleslineBookingWithDiffDateAndLessthanMinStay_TC149" time="53.644" errors="0" timestamp="2022-12-21T14:24:39 IST" skipped="0">
  <testcase classname="BookingMaskTC.multisaleslineBookingWithDiffDateAndLessthanMinStay_TC149" name="validategetmultisalesLinesBookingErrorMsgwithInValidStay" time="53.644"/>
  <system-out>
    <![CDATA[Validating Actual message Mindestaufenthaltsdauer unterschritten bzw Maximale Aufenthaltsdauer überschritten                                                                                                                                                                                                                                               and Expected message Mindestaufenthaltsdauer unterschritten bzw Maximale Aufenthaltsdauer überschritten                                                                                                                                                                                                                                              ]]>
  </system-out>
</testsuite> <!-- BookingMaskTC.multisaleslineBookingWithDiffDateAndLessthanMinStay_TC149 -->
