<?xml version="1.0" encoding="UTF-8"?>
<!-- Generated by org.testng.reporters.JUnitReportReporter -->
<testsuite hostname="DGIT-0099" failures="0" tests="1" name="BookingMaskTC.verifyModifyBookingByChangingRoomCodeTC25" time="113.940" errors="0" timestamp="2023-01-30T14:19:15 IST" skipped="0">
  <testcase classname="BookingMaskTC.verifyModifyBookingByChangingRoomCodeTC25" name="validatePriceByChangingRoomcode" time="113.940"/>
  <system-out>
    <![CDATA[Validating Actual price 93360.00 and Expected Price 93360.00]]>
  </system-out>
</testsuite> <!-- BookingMaskTC.verifyModifyBookingByChangingRoomCodeTC25 -->
