<?xml version="1.0" encoding="UTF-8"?>
<!-- Generated by org.testng.reporters.JUnitReportReporter -->
<testsuite hostname="DGIT-0099" failures="0" tests="1" name="BookingMaskTestCases.VerifyBookingforSeasonB_TC15" time="46.531" errors="0" timestamp="2023-05-25T12:46:45 IST" skipped="0">
  <testcase classname="BookingMaskTestCases.VerifyBookingforSeasonB_TC15" name="validatePriceForSeasonB" time="46.531"/>
  <system-out>
    <![CDATA[Validating Actual price for Season-B 24864.00 and Expected Price for Season-B 24864.00]]>
  </system-out>
</testsuite> <!-- BookingMaskTestCases.VerifyBookingforSeasonB_TC15 -->
