<?xml version="1.0" encoding="UTF-8"?>
<!-- Generated by org.testng.reporters.JUnitReportReporter -->
<testsuite hostname="DGIT-0099" failures="0" tests="1" name="TestNGTest.ValidateRecoverPwdLinkTC_20" time="1.742" errors="0" timestamp="2022-10-16T19:28:10 IST" skipped="0">
  <testcase classname="TestNGTest.ValidateRecoverPwdLinkTC_20" name="VerifyRecoverPwdIsLinkTest" time="1.742"/>
  <system-out>
    <![CDATA[Validating actual Recover Password and Expected Text Recover Password]]>
  </system-out>
</testsuite> <!-- TestNGTest.ValidateRecoverPwdLinkTC_20 -->
