<?xml version="1.0" encoding="UTF-8"?>
<!-- Generated by org.testng.reporters.JUnitReportReporter -->
<testsuite hostname="DGIT-0099" failures="0" tests="1" name="BookingMaskTC.verifyTravelDateIsEndDateOfSeasonA_TC80" time="52.613" errors="0" timestamp="2023-01-31T17:24:44 IST" skipped="0">
  <testcase classname="BookingMaskTC.verifyTravelDateIsEndDateOfSeasonA_TC80" name="validatePriceAtEndDateOfSeasonA" time="52.613"/>
  <system-out>
    <![CDATA[Validating Actual price 444.00 and Expected Price 444.00]]>
  </system-out>
</testsuite> <!-- BookingMaskTC.verifyTravelDateIsEndDateOfSeasonA_TC80 -->
