<?xml version="1.0" encoding="UTF-8"?>
<!-- Generated by org.testng.reporters.JUnitReportReporter -->
<testsuite hostname="DGIT-0099" failures="0" tests="1" name="BookingMaskTC.verifyCreateBookingWithChangeOccupancy_TC32" time="76.616" errors="0" timestamp="2022-12-06T14:27:12 IST" skipped="0">
  <testcase classname="BookingMaskTC.verifyCreateBookingWithChangeOccupancy_TC32" name="validatePriceWithChangeOCCField" time="76.616"/>
  <system-out>
    <![CDATA[Validating Actual price 20010.00 and Expected Price 20010.00]]>
  </system-out>
</testsuite> <!-- BookingMaskTC.verifyCreateBookingWithChangeOccupancy_TC32 -->
