<?xml version="1.0" encoding="UTF-8"?>
<!-- Generated by org.testng.reporters.JUnitReportReporter -->
<testsuite hostname="DGIT-0099" failures="0" tests="2" name="Booking_AllotmentTestCases.TC45TC46" time="125.627" errors="0" timestamp="2023-05-08T16:10:46 IST" skipped="1">
  <testcase classname="Booking_AllotmentTestCases.TC45TC46" name="validateModifiedMultisalesBookingPrice" time="125.627"/>
  <system-out>
    <![CDATA[Clicked on sales dropdown in Dashboard
Clicked on sales Booking in Dashboard
Clicked on create Button in sales Booking page
Select TFT1 in TravelType dropdownList
Selected HK004 - (TEST) from dropdown list
Select Falk Tours AG in CompanyID dropdownList
Send Booking action
Send number of passengers
Send correct KOS in input field
Send correct ProductCode in input field
Send roomcode in input field
Send correct boardName
Send Occupancy
Send bookinglines 
Send Travel from date
Send Travel To date
Select Number of passenger
Send correct KOS in input field
Send correct ProductCode in input field
Send roomcode in input field
Send correct boardName
Send Occupancy
Send bookinglines 
Send Travel from date
Send Travel To date
Select Number of passenger
Click on sendBookingButton
Clicked on ViewList
Clicked on sendTBMcode to verify booking is done or not
Clicked on Booking listButton
Send TBM code
Clicked on Booking listButton
Clicked on edit booking1
Send Modified Travel from date
Send Modified Travel To date
Send Modified Travel from date
Send Modified Travel To date
Click on sendBookingButton
Validating Actual price 7112.00 and Expected price is 7112.00
Validating Actual price 2224.00 and Expected price is 2224.00]]>
  </system-out>
  <testcase classname="Booking_AllotmentTestCases.TC45TC46" name="validateMultisalesBookingAllotment">
    <skipped/>
  </testcase> <!-- validateMultisalesBookingAllotment -->
  <system-out/>
</testsuite> <!-- Booking_AllotmentTestCases.TC45TC46 -->
