<?xml version="1.0" encoding="UTF-8"?>
<!-- Generated by org.testng.reporters.JUnitReportReporter -->
<testsuite hostname="DGIT-0099" failures="0" tests="1" name="BookingMaskTC.TCC35" time="99.881" errors="0" timestamp="2022-12-06T14:59:20 IST" skipped="0">
  <testcase classname="BookingMaskTC.TCC35" name="validatePriceWithChangeOCCPAXField" time="99.881"/>
  <system-out>
    <![CDATA[Validating Actual price 60030.00 and Expected Price 60030.00]]>
  </system-out>
</testsuite> <!-- BookingMaskTC.TCC35 -->
