<?xml version="1.0" encoding="UTF-8"?>
<!-- Generated by org.testng.reporters.JUnitReportReporter -->
<testsuite hostname="DGIT-0099" failures="0" tests="1" name="BookingMaskTC.createBookingForTwoPersonAndTwoRoom_TC34" time="156.680" errors="0" timestamp="2022-12-23T10:08:54 IST" skipped="0">
  <testcase classname="BookingMaskTC.createBookingForTwoPersonAndTwoRoom_TC34" name="validatePriceForTwoPersonTwoRooms" time="156.680"/>
  <system-out>
    <![CDATA[Validating Actual price for Season-B is 11988.00 and Expected Price for Season-B is11988.00
Validating Actual price for season-B is 11988.00 and Expected Price for Season-B is 11988.00]]>
  </system-out>
</testsuite> <!-- BookingMaskTC.createBookingForTwoPersonAndTwoRoom_TC34 -->
