<?xml version="1.0" encoding="UTF-8"?>
<!-- Generated by org.testng.reporters.JUnitReportReporter -->
<testsuite hostname="DGIT-0099" failures="0" tests="1" name="BookingMaskTC.TCC89" time="47.539" errors="0" timestamp="2022-12-27T17:43:46 IST" skipped="0">
  <testcase classname="BookingMaskTC.TCC89" name="validatePriceForWeekDay" time="47.539"/>
  <system-out>
    <![CDATA[Validating Actual price 8888.00 and Expected Price 8888.00]]>
  </system-out>
</testsuite> <!-- BookingMaskTC.TCC89 -->
