<?xml version="1.0" encoding="UTF-8"?>
<!-- Generated by org.testng.reporters.JUnitReportReporter -->
<testsuite hostname="DGIT-0099" failures="0" tests="1" name="BookingMaskTC.validateBookingWithoutSelectingAnyTravelTypeTC48" time="52.613" errors="0" timestamp="2023-01-30T17:06:59 IST" skipped="0">
  <testcase classname="BookingMaskTC.validateBookingWithoutSelectingAnyTravelTypeTC48" name="validateBookingWithoutAnyTravelType" time="52.613"/>
  <system-out>
    <![CDATA[Validating Actual message Bitte wählen Sie aus den folgenden Reisearten (NFAX, XXXXXX, TFT1, TFT2, XXXXXX, FNTR, FTV, RAL, B2B, TRAV, TEST3, TEST, , , TEST3, Duplicate, Duplicate, ALL, RAL)                                                                                                                                                              and Expected message Bitte wählen Sie aus den folgenden Reisearten (NFAX, XXXXXX, TFT1, TFT2, XXXXXX, FNTR, FTV, RAL, B2B, TRAV, TEST3, TEST, , , TEST3, Duplicate, Duplicate, ALL, RAL)                                                                                                                                                             ]]>
  </system-out>
</testsuite> <!-- BookingMaskTC.validateBookingWithoutSelectingAnyTravelTypeTC48 -->
