<?xml version="1.0" encoding="UTF-8"?>
<!-- Generated by org.testng.reporters.JUnitReportReporter -->
<testsuite hostname="DGIT-0099" failures="0" tests="1" name="BookingMaskTestCases.verifyBookingInquiryWithBlankTravelFromDate_TC04" time="37.055" errors="0" timestamp="2023-03-01T09:35:39 IST" skipped="0">
  <testcase classname="BookingMaskTestCases.verifyBookingInquiryWithBlankTravelFromDate_TC04" name="validateBookingInquiryWithBlankTravelFromDate" time="37.055"/>
  <system-out>
    <![CDATA[Validating actual Error message Travel From and Travel To date not proper. and Expected Error Message Travel From and Travel To date not proper.]]>
  </system-out>
</testsuite> <!-- BookingMaskTestCases.verifyBookingInquiryWithBlankTravelFromDate_TC04 -->
