<?xml version="1.0" encoding="UTF-8"?>
<!-- Generated by org.testng.reporters.JUnitReportReporter -->
<testsuite hostname="DGIT-0099" failures="0" tests="1" name="LoginPageTC.ValidateErrorMsgOnPassword_TC03" time="1.493" errors="0" timestamp="2022-11-05T16:43:01 IST" skipped="0">
  <testcase classname="LoginPageTC.ValidateErrorMsgOnPassword_TC03" name="CheckIncorrectCredentialsOnPasswordFieldTest" time="1.493"/>
  <system-out>
    <![CDATA[Validating actual Credentials are invalid! and Expected Text Credentials are invalid!]]>
  </system-out>
</testsuite> <!-- LoginPageTC.ValidateErrorMsgOnPassword_TC03 -->
