<?xml version="1.0" encoding="UTF-8"?>
<!-- Generated by org.testng.reporters.JUnitReportReporter -->
<testsuite hostname="DGIT-0099" failures="0" tests="1" name="BookingMaskTC.verifyModifyBookingByEditingBothTravelFromAndToDateTC23" time="64.072" errors="0" timestamp="2023-01-30T12:58:42 IST" skipped="0">
  <testcase classname="BookingMaskTC.verifyModifyBookingByEditingBothTravelFromAndToDateTC23" name="validatePriceByEditingBothTravelFromAndToDate" time="64.072"/>
  <system-out>
    <![CDATA[Validating Actual price with changing travel date is 1776.00 and Expected Price with changing travel date is1776.00]]>
  </system-out>
</testsuite> <!-- BookingMaskTC.verifyModifyBookingByEditingBothTravelFromAndToDateTC23 -->
