<?xml version="1.0" encoding="UTF-8"?>
<!-- Generated by org.testng.reporters.JUnitReportReporter -->
<testsuite hostname="DGIT-0099" failures="0" tests="1" name="BookingMaskTestCases.VerifyBookingModificationWithEditOccupancyTC18" time="181.520" errors="0" timestamp="2023-05-25T12:46:45 IST" skipped="0">
  <testcase classname="BookingMaskTestCases.VerifyBookingModificationWithEditOccupancyTC18" name="validateBookingByEditingOccupancyWithU" time="181.520"/>
  <system-out>
    <![CDATA[Validating Actual ReservationNo 493185626/02 and Expected ReservationNo is 493185626/02
Validating Actual price 533280.00 and Expected Price 533280.00]]>
  </system-out>
</testsuite> <!-- BookingMaskTestCases.VerifyBookingModificationWithEditOccupancyTC18 -->
