<?xml version="1.0" encoding="UTF-8"?>
<!-- Generated by org.testng.reporters.JUnitReportReporter -->
<testsuite hostname="DGIT-0099" failures="0" tests="1" name="BookingMaskTC.TC108" time="52.195" errors="0" timestamp="2023-01-03T16:35:57 IST" skipped="0">
  <testcase classname="BookingMaskTC.TC108" name="validatePriceForTravelDateIsMon" time="52.195"/>
  <system-out>
    <![CDATA[Validating Actual price 156.00 and Expected Price 156.00]]>
  </system-out>
</testsuite> <!-- BookingMaskTC.TC108 -->
