<?xml version="1.0" encoding="UTF-8"?>
<!-- Generated by org.testng.reporters.JUnitReportReporter -->
<testsuite hostname="DGIT-0099" failures="0" tests="2" name="BookingMaskTestCases.TC03" time="137.069" errors="0" timestamp="2023-02-16T18:09:23 IST" skipped="0">
  <testcase classname="BookingMaskTestCases.TC03" name="validateOptionBookingWithOA" time="57.313"/>
  <system-out>
    <![CDATA[Select TFT1 in TravelType dropdownList
Selected HK001 - (TESTING) from dropdown list
Select Falk Tours AG in CompanyID dropdownList
Send number of passenger
Send correct KOS in input field
Send correct ProductCode in input field
Send roomcode in input field
Send correct boardName
Send Occupancy
Send bookinglines 
Send Travel from date
Send Travel To date
Select Number of passenger
Click on SendBookingButton
Validating Actual price with OA Action code 4002.00 and Expected Price with OA action code is 4002.00]]>
  </system-out>
  <testcase classname="BookingMaskTestCases.TC03" name="validateConfirmOptionBookingWithO" time="79.756"/>
  <system-out>
    <![CDATA[Select TFT1 in TravelType dropdownList
Selected HK001 - (TESTING) from dropdown list
Select Falk Tours AG in CompanyID dropdownList
Send Booking action code
Send number of passenger
Send correct KOS in input field
Send correct ProductCode in input field
Send roomcode in input field
Send correct boardName
Send Occupancy
Send bookinglines 
Send Travel from date
Send Travel To date
Select Number of passenger
Click on SendBookingButton
Clicked on ViewList
Clicked on SendTBMcode to verify booking is done or not
Clicked on Booking listButton
Send TBM code
Clicked on Booking listButton
Validating Actual price with action code O is 6670.00 and Expected Price with action code O is 6670.00
Validating Actual ReservationNo 796176235/01 and Expected ReservationNo is 796176235/01]]>
  </system-out>
</testsuite> <!-- BookingMaskTestCases.TC03 -->
