<?xml version="1.0" encoding="UTF-8"?>
<!-- Generated by org.testng.reporters.JUnitReportReporter -->
<testsuite hostname="DGIT-0099" failures="0" tests="1" name="TestNGTest.ValidateLoginRefreshPageTC_10" time="2.891" errors="0" timestamp="2022-10-13T15:19:49 IST" skipped="0">
  <testcase classname="TestNGTest.ValidateLoginRefreshPageTC_10" name="RefreshLoginPageTest" time="2.891"/>
  <system-out>
    <![CDATA[Validating actual & Expected Url]]>
  </system-out>
</testsuite> <!-- TestNGTest.ValidateLoginRefreshPageTC_10 -->
