<?xml version="1.0" encoding="UTF-8"?>
<!-- Generated by org.testng.reporters.JUnitReportReporter -->
<testsuite hostname="DGIT-0099" failures="0" tests="1" name="TestNGTest.TTTTT" time="0.044" errors="0" timestamp="2022-10-07T13:49:43 IST" skipped="0">
  <testcase classname="TestNGTest.TTTTT" name="ValidateTextOnPageTest" time="0.044"/>
  <system-out/>
</testsuite> <!-- TestNGTest.TTTTT -->
