<?xml version="1.0" encoding="UTF-8"?>
<!-- Generated by org.testng.reporters.JUnitReportReporter -->
<testsuite hostname="DGIT-0099" failures="0" tests="1" name="BookingMaskTC.TCC15" time="72.774" errors="0" timestamp="2022-11-29T14:45:53 IST" skipped="0">
  <testcase classname="BookingMaskTC.TCC15" name="validatePriceFieldWithBookingInquiry" time="72.774"/>
  <system-out>
    <![CDATA[Validating Actual price 23976.00 and Expected Price 23976.00]]>
  </system-out>
</testsuite> <!-- BookingMaskTC.TCC15 -->
