<?xml version="1.0" encoding="UTF-8"?>
<!-- Generated by org.testng.reporters.JUnitReportReporter -->
<testsuite hostname="DGIT-0099" failures="0" tests="1" name="SalesBookingListTestCases.VerifyBookingInquiryTC08" time="50.191" errors="0" timestamp="2023-07-06T10:24:16 IST" skipped="0">
  <testcase classname="SalesBookingListTestCases.VerifyBookingInquiryTC08" name="validateBookingAndSalesBookingList" time="50.191">
    <system-out>
      <![CDATA[Validating Actual price is 4000.00 and Expected Price is 4000.00
Validating Actual Message is No data available in table and Expected Message is No data available in table]]>
    </system-out>
  </testcase> <!-- validateBookingAndSalesBookingList -->
  <system-out>
    <![CDATA[Browser Launch 
Valid Username Entered
Valid Password Entered
Clicked on Dashboard button
Select the Falk Tours AG from given list
Clicked on proceed button
Clicked on sales dropdown in Dashboard
Clicked on sales Booking in Dashboard
Clicked on create Button in sales Booking page
Select Falk Tours AG in CompanyID dropdownList
Select TFT1 in TravelType dropdownList
Send Booking action
Send number of passenger
Send correct KOS in input field
Send correct ProductCode in input field
Send roomcode in input field
Send correct boardName
Send Occupancy
Send bookinglines 
Send Travel from date
Send Travel To date
Select Number of passenger
Clicked on sendbookingButton
Clicked on view list
Send Arrival date to verify the booking
Clicked on submitButton
Validating Actual price is 4000.00 and Expected Price is 4000.00
Validating Actual Message is No data available in table and Expected Message is No data available in table
Clicking on Logout Button in Booking Mask page
Logout from Booking Mask Page
Closing Browser]]>
  </system-out>
</testsuite> <!-- SalesBookingListTestCases.VerifyBookingInquiryTC08 -->
