<?xml version="1.0" encoding="UTF-8"?>
<!-- Generated by org.testng.reporters.JUnitReportReporter -->
<testsuite hostname="DGIT-0099" failures="0" tests="1" name="LoginPageTestCases.DashboardValidation_TC02" time="13.250" errors="0" timestamp="2023-06-30T17:28:59 IST" skipped="0">
  <testcase classname="LoginPageTestCases.DashboardValidation_TC02" name="ValidUserNameAndValidPasswordEnterToDashboardPageTest" time="13.250"/>
  <system-out>
    <![CDATA[Validating actual Text Dashboard and Expected Text Dashboard]]>
  </system-out>
</testsuite> <!-- LoginPageTestCases.DashboardValidation_TC02 -->
