<?xml version="1.0" encoding="UTF-8"?>
<!-- Generated by org.testng.reporters.JUnitReportReporter -->
<testsuite hostname="DGIT-0099" failures="0" tests="1" name="BookingMaskTestCases.verifyBookingWithSameRoomAndDifferentDates_TC31" time="62.513" errors="0" timestamp="2023-02-17T12:13:45 IST" skipped="0">
  <testcase classname="BookingMaskTestCases.verifyBookingWithSameRoomAndDifferentDates_TC31" name="validatePriceForDifferentDates" time="62.513"/>
  <system-out>
    <![CDATA[Validating Actual price For Season-G is 266640.00 and Expected Price for Season-G is266640.00
Validating Actual price for Season-B is 24864.00 and Expected Price for Season-B is 24864.00]]>
  </system-out>
</testsuite> <!-- BookingMaskTestCases.verifyBookingWithSameRoomAndDifferentDates_TC31 -->
