<?xml version="1.0" encoding="UTF-8"?>
<!-- Generated by org.testng.reporters.JUnitReportReporter -->
<testsuite hostname="DGIT-0099" failures="0" tests="1" name="BookingMaskTC.TCC14" time="67.702" errors="0" timestamp="2022-11-29T14:47:20 IST" skipped="0">
  <testcase classname="BookingMaskTC.TCC14" name="validatePriceFieldWithBookingInquiry" time="67.702"/>
  <system-out>
    <![CDATA[Validating Actual price 13320.00 and Expected Price 13320.00]]>
  </system-out>
</testsuite> <!-- BookingMaskTC.TCC14 -->
