<?xml version="1.0" encoding="UTF-8"?>
<!-- Generated by org.testng.reporters.JUnitReportReporter -->
<testsuite hostname="DGIT-0099" failures="0" tests="1" name="TestNGTest.ValidatePasswordRecoveryPageTC_20" time="0.057" errors="0" timestamp="2022-10-12T11:50:36 IST" skipped="0">
  <testcase classname="TestNGTest.ValidatePasswordRecoveryPageTC_20" name="VerifyRecoverPwdIsLink" time="0.057"/>
  <system-out/>
</testsuite> <!-- TestNGTest.ValidatePasswordRecoveryPageTC_20 -->
