<?xml version="1.0" encoding="UTF-8"?>
<!-- Generated by org.testng.reporters.JUnitReportReporter -->
<testsuite hostname="DGIT-0099" failures="0" tests="1" name="LoginPageTestCases.RecoveryPasswordClickValidation_TC08" time="0.636" errors="0" timestamp="2023-02-17T12:07:39 IST" skipped="0">
  <testcase classname="LoginPageTestCases.RecoveryPasswordClickValidation_TC08" name="ClickOnRecoveryPasswordLinkTest" time="0.636"/>
  <system-out>
    <![CDATA[Validating actual Copyright © Zeus 2022 and Expected Text Copyright © Zeus 2022]]>
  </system-out>
</testsuite> <!-- LoginPageTestCases.RecoveryPasswordClickValidation_TC08 -->
