<?xml version="1.0" encoding="UTF-8"?>
<!-- Generated by org.testng.reporters.JUnitReportReporter -->
<testsuite hostname="DGIT-0099" failures="0" tests="1" name="BookingMaskTestCases.VerifyModifyBookingToInvalidRoomCodeTC26" time="120.372" errors="0" timestamp="2023-05-26T12:56:27 IST" skipped="0">
  <testcase classname="BookingMaskTestCases.VerifyModifyBookingToInvalidRoomCodeTC26" name="validateBookingBySendingInvalidRoomcode" time="120.372"/>
  <system-out>
    <![CDATA[Validating Actual message Bitte prüfen Sie den angegebenen Zimmerscode..                                                                                                                                                                                                                                                                                   and Expected message Bitte prüfen Sie den angegebenen Zimmerscode..                                                                                                                                                                                                                                                                                  ]]>
  </system-out>
</testsuite> <!-- BookingMaskTestCases.VerifyModifyBookingToInvalidRoomCodeTC26 -->
