<?xml version="1.0" encoding="UTF-8"?>
<!-- Generated by org.testng.reporters.JUnitReportReporter -->
<testsuite hostname="DGIT-0099" failures="0" tests="1" name="LoginPageTC.recoveryPasswordPageValidation_TC24" time="1.142" errors="0" timestamp="2022-11-05T16:43:01 IST" skipped="0">
  <testcase classname="LoginPageTC.recoveryPasswordPageValidation_TC24" name="ValidateCopyrightTextOnRecoveryPasswordTest" time="1.142"/>
  <system-out>
    <![CDATA[Validating actual Copyright Â© Zeus 2022 and Expected Message Please enter your User Name below to get reset password link on registered mail address.]]>
  </system-out>
</testsuite> <!-- LoginPageTC.recoveryPasswordPageValidation_TC24 -->
