<?xml version="1.0" encoding="UTF-8"?>
<!-- Generated by org.testng.reporters.JUnitReportReporter -->
<testsuite hostname="DGIT-0099" failures="0" tests="1" name="TestNGTest.userNamePwdAndRefreshPage$ValidatePasswordRecoveryGoBackToLogin" time="1.549" errors="0" timestamp="2022-10-06T17:28:09 IST" skipped="0">
  <testcase classname="TestNGTest.userNamePwdAndRefreshPage$ValidatePasswordRecoveryGoBackToLogin" name="ValidatePasswordRecoveryGoBackToLoginTest" time="1.549"/>
  <system-out/>
</testsuite> <!-- TestNGTest.userNamePwdAndRefreshPage$ValidatePasswordRecoveryGoBackToLogin -->
