<?xml version="1.0" encoding="UTF-8"?>
<!-- Generated by org.testng.reporters.JUnitReportReporter -->
<testsuite hostname="DGIT-0099" failures="0" tests="1" name="BookingMaskTestCases.VerifyTravelDateInBetweenSeasonA_TC79" time="48.178" errors="0" timestamp="2023-05-25T12:46:45 IST" skipped="0">
  <testcase classname="BookingMaskTestCases.VerifyTravelDateInBetweenSeasonA_TC79" name="validatePriceInBetweenSeasonA" time="48.178"/>
  <system-out>
    <![CDATA[Validating Actual price is 2220.00 and Expected Price is 2220.00]]>
  </system-out>
</testsuite> <!-- BookingMaskTestCases.VerifyTravelDateInBetweenSeasonA_TC79 -->
