<?xml version="1.0" encoding="UTF-8"?>
<!-- Generated by org.testng.reporters.JUnitReportReporter -->
<testsuite hostname="DGIT-0099" failures="0" tests="1" name="Booking_AllotmentTestCases.verifyIncreaseDecreaseAllotwithAnyValue_TC06" time="59.570" errors="0" timestamp="2023-05-17T12:22:16 IST" skipped="0">
  <testcase classname="Booking_AllotmentTestCases.verifyIncreaseDecreaseAllotwithAnyValue_TC06" name="validateIncreaseDecreaseAllotmentWithAnyValue" time="59.570"/>
  <system-out>
    <![CDATA[Send start date of season_B on allotment page
Send end date of season_B on allotment page
Clicked on load allotment
Clicked on Change allotment button
Clicked on confirm button
Clicked on Ok popup
Clicked on close button
Validating Actual initial allotment is 3 and Expected allotment for season_C is 3
Validating Actual current allotment is 11 and Expected allotment for season_C is 11
Validating Actual remaining allotment is 11 and Expected allotment for season_C is 11]]>
  </system-out>
</testsuite> <!-- Booking_AllotmentTestCases.verifyIncreaseDecreaseAllotwithAnyValue_TC06 -->
