<?xml version="1.0" encoding="UTF-8"?>
<!-- Generated by org.testng.reporters.JUnitReportReporter -->
<testsuite hostname="DGIT-0099" failures="0" tests="1" name="BookingMaskTC.TCC24" time="106.742" errors="0" timestamp="2023-01-20T12:21:01 IST" skipped="0">
  <testcase classname="BookingMaskTC.TCC24" name="validateErrorMessageForOutOfContractDates" time="106.742"/>
  <system-out>
    <![CDATA[Validating Actual message Kontingent nicht mehr verfügbar.                                                                                                                                                                                                                                                                                                 and Expected message Kontingent nicht mehr verfügbar.                                                                                                                                                                                                                                                                                                ]]>
  </system-out>
</testsuite> <!-- BookingMaskTC.TCC24 -->
