<?xml version="1.0" encoding="UTF-8"?>
<!-- Generated by org.testng.reporters.JUnitReportReporter -->
<testsuite hostname="DGIT-0099" failures="0" tests="1" name="TestNGTest.ValidateCopyrightMsgTC_24" time="0.574" errors="0" timestamp="2022-10-11T15:53:10 IST" skipped="0">
  <testcase classname="TestNGTest.ValidateCopyrightMsgTC_24" name="ValidateTextOnPageTest" time="0.574"/>
  <system-out>
    <![CDATA[Validating actual & Expected Msg]]>
  </system-out>
</testsuite> <!-- TestNGTest.ValidateCopyrightMsgTC_24 -->
