<?xml version="1.0" encoding="UTF-8"?>
<!-- Generated by org.testng.reporters.JUnitReportReporter -->
<testsuite hostname="DGIT-0099" failures="0" tests="3" name="BookingMaskTC.TCC" time="126.011" errors="0" timestamp="2023-01-22T17:16:01 IST" skipped="2">
  <testcase classname="BookingMaskTC.TCC" name="validateBookingAndPriceForRoomOccupancyWithMinLimit" time="126.011"/>
  <system-out>
    <![CDATA[Select TFT1 in TravelType dropdownList
Selected HK001 - (TESTING) from dropdown list
Selected room 804 from dropdown
Select Falk Tours AG in CompanyID dropdownList
Send number of passenger
Send correct KOS in input field
Send correct ProductCode in input field
Send roomcode in input field
Send correct boardName
Send Occupancy
Send bookinglines 
Send Travel from date
Send Travel To date
Select Number of passenger
Clicked on sendbookingButton
Clicked on ViewList
Clicked on sendTBMcode to verify booking is done or not
Send TBM code
Clicked on Booking listButton
Validating Expected ReservationNo 578614433/01 and Actual ReservationNo is 578614433/01
Validating Actual price 10005.00 and Expected Price 10005.00]]>
  </system-out>
  <testcase classname="BookingMaskTC.TCC" name="validateBookingAndPriceForRoomOccupancyWithMaxLimit">
    <skipped/>
  </testcase> <!-- validateBookingAndPriceForRoomOccupancyWithMaxLimit -->
  <system-out/>
  <testcase classname="BookingMaskTC.TCC" name="validateBookingAndPriceForRoomOccupancyWithMaxLimits">
    <skipped/>
  </testcase> <!-- validateBookingAndPriceForRoomOccupancyWithMaxLimits -->
  <system-out/>
</testsuite> <!-- BookingMaskTC.TCC -->
