<?xml version="1.0" encoding="UTF-8"?>
<!-- Generated by org.testng.reporters.JUnitReportReporter -->
<testsuite hostname="DGIT-0099" failures="0" tests="1" name="Booking_AllotmentTestCases.verifyLoadAllotmentForSeasonA_TC01" time="185.061" errors="0" timestamp="2023-05-19T10:20:43 IST" skipped="0">
  <testcase classname="Booking_AllotmentTestCases.verifyLoadAllotmentForSeasonA_TC01" name="validateAllotmentForSeasonADates" time="185.061"/>
  <system-out>
    <![CDATA[Validating Actual allotment number on Price page for season_A in contracts is 10 and Expected initial allotment number for season_A on Allotment page is 10
Validating Actual allotment number on Price page for season_A in contracts is 10 and Expected current allotment number for season_A on Allotment page is 10
Validating Actual allotment number on Price page for season_A in contracts is 10 and Expected Remaining allotment number for season_A on Allotment page is 10]]>
  </system-out>
</testsuite> <!-- Booking_AllotmentTestCases.verifyLoadAllotmentForSeasonA_TC01 -->
