<?xml version="1.0" encoding="UTF-8"?>
<!-- Generated by org.testng.reporters.JUnitReportReporter -->
<testsuite hostname="DGIT-0099" failures="0" tests="1" name="BookingMaskTestCases.VerifyModifyBookingByChangingRoomCodeTC25" time="128.417" errors="0" timestamp="2023-05-25T12:46:45 IST" skipped="0">
  <testcase classname="BookingMaskTestCases.VerifyModifyBookingByChangingRoomCodeTC25" name="validatePriceByChangingRoomcode" time="128.417"/>
  <system-out>
    <![CDATA[Validating Actual price 93360.00 and Expected Price 93360.00]]>
  </system-out>
</testsuite> <!-- BookingMaskTestCases.VerifyModifyBookingByChangingRoomCodeTC25 -->
