<?xml version="1.0" encoding="UTF-8"?>
<!-- Generated by org.testng.reporters.JUnitReportReporter -->
<testsuite hostname="DGIT-0099" failures="0" tests="1" name="TestNGTest.RecoveryPasswordPageTextValidation_TC23" time="2.124" errors="0" timestamp="2022-10-16T14:36:42 IST" skipped="0">
  <testcase classname="TestNGTest.RecoveryPasswordPageTextValidation_TC23" name="ValidateWelcomeTextOnRecoveryPageTest" time="2.124"/>
  <system-out>
    <![CDATA[Validating actual & Expected Title
Validating actual & Expected Title]]>
  </system-out>
</testsuite> <!-- TestNGTest.RecoveryPasswordPageTextValidation_TC23 -->
