<?xml version="1.0" encoding="UTF-8"?>
<!-- Generated by org.testng.reporters.JUnitReportReporter -->
<testsuite hostname="DGIT-0099" failures="0" tests="1" name="LoginPageTestCases.RecoverPasswordRefreshValidation_TC14" time="1.110" errors="0" timestamp="2023-02-17T12:07:39 IST" skipped="0">
  <testcase classname="LoginPageTestCases.RecoverPasswordRefreshValidation_TC14" name="ValidUserNameEnterAndRefreshPageTest" time="1.110"/>
  <system-out>
    <![CDATA[Validating actual https://zeuscloud.azurewebsites.net/Users/SendRecoverPassLink and Expected Text https://zeuscloud.azurewebsites.net/Users/SendRecoverPassLink]]>
  </system-out>
</testsuite> <!-- LoginPageTestCases.RecoverPasswordRefreshValidation_TC14 -->
