<?xml version="1.0" encoding="UTF-8"?>
<!-- Generated by org.testng.reporters.JUnitReportReporter -->
<testsuite hostname="DGIT-0099" failures="0" tests="1" name="BookingMaskTestCases.VerifyTravelDateInBetweenSeasonC_TC82" time="60.125" errors="0" timestamp="2023-07-13T16:12:40 IST" skipped="0">
  <testcase classname="BookingMaskTestCases.VerifyTravelDateInBetweenSeasonC_TC82" name="validatePriceInBetweenSeasonC" time="60.125">
    <system-out>
      <![CDATA[Validating Actual price is 6670.00 and Expected Price is 6670.00]]>
    </system-out>
  </testcase> <!-- validatePriceInBetweenSeasonC -->
  <system-out>
    <![CDATA[Browser Launch 
Valid Username Entered
Valid Password Entered
Clicked on Dashboard button
Select the Falk Tours AG from given list
Clicked on proceed button
Clicked on sales dropdown in Dashboard
Clicked on sales Booking in Dashboard
Clicked on create Button in sales Booking page
Select Falk Tours AG in CompanyID dropdownList
Select TFT1 in TravelType dropdownList
Selected HK001 - (TESTING) from dropdown list
Send number of passenger
Send correct KOS in input field
Send correct ProductCode in input field
Send roomcode in input field
Send correct boardName
Send Occupancy
Send bookinglines 
Send Travel from date for season-C
Send Travel To date for season-C
Send Number of passenger
Clicked on sendbookingButton
Validating Actual price is 6670.00 and Expected Price is 6670.00
Clicking on Logout Button in Booking Mask page
Logout from Booking Mask Page
Closing Browser]]>
  </system-out>
</testsuite> <!-- BookingMaskTestCases.VerifyTravelDateInBetweenSeasonC_TC82 -->
