<?xml version="1.0" encoding="UTF-8"?>
<!-- Generated by org.testng.reporters.JUnitReportReporter -->
<testsuite hostname="DGIT-0099" failures="0" tests="1" name="TestNGTest.recoveryPasswordPageValidation_TC24" time="2.108" errors="0" timestamp="2022-10-16T14:09:43 IST" skipped="0">
  <testcase classname="TestNGTest.recoveryPasswordPageValidation_TC24" name="ValidateCopyrightTextOnRecoveryPasswordTest" time="2.108"/>
  <system-out>
    <![CDATA[Validating actual Copyright © Zeus 2022 & Expected Msg Copyright © Zeus 2022]]>
  </system-out>
</testsuite> <!-- TestNGTest.recoveryPasswordPageValidation_TC24 -->
