<?xml version="1.0" encoding="UTF-8"?>
<!-- Generated by org.testng.reporters.JUnitReportReporter -->
<testsuite hostname="DGIT-0099" failures="0" tests="5" name="BookingMaskTC.TCC126To130" time="49.467" errors="0" timestamp="2023-01-13T16:36:44 IST" skipped="4">
  <testcase classname="BookingMaskTC.TCC126To130" name="validateBookingForMinStayDuration" time="49.467"/>
  <system-out>
    <![CDATA[Select TFT1 in TravelType dropdownList
Selected HK001 - (TESTING) from dropdown list
Selected room 805 from dropdown
Select Falk Tours AG in CompanyID dropdownList
Send number of passenger
Send correct KOS in input field
Send correct ProductCode to input field
Send roomcode in input field
Send correct boardName
Send Occupancy
Send bookinglines 
Send Travel from date
Send Travel To date
Select Number of passenger
Clicked on sendbookingButton
Clicked on sendbookingButton
Validating Actual price 4002.00 and Expected Price 4002.00]]>
  </system-out>
  <testcase classname="BookingMaskTC.TCC126To130" name="validteBookingForBelowMinStayDuration">
    <skipped/>
  </testcase> <!-- validteBookingForBelowMinStayDuration -->
  <system-out/>
  <testcase classname="BookingMaskTC.TCC126To130" name="validateBookingForAboveMaxStayDuration">
    <skipped/>
  </testcase> <!-- validateBookingForAboveMaxStayDuration -->
  <system-out/>
  <testcase classname="BookingMaskTC.TCC126To130" name="validateBookingBetweenMinAndMaxStayDuration">
    <skipped/>
  </testcase> <!-- validateBookingBetweenMinAndMaxStayDuration -->
  <system-out/>
  <testcase classname="BookingMaskTC.TCC126To130" name="validateBookingForMaxStayDuration">
    <skipped/>
  </testcase> <!-- validateBookingForMaxStayDuration -->
  <system-out/>
</testsuite> <!-- BookingMaskTC.TCC126To130 -->
