<?xml version="1.0" encoding="UTF-8"?>
<!-- Generated by org.testng.reporters.JUnitReportReporter -->
<testsuite hostname="DGIT-0099" failures="0" tests="1" name="BookingMaskTC.verifyTravelDateOutofContract_TC88" time="42.807" errors="0" timestamp="2023-01-31T18:08:05 IST" skipped="0">
  <testcase classname="BookingMaskTC.verifyTravelDateOutofContract_TC88" name="validateMsgForOutOfContractDates" time="42.807"/>
  <system-out>
    <![CDATA[Validating Actual message Kontingent nicht mehr verfügbar.                                                                                                                                                                                                                                                                                                 and Expected message Kontingent nicht mehr verfügbar.                                                                                                                                                                                                                                                                                                                                                                                                                                                                                                                                                                                                         ]]>
  </system-out>
</testsuite> <!-- BookingMaskTC.verifyTravelDateOutofContract_TC88 -->
