<?xml version="1.0" encoding="UTF-8"?>
<!-- Generated by org.testng.reporters.JUnitReportReporter -->
<testsuite hostname="DGIT-0099" failures="0" tests="2" name="Booking_AllotmentTestCases.TC49" time="142.026" errors="0" timestamp="2023-05-09T17:54:41 IST" skipped="1">
  <testcase classname="Booking_AllotmentTestCases.TC49" name="validateMultisalesLineBookingWhenAllotIsAvailablsssssse" time="142.026"/>
  <system-out>
    <![CDATA[Valid Username Entered
Valid Password Entered
Clicked on Dashboard button
Select the Falk Tours AG from given list
Clicked on proceed button
Clicked on sales dropdown in Dashboard
Clicked on sales Booking in Dashboard
Clicked on create Button in sales Booking page
Select TFT1 in TravelType dropdownList
Selected HK004 - (TEST) from dropdown list
Select Falk Tours AG in CompanyID dropdownList
Send Booking action
Send number of passengers
Send correct KOS in input field
Send correct ProductCode in input field
Send roomcode in input field
Send correct boardName
Send Occupancy
Send bookinglines 
Send Travel from date
Send Travel To date
Select Number of passenger
Send correct KOS in input field
Send correct ProductCode in input field
Send roomcode in input field
Send correct boardName
Send Occupancy
Send bookinglines
Send Travel from date 
Send Travel To date
Select Number of passenger
Click on sendBookingButton
Clicked on dashboardLink
Clicked on purchase option
Clicked on accommodation option in list
Clicked on Allotment 
Clicked on Change allotment button
Clicked on confirm button
Clicked on Ok popup
Clicked on close button
Select TFT1 in TravelType dropdownList
Selected HK004 - (TEST) from dropdown list
Select Falk Tours AG in CompanyID dropdownList
Send Booking action
Send number of passengers
Send correct KOS in input field
Send correct ProductCode in input field
Send roomcode in input field
Send correct boardName
Send Occupancy
Send bookinglines 
Send Travel from date
Send Travel To date
Select Number of passenger
Send correct KOS in input field
Send correct ProductCode in input field
Send roomcode in input field
Send correct boardName
Send Occupancy
Send bookinglines
Send Travel from date 
Send Travel To date
Select Number of passenger
Click on sendBookingButton
Validating Actual price for room1 is  7112.00 and Expected Price for room1 is 7112.00
Validating Actual price for room2 is  2224.00 and Expected Price for room2 is 2224.00]]>
  </system-out>
  <testcase classname="Booking_AllotmentTestCases.TC49" name="validateMultisalesLineBookingWhenAllotIsAvailable">
    <skipped/>
  </testcase> <!-- validateMultisalesLineBookingWhenAllotIsAvailable -->
  <system-out/>
</testsuite> <!-- Booking_AllotmentTestCases.TC49 -->
