<?xml version="1.0" encoding="UTF-8"?>
<!-- Generated by org.testng.reporters.JUnitReportReporter -->
<testsuite hostname="DGIT-0099" failures="0" tests="1" name="LoginPageTC.RecoveryPasswordClickValidation_TC08" time="7.586" errors="0" timestamp="2022-11-05T16:43:01 IST" skipped="0">
  <testcase classname="LoginPageTC.RecoveryPasswordClickValidation_TC08" name="ClickOnRecoveryPasswordLinkTest" time="7.586"/>
  <system-out>
    <![CDATA[Validating actual Copyright © Zeus 2022 and Expected Text Copyright © Zeus 2022]]>
  </system-out>
</testsuite> <!-- LoginPageTC.RecoveryPasswordClickValidation_TC08 -->
