<?xml version="1.0" encoding="UTF-8"?>
<!-- Generated by org.testng.reporters.JUnitReportReporter -->
<testsuite hostname="DGIT-0099" failures="0" tests="1" name="BookingMaskTestCases.VerifyOriginalBookingAfterModifyInquiryTC17" time="126.250" errors="0" timestamp="2023-05-25T12:46:45 IST" skipped="0">
  <testcase classname="BookingMaskTestCases.VerifyOriginalBookingAfterModifyInquiryTC17" name="validateOriginalBookingWithUA" time="126.250"/>
  <system-out>
    <![CDATA[Validating Actual price for Season-G is 266640.00 and Expected Price for Season-G is 266640.00
Validating Actual No. of Pax is 2 and Expected No.of Pax is 2]]>
  </system-out>
</testsuite> <!-- BookingMaskTestCases.VerifyOriginalBookingAfterModifyInquiryTC17 -->
