<?xml version="1.0" encoding="UTF-8"?>
<!-- Generated by org.testng.reporters.JUnitReportReporter -->
<testsuite hostname="DGIT-0099" failures="0" tests="1" name="SalesBookingListTestCases.TC" time="38.241" errors="0" timestamp="2023-03-20T14:47:27 IST" skipped="0">
  <testcase classname="SalesBookingListTestCases.TC" name="ValidateBookingStatus" time="38.241"/>
  <system-out>
    <![CDATA[Validating Actual Text is Booking New
Dashboard
SalesBooking
SalesBookingCreate and Expected text is Booking New
Dashboard
SalesBooking
SalesBookingCreate]]>
  </system-out>
</testsuite> <!-- SalesBookingListTestCases.TC -->
