<?xml version="1.0" encoding="UTF-8"?>
<!-- Generated by org.testng.reporters.JUnitReportReporter -->
<testsuite hostname="DGIT-0099" failures="0" tests="1" name="TestNGTest.TestApp" time="2.176" errors="0" timestamp="2022-10-06T11:51:46 IST" skipped="0">
  <testcase classname="TestNGTest.TestApp" name="SelectCompanyToProceedText" time="2.176"/>
  <system-out/>
</testsuite> <!-- TestNGTest.TestApp -->
