<?xml version="1.0" encoding="UTF-8"?>
<!-- Generated by org.testng.reporters.JUnitReportReporter -->
<testsuite hostname="DGIT-0099" failures="0" tests="1" name="BookingMaskTC.verifyCreateBookingForOnePerson_TC32" time="198.150" errors="0" timestamp="2022-12-28T17:47:24 IST" skipped="0">
  <testcase classname="BookingMaskTC.verifyCreateBookingForOnePerson_TC32" name="validatePriceWithOnePersonField" time="198.150"/>
  <system-out>
    <![CDATA[Validating Actual price 20010.00 and Expected Price 20010.00]]>
  </system-out>
</testsuite> <!-- BookingMaskTC.verifyCreateBookingForOnePerson_TC32 -->
