<?xml version="1.0" encoding="UTF-8"?>
<!-- Generated by org.testng.reporters.JUnitReportReporter -->
<testsuite hostname="DGIT-0099" failures="0" tests="1" name="BookingMaskTC.verifybookingInquiry_TC01" time="86.317" errors="0" timestamp="2022-11-22T17:10:50 IST" skipped="0">
  <testcase classname="BookingMaskTC.verifybookingInquiry_TC01" name="validatePriceFieldWithBookingInquiry" time="86.317"/>
  <system-out>
    <![CDATA[Validating Actual price 42840.00 and Expected Price 42840.00]]>
  </system-out>
</testsuite> <!-- BookingMaskTC.verifybookingInquiry_TC01 -->
