<?xml version="1.0" encoding="UTF-8"?>
<!-- Generated by org.testng.reporters.JUnitReportReporter -->
<testsuite hostname="DGIT-0099" failures="0" tests="1" name="BookingMaskTC.TCC02" time="143.285" errors="0" timestamp="2022-12-05T15:52:15 IST" skipped="0">
  <testcase classname="BookingMaskTC.TCC02" name="validateReservationNoField" time="143.285"/>
  <system-out>
    <![CDATA[Validating Actual ReservationNo 982575263/01 and Expected ReservationNo is 982575263/01]]>
  </system-out>
</testsuite> <!-- BookingMaskTC.TCC02 -->
