<?xml version="1.0" encoding="UTF-8"?>
<!-- Generated by org.testng.reporters.JUnitReportReporter -->
<testsuite hostname="DGIT-0099" failures="0" tests="1" name="LoginPageTestCases.ValidateRecoverPwdLinkTC_20" time="2.537" errors="0" timestamp="2023-07-04T16:03:25 IST" skipped="0">
  <testcase classname="LoginPageTestCases.ValidateRecoverPwdLinkTC_20" name="VerifyRecoverPwdIsLinkTest" time="2.537"/>
  <system-out>
    <![CDATA[Validating actual Recover Password and Expected Text Recover Password]]>
  </system-out>
</testsuite> <!-- LoginPageTestCases.ValidateRecoverPwdLinkTC_20 -->
