<?xml version="1.0" encoding="UTF-8"?>
<!-- Generated by org.testng.reporters.JUnitReportReporter -->
<testsuite hostname="DGIT-0099" failures="0" tests="1" name="BookingMaskTC.TCC39" time="234.396" errors="0" timestamp="2022-12-23T10:26:25 IST" skipped="0">
  <testcase classname="BookingMaskTC.TCC39" name="validateReservationNoOnSalesList" time="234.396"/>
  <system-out>
    <![CDATA[Validating Actual price 239976.00 and Expected Price 239976.00
Validating Actual ReservationNo 668288486/02 and Expected ReservationNo is 668288486/02]]>
  </system-out>
</testsuite> <!-- BookingMaskTC.TCC39 -->
