<?xml version="1.0" encoding="UTF-8"?>
<!-- Generated by org.testng.reporters.JUnitReportReporter -->
<testsuite hostname="DGIT-0099" failures="0" tests="1" name="LoginPageTestCases.RecoverPasswordAndBackToLoginVaidation_TC09" time="1.179" errors="0" timestamp="2023-02-20T18:05:05 IST" skipped="0">
  <testcase classname="LoginPageTestCases.RecoverPasswordAndBackToLoginVaidation_TC09" name="RecoverPasswordAndGoBackToLoginTest" time="1.179"/>
  <system-out>
    <![CDATA[Validating actual Copyright © Zeus 2023 and Expected Text Copyright © Zeus 2023]]>
  </system-out>
</testsuite> <!-- LoginPageTestCases.RecoverPasswordAndBackToLoginVaidation_TC09 -->
