<?xml version="1.0" encoding="UTF-8"?>
<!-- Generated by org.testng.reporters.JUnitReportReporter -->
<testsuite hostname="DGIT-0099" failures="0" tests="1" name="BookingMaskTestCases.verifyBookingModificationWithEditOccupancyTC18" time="181.661" errors="0" timestamp="2023-03-01T12:57:33 IST" skipped="0">
  <testcase classname="BookingMaskTestCases.verifyBookingModificationWithEditOccupancyTC18" name="validateBookingByEditingOccupancyWithU" time="181.661"/>
  <system-out>
    <![CDATA[Validating Actual ReservationNo 552529887/02 and Expected ReservationNo is 552529887/02
Validating Actual price 533280.00 and Expected Price 533280.00]]>
  </system-out>
</testsuite> <!-- BookingMaskTestCases.verifyBookingModificationWithEditOccupancyTC18 -->
