<?xml version="1.0" encoding="UTF-8"?>
<!-- Generated by org.testng.reporters.JUnitReportReporter -->
<testsuite hostname="DGIT-0099" failures="0" tests="1" name="Booking_AllotmentTestCases.verifyReleaseDaysTC19" time="66.518" errors="0" timestamp="2023-05-22T12:17:55 IST" skipped="0">
  <testcase classname="Booking_AllotmentTestCases.verifyReleaseDaysTC19" name="validateReleaseDays" time="66.518"/>
  <system-out>
    <![CDATA[Send start date of season_F on allotment page
Send end date of season_F on allotment page
Clicked on load allotment
Clicked on Change allotment button
Enter start date for room1
Enter until date for room1
Send start date of season_E on allotment page
Send end date of season_E on allotment page
Validating Actual initial allotment is 6 and Expected allotment for season_F is 6
Validating Actual current allotment is 6 and Expected allotment for season_F is 6
Validating Actual current allotment is 0 and Expected allotment for season_F is 0
Validating Actual remaining allotment is 6 and Expected allotment for season_F is 6
Validating Actual Release days allotment is 12 and Expected allotment for season_F is 12]]>
  </system-out>
</testsuite> <!-- Booking_AllotmentTestCases.verifyReleaseDaysTC19 -->
