<?xml version="1.0" encoding="UTF-8"?>
<!-- Generated by org.testng.reporters.JUnitReportReporter -->
<testsuite hostname="DGIT-0099" failures="0" tests="1" name="BookingMaskTC.verifyTravelDateStartOfSeasonA_TC78" time="49.365" errors="0" timestamp="2022-12-28T11:54:34 IST" skipped="0">
  <testcase classname="BookingMaskTC.verifyTravelDateStartOfSeasonA_TC78" name="validateSeasonAPrice" time="49.365"/>
  <system-out>
    <![CDATA[Validating Actual price 444.00 and Expected Price 444.00]]>
  </system-out>
</testsuite> <!-- BookingMaskTC.verifyTravelDateStartOfSeasonA_TC78 -->
