<?xml version="1.0" encoding="UTF-8"?>
<!-- Generated by org.testng.reporters.JUnitReportReporter -->
<testsuite hostname="DGIT-0099" failures="0" tests="2" name="Booking_AllotmentTestCases.TC" time="101.515" errors="0" timestamp="2023-05-04T16:11:50 IST" skipped="0">
  <testcase classname="Booking_AllotmentTestCases.TC" name="validateMultisalesLineBookingWhenNoAllotment" time="53.092"/>
  <system-out>
    <![CDATA[Clicked on sales dropdown in Dashboard
Clicked on sales Booking in Dashboard
Clicked on create Button in sales Booking page
Select TFT1 in TravelType dropdownList
Selected HK004 - (TEST) from dropdown list
Select Falk Tours AG in CompanyID dropdownList
Send Booking action
Send number of passengers
Send correct KOS in input field
Send correct ProductCode in input field
Send roomcode in input field
Send correct boardName
Send Occupancy
Send bookinglines 
Send Travel from date
Send Travel To date
Select Number of passenger
Send correct KOS in input field
Send correct ProductCode in input field
Send roomcode in input field
Send correct boardName
Send Occupancy
Send bookinglines 
Send Travel from date
Send Travel To date 
Select Number of passenger
Click on sendBookingButton
Validating Actual Message for season-E is Kontingent nicht mehr verf端gbar.                                                                                                                                                                                                                                                                                                 and Expected Message for season-E is Kontingent nicht mehr verf端gbar.                                                                                                                                                                                                                                                                                                ]]>
  </system-out>
  <testcase classname="Booking_AllotmentTestCases.TC" name="validateMultisalesLineBookingWhenOneRoomHasAllotment" time="48.423"/>
  <system-out>
    <![CDATA[Clicked on sales dropdown in Dashboard
Clicked on sales Booking in Dashboard
Clicked on create Button in sales Booking page
Select TFT1 in TravelType dropdownList
Selected HK004 - (TEST) from dropdown list
Select Falk Tours AG in CompanyID dropdownList
Send Booking action
Send number of passengers
Send correct KOS in input field
Send correct ProductCode in input field
Send roomcode in input field
Send correct boardName
Send Occupancy
Send bookinglines 
Send Travel from date
Send Travel To date
Select Number of passenger
Send correct KOS in input field
Send correct ProductCode in input field
Send roomcode in input field
Send correct boardName
Send Occupancy
Send bookinglines 
Send Travel from date
Send Travel To date 
Select Number of passenger
Click on sendBookingButton
Validating Actual Message for season-E is Kontingent nicht mehr verf端gbar.                                                                                                                                                                                                                                                                                                 and Expected Message for season-E is Kontingent nicht mehr verf端gbar.                                                                                                                                                                                                                                                                                                ]]>
  </system-out>
</testsuite> <!-- Booking_AllotmentTestCases.TC -->
