<?xml version="1.0" encoding="UTF-8"?>
<!-- Generated by org.testng.reporters.JUnitReportReporter -->
<testsuite hostname="DGIT-0099" failures="0" tests="4" name="BookingMaskTC.verifyTravelDateConditionSetAllWeekDay_TC89ToTC92" time="179.816" errors="0" timestamp="2023-02-02T17:06:30 IST" skipped="0">
  <testcase classname="BookingMaskTC.verifyTravelDateConditionSetAllWeekDay_TC89ToTC92" name="validatePriceForTwoWeekdayAndOneWeekend" time="44.361"/>
  <system-out>
    <![CDATA[Select TFT1 in TravelType dropdownList
Selected HK001 - (TESTING) from dropdown list
Selected room 804 from dropdown
Select Falk Tours AG in CompanyID dropdownList
Send number of passenger
Send correct KOS in input field
Send correct ProductCode in input field
Send roomcode in input field
Send correct boardName
Send Occupancy
Send bookinglines 
Send Travel from date
Send Travel To date
Select Number of passenger
Clicked on sendbookingButton
Validating Actual price 3690.00 and Expected Price 3690.00]]>
  </system-out>
  <testcase classname="BookingMaskTC.verifyTravelDateConditionSetAllWeekDay_TC89ToTC92" name="validatePriceForBothWeekdaysAndWeekend" time="48.477"/>
  <system-out>
    <![CDATA[Select TFT1 in TravelType dropdownList
Selected HK001 - (TESTING) from dropdown list
Selected room 804 from dropdown
Select Falk Tours AG in CompanyID dropdownList
Send number of passenger
Send correct KOS in input field
Send correct ProductCode in input field
Send roomcode in input field
Send correct boardName
Send Occupancy
Send bookinglines 
Send Travel from date
Send Travel To date
Select Number of passenger
Clicked on sendbookingButton
Validating Actual price 2534.00 and Expected Price 2534.00]]>
  </system-out>
  <testcase classname="BookingMaskTC.verifyTravelDateConditionSetAllWeekDay_TC89ToTC92" name="validatePriceForWeekDay" time="43.009"/>
  <system-out>
    <![CDATA[Selected HK001 - (TESTING) from dropdown list
Selected room 804 from dropdown
Select Falk Tours AG in CompanyID dropdownList
Send number of passenger
Send correct KOS in input field
Send correct ProductCode in input field
Send roomcode in input field
Send correct boardName
Send Occupancy
Send bookinglines 
Send Travel from date
Send Travel To date
Select Number of passenger
Clicked on sendbookingButton
Validating Actual price 4624.00 and Expected Price 4624.00]]>
  </system-out>
  <testcase classname="BookingMaskTC.verifyTravelDateConditionSetAllWeekDay_TC89ToTC92" name="validatePriceForWeekend" time="43.969"/>
  <system-out>
    <![CDATA[Select TFT1 in TravelType dropdownList
Selected HK001 - (TESTING) from dropdown list
Selected room 804 from dropdown
Select Falk Tours AG in CompanyID dropdownList
Send number of passenger
Send correct KOS in input field
Send correct ProductCode in input field
Send roomcode in input field
Send correct boardName
Send Occupancy
Send bookinglines 
Send Travel from date
Send Travel To date
Select Number of passenger
Clicked on sendbookingButton
Validating Actual price 1378.00 and Expected Price 1378.00]]>
  </system-out>
</testsuite> <!-- BookingMaskTC.verifyTravelDateConditionSetAllWeekDay_TC89ToTC92 -->
