<?xml version="1.0" encoding="UTF-8"?>
<!-- Generated by org.testng.reporters.JUnitReportReporter -->
<testsuite hostname="DGIT-0099" failures="0" tests="1" name="TestNGTest.RecoveryPassword_TC08" time="1.877" errors="0" timestamp="2022-10-13T14:51:38 IST" skipped="0">
  <testcase classname="TestNGTest.RecoveryPassword_TC08" name="ClickOnRecoveryPasswordLink" time="1.877"/>
  <system-out>
    <![CDATA[Validating actual & Expected Title]]>
  </system-out>
</testsuite> <!-- TestNGTest.RecoveryPassword_TC08 -->
