<?xml version="1.0" encoding="UTF-8"?>
<!-- Generated by org.testng.reporters.JUnitReportReporter -->
<testsuite hostname="DGIT-0099" failures="0" tests="1" name="BookingMaskTestCases.VerifyBookingInquiryWithBlankTravelFromDate_TC04" time="40.605" errors="0" timestamp="2023-05-26T12:56:27 IST" skipped="0">
  <testcase classname="BookingMaskTestCases.VerifyBookingInquiryWithBlankTravelFromDate_TC04" name="validateBookingInquiryWithBlankTravelFromDate" time="40.605"/>
  <system-out>
    <![CDATA[Validating actual Error message Travel From and Travel To date not proper. and Expected Error Message Travel From and Travel To date not proper.]]>
  </system-out>
</testsuite> <!-- BookingMaskTestCases.VerifyBookingInquiryWithBlankTravelFromDate_TC04 -->
