<?xml version="1.0" encoding="UTF-8"?>
<!-- Generated by org.testng.reporters.JUnitReportReporter -->
<testsuite hostname="DGIT-0099" failures="0" tests="3" name="Booking_AllotmentTestCases.TC49TC51TC30" time="143.864" errors="0" timestamp="2023-05-11T11:59:26 IST" skipped="2">
  <testcase classname="Booking_AllotmentTestCases.TC49TC51TC30" name="validateBookingCancellationAndAllotment" time="143.864"/>
  <system-out>
    <![CDATA[Clicked on sales dropdown in Dashboard
Clicked on sales Booking in Dashboard
Clicked on create Button in sales Booking page
Select TFT1 in TravelType dropdownList
Selected HK004 - (TEST) from dropdown list
Select Falk Tours AG in CompanyID dropdownList
Send Booking action
Send number of passengers
Send correct KOS in input field
Send correct ProductCode in input field
Send roomcode in input field
Send correct boardName
Send Occupancy
Send bookinglines 
Send Travel from date
Send Travel To date
Select Number of passenger
Send correct KOS in input field
Send correct ProductCode in input field
Send roomcode in input field
Send correct boardName
Send Occupancy
Send bookinglines
Send Travel from date 
Send Travel To date
Select Number of passenger
Click on sendBookingButton
Clicked on ViewList
Clicked on sendTBMcode to verify booking is done or not
Clicked on Booking listButton
Send TBM code
Clicked on Booking listButton
Clicked on edit booking1
Click on sendBookingButton
Clicked on dashboardLink
Clicked on purchase option
Clicked on accommodation option in list
Clicked on Allotment 
Send start date on allotment page
Send end date on allotment page
Clicked on load allotment
Validating Actual sold allotment for Room1 is 24 and Expected allotment for season_E is 24
Validating Actual remaining allotment for Room1 is 9 and Expected allotment for season_E is 9
Validating Actual sold allotment for Room2 is 22 and Expected allotment for season_E is 22
Validating Actual remaining allotment for Room2 is 21 and Expected allotment for season_E is 21]]>
  </system-out>
  <testcase classname="Booking_AllotmentTestCases.TC49TC51TC30" name="validateBookingMoreThanRemainingAllotment">
    <skipped/>
  </testcase> <!-- validateBookingMoreThanRemainingAllotment -->
  <system-out/>
  <testcase classname="Booking_AllotmentTestCases.TC49TC51TC30" name="validateBookingAfterIncreaseInAllotment">
    <skipped/>
  </testcase> <!-- validateBookingAfterIncreaseInAllotment -->
  <system-out/>
</testsuite> <!-- Booking_AllotmentTestCases.TC49TC51TC30 -->
