<?xml version="1.0" encoding="UTF-8"?>
<!-- Generated by org.testng.reporters.JUnitReportReporter -->
<testsuite hostname="DGIT-0099" failures="0" tests="1" name="TestNGTest.recoveryPasswordPageValidationTC_24" time="1.261" errors="0" timestamp="2022-10-14T12:09:02 IST" skipped="0">
  <testcase classname="TestNGTest.recoveryPasswordPageValidationTC_24" name="ValidateCopyrightTextOnRecoveryPasswordTest" time="1.261"/>
  <system-out>
    <![CDATA[Validating actual & Expected Msg]]>
  </system-out>
</testsuite> <!-- TestNGTest.recoveryPasswordPageValidationTC_24 -->
