<?xml version="1.0" encoding="UTF-8"?>
<!-- Generated by org.testng.reporters.JUnitReportReporter -->
<testsuite hostname="DGIT-0099" failures="0" tests="1" name="LoginPageTestCases.RecoverPasswordAndBackToLoginVaidation_TC09" time="2.170" errors="0" timestamp="2023-07-06T10:29:03 IST" skipped="0">
  <testcase classname="LoginPageTestCases.RecoverPasswordAndBackToLoginVaidation_TC09" name="RecoverPasswordAndGoBackToLoginTest" time="2.170">
    <system-out>
      <![CDATA[Validating actual Copyright © Zeus 2023 and Expected Text Copyright © Zeus 2023]]>
    </system-out>
  </testcase> <!-- RecoverPasswordAndGoBackToLoginTest -->
  <system-out>
    <![CDATA[Browser Launch 
Clicked on Recovery PasswordButton 
Validating actual Copyright © Zeus 2023 and Expected Text Copyright © Zeus 2023
Closing Browser]]>
  </system-out>
</testsuite> <!-- LoginPageTestCases.RecoverPasswordAndBackToLoginVaidation_TC09 -->
