<?xml version="1.0" encoding="UTF-8"?>
<!-- Generated by org.testng.reporters.JUnitReportReporter -->
<testsuite hostname="DGIT-0099" failures="0" tests="1" name="TestNGTest.DashboardValidation_TC02" time="12.548" errors="0" timestamp="2022-10-17T14:39:20 IST" skipped="0">
  <testcase classname="TestNGTest.DashboardValidation_TC02" name="ValidUserNameAndValidPasswordEnterToDashboardPageTest" time="12.548"/>
  <system-out>
    <![CDATA[Validating actual Dashboard and Expected Text Dashboard]]>
  </system-out>
</testsuite> <!-- TestNGTest.DashboardValidation_TC02 -->
