<?xml version="1.0" encoding="UTF-8"?>
<!-- Generated by org.testng.reporters.JUnitReportReporter -->
<testsuite hostname="DGIT-0099" failures="0" tests="1" name="TestNGTest.ValidateDashboardPage_TC02" time="10.668" errors="0" timestamp="2022-10-13T12:08:48 IST" skipped="0">
  <testcase classname="TestNGTest.ValidateDashboardPage_TC02" name="ValidUserNameAndValidPasswordEnterToDashboardPageTest" time="10.668"/>
  <system-out>
    <![CDATA[Validating actual & Expected Text]]>
  </system-out>
</testsuite> <!-- TestNGTest.ValidateDashboardPage_TC02 -->
