<?xml version="1.0" encoding="UTF-8"?>
<!-- Generated by org.testng.reporters.JUnitReportReporter -->
<testsuite hostname="DGIT-0099" failures="0" tests="5" name="BookingMaskTC.verifyBookingWithArriDateSetMonTueWedAndDepaDateThuFriSatTC135ToTC139" time="338.132" errors="0" timestamp="2023-02-02T14:52:33 IST" skipped="0">
  <testcase classname="BookingMaskTC.verifyBookingWithArriDateSetMonTueWedAndDepaDateThuFriSatTC135ToTC139" name="validateBookingWithStayLimitCrossedAndIncorrectArriDeptWithB" time="53.039"/>
  <system-out>
    <![CDATA[Select TFT1 in TravelType dropdownList
Selected HK001 - (TESTING) from dropdown list
Selected room 804 from dropdown
Select Falk Tours AG in CompanyID dropdownList
Send number of passenger
Send correct KOS in input field
Send correct ProductCode in input field
Send roomcode in input field
Send correct boardName
Send Occupancy
Send bookinglines 
Send Travel from date
Send Travel To date
Select Number of passenger
Clicked on sendbookingButton
Clicked on sendbookingButton
Validating Actual message Maximale Aufenthaltsdauer überschritten                                                                                                                                                                                                                                                                                          and Expected message Maximale Aufenthaltsdauer überschritten                                                                                                                                                                                                                                                                                         ]]>
  </system-out>
  <testcase classname="BookingMaskTC.verifyBookingWithArriDateSetMonTueWedAndDepaDateThuFriSatTC135ToTC139" name="validateBookingToCrossMaxStayForCorrectArriDeptDaysWithB" time="51.234"/>
  <system-out>
    <![CDATA[Select TFT1 in TravelType dropdownList
Selected HK001 - (TESTING) from dropdown list
Selected room 804 from dropdown
Select Falk Tours AG in CompanyID dropdownList
Send number of passenger
Send correct KOS in input field
Send correct ProductCode in input field
Send roomcode in input field
Send correct boardName
Send Occupancy
Send bookinglines 
Send Travel from date
Send Travel To date
Select Number of passenger
Clicked on sendbookingButton
Clicked on sendbookingButton
Validating Actual message Maximale Aufenthaltsdauer überschritten                                                                                                                                                                                                                                                                                          and Expected message Maximale Aufenthaltsdauer überschritten                                                                                                                                                                                                                                                                                         ]]>
  </system-out>
  <testcase classname="BookingMaskTC.verifyBookingWithArriDateSetMonTueWedAndDepaDateThuFriSatTC135ToTC139" name="validateBookingWithOutofArrivalDayWithB" time="52.387"/>
  <system-out>
    <![CDATA[Select TFT1 in TravelType dropdownList
Selected HK001 - (TESTING) from dropdown list
Selected room 804 from dropdown
Select Falk Tours AG in CompanyID dropdownList
Send number of passenger
Send correct KOS in input field
Send correct ProductCode in input field
Send roomcode in input field
Send correct boardName
Send Occupancy
Send bookinglines 
Send Travel from date
Send Travel To date
Select Number of passenger
Clicked on sendbookingButton
Clicked on sendbookingButton
Validating Actual message Anreise Sontag ist nicht zulässig.                                                                                                                                                                                                                                                                                               and Expected message Anreise Sontag ist nicht zulässig.                                                                                                                                                                                                                                                                                              ]]>
  </system-out>
  <testcase classname="BookingMaskTC.verifyBookingWithArriDateSetMonTueWedAndDepaDateThuFriSatTC135ToTC139" name="validateBookingWithMinStayForCorrectArriDeptDaysWithB" time="95.495"/>
  <system-out>
    <![CDATA[Select TFT1 in TravelType dropdownList
Selected HK001 - (TESTING) from dropdown list
Selected room 804 from dropdown
Select Falk Tours AG in CompanyID dropdownList
Send number of passenger
Send correct KOS in input field
Send correct ProductCode to input field
Send roomcode in input field
Send correct boardName
Send Occupancy
Send bookinglines 
Send Travel from date
Send Travel To date
Select Number of passenger
Clicked on sendbookingButton
Clicked on sendbookingButton
Clicked on ViewList
Clicked on sendTBMcode to verify booking is done or not
Clicked on Booking listButton
Send TBM code
Clicked on Booking listButton
Validating Expected ReservationNo 267117628/01 and Actual ReservationNo is 267117628/01
Validating Actual price 1156.00 and Expected Price 1156.00]]>
  </system-out>
  <testcase classname="BookingMaskTC.verifyBookingWithArriDateSetMonTueWedAndDepaDateThuFriSatTC135ToTC139" name="validateBookingWithMaxStayForCorrectArriDeptDaysWithB" time="85.977"/>
  <system-out>
    <![CDATA[Select TFT1 in TravelType dropdownList
Selected HK001 - (TESTING) from dropdown list
Selected room 804 from dropdown
Select Falk Tours AG in CompanyID dropdownList
Send number of passenger
Send correct KOS in input field
Send correct ProductCode in input field
Send roomcode in input field
Send correct boardName
Send Occupancy
Send bookinglines 
Send Travel from date
Send Travel To date
Select Number of passenger
Clicked on sendbookingButton
Clicked on sendbookingButton
Clicked on ViewList
Clicked on sendTBMcode to verify booking is done or not
Clicked on Booking listButton
Send TBM code
Clicked on Booking listButton
Validating Expected ReservationNo 532221347/01 and Actual ReservationNo is 532221347/01
Validating Actual price 4624.00 and Expected Price 4624.00]]>
  </system-out>
</testsuite> <!-- BookingMaskTC.verifyBookingWithArriDateSetMonTueWedAndDepaDateThuFriSatTC135ToTC139 -->
