<?xml version="1.0" encoding="UTF-8"?>
<!-- Generated by org.testng.reporters.JUnitReportReporter -->
<testsuite hostname="DGIT-0099" failures="0" tests="1" name="TestNGTest.ValidateLoginRefreshPage" time="2.642" errors="0" timestamp="2022-10-10T18:27:21 IST" skipped="0">
  <testcase classname="TestNGTest.ValidateLoginRefreshPage" name="RefreshLoginPageTest" time="2.642"/>
  <system-out>
    <![CDATA[Validating actual & Expected Url]]>
  </system-out>
</testsuite> <!-- TestNGTest.ValidateLoginRefreshPage -->
