<?xml version="1.0" encoding="UTF-8"?>
<!-- Generated by org.testng.reporters.JUnitReportReporter -->
<testsuite hostname="DGIT-0099" failures="0" tests="5" name="BookingMaskTestCases.VerifyBookingsForMaxAndMinStayDurationWithActionCodeB_TC126ToTC130" time="347.534" errors="0" timestamp="2023-07-26T15:54:05 IST" skipped="0">
  <testcase classname="BookingMaskTestCases.VerifyBookingsForMaxAndMinStayDurationWithActionCodeB_TC126ToTC130" name="validateBookingAndPriceForMinStayWithB" time="95.779">
    <system-out>
      <![CDATA[Select Falk Tours AG in CompanyID dropdownList
Select TFT1 in TravelType dropdownList
Selected HK001 - (TESTING) from dropdown list
Selected room 807 from dropdown
Send number of passenger
Send correct KOS in input field
Send correct ProductCode to input field
Send roomcode in input field
Send correct boardName
Send Occupancy
Send bookinglines 
Send Travel from date
Send Travel To date
Send Number of passenger
Click on sendBookingButton
Clicked on ViewList
Clicked on sendTBMcode to verify booking is done or not
Clicked on Booking listButton
Send TBM code
Clicked on Booking listButton
Validating Expected ReservationNo 515584137/01 and Actual ReservationNo is 515584137/01
Validating Actual price 4002.00 and Expected Price 4002.00]]>
    </system-out>
  </testcase> <!-- validateBookingAndPriceForMinStayWithB -->
  <testcase classname="BookingMaskTestCases.VerifyBookingsForMaxAndMinStayDurationWithActionCodeB_TC126ToTC130" name="validateBookingAndPriceForMaxStayWithB" time="89.199">
    <system-out>
      <![CDATA[Select TFT1 in TravelType dropdownList
Selected HK001 - (TESTING) from dropdown list
Selected room 807 from dropdown
Select Falk Tours AG in CompanyID dropdownList
Send number of passenger
Send correct KOS in input field
Send correct ProductCode in input field
Send roomcode in input field
Send correct boardName
Send Occupancy
Send bookinglines 
Send Travel from date
Send Travel To date
Send Number of passenger
Click on SendBookingButton
Clicked on sendbookingButton
Clicked on ViewList
Clicked on sendTBMcode to verify booking is done or not
Clicked on Booking listButton
Send TBM code
Clicked on Booking listButton
Validating Expected ReservationNo 581924521/01 and Actual ReservationNo is 581924521/01
Validating Actual price 6670.00 and Expected Price 6670.00]]>
    </system-out>
  </testcase> <!-- validateBookingAndPriceForMaxStayWithB -->
  <testcase classname="BookingMaskTestCases.VerifyBookingsForMaxAndMinStayDurationWithActionCodeB_TC126ToTC130" name="validateBookingAndPriceBetweenMinAndMaxStayWithB" time="52.672">
    <system-out>
      <![CDATA[Select Falk Tours AG in CompanyID dropdownList
Select TFT1 in TravelType dropdownList
Selected HK001 - (TESTING) from dropdown list
Selected room 804 from dropdown
Send number of passenger
Send correct KOS in input field
Send correct ProductCode in input field
Send roomcode in input field
Send correct boardName
Send Occupancy
Send bookinglines 
Send Travel from date
Send Travel To date
Send Number of passenger
Click on SendBookingButton
Validating Actual price 5336.00 and Expected Price 5336.00]]>
    </system-out>
  </testcase> <!-- validateBookingAndPriceBetweenMinAndMaxStayWithB -->
  <testcase classname="BookingMaskTestCases.VerifyBookingsForMaxAndMinStayDurationWithActionCodeB_TC126ToTC130" name="validteErrorMessageForBelowMinStayWithB" time="55.035">
    <system-out>
      <![CDATA[Select TFT1 in TravelType dropdownList
Selected HK001 - (TESTING) from dropdown list
Selected room 804 from dropdown
Select Falk Tours AG in CompanyID dropdownList
Send number of passenger
Send correct KOS in input field
Send correct ProductCode in input field
Send roomcode in input field
Send correct boardName
Send Occupancy
Send bookinglines 
Send Travel from date
Send Travel To date
Select Number of passenger
Click on SendBookingButton
Validating Actual message Mindestaufenthaltsdauer unterschritten bzw Maximale Aufenthaltsdauer überschritten                                                                                                                                                                                                                                               and Expected message Mindestaufenthaltsdauer unterschritten bzw Maximale Aufenthaltsdauer überschritten                                                                                                                                                                                                                                              ]]>
    </system-out>
  </testcase> <!-- validteErrorMessageForBelowMinStayWithB -->
  <testcase classname="BookingMaskTestCases.VerifyBookingsForMaxAndMinStayDurationWithActionCodeB_TC126ToTC130" name="validateErrorMessageForAboveMaxStayWithB" time="54.849">
    <system-out>
      <![CDATA[Select TFT1 in TravelType dropdownList
Selected HK001 - (TESTING) from dropdown list
Selected room 807 from dropdown
Select Falk Tours AG in CompanyID dropdownList
Send number of passenger
Send correct KOS in input field
Send correct ProductCode in input field
Send roomcode in input field
Send correct boardName
Send Occupancy
Send bookinglines 
Send Travel from date
Send Travel To date
Select Number of passenger
Click on SendBookingButton
Validating Actual message Maximale Aufenthaltsdauer überschritten                                                                                                                                                                                                                                                                                          and Expected message Maximale Aufenthaltsdauer überschritten                                                                                                                                                                                                                                                                                         ]]>
    </system-out>
  </testcase> <!-- validateErrorMessageForAboveMaxStayWithB -->
  <system-out>
    <![CDATA[Browser Launch 
Valid Username Entered
Valid Password Entered
Clicked on Dashboard button
Select the Falk Tours AG from given list
Clicked on proceed button
Clicked on sales dropdown in Dashboard
Clicked on sales Booking in Dashboard
Clicked on create Button in sales Booking page
Select Falk Tours AG in CompanyID dropdownList
Select TFT1 in TravelType dropdownList
Selected HK001 - (TESTING) from dropdown list
Selected room 807 from dropdown
Send number of passenger
Send correct KOS in input field
Send correct ProductCode to input field
Send roomcode in input field
Send correct boardName
Send Occupancy
Send bookinglines 
Send Travel from date
Send Travel To date
Send Number of passenger
Click on sendBookingButton
Clicked on ViewList
Clicked on sendTBMcode to verify booking is done or not
Clicked on Booking listButton
Send TBM code
Clicked on Booking listButton
Validating Expected ReservationNo 515584137/01 and Actual ReservationNo is 515584137/01
Validating Actual price 4002.00 and Expected Price 4002.00
Clicking on Logout Button in Booking Mask page
Logout from Booking Mask Page
Valid Username Entered
Valid Password Entered
Clicked on Dashboard button
Select the Falk Tours AG from given list
Clicked on proceed button
Clicked on sales dropdown in Dashboard
Clicked on sales Booking in Dashboard
Clicked on create Button in sales Booking page
Select TFT1 in TravelType dropdownList
Selected HK001 - (TESTING) from dropdown list
Selected room 807 from dropdown
Select Falk Tours AG in CompanyID dropdownList
Send number of passenger
Send correct KOS in input field
Send correct ProductCode in input field
Send roomcode in input field
Send correct boardName
Send Occupancy
Send bookinglines 
Send Travel from date
Send Travel To date
Send Number of passenger
Click on SendBookingButton
Clicked on sendbookingButton
Clicked on ViewList
Clicked on sendTBMcode to verify booking is done or not
Clicked on Booking listButton
Send TBM code
Clicked on Booking listButton
Validating Expected ReservationNo 581924521/01 and Actual ReservationNo is 581924521/01
Validating Actual price 6670.00 and Expected Price 6670.00
Clicking on Logout Button in Booking Mask page
Logout from Booking Mask Page
Valid Username Entered
Valid Password Entered
Clicked on Dashboard button
Select the Falk Tours AG from given list
Clicked on proceed button
Clicked on sales dropdown in Dashboard
Clicked on sales Booking in Dashboard
Clicked on create Button in sales Booking page
Select Falk Tours AG in CompanyID dropdownList
Select TFT1 in TravelType dropdownList
Selected HK001 - (TESTING) from dropdown list
Selected room 804 from dropdown
Send number of passenger
Send correct KOS in input field
Send correct ProductCode in input field
Send roomcode in input field
Send correct boardName
Send Occupancy
Send bookinglines 
Send Travel from date
Send Travel To date
Send Number of passenger
Click on SendBookingButton
Validating Actual price 5336.00 and Expected Price 5336.00
Clicking on Logout Button in Booking Mask page
Logout from Booking Mask Page
Valid Username Entered
Valid Password Entered
Clicked on Dashboard button
Select the Falk Tours AG from given list
Clicked on proceed button
Clicked on sales dropdown in Dashboard
Clicked on sales Booking in Dashboard
Clicked on create Button in sales Booking page
Select TFT1 in TravelType dropdownList
Selected HK001 - (TESTING) from dropdown list
Selected room 804 from dropdown
Select Falk Tours AG in CompanyID dropdownList
Send number of passenger
Send correct KOS in input field
Send correct ProductCode in input field
Send roomcode in input field
Send correct boardName
Send Occupancy
Send bookinglines 
Send Travel from date
Send Travel To date
Select Number of passenger
Click on SendBookingButton
Validating Actual message Mindestaufenthaltsdauer unterschritten bzw Maximale Aufenthaltsdauer überschritten                                                                                                                                                                                                                                               and Expected message Mindestaufenthaltsdauer unterschritten bzw Maximale Aufenthaltsdauer überschritten                                                                                                                                                                                                                                              
Clicking on Logout Button in Booking Mask page
Logout from Booking Mask Page
Valid Username Entered
Valid Password Entered
Clicked on Dashboard button
Select the Falk Tours AG from given list
Clicked on proceed button
Clicked on sales dropdown in Dashboard
Clicked on sales Booking in Dashboard
Clicked on create Button in sales Booking page
Select TFT1 in TravelType dropdownList
Selected HK001 - (TESTING) from dropdown list
Selected room 807 from dropdown
Select Falk Tours AG in CompanyID dropdownList
Send number of passenger
Send correct KOS in input field
Send correct ProductCode in input field
Send roomcode in input field
Send correct boardName
Send Occupancy
Send bookinglines 
Send Travel from date
Send Travel To date
Select Number of passenger
Click on SendBookingButton
Validating Actual message Maximale Aufenthaltsdauer überschritten                                                                                                                                                                                                                                                                                          and Expected message Maximale Aufenthaltsdauer überschritten                                                                                                                                                                                                                                                                                         
Clicking on Logout Button in Booking Mask page
Logout from Booking Mask Page
Closing Browser]]>
  </system-out>
</testsuite> <!-- BookingMaskTestCases.VerifyBookingsForMaxAndMinStayDurationWithActionCodeB_TC126ToTC130 -->
