<?xml version="1.0" encoding="UTF-8"?>
<!-- Generated by org.testng.reporters.JUnitReportReporter -->
<testsuite hostname="DGIT-0099" failures="0" tests="1" name="BookingMaskTC.TCC08" time="246.023" errors="0" timestamp="2022-11-24T17:32:43 IST" skipped="0">
  <testcase classname="BookingMaskTC.TCC08" name="validateTravelFromAndTravelToSameDatePopUpMessageonBM" time="246.023"/>
  <system-out>
    <![CDATA[Validating Actual Message Travel From should be less than Travel To date. and Expected Message Travel From should be less than Travel To date.]]>
  </system-out>
</testsuite> <!-- BookingMaskTC.TCC08 -->
