<?xml version="1.0" encoding="UTF-8"?>
<!-- Generated by org.testng.reporters.JUnitReportReporter -->
<testsuite hostname="DGIT-0099" failures="0" tests="1" name="BookingMaskTestCases.VerifyCreateBookingForOnePerson_TC32" time="55.236" errors="0" timestamp="2023-05-26T12:56:27 IST" skipped="0">
  <testcase classname="BookingMaskTestCases.VerifyCreateBookingForOnePerson_TC32" name="validatePriceWithOnePersonField" time="55.236"/>
  <system-out>
    <![CDATA[Validating Actual price 667.00 and Expected Price 667.00]]>
  </system-out>
</testsuite> <!-- BookingMaskTestCases.VerifyCreateBookingForOnePerson_TC32 -->
