<?xml version="1.0" encoding="UTF-8"?>
<!-- Generated by org.testng.reporters.JUnitReportReporter -->
<testsuite hostname="DGIT-0099" failures="0" tests="1" name="BookingMaskTC.verifyBookingInquiryWithBlankTravelToDate_TC03" time="41.897" errors="0" timestamp="2022-12-16T12:04:31 IST" skipped="0">
  <testcase classname="BookingMaskTC.verifyBookingInquiryWithBlankTravelToDate_TC03" name="validateBookingInquiryWithBlankTravelToDate" time="41.897"/>
  <system-out>
    <![CDATA[Validating actual Error message Travel From and Travel To date not proper. and Expected Error Message Travel From and Travel To date not proper.]]>
  </system-out>
</testsuite> <!-- BookingMaskTC.verifyBookingInquiryWithBlankTravelToDate_TC03 -->
