<?xml version="1.0" encoding="UTF-8"?>
<!-- Generated by org.testng.reporters.JUnitReportReporter -->
<testsuite hostname="DGIT-0099" failures="0" tests="1" name="BookingMaskTC.TCC27" time="264.456" errors="0" timestamp="2022-12-19T17:04:45 IST" skipped="0">
  <testcase classname="BookingMaskTC.TCC27" name="validateReservationNoField" time="264.456"/>
  <system-out>
    <![CDATA[Validating Actual price for Room1 is 51562.00 and Expected Price for Room1 is 51562.00
Validating Actual price for Room2 is 51562.00 and Expected Price for Room2 is 51562.00
Validating Total price for both Room is 103124 and Expected Price for both room  is 103124.00]]>
  </system-out>
</testsuite> <!-- BookingMaskTC.TCC27 -->
