<?xml version="1.0" encoding="UTF-8"?>
<!-- Generated by org.testng.reporters.JUnitReportReporter -->
<testsuite hostname="DGIT-0099" failures="0" tests="1" name="LoginPageTC.LoginPageTextValidationTC_18" time="1.121" errors="0" timestamp="2023-02-06T16:58:02 IST" skipped="0">
  <testcase classname="LoginPageTC.LoginPageTextValidationTC_18" name="ValidateWelcomeBackTextOnLoginPageTest" time="1.121"/>
  <system-out>
    <![CDATA[Validating actual Welcome back, and Expected Text Welcome back,]]>
  </system-out>
</testsuite> <!-- LoginPageTC.LoginPageTextValidationTC_18 -->
