<?xml version="1.0" encoding="UTF-8"?>
<!-- Generated by org.testng.reporters.JUnitReportReporter -->
<testsuite hostname="DGIT-0099" failures="0" tests="2" name="Booking_AllotmentTestCases.TC_06" time="56.201" errors="0" timestamp="2023-04-11T17:24:44 IST" skipped="1">
  <testcase classname="Booking_AllotmentTestCases.TC_06" name="validateIncreaseDecreaseAllotmentWithAnyValue" time="56.201"/>
  <system-out>
    <![CDATA[Send start date of season_B on allotment page
Send end date of season_B on allotment page
Clicked on load allotment
Clicked on Change allotment button
Clicked on confirm button
Clicked on Ok popup
Clicked on close button
Validating Actual initial allotment is 3 and Expected allotment for season_C is 3
Validating Actual current allotment is 15 and Expected allotment for season_C is 15
Validating Actual remaining allotment is 15 and Expected allotment for season_C is 15]]>
  </system-out>
  <testcase classname="Booking_AllotmentTestCases.TC_06" name="validateIncreaseDecreaseAllotmentWithNegativeValue">
    <skipped/>
  </testcase> <!-- validateIncreaseDecreaseAllotmentWithNegativeValue -->
  <system-out/>
</testsuite> <!-- Booking_AllotmentTestCases.TC_06 -->
