<?xml version="1.0" encoding="UTF-8"?>
<!-- Generated by org.testng.reporters.JUnitReportReporter -->
<testsuite hostname="DGIT-0099" failures="0" tests="1" name="BookingMaskTestCases.verifyBookingWithTravelFromAndTravelToSameDate_TC07" time="35.143" errors="0" timestamp="2023-02-23T11:43:09 IST" skipped="0">
  <testcase classname="BookingMaskTestCases.verifyBookingWithTravelFromAndTravelToSameDate_TC07" name="validateTravelFromAndTravelToSameDatePopUpMessageonBM" time="35.143"/>
  <system-out>
    <![CDATA[Validating Actual Message Travel From should be less than Travel To date. and Expected Message Travel From should be less than Travel To date.]]>
  </system-out>
</testsuite> <!-- BookingMaskTestCases.verifyBookingWithTravelFromAndTravelToSameDate_TC07 -->
