<?xml version="1.0" encoding="UTF-8"?>
<!-- Generated by org.testng.reporters.JUnitReportReporter -->
<testsuite hostname="DGIT-0099" failures="0" tests="1" name="TestNGTest.RecoveryPasswordPageTextValidationTC_23" time="1.466" errors="0" timestamp="2022-10-14T11:42:45 IST" skipped="0">
  <testcase classname="TestNGTest.RecoveryPasswordPageTextValidationTC_23" name="ValidateWelcomeAndResetPwdTextTest" time="1.466"/>
  <system-out>
    <![CDATA[Validating actual & Expected Title]]>
  </system-out>
</testsuite> <!-- TestNGTest.RecoveryPasswordPageTextValidationTC_23 -->
