<?xml version="1.0" encoding="UTF-8"?>
<!-- Generated by org.testng.reporters.JUnitReportReporter -->
<testsuite hostname="DGIT-0099" failures="1" tests="2" name="Booking_AllotmentTestCases.verifyBookingAndAllotmentTC28TC29" time="232.667" errors="0" timestamp="2023-05-17T12:22:16 IST" skipped="0">
  <testcase classname="Booking_AllotmentTestCases.verifyBookingAndAllotmentTC28TC29" name="validateBookingWithValidAllotment" time="101.783">
    <failure message="TC failed as Actual allotment and expected allotment are not matching  expected [3112.00] but found [4444.00]" type="java.lang.AssertionError">
      <![CDATA[java.lang.AssertionError: TC failed as Actual allotment and expected allotment are not matching  expected [3112.00] but found [4444.00]
at org.testng.Assert.fail(Assert.java:99)
at org.testng.Assert.failNotEquals(Assert.java:1037)
at org.testng.Assert.assertEqualsImpl(Assert.java:140)
at org.testng.Assert.assertEquals(Assert.java:122)
at org.testng.Assert.assertEquals(Assert.java:629)
at Booking_AllotmentTestCases.verifyBookingAndAllotmentTC28TC29.validateBookingWithValidAllotment(verifyBookingAndAllotmentTC28TC29.java:248)
at java.base/jdk.internal.reflect.NativeMethodAccessorImpl.invoke0(Native Method)
at java.base/jdk.internal.reflect.NativeMethodAccessorImpl.invoke(NativeMethodAccessorImpl.java:77)
at java.base/jdk.internal.reflect.DelegatingMethodAccessorImpl.invoke(DelegatingMethodAccessorImpl.java:43)
at java.base/java.lang.reflect.Method.invoke(Method.java:568)
at org.testng.internal.MethodInvocationHelper.invokeMethod(MethodInvocationHelper.java:133)
at org.testng.internal.TestInvoker.invokeMethod(TestInvoker.java:598)
at org.testng.internal.TestInvoker.invokeTestMethod(TestInvoker.java:173)
at org.testng.internal.MethodRunner.runInSequence(MethodRunner.java:46)
at org.testng.internal.TestInvoker$MethodInvocationAgent.invoke(TestInvoker.java:824)
at org.testng.internal.TestInvoker.invokeTestMethods(TestInvoker.java:146)
at org.testng.internal.TestMethodWorker.invokeTestMethods(TestMethodWorker.java:146)
at org.testng.internal.TestMethodWorker.run(TestMethodWorker.java:128)
at java.base/java.util.ArrayList.forEach(ArrayList.java:1511)
at org.testng.TestRunner.privateRun(TestRunner.java:794)
at org.testng.TestRunner.run(TestRunner.java:596)
at org.testng.SuiteRunner.runTest(SuiteRunner.java:377)
at org.testng.SuiteRunner.runSequentially(SuiteRunner.java:371)
at org.testng.SuiteRunner.privateRun(SuiteRunner.java:332)
at org.testng.SuiteRunner.run(SuiteRunner.java:276)
at org.testng.SuiteRunnerWorker.runSuite(SuiteRunnerWorker.java:53)
at org.testng.SuiteRunnerWorker.run(SuiteRunnerWorker.java:96)
at org.testng.TestNG.runSuitesSequentially(TestNG.java:1212)
at org.testng.TestNG.runSuitesLocally(TestNG.java:1134)
at org.testng.TestNG.runSuites(TestNG.java:1063)
at org.testng.TestNG.run(TestNG.java:1031)
at org.testng.remote.AbstractRemoteTestNG.run(AbstractRemoteTestNG.java:115)
at org.testng.remote.RemoteTestNG.initAndRun(RemoteTestNG.java:251)
at org.testng.remote.RemoteTestNG.main(RemoteTestNG.java:77)
]]>
    </failure>
  </testcase> <!-- validateBookingWithValidAllotment -->
  <system-out>
    <![CDATA[Send start date of season_G on allotment page
Send end date of season_G on allotment page
Clicked on load allotment
Clicked on dashboardLink
Clicked on sales dropdown in Dashboard
Clicked on sales Booking in Dashboard
Clicked on create Button in sales Booking page
Select TFT1 in TravelType dropdownList
Selected HK004 - (TEST) from dropdown list
Select Falk Tours AG in CompanyID dropdownList
Send Booking action
Send number of passenger
Send correct KOS in input field
Send correct ProductCode in input field
Send roomcode in input field
Send correct boardName
Send Occupancy
Send bookinglines 
Send Travel from date for season-E
Send Travel To date for season-E
Send Number of passenger
Click on sendBookingButton
Clicked on dashboardLink
Clicked on purchase option
Clicked on accommodation option in list
Clicked on Allotment 
Send start date of season_G on allotment page
Send end date of season_G on allotment page
Clicked on load allotment]]>
  </system-out>
  <testcase classname="Booking_AllotmentTestCases.verifyBookingAndAllotmentTC28TC29" name="validateBookingErrorMsgWhenAllRoomsAreBooked" time="130.884"/>
  <system-out>
    <![CDATA[Send start date of season_E on allotment page
Send end date of season_E on allotment page
Clicked on load allotment
Clicked on Change allotment button
Enter start date for room1
Enter until date for room1
Clicked on dashboardLink
Clicked on sales dropdown in Dashboard
Clicked on sales Booking in Dashboard
Clicked on create Button in sales Booking page
Select TFT1 in TravelType dropdownList
Selected HK004 - (TEST) from dropdown list
Select Falk Tours AG in CompanyID dropdownList
Send Booking action
Send number of passenger
Send correct KOS in input field
Send correct ProductCode in input field
Send roomcode in input field
Send correct boardName
Send Occupancy
Send bookinglines 
Send Travel from date for season-E
Send Travel To date for season-E
Send Number of passenger
Click on sendBookingButton
Clicked on dashboardLink
Clicked on purchase option
Clicked on accommodation option in list
Clicked on Allotment 
Send start date of season_E on allotment page
Send end date of season_E on allotment page
Clicked on load allotment
Validating Actual Message for season-E is Kontingent nicht mehr verfügbar.                                                                                                                                                                                                                                                                                                 and Expected Message for season-E is Kontingent nicht mehr verfügbar.                                                                                                                                                                                                                                                                                                ]]>
  </system-out>
</testsuite> <!-- Booking_AllotmentTestCases.verifyBookingAndAllotmentTC28TC29 -->
