<?xml version="1.0" encoding="UTF-8"?>
<!-- Generated by org.testng.reporters.JUnitReportReporter -->
<testsuite hostname="DGIT-0099" failures="0" tests="1" name="BookingMaskTC.TCC04" time="86.064" errors="0" timestamp="2022-11-18T10:38:27 IST" skipped="0">
  <testcase classname="BookingMaskTC.TCC04" name="validatePriceFieldWithBookingInquiry" time="86.064"/>
  <system-out>
    <![CDATA[Validating actual Error message Travel From and Travel To date not proper. and Expected Error Message Travel From and Travel To date not proper.]]>
  </system-out>
</testsuite> <!-- BookingMaskTC.TCC04 -->
