<?xml version="1.0" encoding="UTF-8"?>
<!-- Generated by org.testng.reporters.JUnitReportReporter -->
<testsuite hostname="DGIT-0099" failures="0" tests="1" name="BookingMaskTC.TCC86" time="51.412" errors="0" timestamp="2022-12-07T14:06:53 IST" skipped="0">
  <testcase classname="BookingMaskTC.TCC86" name="validatePriceForSeasonB" time="51.412"/>
  <system-out>
    <![CDATA[Validating Actual message Ungültige Reisedauer.                                                                                                                                                                                                                                                                                                            and Expected message Ungültige Reisedauer.                                                                                                                                                                                                                                                                                                                                                                                                                                                                                                                                                                                                               ]]>
  </system-out>
</testsuite> <!-- BookingMaskTC.TCC86 -->
