<?xml version="1.0" encoding="UTF-8"?>
<!-- Generated by org.testng.reporters.JUnitReportReporter -->
<testsuite hostname="DGIT-0099" failures="0" tests="1" name="CalculationModuleTestCases.TC37" time="160.866" errors="0" timestamp="2023-06-01T09:59:29 IST" skipped="0">
  <testcase classname="CalculationModuleTestCases.TC37" name="validateOfferCalculationWithRoomDetails" time="160.866"/>
  <system-out>
    <![CDATA[Validating actual season name on contracts page is Season A and Expected season name calculation page is Season A
Validating actual season name on contracts page is Season B and Expected season name calculation page is Season B
Validating actual season name on contracts page is Season C and Expected season name calculation page is Season C
Validating actual season name on contracts page isSeason D and Expected season name calculation page is Season D
Validating actual price on contracts page is 200 and Expected price on calculation page is 200
Validating actual price on contracts page is  400 and Expected price on calculation page is 400
Validating actual price on contracts page is  600 and Expected price on calculation page is  600
Validating actual price on contracts page is  800 and Expected price on calculation page is  800
Validating actual price on contracts page is  null and Expected price on calculation page is  null]]>
  </system-out>
</testsuite> <!-- CalculationModuleTestCases.TC37 -->
