<?xml version="1.0" encoding="UTF-8"?>
<!-- Generated by org.testng.reporters.JUnitReportReporter -->
<testsuite hostname="DGIT-0099" failures="0" tests="1" name="BookingMaskTC.verifyCreateNewBookingInquiry_TC01" time="49.804" errors="0" timestamp="2023-01-30T17:13:46 IST" skipped="0">
  <testcase classname="BookingMaskTC.verifyCreateNewBookingInquiry_TC01" name="validatePriceFieldWithBookingInquiry" time="49.804"/>
  <system-out>
    <![CDATA[Validating Actual price for Season-H for 1 day is4888.00 and Expected Price for Season-H with 1 day is 4888.00]]>
  </system-out>
</testsuite> <!-- BookingMaskTC.verifyCreateNewBookingInquiry_TC01 -->
