<?xml version="1.0" encoding="UTF-8"?>
<!-- Generated by org.testng.reporters.JUnitReportReporter -->
<testsuite hostname="DGIT-0099" failures="0" tests="4" name="BookingMaskTestCases.verifyRoomOccupancyLimitTC70ToTC73" time="382.546" errors="0" timestamp="2023-02-20T17:24:48 IST" skipped="0">
  <testcase classname="BookingMaskTestCases.verifyRoomOccupancyLimitTC70ToTC73" name="validateOccupancyForMinChildrenBooking" time="93.831"/>
  <system-out>
    <![CDATA[Select TFT1 in TravelType dropdownList
Selected HK001 - (TESTING) from dropdown list
Selected room 807 from dropdown
Select Falk Tours AG in CompanyID dropdownList
Send number of passenger
Send correct KOS in input field
Send correct ProductCode in input field
Send roomcode in input field
Send correct boardName
Send Occupancy
Send bookinglines 
Send Travel from date
Send Travel To date
Select Number of passenger
Click on sendBookingButton after U action code
Clicked on ViewList
Clicked on sendTBMcode to verify booking is done or not
Send TBM code
Clicked on Booking listButton
Validating Expected ReservationNo 282974414/01 and Actual ReservationNo is 282974414/01
Validating Actual price 4002.00 and Expected Price 4002.00]]>
  </system-out>
  <testcase classname="BookingMaskTestCases.verifyRoomOccupancyLimitTC70ToTC73" name="validateLimitOccupancyCombinationBooking" time="109.248"/>
  <system-out>
    <![CDATA[Select TFT1 in TravelType dropdownList
Selected HK001 - (TESTING) from dropdown list
Selected room 807 from dropdown
Select Falk Tours AG in CompanyID dropdownList
Send number of passenger
Send correct KOS in input field
Send correct ProductCode in input field
Send roomcode in input field
Send correct boardName
Send Occupancy
Send bookinglines 
Send Travel from date
Send Travel To date
Select Number of passenger
Click on sendBookingButton after U action code
Clicked on ViewList
Clicked on sendTBMcode to verify booking is done or not
Send TBM code
Clicked on Booking listButton
Validating Expected ReservationNo 751178341/01 and Actual ReservationNo is 751178341/01
Validating Actual price 6003.00 and Expected Price 6003.00]]>
  </system-out>
  <testcase classname="BookingMaskTestCases.verifyRoomOccupancyLimitTC70ToTC73" name="validateLimitOccupancyCombinationBookings" time="89.192"/>
  <system-out>
    <![CDATA[Select TFT1 in TravelType dropdownList
Selected HK001 - (TESTING) from dropdown list
Selected room 807 from dropdown
Select Falk Tours AG in CompanyID dropdownList
Send number of passenger
Send correct KOS in input field
Send correct ProductCode in input field
Send roomcode in input field
Send correct boardName
Send Occupancy
Send bookinglines 
Send Travel from date
Send Travel To date
Select Number of passenger
Click on sendBookingButton
Clicked on ViewList
Clicked on sendTBMcode to verify booking is done or not
Send TBM code
Clicked on Booking listButton
Validating Expected ReservationNo 487447481/01 and Actual ReservationNo is 487447481/01
Validating Actual price 8004.00 and Expected Price 8004.00]]>
  </system-out>
  <testcase classname="BookingMaskTestCases.verifyRoomOccupancyLimitTC70ToTC73" name="validateLimitOccupancyForMaxAdults" time="90.275"/>
  <system-out>
    <![CDATA[Select TFT1 in TravelType dropdownList
Selected HK001 - (TESTING) from dropdown list
Selected room 807 from dropdown
Select Falk Tours AG in CompanyID dropdownList
Send number of passenger
Send correct KOS in input field
Send correct ProductCode in input field
Send roomcode in input field
Send correct boardName
Send Occupancy
Send bookinglines 
Send Travel from date
Send Travel To date
Select Number of passenger
Click on sendBookingButton 
Clicked on ViewList
Clicked on sendTBMcode to verify booking is done or not
Send TBM code
Clicked on Booking listButton
Validating Expected ReservationNo 643349165/01 and Actual ReservationNo is 643349165/01
Validating Actual price 6003.00 and Expected Price 6003.00]]>
  </system-out>
</testsuite> <!-- BookingMaskTestCases.verifyRoomOccupancyLimitTC70ToTC73 -->
