<?xml version="1.0" encoding="UTF-8"?>
<!-- Generated by org.testng.reporters.JUnitReportReporter -->
<testsuite hostname="DGIT-0099" failures="0" tests="1" name="TestNGTest.VerifyWelcomeSignInMsgOnPage" time="0.054" errors="0" timestamp="2022-10-10T15:10:06 IST" skipped="0">
  <testcase classname="TestNGTest.VerifyWelcomeSignInMsgOnPage" name="ValidateTextOnPageTest" time="0.054"/>
  <system-out>
    <![CDATA[Validating actual & Expected TextMsg
Validating actual & Expected TextMsgg]]>
  </system-out>
</testsuite> <!-- TestNGTest.VerifyWelcomeSignInMsgOnPage -->
