<?xml version="1.0" encoding="UTF-8"?>
<!-- Generated by org.testng.reporters.JUnitReportReporter -->
<testsuite hostname="DGIT-0099" failures="0" tests="1" name="BookingMaskTC.TCC83" time="45.696" errors="0" timestamp="2022-12-07T10:55:09 IST" skipped="0">
  <testcase classname="BookingMaskTC.TCC83" name="validatePriceForSeasonB" time="45.696"/>
  <system-out>
    <![CDATA[Validating Actual price 444.00 and Expected Price 444.00]]>
  </system-out>
</testsuite> <!-- BookingMaskTC.TCC83 -->
