<?xml version="1.0" encoding="UTF-8"?>
<!-- Generated by org.testng.reporters.JUnitReportReporter -->
<testsuite hostname="DGIT-0099" failures="0" tests="1" name="LoginPageTestCases.LoginPageTextValidation_TC17" time="1.348" errors="0" timestamp="2023-07-18T09:59:54 IST" skipped="0">
  <testcase classname="LoginPageTestCases.LoginPageTextValidation_TC17" name="ValidateCopyrightTextOnLoginPageTest" time="1.348">
    <system-out>
      <![CDATA[Validating actual Copyright © Zeus 2023 and Expected Text Copyright © Zeus 2023]]>
    </system-out>
  </testcase> <!-- ValidateCopyrightTextOnLoginPageTest -->
  <system-out>
    <![CDATA[Browser Launch 
Validating actual Copyright © Zeus 2023 and Expected Text Copyright © Zeus 2023
Closing Browser
Browser Launch 
Clicked on Recovery PasswordButton 
Validating actual Welcome to Falk Tours, and Expected Message Welcome to Falk Tours,
Validating actual Please enter your User Name below to get reset password link on registered mail address. and Expected Message Please enter your User Name below to get reset password link on registered mail address.
Closing Browser
Browser Launch 
Clicked on Recovery PasswordButton 
Validating actual Copyright © Zeus 2023 and Expected Text Copyright © Zeus 2023
Closing Browser
Browser Launch 
Valid Username Entered
Valid Password Entered
Clicked on Login to Dashboard button
Validating actual https://zeuscloud.azurewebsites.net/CompanySelection and Expected Text https://zeuscloud.azurewebsites.net/CompanySelection
Closing Browser
Browser Launch
Valid Username Entered
Valid Password Entered
Click on Dashboard button
Validating actual Please select company to proceed. and Expected Text Please select company to proceed.
Closing Browser
Browser Launch Successfully
Invalid Username Entered 
valid Password Entered 
Clicked on Dashboard button 
Validating actual Credentials are invalid! and Expected Text Credentials are invalid!
Closing Browser
Browser Launch 
Clicked on Recovery PasswordButton 
Validating actual Copyright © Zeus 2023 and Expected Text Copyright © Zeus 2023
Closing Browser
Browser Launch 
Valid Username Entered 
Invalid Password Entered
Click on Dashboard button 
Validating actual Credentials are invalid! and Expected Text Credentials are invalid!
Closing Browser
Browser Launch 
Valid Username Entered
Valid Password Entered
Clicked on Dashboard button
Select the Falk Tours DE GmbH from given list
Clicked on proceed button
Validating actual Text Dashboard and Expected Text Dashboard
Clicking on Logout Button in Dashboard page
Logout from Dashboard Page
Closing Browser
Browser launch 
Clicked on Recovery PasswordButton
Valid UserName Entered
Validating actual https://zeuscloud.azurewebsites.net/Users/SendRecoverPassLink and Expected Text https://zeuscloud.azurewebsites.net/Users/SendRecoverPassLink
Closing Browser
Browser Launch Successfully
Validating actual Welcome back, and Expected Text Welcome back,
Closing Browser
Browser Launch 
Clicked on Recovery PasswordButton 
Validating actual TextCopyright © Zeus 2023 and Expected Text Copyright © Zeus 2023
Closing Browser
Browser Launch 
Validating actual Recover Password and Expected Text Recover Password
Closing Browser]]>
  </system-out>
</testsuite> <!-- LoginPageTestCases.LoginPageTextValidation_TC17 -->
