<?xml version="1.0" encoding="UTF-8"?>
<!-- Generated by org.testng.reporters.JUnitReportReporter -->
<testsuite hostname="DGIT-0099" failures="0" tests="1" name="LoginPageTestCases.ValidateErrorMsgOnPassword_TC03" time="7.049" errors="0" timestamp="2023-08-02T16:23:00 IST" skipped="0">
  <testcase classname="LoginPageTestCases.ValidateErrorMsgOnPassword_TC03" name="CheckIncorrectCredentialsOnPasswordFieldTest" time="7.049">
    <system-out>
      <![CDATA[Validating actual Credentials are invalid! and Expected Text Credentials are invalid!]]>
    </system-out>
  </testcase> <!-- CheckIncorrectCredentialsOnPasswordFieldTest -->
  <system-out>
    <![CDATA[Browser Launch 
Valid Username Entered 
Invalid Password Entered
Click on Dashboard button 
Validating actual Credentials are invalid! and Expected Text Credentials are invalid!
Closing Browser]]>
  </system-out>
</testsuite> <!-- LoginPageTestCases.ValidateErrorMsgOnPassword_TC03 -->
