<?xml version="1.0" encoding="UTF-8"?>
<!-- Generated by org.testng.reporters.JUnitReportReporter -->
<testsuite hostname="DGIT-0099" failures="0" tests="1" name="TestNGTest.ValidatePasswordRecoveryPage" time="0.581" errors="0" timestamp="2022-10-10T18:22:09 IST" skipped="0">
  <testcase classname="TestNGTest.ValidatePasswordRecoveryPage" name="ValidatePasswordRecoveryPageTest" time="0.581"/>
  <system-out>
    <![CDATA[Validating actual & Expected Title]]>
  </system-out>
</testsuite> <!-- TestNGTest.ValidatePasswordRecoveryPage -->
