<?xml version="1.0" encoding="UTF-8"?>
<!-- Generated by org.testng.reporters.JUnitReportReporter -->
<testsuite hostname="DGIT-0099" failures="0" tests="1" name="BookingMaskTC.TCC36" time="93.609" errors="0" timestamp="2022-12-12T17:27:58 IST" skipped="0">
  <testcase classname="BookingMaskTC.TCC36" name="validatePriceForTwoPersonTwoRoom" time="93.609"/>
  <system-out>
    <![CDATA[Validating Actual price for Season-C is 20010.00 and Expected Price for Season-C is20010.00
Validating Actual price for season-C is 20010.00 and Expected Price for Season-C is 20010.00
Validating Actual price for season-C is 20010.00 and Expected Price for Season-C is 20010.00]]>
  </system-out>
</testsuite> <!-- BookingMaskTC.TCC36 -->
