<?xml version="1.0" encoding="UTF-8"?>
<!-- Generated by org.testng.reporters.JUnitReportReporter -->
<testsuite hostname="DGIT-0099" failures="0" tests="4" name="BookingMaskTC.verifyPersonsLimitTC66ToTC69" time="359.142" errors="0" timestamp="2023-02-09T17:01:19 IST" skipped="0">
  <testcase classname="BookingMaskTC.verifyPersonsLimitTC66ToTC69" name="validateBookingWithMinPersonLimit" time="83.199"/>
  <system-out>
    <![CDATA[Select TFT1 in TravelType dropdownList
Selected HK001 - (TESTING) from dropdown list
Selected room 807 from dropdown
Select Falk Tours AG in CompanyID dropdownList
Send number of passenger
Send correct KOS in input field
Send correct ProductCode in input field
Send roomcode in input field
Send correct boardName
Send Occupancy
Send bookinglines 
Send Travel from date
Send Travel To date
Select Number of passenger
Clicked on sendbookingButton
Clicked on ViewList
Clicked on sendTBMcode to verify booking is done or not
Send TBM code
Clicked on Booking listButton
Validating Expected ReservationNo 292349375/01 and Actual ReservationNo is 292349375/01
Validating Actual price 2001.00 and Expected Price 2001.00]]>
  </system-out>
  <testcase classname="BookingMaskTC.verifyPersonsLimitTC66ToTC69" name="validateOccupancyLimitCombinationBooking" time="86.219"/>
  <system-out>
    <![CDATA[Select TFT1 in TravelType dropdownList
Selected HK001 - (TESTING) from dropdown list
Selected room 807 from dropdown
Select Falk Tours AG in CompanyID dropdownList
Send number of passenger
Send correct KOS in input field
Send correct ProductCode in input field
Send roomcode in input field
Send correct boardName
Send Occupancy
Send bookinglines 
Send Travel from date
Send Travel To date
Select Number of passenger
Clicked on sendbookingButton
Clicked on ViewList
Clicked on sendTBMcode to verify booking is done or not
Send TBM code
Clicked on Booking listButton
Validating Expected ReservationNo 219894634/01 and Actual ReservationNo is 219894634/01
Validating Actual price 4002.00 and Expected Price 4002.00]]>
  </system-out>
  <testcase classname="BookingMaskTC.verifyPersonsLimitTC66ToTC69" name="validateBookingWithMaxPersonLimit" time="94.940"/>
  <system-out>
    <![CDATA[Select TFT1 in TravelType dropdownList
Selected HK001 - (TESTING) from dropdown list
Selected room 807 from dropdown
Select Falk Tours AG in CompanyID dropdownList
Send number of passenger
Send correct KOS in input field
Send correct ProductCode in input field
Send roomcode in input field
Send correct boardName
Send Occupancy
Send bookinglines 
Send Travel from date
Send Travel To date
Select Number of passenger
Clicked on sendbookingButton
Clicked on ViewList
Clicked on sendTBMcode to verify booking is done or not
Send TBM code
Clicked on Booking listButton
Validating Expected ReservationNo 244412631/01 and Actual ReservationNo is 244412631/01
Validating Actual price 10005.00 and Expected Price 10005.00]]>
  </system-out>
  <testcase classname="BookingMaskTC.verifyPersonsLimitTC66ToTC69" name="validateOccupancyLimitForMaxChildrenBooking" time="94.784"/>
  <system-out>
    <![CDATA[Select TFT1 in TravelType dropdownList
Selected HK001 - (TESTING) from dropdown list
Selected room 807 from dropdown
Select Falk Tours AG in CompanyID dropdownList
Send number of passenger
Send correct KOS in input field
Send correct ProductCode in input field
Send roomcode in input field
Send correct boardName
Send Occupancy
Send bookinglines 
Send Travel from date
Send Travel To date
Select Number of passenger
Clicked on sendbookingButton
Clicked on ViewList
Clicked on sendTBMcode to verify booking is done or not
Send TBM code
Clicked on Booking listButton
Validating Expected ReservationNo 861492578/01 and Actual ReservationNo is 861492578/01
Validating Actual price 6003.00 and Expected Price 6003.00]]>
  </system-out>
</testsuite> <!-- BookingMaskTC.verifyPersonsLimitTC66ToTC69 -->
