<?xml version="1.0" encoding="UTF-8"?>
<!-- Generated by org.testng.reporters.JUnitReportReporter -->
<testsuite hostname="DGIT-0099" failures="0" tests="1" name="BookingMaskTestCases.VerifyOriginalBookingAfterModifyTC17" time="117.364" errors="0" timestamp="2023-03-27T10:38:17 IST" skipped="0">
  <testcase classname="BookingMaskTestCases.VerifyOriginalBookingAfterModifyTC17" name="validateOriginalBookingWithUA" time="117.364"/>
  <system-out>
    <![CDATA[Validating Actual price for Season-G is 266640.00 and Expected Price for Season-G is 266640.00
Validating Actual No. of Pax is 2 and Expected No.of Pax is 2]]>
  </system-out>
</testsuite> <!-- BookingMaskTestCases.VerifyOriginalBookingAfterModifyTC17 -->
