<?xml version="1.0" encoding="UTF-8"?>
<!-- Generated by org.testng.reporters.JUnitReportReporter -->
<testsuite hostname="DGIT-0099" failures="0" tests="1" name="BookingMaskTestCases.createBA1" time="319.154" errors="0" timestamp="2023-03-07T15:33:29 IST" skipped="0">
  <testcase classname="BookingMaskTestCases.createBA1" name="validatePriceFieldWithBookingInquiry" time="319.154"/>
  <system-out>
    <![CDATA[Validating Actual price 293280.00 and Expected Price 293280.00]]>
  </system-out>
</testsuite> <!-- BookingMaskTestCases.createBA1 -->
