<?xml version="1.0" encoding="UTF-8"?>
<!-- Generated by org.testng.reporters.JUnitReportReporter -->
<testsuite hostname="DGIT-0099" failures="0" tests="5" name="BookingMaskTC.verifyBookingsForMaxAndMinStayDurationWithActionCodeBA_TC126ToTC130" time="224.896" errors="0" timestamp="2023-02-02T11:07:15 IST" skipped="0">
  <testcase classname="BookingMaskTC.verifyBookingsForMaxAndMinStayDurationWithActionCodeBA_TC126ToTC130" name="validateBookingAndPriceForMaxStayWithBA" time="48.876"/>
  <system-out>
    <![CDATA[Select TFT1 in TravelType dropdownList
Selected HK001 - (TESTING) from dropdown list
Selected room 804 from dropdown
Select Falk Tours AG in CompanyID dropdownList
Send number of passenger
Send correct KOS in input field
Send correct ProductCode in input field
Send roomcode in input field
Send correct boardName
Send Occupancy
Send bookinglines 
Send Travel from date
Send Travel To date
Select Number of passenger
Clicked on sendbookingButton
Validating Actual price 5780.00 and Expected Price 5780.00]]>
  </system-out>
  <testcase classname="BookingMaskTC.verifyBookingsForMaxAndMinStayDurationWithActionCodeBA_TC126ToTC130" name="validateBookingAndPriceForMinStayWithBA" time="43.467"/>
  <system-out>
    <![CDATA[Select TFT1 in TravelType dropdownList
Selected HK001 - (TESTING) from dropdown list
Selected room 804 from dropdown
Select Falk Tours AG in CompanyID dropdownList
Send number of passenger
Send correct KOS in input field
Send correct ProductCode to input field
Send roomcode in input field
Send correct boardName
Send Occupancy
Send bookinglines 
Send Travel from date
Send Travel To date
Select Number of passenger
Clicked on sendbookingButton
Validating Actual price 3468.00 and Expected Price 3468.00]]>
  </system-out>
  <testcase classname="BookingMaskTC.verifyBookingsForMaxAndMinStayDurationWithActionCodeBA_TC126ToTC130" name="validateErrorMessageForAboveMaxStayWithBA" time="43.849"/>
  <system-out>
    <![CDATA[Select TFT1 in TravelType dropdownList
Selected HK001 - (TESTING) from dropdown list
Selected room 804 from dropdown
Select Falk Tours AG in CompanyID dropdownList
Send number of passenger
Send correct KOS in input field
Send correct ProductCode in input field
Send roomcode in input field
Send correct boardName
Send Occupancy
Send bookinglines 
Send Travel from date
Send Travel To date
Select Number of passenger
Clicked on sendbookingButton
Validating Actual message Maximale Aufenthaltsdauer 端berschritten                                                                                                                                                                                                                                                                                          and Expected message Maximale Aufenthaltsdauer 端berschritten                                                                                                                                                                                                                                                                                         ]]>
  </system-out>
  <testcase classname="BookingMaskTC.verifyBookingsForMaxAndMinStayDurationWithActionCodeBA_TC126ToTC130" name="validateBookingAndPriceBetweenMinAndMaxStayWithBA" time="44.646"/>
  <system-out>
    <![CDATA[Select TFT1 in TravelType dropdownList
Selected HK001 - (TESTING) from dropdown list
Selected room 804 from dropdown
Select Falk Tours AG in CompanyID dropdownList
Send number of passenger
Send correct KOS in input field
Send correct ProductCode in input field
Send roomcode in input field
Send correct boardName
Send Occupancy
Send bookinglines 
Send Travel from date
Send Travel To date
Select Number of passenger
Clicked on sendbookingButton
Validating Actual price 4624.00 and Expected Price 4624.00]]>
  </system-out>
  <testcase classname="BookingMaskTC.verifyBookingsForMaxAndMinStayDurationWithActionCodeBA_TC126ToTC130" name="validteErrorMessageForBelowMinStayWithBA" time="44.058"/>
  <system-out>
    <![CDATA[Select TFT1 in TravelType dropdownList
Selected HK001 - (TESTING) from dropdown list
Selected room 804 from dropdown
Select Falk Tours AG in CompanyID dropdownList
Send number of passenger
Send correct KOS in input field
Send correct ProductCode in input field
Send roomcode in input field
Send correct boardName
Send Occupancy
Send bookinglines 
Send Travel from date
Send Travel To date
Select Number of passenger
Clicked on sendbookingButton
Validating Actual message Mindestaufenthaltsdauer unterschritten bzw Maximale Aufenthaltsdauer 端berschritten                                                                                                                                                                                                                                               and Expected message Mindestaufenthaltsdauer unterschritten bzw Maximale Aufenthaltsdauer 端berschritten                                                                                                                                                                                                                                              ]]>
  </system-out>
</testsuite> <!-- BookingMaskTC.verifyBookingsForMaxAndMinStayDurationWithActionCodeBA_TC126ToTC130 -->
