<?xml version="1.0" encoding="UTF-8"?>
<!-- Generated by org.testng.reporters.JUnitReportReporter -->
<testsuite hostname="DGIT-0099" failures="0" tests="1" name="Booking_AllotmentTestCases.TC_03" time="174.327" errors="0" timestamp="2023-04-10T15:12:47 IST" skipped="0">
  <testcase classname="Booking_AllotmentTestCases.TC_03" name="validateAllotmentForTwoSeasonDates" time="174.327"/>
  <system-out>
    <![CDATA[Validating Actual allotment number on Price page for season_A in contracts is 10 and Expected initial allotment number for season_A in Allotment page is 10
Validating Actual allotment number on Price page for season_A in contracts is 10 and Expected current allotment number for season_A in Allotment page is 10
Validating Actual allotment number on Price page for season_A in contracts is 10 and Expected Remaining allotment number for season_A in Allotment page is 10
Validating Actual allotment number on Price page for season_B in contracts is 20 and Expected initial allotment number for season_B in Allotment page is 20
Validating Actual allotment number on Price page for season_B in contracts is 20 and Expected current allotment number for season_B in Allotment page is 20
Validating Actual allotment number on Price page for season_B in contracts is 20 and Expected Remaining allotment number for season_B in Allotment page is 20]]>
  </system-out>
</testsuite> <!-- Booking_AllotmentTestCases.TC_03 -->
