<?xml version="1.0" encoding="UTF-8"?>
<!-- Generated by org.testng.reporters.JUnitReportReporter -->
<testsuite hostname="DGIT-0099" failures="0" tests="2" name="Booking_AllotmentTestCases.verifyBookingAfterApplyStopSalesTC11andTC12" time="182.111" errors="0" timestamp="2023-05-17T12:22:16 IST" skipped="0">
  <testcase classname="Booking_AllotmentTestCases.verifyBookingAfterApplyStopSalesTC11andTC12" name="validateBookingAfterStopSalesWithDatesInsideStopSalesDuration" time="90.644"/>
  <system-out>
    <![CDATA[Send start date of season_E on allotment page
Send end date of season_E on allotment page
Clicked on load allotment
Clicked on Change allotment button
Enter start date for room1
Enter until date for room1
Clicked on dashboardLink
Clicked on sales dropdown in Dashboard
Clicked on sales Booking in Dashboard
Clicked on create Button in sales Booking page
Select TFT1 in TravelType dropdownList
Selected HK004 - (TEST) from dropdown list
Select Falk Tours AG in CompanyID dropdownList
Send Booking action
Send number of passenger
Send correct KOS in input field
Send correct ProductCode in input field
Send roomcode in input field
Send correct boardName
Send Occupancy
Send bookinglines 
Send Travel from date for season-E
Send Travel To date for season-E
Send Number of passenger
Clicked on sendbookingButton
Validating Actual message Kontingent nicht mehr verfügbar.                                                                                                                                                                                                                                                                                                 and Expected message Kontingent nicht mehr verfügbar.                                                                                                                                                                                                                                                                                                                                                                                                                                                                                                                                                                                       ]]>
  </system-out>
  <testcase classname="Booking_AllotmentTestCases.verifyBookingAfterApplyStopSalesTC11andTC12" name="validateBookingAfterStopSalesWithDatesOutsideStopSalesDuration" time="91.467"/>
  <system-out>
    <![CDATA[Send start date of season_E on allotment page
Send end date of season_E on allotment page
Clicked on load allotment
Clicked on Change allotment button
Enter start date for room1
Enter until date for room1
Clicked on dashboardLink
Clicked on sales dropdown in Dashboard
Clicked on sales Booking in Dashboard
Clicked on create Button in sales Booking page
Select TFT1 in TravelType dropdownList
Selected HK004 - (TEST) from dropdown list
Select Falk Tours AG in CompanyID dropdownList
Send Booking action
Send number of passenger
Send correct KOS in input field
Send correct ProductCode in input field
Send roomcode in input field
Send correct boardName
Send Occupancy
Send bookinglines 
Send Travel from date for season-E
Send Travel To date for season-E
Send Number of passenger
Clicked on sendbookingButton
Validating Actual price for season-E is 3556.00 and Expected price for season-E is 3556.00]]>
  </system-out>
</testsuite> <!-- Booking_AllotmentTestCases.verifyBookingAfterApplyStopSalesTC11andTC12 -->
