<?xml version="1.0" encoding="UTF-8"?>
<!-- Generated by org.testng.reporters.JUnitReportReporter -->
<testsuite hostname="DGIT-0099" failures="0" tests="1" name="BookingMaskTC.multisaleslineBookingWithDiffDateAndLessthanMinStay_TC149" time="52.715" errors="0" timestamp="2023-01-31T12:30:38 IST" skipped="0">
  <testcase classname="BookingMaskTC.multisaleslineBookingWithDiffDateAndLessthanMinStay_TC149" name="validategetmultisalesLinesBookingErrorMsgwithInValidStay" time="52.715"/>
  <system-out>
    <![CDATA[Validating Actual message Mindestaufenthaltsdauer unterschritten bzw Maximale Aufenthaltsdauer überschritten                                                                                                                                                                                                                                               and Expected message Mindestaufenthaltsdauer unterschritten bzw Maximale Aufenthaltsdauer überschritten                                                                                                                                                                                                                                              ]]>
  </system-out>
</testsuite> <!-- BookingMaskTC.multisaleslineBookingWithDiffDateAndLessthanMinStay_TC149 -->
