<?xml version="1.0" encoding="UTF-8"?>
<!-- Generated by org.testng.reporters.JUnitReportReporter -->
<testsuite hostname="DGIT-0099" failures="0" tests="1" name="SalesBookingListTestCases.TC05" time="36.393" errors="0" timestamp="2023-03-21T09:27:04 IST" skipped="0">
  <testcase classname="SalesBookingListTestCases.TC05" name="ValidateBookingStatus" time="36.393"/>
  <system-out>
    <![CDATA[Validating Actual Text is Booking New
Dashboard
SalesBooking
SalesBookingCreate and Expected text is Booking New
Dashboard
SalesBooking
SalesBookingCreate]]>
  </system-out>
</testsuite> <!-- SalesBookingListTestCases.TC05 -->
