<?xml version="1.0" encoding="UTF-8"?>
<!-- Generated by org.testng.reporters.JUnitReportReporter -->
<testsuite hostname="DGIT-0099" failures="0" tests="3" name="BookingMaskTestCases.VerifyModifyBookingWithMinMaxStayDurationTC140ToTC142" time="231.630" errors="0" timestamp="2023-07-26T16:19:13 IST" skipped="0">
  <testcase classname="BookingMaskTestCases.VerifyModifyBookingWithMinMaxStayDurationTC140ToTC142" name="validateBookingToLessthanMinStay" time="57.259">
    <system-out>
      <![CDATA[Select Falk Tours AG in CompanyID dropdownList
Select TFT1 in TravelType dropdownList
Selected HK001 - (TESTING) from dropdown list
Selected room 806 from dropdown
Send number of passenger
Send correct KOS in input field
Send correct ProductCode in input field
Send roomcode in input field
Send correct boardName
Send Occupancy
Send bookinglines 
Send Travel from date for Season-G
Send Travel To date for Season-G
Send Number of passenger
Click on sendBookingButton after U action code
Send Modified Travel from date
Send Modified Travel To date
Click on sendBookingButton after U action code
Validating Actual message Mindestaufenthaltsdauer unterschritten bzw Maximale Aufenthaltsdauer überschritten                                                                                                                                                                                                                                               and Expected message Mindestaufenthaltsdauer unterschritten bzw Maximale Aufenthaltsdauer überschritten                                                                                                                                                                                                                                              ]]>
    </system-out>
  </testcase> <!-- validateBookingToLessthanMinStay -->
  <testcase classname="BookingMaskTestCases.VerifyModifyBookingWithMinMaxStayDurationTC140ToTC142" name="validateBookingToMorethanMaxStay" time="54.957">
    <system-out>
      <![CDATA[Select Falk Tours AG in CompanyID dropdownList
Select TFT1 in TravelType dropdownList
Selected HK001 - (TESTING) from dropdown list
Selected room 806 from dropdown
Send number of passenger
Send correct KOS in input field
Send correct ProductCode in input field
Send roomcode in input field
Send correct boardName
Send Occupancy
Send bookinglines 
Send Travel from date
Send Travel To date
Select Number of passenger
Click on sendBookingButton after U action code
Send Modified Travel from date
Send Modified Travel To date
Click on sendBookingButton after U action code
Validating Actual message Maximale Aufenthaltsdauer überschritten                                                                                                                                                                                                                                                                                          and Expected message Maximale Aufenthaltsdauer überschritten                                                                                                                                                                                                                                                                                         ]]>
    </system-out>
  </testcase> <!-- validateBookingToMorethanMaxStay -->
  <testcase classname="BookingMaskTestCases.VerifyModifyBookingWithMinMaxStayDurationTC140ToTC142" name="validateBookingWithVaildStay" time="119.414">
    <system-out>
      <![CDATA[Select Falk Tours AG in CompanyID dropdownList
Select TFT1 in TravelType dropdownList
Selected HK001 - (TESTING) from dropdown list
Selected room 806 from dropdown
Send number of passenger
Send correct KOS in input field
Send correct ProductCode in input field
Send roomcode in input field
Send correct boardName
Send Occupancy
Send bookinglines 
Send Travel from date
Send Travel To date
Send Number of passenger
Click on sendBookingButton after U action code
Clicked on ViewList
Clicked on sendTBMcode to verify booking is done or not
Clicked on Booking listButton
Send TBM code
Clicked on Booking listButton
Clicked on Edit booking1
Change booking action to U
Send Modified Travel from date
Send Modified Travel To date
Click on sendBookingButton after U action code
Clicked on ViewList
Clicked on sendTBMcode to verify booking is done or not
Send TBM code
Clicked on Booking listButton
Validating Expected ReservationNo 421878977/02 and Actual ReservationNo is 421878977/02
Validating Actual price 6670.00 and Expected Price 6670.00]]>
    </system-out>
  </testcase> <!-- validateBookingWithVaildStay -->
  <system-out>
    <![CDATA[Browser Launch 
Valid Username Entered
Valid Password Entered
Clicked on Dashboard button
Select the Falk Tours AG from given list
Clicked on proceed button
Clicked on sales dropdown in Dashboard
Clicked on sales Booking in Dashboard
Clicked on create Button in sales Booking page
Select Falk Tours AG in CompanyID dropdownList
Select TFT1 in TravelType dropdownList
Selected HK001 - (TESTING) from dropdown list
Selected room 806 from dropdown
Send number of passenger
Send correct KOS in input field
Send correct ProductCode in input field
Send roomcode in input field
Send correct boardName
Send Occupancy
Send bookinglines 
Send Travel from date for Season-G
Send Travel To date for Season-G
Send Number of passenger
Click on sendBookingButton after U action code
Send Modified Travel from date
Send Modified Travel To date
Click on sendBookingButton after U action code
Validating Actual message Mindestaufenthaltsdauer unterschritten bzw Maximale Aufenthaltsdauer überschritten                                                                                                                                                                                                                                               and Expected message Mindestaufenthaltsdauer unterschritten bzw Maximale Aufenthaltsdauer überschritten                                                                                                                                                                                                                                              
Clicking on Logout Button in Booking Mask page
Logout from Booking Mask Page
Valid Username Entered
Valid Password Entered
Clicked on Dashboard button
Select the Falk Tours AG from given list
Clicked on proceed button
Clicked on sales dropdown in Dashboard
Clicked on sales Booking in Dashboard
Clicked on create Button in sales Booking page
Select Falk Tours AG in CompanyID dropdownList
Select TFT1 in TravelType dropdownList
Selected HK001 - (TESTING) from dropdown list
Selected room 806 from dropdown
Send number of passenger
Send correct KOS in input field
Send correct ProductCode in input field
Send roomcode in input field
Send correct boardName
Send Occupancy
Send bookinglines 
Send Travel from date
Send Travel To date
Select Number of passenger
Click on sendBookingButton after U action code
Send Modified Travel from date
Send Modified Travel To date
Click on sendBookingButton after U action code
Validating Actual message Maximale Aufenthaltsdauer überschritten                                                                                                                                                                                                                                                                                          and Expected message Maximale Aufenthaltsdauer überschritten                                                                                                                                                                                                                                                                                         
Clicking on Logout Button in Booking Mask page
Logout from Booking Mask Page
Valid Username Entered
Valid Password Entered
Clicked on Dashboard button
Select the Falk Tours AG from given list
Clicked on proceed button
Clicked on sales dropdown in Dashboard
Clicked on sales Booking in Dashboard
Clicked on create Button in sales Booking page
Select Falk Tours AG in CompanyID dropdownList
Select TFT1 in TravelType dropdownList
Selected HK001 - (TESTING) from dropdown list
Selected room 806 from dropdown
Send number of passenger
Send correct KOS in input field
Send correct ProductCode in input field
Send roomcode in input field
Send correct boardName
Send Occupancy
Send bookinglines 
Send Travel from date
Send Travel To date
Send Number of passenger
Click on sendBookingButton after U action code
Clicked on ViewList
Clicked on sendTBMcode to verify booking is done or not
Clicked on Booking listButton
Send TBM code
Clicked on Booking listButton
Clicked on Edit booking1
Change booking action to U
Send Modified Travel from date
Send Modified Travel To date
Click on sendBookingButton after U action code
Clicked on ViewList
Clicked on sendTBMcode to verify booking is done or not
Send TBM code
Clicked on Booking listButton
Validating Expected ReservationNo 421878977/02 and Actual ReservationNo is 421878977/02
Validating Actual price 6670.00 and Expected Price 6670.00
Clicking on Logout Button in Booking Mask page
Logout from Booking Mask Page
Closing Browser]]>
  </system-out>
</testsuite> <!-- BookingMaskTestCases.VerifyModifyBookingWithMinMaxStayDurationTC140ToTC142 -->
