<?xml version="1.0" encoding="UTF-8"?>
<!-- Generated by org.testng.reporters.JUnitReportReporter -->
<testsuite hostname="DGIT-0099" failures="0" tests="1" name="TestNGTest.CopyrightMsgOnLoginPageValidation_TC17" time="0.659" errors="0" timestamp="2022-10-13T15:58:44 IST" skipped="0">
  <testcase classname="TestNGTest.CopyrightMsgOnLoginPageValidation_TC17" name="ValidateTextOnLoginPageTest" time="0.659"/>
  <system-out>
    <![CDATA[Validating actual & Expected Msg]]>
  </system-out>
</testsuite> <!-- TestNGTest.CopyrightMsgOnLoginPageValidation_TC17 -->
