<?xml version="1.0" encoding="UTF-8"?>
<!-- Generated by org.testng.reporters.JUnitReportReporter -->
<testsuite hostname="DGIT-0099" failures="0" tests="2" name="Booking_AllotmentTestCases.verifyAllotmentwithRoomBooking_TC07" time="60.252" errors="0" timestamp="2023-04-13T14:13:04 IST" skipped="1">
  <testcase classname="Booking_AllotmentTestCases.verifyAllotmentwithRoomBooking_TC07" name="validateApplyStopSales" time="60.252"/>
  <system-out>
    <![CDATA[Send start date of season_E on allotment page
Send end date of season_E on allotment page
Clicked on load allotment
Clicked on Change allotment button
Enter start date for room1
Enter until date for room1
Send start date of season_E on allotment page
Send end date of season_E on allotment page
Validating Actual initial allotment is 5 and Expected allotment for season_E is 5
Validating Actual current allotment is 5 and Expected allotment for season_E is 5
Validating Actual sold allotment is 0 and Expected allotment for season_E is 0
Validating Actual remaining allotment is 5 and Expected allotment for season_E is 5
Validating Actual Stop sale text is - and Expected stop sales text for season_E is -]]>
  </system-out>
  <testcase classname="Booking_AllotmentTestCases.verifyAllotmentwithRoomBooking_TC07" name="validateIncrDecrAllotWithRoomBooking">
    <skipped/>
  </testcase> <!-- validateIncrDecrAllotWithRoomBooking -->
  <system-out/>
</testsuite> <!-- Booking_AllotmentTestCases.verifyAllotmentwithRoomBooking_TC07 -->
