<?xml version="1.0" encoding="UTF-8"?>
<!-- Generated by org.testng.reporters.JUnitReportReporter -->
<testsuite hostname="DGIT-0099" failures="0" tests="2" name="BookingMaskTC.verifyBookingForMinStayForFirstAndSecondMonthTC131ToTC132" time="144.920" errors="0" timestamp="2023-02-02T12:12:09 IST" skipped="0">
  <testcase classname="BookingMaskTC.verifyBookingForMinStayForFirstAndSecondMonthTC131ToTC132" name="validateBookingForSecondMonthWithMinStay" time="58.354"/>
  <system-out>
    <![CDATA[Select TFT1 in TravelType dropdownList
Selected HK001 - (TESTING) from dropdown list
Selected room 804 from dropdown
Select Falk Tours AG in CompanyID dropdownList
Send number of passenger
Send correct KOS in input field
Send correct ProductCode in input field
Send roomcode in input field
Send correct boardName
Send Occupancy
Send bookinglines 
Send Travel from date
Send Travel To date
Select Number of passenger
Clicked on sendbookingButton
Clicked on sendbookingButton
Validating Actual message Mindestaufenthaltsdauer unterschritten bzw Maximale Aufenthaltsdauer überschritten                                                                                                                                                                                                                                               and Expected message Mindestaufenthaltsdauer unterschritten bzw Maximale Aufenthaltsdauer überschritten                                                                                                                                                                                                                                              ]]>
  </system-out>
  <testcase classname="BookingMaskTC.verifyBookingForMinStayForFirstAndSecondMonthTC131ToTC132" name="validateBookingForFirstMonthWithMinStay" time="86.566"/>
  <system-out>
    <![CDATA[Select TFT1 in TravelType dropdownList
Selected HK001 - (TESTING) from dropdown list
Selected room 804 from dropdown
Select Falk Tours AG in CompanyID dropdownList
Send number of passenger
Send correct KOS in input field
Send correct ProductCode to input field
Send roomcode in input field
Send correct boardName
Send Occupancy
Send bookinglines 
Send Travel from date
Send Travel To date
Select Number of passenger
Clicked on sendbookingButton
Clicked on sendbookingButton
Clicked on ViewList
Clicked on sendTBMcode to verify booking is done or not
Clicked on Booking listButton
Send TBM code
Clicked on Booking listButton
Validating Expected ReservationNo 677924673/01 and Actual ReservationNo is 677924673/01
Validating Actual price 888.00 and Expected Price 888.00]]>
  </system-out>
</testsuite> <!-- BookingMaskTC.verifyBookingForMinStayForFirstAndSecondMonthTC131ToTC132 -->
