<?xml version="1.0" encoding="UTF-8"?>
<!-- Generated by org.testng.reporters.JUnitReportReporter -->
<testsuite hostname="DGIT-0099" failures="0" tests="3" name="BookingMaskTC.verifyTravelDatesConditionSetMonAndTues_TC102ToTC104" time="141.323" errors="0" timestamp="2023-02-01T12:22:44 IST" skipped="0">
  <testcase classname="BookingMaskTC.verifyTravelDatesConditionSetMonAndTues_TC102ToTC104" name="validatePriceForTuesNightOnlyWeekdaySetMonAndTues" time="44.753"/>
  <system-out>
    <![CDATA[Select TFT1 in TravelType dropdownList
Selected HK001 - (TESTING) from dropdown list
Selected room 805 from dropdown
Select Falk Tours AG in CompanyID dropdownList
Send number of passenger
Send correct KOS in input field
Send correct ProductCode in input field
Send roomcode in input field
Send correct boardName
Send Occupancy
Send bookinglines 
Send Travel from date
Send Travel To date
Select Number of passenger
Clicked on sendbookingButton
Validating Actual price 134.00 and Expected Price 134.00]]>
  </system-out>
  <testcase classname="BookingMaskTC.verifyTravelDatesConditionSetMonAndTues_TC102ToTC104" name="validatePriceForMonToWedWeekdaySetMonAndTues" time="52.245"/>
  <system-out>
    <![CDATA[Select TFT1 in TravelType dropdownList
Selected HK001 - (TESTING) from dropdown list
Selected room 805 from dropdown
Select Falk Tours AG in CompanyID dropdownList
Send number of passenger
Send correct KOS in input field
Send correct ProductCode in input field
Send roomcode in input field
Send correct boardName
Send Occupancy
Send bookinglines 
Send Travel from date
Send Travel To date
Select Number of passenger
Clicked on sendbookingButton
Validating Actual price 268.00 and Expected Price 268.00]]>
  </system-out>
  <testcase classname="BookingMaskTC.verifyTravelDatesConditionSetMonAndTues_TC102ToTC104" name="validatePriceForMonNightOnlyWeekdaySetMonAndTues" time="44.325"/>
  <system-out>
    <![CDATA[Select TFT1 in TravelType dropdownList
Selected HK001 - (TESTING) from dropdown list
Selected room 805 from dropdown
Select Falk Tours AG in CompanyID dropdownList
Send number of passenger
Send correct KOS in input field
Send correct ProductCode in input field
Send roomcode in input field
Send correct boardName
Send Occupancy
Send bookinglines 
Send Travel from date
Send Travel To date
Select Number of passenger
Clicked on sendbookingButton
Validating Actual price 134.00 and Expected Price 134.00]]>
  </system-out>
</testsuite> <!-- BookingMaskTC.verifyTravelDatesConditionSetMonAndTues_TC102ToTC104 -->
