<?xml version="1.0" encoding="UTF-8"?>
<!-- Generated by org.testng.reporters.JUnitReportReporter -->
<testsuite hostname="DGIT-0099" failures="0" tests="1" name="LoginPageTC.RecoverPasswordAndBackToLoginVaidation_TC09" time="0.983" errors="0" timestamp="2022-12-16T11:40:04 IST" skipped="0">
  <testcase classname="LoginPageTC.RecoverPasswordAndBackToLoginVaidation_TC09" name="RecoverPasswordAndGoBackToLoginTest" time="0.983"/>
  <system-out>
    <![CDATA[Validating actual Copyright © Zeus 2022 and Expected Text Copyright © Zeus 2022]]>
  </system-out>
</testsuite> <!-- LoginPageTC.RecoverPasswordAndBackToLoginVaidation_TC09 -->
