<?xml version="1.0" encoding="UTF-8"?>
<!-- Generated by org.testng.reporters.JUnitReportReporter -->
<testsuite hostname="DGIT-0099" failures="0" tests="1" name="BookingMaskTC.verifyTravelDateInBetweenSeasonA_TC79" time="48.874" errors="0" timestamp="2022-12-28T11:55:57 IST" skipped="0">
  <testcase classname="BookingMaskTC.verifyTravelDateInBetweenSeasonA_TC79" name="validatePriceInBetweenSeasonA" time="48.874"/>
  <system-out>
    <![CDATA[Validating Actual price 2220.00 and Expected Price 2220.00]]>
  </system-out>
</testsuite> <!-- BookingMaskTC.verifyTravelDateInBetweenSeasonA_TC79 -->
