<?xml version="1.0" encoding="UTF-8"?>
<!-- Generated by org.testng.reporters.JUnitReportReporter -->
<testsuite hostname="DGIT-0099" failures="0" tests="1" name="BookingMaskTC.verifyTravelDateIncludeSeasonBandC_TC84" time="49.358" errors="0" timestamp="2023-01-08T21:35:09 IST" skipped="0">
  <testcase classname="BookingMaskTC.verifyTravelDateIncludeSeasonBandC_TC84" name="validateTravelDateBetweenBandC" time="49.358"/>
  <system-out>
    <![CDATA[Validating Actual price 2222.00 and Expected Price 2222.00]]>
  </system-out>
</testsuite> <!-- BookingMaskTC.verifyTravelDateIncludeSeasonBandC_TC84 -->
