<?xml version="1.0" encoding="UTF-8"?>
<!-- Generated by org.testng.reporters.JUnitReportReporter -->
<testsuite hostname="DGIT-0099" failures="0" tests="3" name="BookingMaskTC.TCC51" time="107.377" errors="0" timestamp="2023-01-20T10:02:11 IST" skipped="2">
  <testcase classname="BookingMaskTC.TCC51" name="validateBookingAndPriceForRoomOccupancyWithMaxLimit" time="107.377"/>
  <system-out>
    <![CDATA[Select TFT1 in TravelType dropdownList
Selected HK001 - (TESTING) from dropdown list
Select Falk Tours AG in CompanyID dropdownList
Send number of passenger
Send correct KOS in input field
Send correct ProductCode in input field
Send roomcode in input field
Send correct boardName
Send Occupancy
Send bookinglines 
Send Travel from date
Send Travel To date
Select Number of passenger
Clicked on sendbookingButton
Clicked on ViewList
Clicked on sendTBMcode to verify booking is done or not
Send TBM code
Clicked on Booking listButton
Validating Expected ReservationNo 511245587/01 and Actual ReservationNo is 511245587/01
Validating Actual price 5334.00 and Expected Price 5334.00]]>
  </system-out>
  <testcase classname="BookingMaskTC.TCC51" name="validateBookingAndPriceForRoomOccupancyWithMinLimit">
    <skipped/>
  </testcase> <!-- validateBookingAndPriceForRoomOccupancyWithMinLimit -->
  <system-out/>
  <testcase classname="BookingMaskTC.TCC51" name="validateBookingAndPriceForRoomOccupancyWithMaxLimits">
    <skipped/>
  </testcase> <!-- validateBookingAndPriceForRoomOccupancyWithMaxLimits -->
  <system-out/>
</testsuite> <!-- BookingMaskTC.TCC51 -->
