<?xml version="1.0" encoding="UTF-8"?>
<!-- Generated by org.testng.reporters.JUnitReportReporter -->
<testsuite hostname="DGIT-0099" failures="0" tests="2" name="BookingMaskTC.verifyModifyBookingByDeletingArriDepaConditionTC156AndTC157" time="263.013" errors="0" timestamp="2023-01-31T16:48:45 IST" skipped="0">
  <testcase classname="BookingMaskTC.verifyModifyBookingByDeletingArriDepaConditionTC156AndTC157" name="validateBookingByDeletingArriDeparCondition" time="105.335"/>
  <system-out>
    <![CDATA[Select TFT1 in TravelType dropdownList
Selected HK001 - (TESTING) from dropdown list
Select TFT1 in TravelType dropdownList
Selected HK001 - (TESTING) from dropdown list
Select Falk Tours AG in CompanyID dropdownList
Send number of passengers
Send correct KOS in input field
Send correct ProductCode in input field
Send roomcode in input field
Send correct boardName
Send Occupancy
Send bookinglines 
Send Travel from date
Send Travel To date
Select Number of passenger
Send correct KOS in input field
Send correct ProductCode in input field
Send roomcode in input field
Send correct boardName
Send Occupancy
Send bookinglines 
Send Travel from date
Send Travel To date
Select Number of passenger
Send correct KOS in input field
Send correct ProductCode in input field
Send roomcode in input field
Send correct boardName
Send Occupancy
Send bookinglines 
Send Travel from date
Send Travel To date 
Select Number of passenger
Clicked on sendbookingButton
Clicked on ViewList
Clicked on sendTBMcode to verify booking is done or not
Clicked on Booking listButton
Send TBM code
Clicked on Booking listButton
Validating Expected ReservationNo 997257621/01 and Actual ReservationNo is 997257621/01]]>
  </system-out>
  <testcase classname="BookingMaskTC.verifyModifyBookingByDeletingArriDepaConditionTC156AndTC157" name="validateBookingModificationByDeletingArriDeparCondition" time="157.678"/>
  <system-out>
    <![CDATA[Select TFT1 in TravelType dropdownList
Selected HK001 - (TESTING) from dropdown list
Select TFT1 in TravelType dropdownList
Selected HK001 - (TESTING) from dropdown list
Select Falk Tours AG in CompanyID dropdownList
Send number of passengers
Send correct KOS in input field
Send correct ProductCode in input field
Send roomcode in input field
Send correct boardName
Send Occupancy
Send bookinglines 
Send Travel from date
Send Travel To date
Select Number of passenger
Send correct KOS in input field
Send correct ProductCode in input field
Send roomcode in input field
Send correct boardName
Send Occupancy
Send bookinglines 
Send Travel from date
Send Travel To date
Select Number of passenger
Send correct KOS in input field
Send correct ProductCode in input field
Send roomcode in input field
Send correct boardName
Send Occupancy
Send bookinglines 
Send Travel from date
Send Travel To date 
Select Number of passenger
Clicked on sendbookingButton
Clicked on ViewList
Clicked on sendTBMcode to verify booking is done or not
Clicked on Booking listButton
Send TBM code
Clicked on Booking listButton
Clicked on Edit booking1
Change Booking Action to U
Send Modified Travel from date for KOS1
Send Modified Travel To date for KOS1
Send Modified Travel from date for KOS2
Send Modified Travel To date FOR KOS2
Send Modified Travel from date for KOS3
Send Modified Travel To date for KOS3
Clicked on sendbookingButton
Actual Reservation Number from Booking Page
Clicked on ViewList
Clicked on sendTBMcode to verify booking is done or not
Clicked on Booking listButton
Send TBM code
Clicked on Booking listButton
Validating Modified ReservationNo with Action code U is 855258329/02 and Actual ReservationNo with Action code U 855258329/02]]>
  </system-out>
</testsuite> <!-- BookingMaskTC.verifyModifyBookingByDeletingArriDepaConditionTC156AndTC157 -->
