<?xml version="1.0" encoding="UTF-8"?>
<!-- Generated by org.testng.reporters.JUnitReportReporter -->
<testsuite hostname="DGIT-0099" failures="0" tests="1" name="BookingMaskTC.TCC12" time="113.599" errors="0" timestamp="2022-11-26T15:27:59 IST" skipped="0">
  <testcase classname="BookingMaskTC.TCC12" name="validatePriceFieldWithBookingInquiry" time="113.599"/>
  <system-out>
    <![CDATA[Validating Actual message Der angefragte Zeitraum liegt außerhalb der Vertragslaufzeit.                                                                                                                                                                                                                                                                    and Expected message Der angefragte Zeitraum liegt außerhalb der Vertragslaufzeit.                                                                                                                                                                                                                                                                   ]]>
  </system-out>
</testsuite> <!-- BookingMaskTC.TCC12 -->
