<?xml version="1.0" encoding="UTF-8"?>
<!-- Generated by org.testng.reporters.JUnitReportReporter -->
<testsuite hostname="DGIT-0099" failures="0" tests="1" name="Booking_AllotmentTestCases.eg1" time="216.252" errors="0" timestamp="2023-04-05T18:06:53 IST" skipped="0">
  <testcase classname="Booking_AllotmentTestCases.eg1" name="validatePriceFieldWithBA" time="216.252"/>
  <system-out>
    <![CDATA[Validating Actual allotment number is 5 and Expected allotment number is 5
Validating Actual allotment number is 2 and Expected allotment number is 2]]>
  </system-out>
</testsuite> <!-- Booking_AllotmentTestCases.eg1 -->
