<?xml version="1.0" encoding="UTF-8"?>
<!-- Generated by org.testng.reporters.JUnitReportReporter -->
<testsuite hostname="DGIT-0099" failures="0" tests="1" name="BookingMaskTestCases.verifyConfirmBookingWithB_TC02" time="98.045" errors="0" timestamp="2023-02-24T15:05:00 IST" skipped="0">
  <testcase classname="BookingMaskTestCases.verifyConfirmBookingWithB_TC02" name="validateReservationNoField" time="98.045"/>
  <system-out>
    <![CDATA[Validating Expected ReservationNo 523724673/01 and Actual ReservationNo is 523724673/01]]>
  </system-out>
</testsuite> <!-- BookingMaskTestCases.verifyConfirmBookingWithB_TC02 -->
