<?xml version="1.0" encoding="UTF-8"?>
<!-- Generated by org.testng.reporters.JUnitReportReporter -->
<testsuite hostname="DGIT-0099" failures="0" tests="1" name="BookingMaskTestCases.VerifyModifyBookingToDateOutOfContractTC24" time="119.662" errors="0" timestamp="2023-08-01T09:54:19 IST" skipped="0">
  <testcase classname="BookingMaskTestCases.VerifyModifyBookingToDateOutOfContractTC24" name="validateErrorMessageForOutOfContractDates" time="119.662">
    <system-out>
      <![CDATA[Validating Actual message Kontingent nicht mehr verf端gbar.                                                                                                                                                                                                                                                                                                 and Expected message Kontingent nicht mehr verf端gbar.                                                                                                                                                                                                                                                                                                ]]>
    </system-out>
  </testcase> <!-- validateErrorMessageForOutOfContractDates -->
  <system-out>
    <![CDATA[Browser Launch 
Valid Username Entered
Valid Password Entered
Clicked on Dashboard button
Select the Falk Tours AG from given list
Clicked on proceed button
Clicked on sales dropdown in Dashboard
Clicked on sales Booking in Dashboard
Clicked on create Button in sales Booking page
Select Falk Tours AG in CompanyID dropdownList
Select TFT1 in TravelType dropdownList
Selected HK001 - (TESTING) from dropdown list
Send number of passenger
Send correct KOS in input field
Send correct ProductCode in input field
Send roomcode in input field
Send correct boardName
Send Occupancy
Send bookinglines 
Send Travel from date for season-G
Send Travel To date for season-G
Select Number of passenger
Click on sendBookingButton after U action code
Clicked on ViewList
Clicked on sendTBMcode to verify booking is done or not
Clicked on Booking listButton
Send TBM code
Clicked on Booking listButton
Clicked on edit booking1
Send Modified Travel from date
Send Modified Travel To date
Click on sendBookingButton after U action code
Validating Actual message Kontingent nicht mehr verf端gbar.                                                                                                                                                                                                                                                                                                 and Expected message Kontingent nicht mehr verf端gbar.                                                                                                                                                                                                                                                                                                
Clicking on Logout Button in Booking Mask page
Logout from Booking Mask Page
Closing Browser]]>
  </system-out>
</testsuite> <!-- BookingMaskTestCases.VerifyModifyBookingToDateOutOfContractTC24 -->
