<?xml version="1.0" encoding="UTF-8"?>
<!-- Generated by org.testng.reporters.JUnitReportReporter -->
<testsuite hostname="DGIT-0099" failures="0" tests="1" name="BookingMaskTC.verifyBookingInquiryWithBlankTravelFromDate_TC04" time="35.581" errors="0" timestamp="2023-01-17T10:18:31 IST" skipped="0">
  <testcase classname="BookingMaskTC.verifyBookingInquiryWithBlankTravelFromDate_TC04" name="validateBookingInquiryWithBlankTravelFromDate" time="35.581"/>
  <system-out>
    <![CDATA[Validating actual Error message Travel From and Travel To date not proper. and Expected Error Message Travel From and Travel To date not proper.]]>
  </system-out>
</testsuite> <!-- BookingMaskTC.verifyBookingInquiryWithBlankTravelFromDate_TC04 -->
