<?xml version="1.0" encoding="UTF-8"?>
<!-- Generated by org.testng.reporters.JUnitReportReporter -->
<testsuite hostname="DGIT-0099" failures="0" tests="1" name="BookingMaskTestCases.VerifyBookingModificationWithEditOccupancyTC18" time="192.442" errors="0" timestamp="2023-04-10T11:45:10 IST" skipped="0">
  <testcase classname="BookingMaskTestCases.VerifyBookingModificationWithEditOccupancyTC18" name="validateBookingByEditingOccupancyWithU" time="192.442"/>
  <system-out>
    <![CDATA[Validating Actual ReservationNo 559388194/02 and Expected ReservationNo is 559388194/02
Validating Actual price 533280.00 and Expected Price 533280.00]]>
  </system-out>
</testsuite> <!-- BookingMaskTestCases.VerifyBookingModificationWithEditOccupancyTC18 -->
