<?xml version="1.0" encoding="UTF-8"?>
<!-- Generated by org.testng.reporters.JUnitReportReporter -->
<testsuite hostname="DGIT-0099" failures="0" tests="1" name="BookingMaskTC.TCC32" time="107.897" errors="0" timestamp="2022-12-06T12:13:21 IST" skipped="0">
  <testcase classname="BookingMaskTC.TCC32" name="validateReservationNoField" time="107.897"/>
  <system-out>
    <![CDATA[Validating Actual price 20010.00 and Expected Price 20010.00]]>
  </system-out>
</testsuite> <!-- BookingMaskTC.TCC32 -->
