<?xml version="1.0" encoding="UTF-8"?>
<!-- Generated by org.testng.reporters.JUnitReportReporter -->
<testsuite hostname="DGIT-0099" failures="0" tests="1" name="BookingMaskTC.verifyBookingModifyEnquiry_TC16" time="94.902" errors="0" timestamp="2023-02-15T09:10:34 IST" skipped="0">
  <testcase classname="BookingMaskTC.verifyBookingModifyEnquiry_TC16" name="validatepriceFieldWithChangeInBookingAction" time="94.902"/>
  <system-out>
    <![CDATA[Validating Actual price for Season-G  533280.00 and Expected Price for Season-G with UA action code is 533280.00]]>
  </system-out>
</testsuite> <!-- BookingMaskTC.verifyBookingModifyEnquiry_TC16 -->
