<?xml version="1.0" encoding="UTF-8"?>
<!-- Generated by org.testng.reporters.JUnitReportReporter -->
<testsuite hostname="DGIT-0099" failures="0" tests="1" name="TestNGTest.ValidateCopyrightMsgTC_17" time="0.053" errors="0" timestamp="2022-10-11T15:41:09 IST" skipped="0">
  <testcase classname="TestNGTest.ValidateCopyrightMsgTC_17" name="ValidateTextOnPageTest" time="0.053"/>
  <system-out>
    <![CDATA[Validating actual & Expected Msg]]>
  </system-out>
</testsuite> <!-- TestNGTest.ValidateCopyrightMsgTC_17 -->
