<?xml version="1.0" encoding="UTF-8"?>
<!-- Generated by org.testng.reporters.JUnitReportReporter -->
<testsuite hostname="DGIT-0099" failures="0" tests="1" name="BookingMaskTC.TCC92" time="53.429" errors="0" timestamp="2022-12-29T14:11:29 IST" skipped="0">
  <testcase classname="BookingMaskTC.TCC92" name="validatePriceForWeekDay" time="53.429"/>
  <system-out>
    <![CDATA[Validating Actual price 8888.00 and Expected Price 8888.00]]>
  </system-out>
</testsuite> <!-- BookingMaskTC.TCC92 -->
