<?xml version="1.0" encoding="UTF-8"?>
<!-- Generated by org.testng.reporters.JUnitReportReporter -->
<testsuite hostname="DGIT-0099" failures="0" tests="1" name="BookingMaskTestCases.verifyTravelToDateLessThanTravelFromDate_TC08" time="41.416" errors="0" timestamp="2023-02-27T09:16:30 IST" skipped="0">
  <testcase classname="BookingMaskTestCases.verifyTravelToDateLessThanTravelFromDate_TC08" name="validateTravelToDateLessThanTravelFromDatePopUpMessageonBM" time="41.416"/>
  <system-out>
    <![CDATA[Validating Actual Message Travel From should be less than Travel To date. and Expected Message Travel From should be less than Travel To date.]]>
  </system-out>
</testsuite> <!-- BookingMaskTestCases.verifyTravelToDateLessThanTravelFromDate_TC08 -->
