<?xml version="1.0" encoding="UTF-8"?>
<!-- Generated by org.testng.reporters.JUnitReportReporter -->
<testsuite hostname="DGIT-0099" failures="0" tests="1" name="SalesBookingListTestCases.VerifyCreateBookingButtonTC4" time="29.827" errors="0" timestamp="2023-03-23T11:20:50 IST" skipped="0">
  <testcase classname="SalesBookingListTestCases.VerifyCreateBookingButtonTC4" name="ValidateCreateBookingButton" time="29.827"/>
  <system-out>
    <![CDATA[Validating Actual Text in Booking mask page is Booking Mask and Expected text in Booking mask page is Booking Mask]]>
  </system-out>
</testsuite> <!-- SalesBookingListTestCases.VerifyCreateBookingButtonTC4 -->
