<?xml version="1.0" encoding="UTF-8"?>
<!-- Generated by org.testng.reporters.JUnitReportReporter -->
<testsuite hostname="DGIT-0099" failures="0" tests="1" name="BookingMaskTC.verifyEnteringTravelFromBeforeContract_TC13" time="58.286" errors="0" timestamp="2023-02-03T14:24:56 IST" skipped="0">
  <testcase classname="BookingMaskTC.verifyEnteringTravelFromBeforeContract_TC13" name="validateMessageOnBMpage" time="58.286"/>
  <system-out>
    <![CDATA[Validating Actual message Kontingent nicht mehr verfügbar.                                                                                                                                                                                                                                                                                                 and Expected message Kontingent nicht mehr verfügbar.                                                                                                                                                                                                                                                                                                                                                                                                                                                                                                                                                                                       ]]>
  </system-out>
</testsuite> <!-- BookingMaskTC.verifyEnteringTravelFromBeforeContract_TC13 -->
