<?xml version="1.0" encoding="UTF-8"?>
<!-- Generated by org.testng.reporters.JUnitReportReporter -->
<testsuite hostname="DGIT-0099" failures="0" tests="4" name="BookingMaskTC.verifyPersonsLimitTC70ToTC73" time="362.021" errors="0" timestamp="2023-02-09T17:01:19 IST" skipped="0">
  <testcase classname="BookingMaskTC.verifyPersonsLimitTC70ToTC73" name="validateOccupancyForMinChildrenBooking" time="87.053"/>
  <system-out>
    <![CDATA[Select TFT1 in TravelType dropdownList
Selected HK001 - (TESTING) from dropdown list
Selected room 807 from dropdown
Select Falk Tours AG in CompanyID dropdownList
Send number of passenger
Send correct KOS in input field
Send correct ProductCode in input field
Send roomcode in input field
Send correct boardName
Send Occupancy
Send bookinglines 
Send Travel from date
Send Travel To date
Select Number of passenger
Clicked on sendbookingButton
Clicked on ViewList
Clicked on sendTBMcode to verify booking is done or not
Send TBM code
Clicked on Booking listButton
Validating Expected ReservationNo 356474436/01 and Actual ReservationNo is 356474436/01
Validating Actual price 4002.00 and Expected Price 4002.00]]>
  </system-out>
  <testcase classname="BookingMaskTC.verifyPersonsLimitTC70ToTC73" name="validateLimitOccupancyCombinationBooking" time="96.386"/>
  <system-out>
    <![CDATA[Select TFT1 in TravelType dropdownList
Selected HK001 - (TESTING) from dropdown list
Selected room 807 from dropdown
Select Falk Tours AG in CompanyID dropdownList
Send number of passenger
Send correct KOS in input field
Send correct ProductCode in input field
Send roomcode in input field
Send correct boardName
Send Occupancy
Send bookinglines 
Send Travel from date
Send Travel To date
Select Number of passenger
Clicked on sendbookingButton
Clicked on ViewList
Clicked on sendTBMcode to verify booking is done or not
Send TBM code
Clicked on Booking listButton
Validating Expected ReservationNo 841327788/01 and Actual ReservationNo is 841327788/01
Validating Actual price 6003.00 and Expected Price 6003.00]]>
  </system-out>
  <testcase classname="BookingMaskTC.verifyPersonsLimitTC70ToTC73" name="validateLimitOccupancyCombinationBookings" time="90.235"/>
  <system-out>
    <![CDATA[Select TFT1 in TravelType dropdownList
Selected HK001 - (TESTING) from dropdown list
Selected room 807 from dropdown
Select Falk Tours AG in CompanyID dropdownList
Send number of passenger
Send correct KOS in input field
Send correct ProductCode in input field
Send roomcode in input field
Send correct boardName
Send Occupancy
Send bookinglines 
Send Travel from date
Send Travel To date
Select Number of passenger
Clicked on sendbookingButton
Clicked on ViewList
Clicked on sendTBMcode to verify booking is done or not
Send TBM code
Clicked on Booking listButton
Validating Expected ReservationNo 482822457/01 and Actual ReservationNo is 482822457/01
Validating Actual price 8004.00 and Expected Price 8004.00]]>
  </system-out>
  <testcase classname="BookingMaskTC.verifyPersonsLimitTC70ToTC73" name="validateLimitOccupancyForMaxAdults" time="88.347"/>
  <system-out>
    <![CDATA[Select TFT1 in TravelType dropdownList
Selected HK001 - (TESTING) from dropdown list
Selected room 807 from dropdown
Select Falk Tours AG in CompanyID dropdownList
Send number of passenger
Send correct KOS in input field
Send correct ProductCode in input field
Send roomcode in input field
Send correct boardName
Send Occupancy
Send bookinglines 
Send Travel from date
Send Travel To date
Select Number of passenger
Clicked on sendbookingButton
Clicked on ViewList
Clicked on sendTBMcode to verify booking is done or not
Send TBM code
Clicked on Booking listButton
Validating Expected ReservationNo 124938825/01 and Actual ReservationNo is 124938825/01
Validating Actual price 6003.00 and Expected Price 6003.00]]>
  </system-out>
</testsuite> <!-- BookingMaskTC.verifyPersonsLimitTC70ToTC73 -->
