<?xml version="1.0" encoding="UTF-8"?>
<!-- Generated by org.testng.reporters.JUnitReportReporter -->
<testsuite hostname="DGIT-0099" failures="0" tests="1" name="TestNGTest.ValidateCopyrightMsgOnLoginPageTC_17" time="0.049" errors="0" timestamp="2022-10-12T10:49:51 IST" skipped="0">
  <testcase classname="TestNGTest.ValidateCopyrightMsgOnLoginPageTC_17" name="ValidateTextOnLoginPageTest" time="0.049"/>
  <system-out>
    <![CDATA[Validating actual & Expected Msg]]>
  </system-out>
</testsuite> <!-- TestNGTest.ValidateCopyrightMsgOnLoginPageTC_17 -->
