<?xml version="1.0" encoding="UTF-8"?>
<!-- Generated by org.testng.reporters.JUnitReportReporter -->
<testsuite hostname="DGIT-0099" failures="0" tests="1" name="SalesBookingListTestCases.TC2" time="33.291" errors="0" timestamp="2023-03-15T17:26:31 IST" skipped="0">
  <testcase classname="SalesBookingListTestCases.TC2" name="validateBreadcrumbLink" time="33.291"/>
  <system-out>
    <![CDATA[Validating Actual Text in dashboard page is Dashboard and Expected text in dashboard page is Dashboard]]>
  </system-out>
</testsuite> <!-- SalesBookingListTestCases.TC2 -->
