<?xml version="1.0" encoding="UTF-8"?>
<!-- Generated by org.testng.reporters.JUnitReportReporter -->
<testsuite hostname="DGIT-0099" failures="0" tests="1" name="Booking_AllotmentTestCases.verifyLoadAllotmentForTwoSeasons_TC03" time="177.991" errors="0" timestamp="2023-05-19T09:58:19 IST" skipped="0">
  <testcase classname="Booking_AllotmentTestCases.verifyLoadAllotmentForTwoSeasons_TC03" name="validateAllotmentForTwoSeasonDates" time="177.991"/>
  <system-out>
    <![CDATA[Validating Actual allotment number on Price page for season_A in contracts is 10 and Expected initial allotment number for season_A in Allotment page is 10
Validating Actual allotment number on Price page for season_A in contracts is 10 and Expected current allotment number for season_A in Allotment page is 10
Validating Actual allotment number on Price page for season_A in contracts is 10 and Expected Remaining allotment number for season_A in Allotment page is 10
Validating Actual allotment number on Price page for season_B in contracts is 20 and Expected initial allotment number for season_B in Allotment page is 20
Validating Actual allotment number on Price page for season_B in contracts is 20 and Expected current allotment number for season_B in Allotment page is 20
Validating Actual allotment number on Price page for season_B in contracts is 20 and Expected Remaining allotment number for season_B in Allotment page is 20]]>
  </system-out>
</testsuite> <!-- Booking_AllotmentTestCases.verifyLoadAllotmentForTwoSeasons_TC03 -->
