<?xml version="1.0" encoding="UTF-8"?>
<!-- Generated by org.testng.reporters.JUnitReportReporter -->
<testsuite hostname="DGIT-0099" failures="0" tests="1" name="TestNGTest.ValidateSelectCompany" time="1.567" errors="0" timestamp="2022-10-10T17:49:35 IST" skipped="0">
  <testcase classname="TestNGTest.ValidateSelectCompany" name="CheckCorrectCredentials" time="1.567"/>
  <system-out>
    <![CDATA[Validating actual & Expected Text]]>
  </system-out>
</testsuite> <!-- TestNGTest.ValidateSelectCompany -->
