<?xml version="1.0" encoding="UTF-8"?>
<!-- Generated by org.testng.reporters.JUnitReportReporter -->
<testsuite hostname="DGIT-0099" failures="0" tests="1" name="BookingMaskTestCases.VerifyTravelDateInBetweenSeasonC_TC82" time="45.435" errors="0" timestamp="2023-05-25T12:46:45 IST" skipped="0">
  <testcase classname="BookingMaskTestCases.VerifyTravelDateInBetweenSeasonC_TC82" name="validatePriceInBetweenSeasonC" time="45.435"/>
  <system-out>
    <![CDATA[Validating Actual price is 6670.00 and Expected Price is 6670.00]]>
  </system-out>
</testsuite> <!-- BookingMaskTestCases.VerifyTravelDateInBetweenSeasonC_TC82 -->
