<?xml version="1.0" encoding="UTF-8"?>
<!-- Generated by org.testng.reporters.JUnitReportReporter -->
<testsuite hostname="DGIT-0099" failures="0" tests="1" name="BookingMaskTestCases.CreateBA1" time="282.561" errors="0" timestamp="2023-04-03T09:47:47 IST" skipped="0">
  <testcase classname="BookingMaskTestCases.CreateBA1" name="validatePriceFieldWithBA" time="282.561"/>
  <system-out>
    <![CDATA[Validating Actual price is 293280.00 and Expected Price is 293280.00]]>
  </system-out>
</testsuite> <!-- BookingMaskTestCases.CreateBA1 -->
