<?xml version="1.0" encoding="UTF-8"?>
<!-- Generated by org.testng.reporters.JUnitReportReporter -->
<testsuite hostname="DGIT-0099" failures="0" tests="4" name="BookingMaskTC.verifyPersonsLimitTC74ToTC77" time="296.762" errors="0" timestamp="2023-02-09T17:01:19 IST" skipped="0">
  <testcase classname="BookingMaskTC.verifyPersonsLimitTC74ToTC77" name="validateOccupancyLimitCombinationBooking" time="99.011"/>
  <system-out>
    <![CDATA[Select TFT1 in TravelType dropdownList
Selected HK001 - (TESTING) from dropdown list
Selected room 807 from dropdown
Select Falk Tours AG in CompanyID dropdownList
Send number of passenger
Send correct KOS in input field
Send correct ProductCode in input field
Send roomcode in input field
Send correct boardName
Send Occupancy
Send bookinglines 
Send Travel from date
Send Travel To date
Select Number of passenger
Clicked on sendbookingButton
Clicked on ViewList
Clicked on sendTBMcode to verify booking is done or not
Send TBM code
Clicked on Booking listButton
Validating Expected ReservationNo 146383975/01 and Actual ReservationNo is 146383975/01
Validating Actual price 8004.00 and Expected Price 8004.00]]>
  </system-out>
  <testcase classname="BookingMaskTC.verifyPersonsLimitTC74ToTC77" name="validateOccupancyLimitCrossMaxAdults" time="54.343"/>
  <system-out>
    <![CDATA[Select TFT1 in TravelType dropdownList
Selected HK001 - (TESTING) from dropdown list
Selected room 807 from dropdown
Select Falk Tours AG in CompanyID dropdownList
Send number of passenger
Send correct KOS in input field
Send correct ProductCode in input field
Send roomcode in input field
Send correct boardName
Send Occupancy
Send bookinglines 
Send Travel from date
Send Travel To date
Select Number of passenger
Clicked on sendbookingButton
Validating Actual message Room Occupancy is not matched.                                                                                                                                                                                                                                                                                                   and Expected message Room Occupancy is not matched.                                                                                                                                                                                                                                                                                                  ]]>
  </system-out>
  <testcase classname="BookingMaskTC.verifyPersonsLimitTC74ToTC77" name="validateOccupancyLimitCrossMaxPersons" time="60.193"/>
  <system-out>
    <![CDATA[Select TFT1 in TravelType dropdownList
Selected HK001 - (TESTING) from dropdown list
Selected room 807 from dropdown
Select Falk Tours AG in CompanyID dropdownList
Send number of passenger
Send correct KOS in input field
Send correct ProductCode in input field
Send roomcode in input field
Send correct boardName
Send Occupancy
Send bookinglines 
Send Travel from date
Send Travel To date
Select Number of passenger
Clicked on sendbookingButton
Clicked on sendbookingButton
Validating Actual message Room occupancy is incorrect.                                                                                                                                                                                                                                                                                                     and Expected message Room occupancy is incorrect.                                                                                                                                                                                                                                                                                                    ]]>
  </system-out>
  <testcase classname="BookingMaskTC.verifyPersonsLimitTC74ToTC77" name="validateOccupancyLimitForMinPersonWithOneChild" time="83.215"/>
  <system-out>
    <![CDATA[Select TFT1 in TravelType dropdownList
Selected HK001 - (TESTING) from dropdown list
Selected room 807 from dropdown
Select Falk Tours AG in CompanyID dropdownList
Send number of passenger
Send correct KOS in input field
Send correct ProductCode in input field
Send roomcode in input field
Send correct boardName
Send Occupancy
Send bookinglines 
Send Travel from date
Send Travel To date
Select Number of passenger
Clicked on sendbookingButton
Clicked on ViewList
Clicked on sendTBMcode to verify booking is done or not
Send TBM code
Clicked on Booking listButton
Validating Expected ReservationNo 129529113/01 and Actual ReservationNo is 129529113/01
Validating Actual price 2001.00 and Expected Price 2001.00]]>
  </system-out>
</testsuite> <!-- BookingMaskTC.verifyPersonsLimitTC74ToTC77 -->
