<?xml version="1.0" encoding="UTF-8"?>
<!-- Generated by org.testng.reporters.JUnitReportReporter -->
<testsuite hostname="DGIT-0099" failures="0" tests="1" name="BookingMaskTestCases.VerifyModifyBookingToAddAnotherRoomWithDifferentDateTC28" time="112.003" errors="0" timestamp="2023-05-25T12:46:45 IST" skipped="0">
  <testcase classname="BookingMaskTestCases.VerifyModifyBookingToAddAnotherRoomWithDifferentDateTC28" name="validateTotalPriceWithDifferentDates" time="112.003"/>
  <system-out>
    <![CDATA[Validating Actual price for Room1 is 266640.00 and Expected Price for Room1 is 266640.00
Validating Actual price for Room2 is 9776.00 and Expected Price for Room2 is 9776.00
Validating Total price for both Room is 276416 and Expected total price for both room is 276416]]>
  </system-out>
</testsuite> <!-- BookingMaskTestCases.VerifyModifyBookingToAddAnotherRoomWithDifferentDateTC28 -->
