<?xml version="1.0" encoding="UTF-8"?>
<!-- Generated by org.testng.reporters.JUnitReportReporter -->
<testsuite hostname="DGIT-0099" failures="0" tests="1" name="BookingMaskTestCases.verifyTravelDatesOutOfContract_TC11" time="44.479" errors="0" timestamp="2023-03-07T16:29:13 IST" skipped="0">
  <testcase classname="BookingMaskTestCases.verifyTravelDatesOutOfContract_TC11" name="validateMessageOnBMwithDatesOutOfContract" time="44.479"/>
  <system-out>
    <![CDATA[Validating Actual message Kontingent nicht mehr verfügbar.                                                                                                                                                                                                                                                                                                 and Expected message Kontingent nicht mehr verfügbar.                                                                                                                                                                                                                                                                                                                                                                                                                                                                                                                                                                                       ]]>
  </system-out>
</testsuite> <!-- BookingMaskTestCases.verifyTravelDatesOutOfContract_TC11 -->
