<?xml version="1.0" encoding="UTF-8"?>
<!-- Generated by org.testng.reporters.JUnitReportReporter -->
<testsuite hostname="DGIT-0099" failures="0" tests="1" name="BookingMaskTC.verifyCreateNewBookingInquiry_TC01" time="285.671" errors="0" timestamp="2022-11-25T15:20:39 IST" skipped="0">
  <testcase classname="BookingMaskTC.verifyCreateNewBookingInquiry_TC01" name="validatePriceFieldWithBookingInquiry" time="285.671"/>
  <system-out>
    <![CDATA[Validating Actual price 13320.00 and Expected Price 13320.00]]>
  </system-out>
</testsuite> <!-- BookingMaskTC.verifyCreateNewBookingInquiry_TC01 -->
