<?xml version="1.0" encoding="UTF-8"?>
<!-- Generated by org.testng.reporters.JUnitReportReporter -->
<testsuite hostname="DGIT-0099" failures="0" tests="1" name="LoginPageTestCases.LoginPageTextValidationTC_18" time="0.136" errors="0" timestamp="2023-02-17T12:07:39 IST" skipped="0">
  <testcase classname="LoginPageTestCases.LoginPageTextValidationTC_18" name="ValidateWelcomeBackTextOnLoginPageTest" time="0.136"/>
  <system-out>
    <![CDATA[Validating actual Welcome back, and Expected Text Welcome back,]]>
  </system-out>
</testsuite> <!-- LoginPageTestCases.LoginPageTextValidationTC_18 -->
