<?xml version="1.0" encoding="UTF-8"?>
<!-- Generated by org.testng.reporters.JUnitReportReporter -->
<testsuite hostname="DGIT-0099" failures="0" tests="1" name="BookingMaskTestCases.CreateBA2" time="336.905" errors="0" timestamp="2023-03-16T11:40:11 IST" skipped="0">
  <testcase classname="BookingMaskTestCases.CreateBA2" name="validatePriceFieldWithBookingInquiry" time="336.905"/>
  <system-out>
    <![CDATA[Validating Actual price 293280.00 and Expected Price 293280.00]]>
  </system-out>
</testsuite> <!-- BookingMaskTestCases.CreateBA2 -->
