<?xml version="1.0" encoding="UTF-8"?>
<!-- Generated by org.testng.reporters.JUnitReportReporter -->
<testsuite hostname="DGIT-0099" failures="0" tests="1" name="BookingMaskTC.verifyBookingModificationWithU_TC18" time="216.994" errors="0" timestamp="2022-12-13T12:51:36 IST" skipped="0">
  <testcase classname="BookingMaskTC.verifyBookingModificationWithU_TC18" name="validateReservationNoOnSalesList" time="216.994"/>
  <system-out>
    <![CDATA[Validating Actual ReservationNo 831768988/02 and Expected ReservationNo is 831768988/02]]>
  </system-out>
</testsuite> <!-- BookingMaskTC.verifyBookingModificationWithU_TC18 -->
