<?xml version="1.0" encoding="UTF-8"?>
<!-- Generated by org.testng.reporters.JUnitReportReporter -->
<testsuite hostname="DGIT-0099" failures="0" tests="1" name="LoginPageTestCases.LoginPageRefreshValidation_TC10" time="4.936" errors="0" timestamp="2023-08-02T15:32:48 IST" skipped="0">
  <testcase classname="LoginPageTestCases.LoginPageRefreshValidation_TC10" name="ValidUserNamePasswordAndRefreshpageTest" time="4.936">
    <system-out>
      <![CDATA[Validating actual https://zeuscloud.azurewebsites.net/CompanySelection and Expected Text https://zeuscloud.azurewebsites.net/CompanySelection]]>
    </system-out>
  </testcase> <!-- ValidUserNamePasswordAndRefreshpageTest -->
  <system-out>
    <![CDATA[Browser Launch 
Valid Username Entered
Valid Password Entered
Clicked on Login to Dashboard button
Validating actual https://zeuscloud.azurewebsites.net/CompanySelection and Expected Text https://zeuscloud.azurewebsites.net/CompanySelection
Closing Browser]]>
  </system-out>
</testsuite> <!-- LoginPageTestCases.LoginPageRefreshValidation_TC10 -->
