<?xml version="1.0" encoding="UTF-8"?>
<!-- Generated by org.testng.reporters.JUnitReportReporter -->
<testsuite hostname="DGIT-0099" failures="0" tests="1" name="TestNGTest.RecoverPasswordBrowserRefresh" time="2.020" errors="0" timestamp="2022-10-10T17:13:16 IST" skipped="0">
  <testcase classname="TestNGTest.RecoverPasswordBrowserRefresh" name="RefreshPageWithFieldTest" time="2.020"/>
  <system-out>
    <![CDATA[Validating actual & Expected Url]]>
  </system-out>
</testsuite> <!-- TestNGTest.RecoverPasswordBrowserRefresh -->
