<?xml version="1.0" encoding="UTF-8"?>
<!-- Generated by org.testng.reporters.JUnitReportReporter -->
<testsuite hostname="DGIT-0099" failures="0" tests="1" name="BookingMaskTC.TCC151" time="56.500" errors="0" timestamp="2022-12-15T10:02:27 IST" skipped="0">
  <testcase classname="BookingMaskTC.TCC151" name="validateErrorMsgwithDifferentDatesAndMaxStay" time="56.500"/>
  <system-out>
    <![CDATA[Validating Actual message Maximale Aufenthaltsdauer überschritten                                                                                                                                                                                                                                                                                          and Expected message Maximale Aufenthaltsdauer überschritten                                                                                                                                                                                                                                                                                         ]]>
  </system-out>
</testsuite> <!-- BookingMaskTC.TCC151 -->
