<?xml version="1.0" encoding="UTF-8"?>
<!-- Generated by org.testng.reporters.JUnitReportReporter -->
<testsuite hostname="DGIT-0099" failures="0" tests="1" name="TestNGTest.RecoveryPasswordClickValidation_TC08" time="0.745" errors="0" timestamp="2022-10-14T14:12:59 IST" skipped="0">
  <testcase classname="TestNGTest.RecoveryPasswordClickValidation_TC08" name="ClickOnRecoveryPasswordLinkTest" time="0.745"/>
  <system-out>
    <![CDATA[Validating actual & Expected Title]]>
  </system-out>
</testsuite> <!-- TestNGTest.RecoveryPasswordClickValidation_TC08 -->
