<?xml version="1.0" encoding="UTF-8"?>
<!-- Generated by org.testng.reporters.JUnitReportReporter -->
<testsuite hostname="DGIT-0099" failures="0" tests="1" name="LoginPageTestCases.LoginPageRefreshValidation_TC10" time="4.933" errors="0" timestamp="2023-07-06T10:08:05 IST" skipped="0">
  <testcase classname="LoginPageTestCases.LoginPageRefreshValidation_TC10" name="ValidUserNamePasswordAndRefreshpageTest" time="4.933"/>
  <system-out>
    <![CDATA[Validating actual https://zeuscloud.azurewebsites.net/CompanySelection and Expected Text https://zeuscloud.azurewebsites.net/CompanySelection]]>
  </system-out>
</testsuite> <!-- LoginPageTestCases.LoginPageRefreshValidation_TC10 -->
