<?xml version="1.0" encoding="UTF-8"?>
<!-- Generated by org.testng.reporters.JUnitReportReporter -->
<testsuite hostname="DGIT-0099" failures="0" tests="1" name="BookingMaskTestCases.verifyBookingforSeasonB_TC15" time="44.252" errors="0" timestamp="2023-02-17T11:33:39 IST" skipped="0">
  <testcase classname="BookingMaskTestCases.verifyBookingforSeasonB_TC15" name="validatePriceForSeasonB" time="44.252"/>
  <system-out>
    <![CDATA[Validating Actual price for Season-B 24864.00 and Expected Price for Season-B 24864.00]]>
  </system-out>
</testsuite> <!-- BookingMaskTestCases.verifyBookingforSeasonB_TC15 -->
