<?xml version="1.0" encoding="UTF-8"?>
<!-- Generated by org.testng.reporters.JUnitReportReporter -->
<testsuite hostname="DGIT-0099" failures="0" tests="1" name="BookingMaskTC.verifyModifyBookingByEditingArriDeparConditionTC155" time="113.434" errors="0" timestamp="2023-01-31T15:47:43 IST" skipped="0">
  <testcase classname="BookingMaskTC.verifyModifyBookingByEditingArriDeparConditionTC155" name="validateModifyBookingByEditingArriDeparCondition" time="113.434"/>
  <system-out>
    <![CDATA[Validating Actual message Mindestaufenthaltsdauer unterschritten bzw Maximale Aufenthaltsdauer überschritten                                                                                                                                                                                                                                               and Expected message Mindestaufenthaltsdauer unterschritten bzw Maximale Aufenthaltsdauer überschritten                                                                                                                                                                                                                                              ]]>
  </system-out>
</testsuite> <!-- BookingMaskTC.verifyModifyBookingByEditingArriDeparConditionTC155 -->
