<?xml version="1.0" encoding="UTF-8"?>
<!-- Generated by org.testng.reporters.JUnitReportReporter -->
<testsuite hostname="DGIT-0099" failures="0" tests="1" name="BookingMaskTestCases.VerifyConfirmBookingWithB_TC02" time="97.402" errors="0" timestamp="2023-05-26T12:56:27 IST" skipped="0">
  <testcase classname="BookingMaskTestCases.VerifyConfirmBookingWithB_TC02" name="validateReservationNoField" time="97.402"/>
  <system-out>
    <![CDATA[Validating Expected ReservationNo 745997929/01 and Actual ReservationNo is 745997929/01]]>
  </system-out>
</testsuite> <!-- BookingMaskTestCases.VerifyConfirmBookingWithB_TC02 -->
