<?xml version="1.0" encoding="UTF-8"?>
<!-- Generated by org.testng.reporters.JUnitReportReporter -->
<testsuite hostname="DGIT-0099" failures="0" tests="1" name="BookingMaskTestCases.verifyEnteringTravelDaysNoInTravelToField_TC10" time="46.187" errors="0" timestamp="2023-02-22T12:31:08 IST" skipped="0">
  <testcase classname="BookingMaskTestCases.verifyEnteringTravelDaysNoInTravelToField_TC10" name="validatePriceField" time="46.187"/>
  <system-out>
    <![CDATA[Validating Actual price 12000.00 and Expected Price 12000.00]]>
  </system-out>
</testsuite> <!-- BookingMaskTestCases.verifyEnteringTravelDaysNoInTravelToField_TC10 -->
