<?xml version="1.0" encoding="UTF-8"?>
<!-- Generated by org.testng.reporters.JUnitReportReporter -->
<testsuite hostname="DGIT-0099" failures="0" tests="1" name="SalesBookingListTestCases.TC11" time="28.991" errors="0" timestamp="2023-03-27T09:42:32 IST" skipped="0">
  <testcase classname="SalesBookingListTestCases.TC11" name="validateReservationNoField" time="28.991"/>
  <system-out/>
</testsuite> <!-- SalesBookingListTestCases.TC11 -->
