<?xml version="1.0" encoding="UTF-8"?>
<!-- Generated by org.testng.reporters.JUnitReportReporter -->
<testsuite hostname="DGIT-0099" failures="0" tests="1" name="Booking_AllotmentTestCases.TC_07" time="134.230" errors="0" timestamp="2023-04-12T14:53:55 IST" skipped="0">
  <testcase classname="Booking_AllotmentTestCases.TC_07" name="validateIncreaseDecreaseAllotmentWithAnyValue" time="134.230"/>
  <system-out>
    <![CDATA[Send start date of season_B on allotment page
Send end date of season_B on allotment page
Clicked on load allotment
Clicked on Change allotment button
Clicked on confirm button
Clicked on Ok popup
Clicked on close button
Clicked on sales dropdown in Dashboard
Clicked on sales Booking in Dashboard
Clicked on create Button in sales Booking page
Select TFT1 in TravelType dropdownList
Selected HK004 - (TEST) from dropdown list
Select Falk Tours AG in CompanyID dropdownList
Send Booking action
Send number of passenger
Send correct KOS in input field
Send correct ProductCode in input field
Send roomcode in input field
Send correct boardName
Send Occupancy
Send bookinglines 
Send Travel from date for season-A
Send Travel To date for season-A
Select Number of passenger
Click on sendBookingButton
Clicked on purchase option
Clicked on accommodation option in list
Clicked on Allotment 
Send start date of season_B on allotment page
Send end date of season_B on allotment page
Validating Actual initial allotment is 20 and Expected allotment for season_C is 20
Validating Actual current allotment is 9 and Expected allotment for season_C is 9
Validating Actual current allotment is 2 and Expected allotment for season_C is 2
Validating Actual remaining allotment is 7 and Expected allotment for season_C is 7]]>
  </system-out>
</testsuite> <!-- Booking_AllotmentTestCases.TC_07 -->
