<?xml version="1.0" encoding="UTF-8"?>
<!-- Generated by org.testng.reporters.JUnitReportReporter -->
<testsuite hostname="DGIT-0099" failures="0" tests="1" name="BookingMaskTC.TC2" time="48.259" errors="0" timestamp="2023-02-15T14:48:01 IST" skipped="0">
  <testcase classname="BookingMaskTC.TC2" name="validateBookingWithFNTRTravelType" time="48.259"/>
  <system-out>
    <![CDATA[Validating Actual message Bitte prüfen Sie den angegebenen Leistungscode.                                                                                                                                                                                                                                                                                  and Expected message Bitte prüfen Sie den angegebenen Leistungscode.                                                                                                                                                                                                                                                                                 ]]>
  </system-out>
</testsuite> <!-- BookingMaskTC.TC2 -->
