<?xml version="1.0" encoding="UTF-8"?>
<!-- Generated by org.testng.reporters.JUnitReportReporter -->
<testsuite hostname="DGIT-0099" failures="0" tests="1" name="BookingMaskTC.TCC05" time="84.071" errors="0" timestamp="2022-11-22T18:31:18 IST" skipped="0">
  <testcase classname="BookingMaskTC.TCC05" name="validateWithoutEnteringTravelFromDateFieldWithBookingInquiry" time="84.071"/>
  <system-out>
    <![CDATA[Validating actual Error message Travel From and Travel To date not proper. and Expected Error Message Travel From and Travel To date not proper.]]>
  </system-out>
</testsuite> <!-- BookingMaskTC.TCC05 -->
