<?xml version="1.0" encoding="UTF-8"?>
<!-- Generated by org.testng.reporters.JUnitReportReporter -->
<testsuite hostname="DGIT-0099" failures="0" tests="1" name="TestNGTest.ValidateRecoverUserNameRefresh" time="1.882" errors="0" timestamp="2022-10-10T18:33:27 IST" skipped="0">
  <testcase classname="TestNGTest.ValidateRecoverUserNameRefresh" name="RecoverUserNameRefreshWithFieldTest" time="1.882"/>
  <system-out>
    <![CDATA[Validating actual & Expected Url]]>
  </system-out>
</testsuite> <!-- TestNGTest.ValidateRecoverUserNameRefresh -->
