<?xml version="1.0" encoding="UTF-8"?>
<!-- Generated by org.testng.reporters.JUnitReportReporter -->
<testsuite hostname="DGIT-0099" failures="0" tests="4" name="BookingMaskTestCases.verifyRoomOccupancyLimitTC74ToTC77" time="301.184" errors="0" timestamp="2023-03-01T15:50:48 IST" skipped="0">
  <testcase classname="BookingMaskTestCases.verifyRoomOccupancyLimitTC74ToTC77" name="validateOccupancyLimitCombinationBooking" time="91.879"/>
  <system-out>
    <![CDATA[Select TFT1 in TravelType dropdownList
Selected HK001 - (TESTING) from dropdown list
Selected room 807 from dropdown
Select Falk Tours AG in CompanyID dropdownList
Send number of passenger
Send correct KOS in input field
Send correct ProductCode in input field
Send roomcode in input field
Send correct boardName
Send Occupancy
Send bookinglines 
Send Travel from date
Send Travel To date
Select Number of passenger
Click on sendBookingButton after U action code
Clicked on ViewList
Clicked on SendTBMcode to verify booking is done or not
Send TBM code
Clicked on Booking listButton
Validating Expected ReservationNo 932339919/01 and Actual ReservationNo is 932339919/01
Validating Actual price 8004.00 and Expected Price 8004.00]]>
  </system-out>
  <testcase classname="BookingMaskTestCases.verifyRoomOccupancyLimitTC74ToTC77" name="validateOccupancyLimitCrossMaxAdults" time="53.995"/>
  <system-out>
    <![CDATA[Select TFT1 in TravelType dropdownList
Selected HK001 - (TESTING) from dropdown list
Selected room 807 from dropdown
Select Falk Tours AG in CompanyID dropdownList
Send number of passenger
Send correct KOS in input field
Send correct ProductCode in input field
Send roomcode in input field
Send correct boardName
Send Occupancy
Send bookinglines 
Send Travel from date
Send Travel To date
Select Number of passenger
Click on sendBookingButton after U action code
Validating Actual message Room Occupancy is not matched.                                                                                                                                                                                                                                                                                                   and Expected message Room Occupancy is not matched.                                                                                                                                                                                                                                                                                                  ]]>
  </system-out>
  <testcase classname="BookingMaskTestCases.verifyRoomOccupancyLimitTC74ToTC77" name="validateOccupancyLimitCrossMaxPersons" time="70.425"/>
  <system-out>
    <![CDATA[Select TFT1 in TravelType dropdownList
Selected HK001 - (TESTING) from dropdown list
Selected room 807 from dropdown
Select Falk Tours AG in CompanyID dropdownList
Send number of passenger
Send correct KOS in input field
Send correct ProductCode in input field
Send roomcode in input field
Send correct boardName
Send Occupancy
Send bookinglines 
Send Travel from date
Send Travel To date
Select Number of passenger
Click on sendBookingButton after U action code
Click on SendBookingButton
Validating Actual message Room occupancy is incorrect.                                                                                                                                                                                                                                                                                                     and Expected message Room occupancy is incorrect.                                                                                                                                                                                                                                                                                                    ]]>
  </system-out>
  <testcase classname="BookingMaskTestCases.verifyRoomOccupancyLimitTC74ToTC77" name="validateOccupancyLimitForMinPersonWithOneChild" time="84.885"/>
  <system-out>
    <![CDATA[Select TFT1 in TravelType dropdownList
Selected HK001 - (TESTING) from dropdown list
Selected room 807 from dropdown
Select Falk Tours AG in CompanyID dropdownList
Send number of passenger
Send correct KOS in input field
Send correct ProductCode in input field
Send roomcode in input field
Send correct boardName
Send Occupancy
Send bookinglines 
Send Travel from date
Send Travel To date
Select Number of passenger
Click on sendBookingButton after U action code
Clicked on ViewList
Clicked on sendTBMcode to verify booking is done or not
Send TBM code
Clicked on Booking listButton
Validating Expected ReservationNo 358431595/01 and Actual ReservationNo is 358431595/01
Validating Actual price 2001.00 and Expected Price 2001.00]]>
  </system-out>
</testsuite> <!-- BookingMaskTestCases.verifyRoomOccupancyLimitTC74ToTC77 -->
