<?xml version="1.0" encoding="UTF-8"?>
<!-- Generated by org.testng.reporters.JUnitReportReporter -->
<testsuite hostname="DGIT-0099" failures="0" tests="1" name="BookingMaskTC.TC1" time="105.913" errors="0" timestamp="2023-02-15T11:15:52 IST" skipped="0">
  <testcase classname="BookingMaskTC.TC1" name="validatepriceFieldWithChangeInBookingAction" time="105.913"/>
  <system-out>
    <![CDATA[Validating Actual price for Season-G  266640.00 and Expected Price for Season-G is 266640.00
Validating Actual No. of Pax is2 and Expected No.of Pax is 2]]>
  </system-out>
</testsuite> <!-- BookingMaskTC.TC1 -->
