<?xml version="1.0" encoding="UTF-8"?>
<!-- Generated by org.testng.reporters.JUnitReportReporter -->
<testsuite hostname="DGIT-0099" failures="0" tests="1" name="LoginPageTestCases.RecoverPasswordAndBackToLoginVaidation_TC09" time="2.797" errors="0" timestamp="2023-07-04T14:14:17 IST" skipped="0">
  <testcase classname="LoginPageTestCases.RecoverPasswordAndBackToLoginVaidation_TC09" name="RecoverPasswordAndGoBackToLoginTest" time="2.797"/>
  <system-out>
    <![CDATA[Validating actual Copyright © Zeus 2023 and Expected Text Copyright © Zeus 2023]]>
  </system-out>
</testsuite> <!-- LoginPageTestCases.RecoverPasswordAndBackToLoginVaidation_TC09 -->
