<?xml version="1.0" encoding="UTF-8"?>
<!-- Generated by org.testng.reporters.JUnitReportReporter -->
<testsuite hostname="DGIT-0099" failures="0" tests="1" name="BookingMaskTC.multisalesLineBookingWithMorethanMaxStayFAIL_TC152" time="49.713" errors="0" timestamp="2023-01-31T14:51:24 IST" skipped="0">
  <testcase classname="BookingMaskTC.multisalesLineBookingWithMorethanMaxStayFAIL_TC152" name="validateErrorMsgwithDifferentDatesAndMoreThanMaxStay" time="49.713"/>
  <system-out>
    <![CDATA[Validating Actual message Maximale Aufenthaltsdauer überschritten                                                                                                                                                                                                                                                                                          and Expected message Maximale Aufenthaltsdauer überschritten                                                                                                                                                                                                                                                                                         ]]>
  </system-out>
</testsuite> <!-- BookingMaskTC.multisalesLineBookingWithMorethanMaxStayFAIL_TC152 -->
