<?xml version="1.0" encoding="UTF-8"?>
<!-- Generated by org.testng.reporters.JUnitReportReporter -->
<testsuite hostname="DGIT-0099" failures="0" tests="1" name="BookingMaskTestCases.verifyTravelDateEndingOutOfContract_TC12" time="43.570" errors="0" timestamp="2023-02-23T11:43:09 IST" skipped="0">
  <testcase classname="BookingMaskTestCases.verifyTravelDateEndingOutOfContract_TC12" name="validateMessageOnBMpage" time="43.570"/>
  <system-out>
    <![CDATA[Validating Actual message is Kontingent nicht mehr verfügbar.                                                                                                                                                                                                                                                                                                 and Expected message is Kontingent nicht mehr verfügbar.                                                                                                                                                                                                                                                                                                                                                                                                                                                                                                                                                                                       ]]>
  </system-out>
</testsuite> <!-- BookingMaskTestCases.verifyTravelDateEndingOutOfContract_TC12 -->
