<?xml version="1.0" encoding="UTF-8"?>
<!-- Generated by org.testng.reporters.JUnitReportReporter -->
<testsuite hostname="DGIT-0099" failures="0" tests="1" name="LoginPageTC.recoveryPasswordPageValidation_TC24" time="1.617" errors="0" timestamp="2022-12-16T11:44:11 IST" skipped="0">
  <testcase classname="LoginPageTC.recoveryPasswordPageValidation_TC24" name="ValidateCopyrightTextOnRecoveryPasswordTest" time="1.617"/>
  <system-out>
    <![CDATA[Validating actual Copyright © Zeus 2022 and Expected Message Copyright © Zeus 2022]]>
  </system-out>
</testsuite> <!-- LoginPageTC.recoveryPasswordPageValidation_TC24 -->
