<?xml version="1.0" encoding="UTF-8"?>
<!-- Generated by org.testng.reporters.JUnitReportReporter -->
<testsuite hostname="DGIT-0099" failures="0" tests="1" name="BookingMaskTC.TC98" time="57.064" errors="0" timestamp="2023-01-02T12:21:52 IST" skipped="0">
  <testcase classname="BookingMaskTC.TC98" name="validatePriceForTravelDateIsMon" time="57.064"/>
  <system-out>
    <![CDATA[Validating Actual price 1158.00 and Expected Price 1158.00]]>
  </system-out>
</testsuite> <!-- BookingMaskTC.TC98 -->
