<?xml version="1.0" encoding="UTF-8"?>
<!-- Generated by org.testng.reporters.JUnitReportReporter -->
<testsuite hostname="DGIT-0099" failures="0" tests="1" name="LoginPageTestCases.LoginValidation_TC01" time="3.734" errors="0" timestamp="2023-06-27T15:56:43 IST" skipped="0">
  <testcase classname="LoginPageTestCases.LoginValidation_TC01" name="ValidUserNameAndValidPasswordTest" time="3.734"/>
  <system-out>
    <![CDATA[Validating actual Please select company to proceed. and Expected Text Please select company to proceed.]]>
  </system-out>
</testsuite> <!-- LoginPageTestCases.LoginValidation_TC01 -->
