<?xml version="1.0" encoding="UTF-8"?>
<!-- Generated by org.testng.reporters.JUnitReportReporter -->
<testsuite hostname="DGIT-0099" failures="0" tests="1" name="BookingMaskTestCases.VerifyTravelDateIncludeSeasonBandC_TC84" time="51.085" errors="0" timestamp="2023-05-26T12:56:27 IST" skipped="0">
  <testcase classname="BookingMaskTestCases.VerifyTravelDateIncludeSeasonBandC_TC84" name="validateTravelDateBetweenBandC" time="51.085"/>
  <system-out>
    <![CDATA[Validating Actual price is 2222.00 and Expected Price is 2222.00]]>
  </system-out>
</testsuite> <!-- BookingMaskTestCases.VerifyTravelDateIncludeSeasonBandC_TC84 -->
