<?xml version="1.0" encoding="UTF-8"?>
<!-- Generated by org.testng.reporters.JUnitReportReporter -->
<testsuite hostname="DGIT-0099" failures="0" tests="1" name="BookingMaskTestCases.verifyBookingInquiryWithBlankTravelFromAndTravelToDate_TC05" time="41.676" errors="0" timestamp="2023-02-23T11:43:09 IST" skipped="0">
  <testcase classname="BookingMaskTestCases.verifyBookingInquiryWithBlankTravelFromAndTravelToDate_TC05" name="validateBookingInquiryWithBlankTravelFromANDTravelToDateOnBM" time="41.676"/>
  <system-out>
    <![CDATA[Validating actual Error message Travel From and Travel To date not proper. and Expected Error Message Travel From and Travel To date not proper.]]>
  </system-out>
</testsuite> <!-- BookingMaskTestCases.verifyBookingInquiryWithBlankTravelFromAndTravelToDate_TC05 -->
