<?xml version="1.0" encoding="UTF-8"?>
<!-- Generated by org.testng.reporters.JUnitReportReporter -->
<testsuite hostname="DGIT-0099" failures="0" tests="1" name="BookingMaskTC.TC48" time="64.239" errors="0" timestamp="2023-01-21T14:11:10 IST" skipped="0">
  <testcase classname="BookingMaskTC.TC48" name="validatePriceFieldWithBookingInquiry" time="64.239"/>
  <system-out>
    <![CDATA[Validating Actual message Bitte wählen Sie aus den folgenden Reisearten (NFAX, XXXXXX, TFT1, TFT2, XXXXXX, FNTR, FTV, RAL, B2B, TRAV, TEST3, TEST, , , TEST3, Duplicate, Duplicate, ALL, RAL)                                                                                                                                                              and Expected message Bitte wählen Sie aus den folgenden Reisearten (NFAX, XXXXXX, TFT1, TFT2, XXXXXX, FNTR, FTV, RAL, B2B, TRAV, TEST3, TEST, , , TEST3, Duplicate, Duplicate, ALL, RAL)                                                                                                                                                             ]]>
  </system-out>
</testsuite> <!-- BookingMaskTC.TC48 -->
