<?xml version="1.0" encoding="UTF-8"?>
<!-- Generated by org.testng.reporters.JUnitReportReporter -->
<testsuite hostname="DGIT-0099" failures="0" tests="1" name="BookingMaskTC.verifyModifyBookingWithTravelToDateDecrease_TC20" time="105.518" errors="0" timestamp="2023-01-30T12:50:55 IST" skipped="0">
  <testcase classname="BookingMaskTC.verifyModifyBookingWithTravelToDateDecrease_TC20" name="validatePriceByDecreasingTravelToDate" time="105.518"/>
  <system-out>
    <![CDATA[Validating Actual price 239976.00 and Expected Price 239976.00]]>
  </system-out>
</testsuite> <!-- BookingMaskTC.verifyModifyBookingWithTravelToDateDecrease_TC20 -->
