<?xml version="1.0" encoding="UTF-8"?>
<!-- Generated by org.testng.reporters.JUnitReportReporter -->
<testsuite hostname="DGIT-0099" failures="0" tests="1" name="LoginPageTC.RecoverPasswordRefreshValidation_TC14" time="1.132" errors="0" timestamp="2022-12-16T11:40:04 IST" skipped="0">
  <testcase classname="LoginPageTC.RecoverPasswordRefreshValidation_TC14" name="ValidUserNameEnterAndRefreshPageTest" time="1.132"/>
  <system-out>
    <![CDATA[Validating actual https://zeuscloud.azurewebsites.net/Users/SendRecoverPassLink and Expected Text https://zeuscloud.azurewebsites.net/Users/SendRecoverPassLink]]>
  </system-out>
</testsuite> <!-- LoginPageTC.RecoverPasswordRefreshValidation_TC14 -->
