<?xml version="1.0" encoding="UTF-8"?>
<!-- Generated by org.testng.reporters.JUnitReportReporter -->
<testsuite hostname="DGIT-0099" failures="0" tests="1" name="Booking_AllotmentTestCases.TC_05" time="57.777" errors="0" timestamp="2023-04-11T16:58:12 IST" skipped="0">
  <testcase classname="Booking_AllotmentTestCases.TC_05" name="validateIncreaseDecreaseAllotmentWithNegativeValue" time="57.777"/>
  <system-out>
    <![CDATA[Validating Actual initial allotment is 20 and Expected allotment for season_B is 20
Validating Actual current allotment is 15 and Expected allotment for season_B is 15
Validating Actual remaining allotment is 15 and Expected allotment for season_B is 15]]>
  </system-out>
</testsuite> <!-- Booking_AllotmentTestCases.TC_05 -->
