<?xml version="1.0" encoding="UTF-8"?>
<!-- Generated by org.testng.reporters.JUnitReportReporter -->
<testsuite hostname="DGIT-0099" failures="0" tests="1" name="BookingMaskTC.TCC80" time="51.056" errors="0" timestamp="2022-12-07T10:23:23 IST" skipped="0">
  <testcase classname="BookingMaskTC.TCC80" name="validatePriceForSeasonA" time="51.056"/>
  <system-out>
    <![CDATA[Validating Actual price 444.00 and Expected Price 444.00]]>
  </system-out>
</testsuite> <!-- BookingMaskTC.TCC80 -->
