<?xml version="1.0" encoding="UTF-8"?>
<!-- Generated by org.testng.reporters.JUnitReportReporter -->
<testsuite hostname="DGIT-0099" failures="0" tests="1" name="SalesBookingListTestCases.TC30" time="32.940" errors="0" timestamp="2023-03-21T17:36:00 IST" skipped="0">
  <testcase classname="SalesBookingListTestCases.TC30" name="ValidateInfoIcon" time="32.940"/>
  <system-out>
    <![CDATA[Validating Actual Text is Customer Document and Expected text is Customer Document
Validating Actual Text is Hotel Document and Expected text is Hotel Document
Validating Actual Text is Payment Information and Expected text is Payment Information]]>
  </system-out>
</testsuite> <!-- SalesBookingListTestCases.TC30 -->
