<?xml version="1.0" encoding="UTF-8"?>
<!-- Generated by org.testng.reporters.JUnitReportReporter -->
<testsuite hostname="DGIT-0099" failures="0" tests="1" name="BookingMaskTestCases.VerifyEnteringTravelDaysNoInTravelToField_TC10" time="44.768" errors="0" timestamp="2023-05-25T12:46:45 IST" skipped="0">
  <testcase classname="BookingMaskTestCases.VerifyEnteringTravelDaysNoInTravelToField_TC10" name="validatePriceField" time="44.768"/>
  <system-out>
    <![CDATA[Validating Actual price 12000.00 and Expected Price 12000.00]]>
  </system-out>
</testsuite> <!-- BookingMaskTestCases.VerifyEnteringTravelDaysNoInTravelToField_TC10 -->
