<?xml version="1.0" encoding="UTF-8"?>
<!-- Generated by org.testng.reporters.JUnitReportReporter -->
<testsuite hostname="DGIT-0099" failures="0" tests="1" name="SalesBookingListTestCases.VerifyBookingStatusAfterBookingCancellationTC44" time="69.166" errors="0" timestamp="2023-03-28T14:08:07 IST" skipped="0">
  <testcase classname="SalesBookingListTestCases.VerifyBookingStatusAfterBookingCancellationTC44" name="ValidateBookingStatus" time="69.166"/>
  <system-out>
    <![CDATA[Validating Actual Status XX and Expected status is XX]]>
  </system-out>
</testsuite> <!-- SalesBookingListTestCases.VerifyBookingStatusAfterBookingCancellationTC44 -->
