<?xml version="1.0" encoding="UTF-8"?>
<!-- Generated by org.testng.reporters.JUnitReportReporter -->
<testsuite hostname="DGIT-0099" failures="0" tests="1" name="TestNGTest.LoginPageTextValidationTC_18" time="0.053" errors="0" timestamp="2022-10-14T14:12:59 IST" skipped="0">
  <testcase classname="TestNGTest.LoginPageTextValidationTC_18" name="ValidateWelcomeBackTextOnLoginPageTest" time="0.053"/>
  <system-out>
    <![CDATA[Validating actual & Expected TextMsg]]>
  </system-out>
</testsuite> <!-- TestNGTest.LoginPageTextValidationTC_18 -->
