<?xml version="1.0" encoding="UTF-8"?>
<!-- Generated by org.testng.reporters.JUnitReportReporter -->
<testsuite hostname="DGIT-0099" failures="0" tests="1" name="BookingMaskTC.TCC13" time="47.862" errors="0" timestamp="2022-12-01T17:50:21 IST" skipped="0">
  <testcase classname="BookingMaskTC.TCC13" name="validateMessageOnBMpage" time="47.862"/>
  <system-out>
    <![CDATA[Validating Actual message Kontingent nicht mehr verfügbar.                                                                                                                                                                                                                                                                                                 and Expected message Kontingent nicht mehr verfügbar.                                                                                                                                                                                                                                                                                                ]]>
  </system-out>
</testsuite> <!-- BookingMaskTC.TCC13 -->
