<?xml version="1.0" encoding="UTF-8"?>
<!-- Generated by org.testng.reporters.JUnitReportReporter -->
<testsuite hostname="DGIT-0099" failures="0" tests="1" name="TestNGTest.ValidateDashboardPage" time="9.305" errors="0" timestamp="2022-10-10T17:53:14 IST" skipped="0">
  <testcase classname="TestNGTest.ValidateDashboardPage" name="DashboardPageTest" time="9.305"/>
  <system-out>
    <![CDATA[Validating actual & Expected Text]]>
  </system-out>
</testsuite> <!-- TestNGTest.ValidateDashboardPage -->
