<?xml version="1.0" encoding="UTF-8"?>
<!-- Generated by org.testng.reporters.JUnitReportReporter -->
<testsuite hostname="DGIT-0099" failures="0" tests="1" name="BookingMaskTestCases.VerifyBookingforSeasonB_TC15" time="45.785" errors="0" timestamp="2023-07-06T10:19:32 IST" skipped="0">
  <testcase classname="BookingMaskTestCases.VerifyBookingforSeasonB_TC15" name="validatePriceForSeasonB" time="45.785">
    <system-out>
      <![CDATA[Validating Actual price for Season-B 24864.00 and Expected Price for Season-B 24864.00]]>
    </system-out>
  </testcase> <!-- validatePriceForSeasonB -->
  <system-out>
    <![CDATA[Browser Launch 
Valid Username Entered
Valid Password Entered
Clicked on Dashboard button
Select the Falk Tours AG from given list
Clicked on proceed button
Clicked on sales dropdown in Dashboard
Clicked on sales Booking in Dashboard
Clicked on create Button in sales Booking page
Select Falk Tours AG in CompanyID dropdownList
Select TFT1 in TravelType dropdownList
Send number of passenger
Send correct KOS in input field
Send correct ProductCode in input field
Send roomcode in input field
Send correct boardName
Send Occupancy
Send bookinglines 
Send Travel from date
Send Travel To date
Send Number of passenger
Clicked on sendbookingButton
Validating Actual price for Season-B 24864.00 and Expected Price for Season-B 24864.00
Clicking on Logout Button in Booking Mask page
Logout from Booking Mask Page
Closing Browser]]>
  </system-out>
</testsuite> <!-- BookingMaskTestCases.VerifyBookingforSeasonB_TC15 -->
