<?xml version="1.0" encoding="UTF-8"?>
<!-- Generated by org.testng.reporters.JUnitReportReporter -->
<testsuite hostname="DGIT-0099" failures="0" tests="1" name="BookingMaskTestCases.verifyTravelDatesOutOfContract_TC11" time="46.686" errors="0" timestamp="2023-02-28T16:48:27 IST" skipped="0">
  <testcase classname="BookingMaskTestCases.verifyTravelDatesOutOfContract_TC11" name="validateMessageOnBMwithDatesOutOfContract" time="46.686"/>
  <system-out>
    <![CDATA[Validating Actual message Kontingent nicht mehr verfügbar.                                                                                                                                                                                                                                                                                                 and Expected message Kontingent nicht mehr verfügbar.                                                                                                                                                                                                                                                                                                                                                                                                                                                                                                                                                                                       ]]>
  </system-out>
</testsuite> <!-- BookingMaskTestCases.verifyTravelDatesOutOfContract_TC11 -->
