<?xml version="1.0" encoding="UTF-8"?>
<!-- Generated by org.testng.reporters.JUnitReportReporter -->
<testsuite hostname="DGIT-0099" failures="0" tests="1" name="BookingMaskTestCases.VerifyCreateBookingForFivePerson_TC37" time="65.973" errors="0" timestamp="2023-05-25T12:46:45 IST" skipped="0">
  <testcase classname="BookingMaskTestCases.VerifyCreateBookingForFivePerson_TC37" name="validatePriceWithFivePerson" time="65.973"/>
  <system-out>
    <![CDATA[Validating Actual price 3335.00 and Expected Price 3335.00]]>
  </system-out>
</testsuite> <!-- BookingMaskTestCases.VerifyCreateBookingForFivePerson_TC37 -->
