<?xml version="1.0" encoding="UTF-8"?>
<!-- Generated by org.testng.reporters.JUnitReportReporter -->
<testsuite hostname="DGIT-0099" failures="0" tests="1" name="SalesBookingListTestCases.VerifyClickOnBreadcrumbLinkTC02" time="27.951" errors="0" timestamp="2023-03-23T11:20:50 IST" skipped="0">
  <testcase classname="SalesBookingListTestCases.VerifyClickOnBreadcrumbLinkTC02" name="ValidateBreadcrumbLink" time="27.951"/>
  <system-out>
    <![CDATA[Validating Actual Text in dashboard page is Dashboard and Expected text in dashboard page is Dashboard]]>
  </system-out>
</testsuite> <!-- SalesBookingListTestCases.VerifyClickOnBreadcrumbLinkTC02 -->
