<?xml version="1.0" encoding="UTF-8"?>
<!-- Generated by org.testng.reporters.JUnitReportReporter -->
<testsuite hostname="DGIT-0099" failures="0" tests="1" name="BookingMaskTestCases.verifyBookingByEditingTravelTypeTC47" time="49.984" errors="0" timestamp="2023-02-20T10:24:30 IST" skipped="0">
  <testcase classname="BookingMaskTestCases.verifyBookingByEditingTravelTypeTC47" name="validateBookingWithFNTRTravelType" time="49.984"/>
  <system-out>
    <![CDATA[Validating Actual message Bitte prüfen Sie den angegebenen Leistungscode.                                                                                                                                                                                                                                                                                  and Expected message Bitte prüfen Sie den angegebenen Leistungscode.                                                                                                                                                                                                                                                                                 ]]>
  </system-out>
</testsuite> <!-- BookingMaskTestCases.verifyBookingByEditingTravelTypeTC47 -->
