<?xml version="1.0" encoding="UTF-8"?>
<!-- Generated by org.testng.reporters.JUnitReportReporter -->
<testsuite hostname="DGIT-0099" failures="0" tests="1" name="TestNGTest.ValidateWelcomeSignInMsgOnPageTC_18" time="1.034" errors="0" timestamp="2022-10-13T17:02:44 IST" skipped="0">
  <testcase classname="TestNGTest.ValidateWelcomeSignInMsgOnPageTC_18" name="ValidateTextOnPageTest" time="1.034"/>
  <system-out>
    <![CDATA[Validating actual & Expected TextMsg]]>
  </system-out>
</testsuite> <!-- TestNGTest.ValidateWelcomeSignInMsgOnPageTC_18 -->
