<?xml version="1.0" encoding="UTF-8"?>
<!-- Generated by org.testng.reporters.JUnitReportReporter -->
<testsuite hostname="DGIT-0099" failures="0" tests="3" name="BookingMaskTestCases.VerifyRoomOccupancyMinAndMaxLimitTC51ToTC53" time="271.360" errors="0" timestamp="2023-02-16T10:31:11 IST" skipped="0">
  <testcase classname="BookingMaskTestCases.VerifyRoomOccupancyMinAndMaxLimitTC51ToTC53" name="validateBookingWithRoomOccupancyMinLimit" time="93.717"/>
  <system-out>
    <![CDATA[Select TFT1 in TravelType dropdownList
Selected HK001 - (TESTING) from dropdown list
Selected room 806 from dropdown
Select Falk Tours AG in CompanyID dropdownList
Send Booking Action
Send number of passenger
Send correct KOS in input field
Send correct ProductCode in input field
Send roomcode in input field
Send correct boardName
Send Occupancy
Send bookinglines 
Send Travel from date
Send Travel To date
Select Number of passenger
Click on sendBookingButton after U action code
Clicked on ViewList
Clicked on sendTBMcode to verify booking is done or not
Send TBM code
Clicked on Booking listButton
Validating Expected ReservationNo 496685765/01 and Actual ReservationNo is 496685765/01
Validating Actual price 5334.00 and Expected Price 5334.00]]>
  </system-out>
  <testcase classname="BookingMaskTestCases.VerifyRoomOccupancyMinAndMaxLimitTC51ToTC53" name="validateRoomOccupancyMaxLimitWhileBooking" time="88.278"/>
  <system-out>
    <![CDATA[Select TFT1 in TravelType dropdownList
Selected HK001 - (TESTING) from dropdown list
Selected room 806 from dropdown
Select Falk Tours AG in CompanyID dropdownList
Send Booking Action
Send number of passenger
Send correct KOS in input field
Send correct ProductCode in input field
Send roomcode in input field
Send correct boardName
Send Occupancy
Send bookinglines 
Send Travel from date
Send Travel To date
Select Number of passenger
Click on sendBookingButton after U action code
Clicked on ViewList
Clicked on sendTBMcode to verify booking is done or not
Send TBM code
Clicked on Booking listButton
Validating Expected ReservationNo 948346146/01 and Actual ReservationNo is 948346146/01
Validating Actual price 8001.00 and Expected Price 8001.00]]>
  </system-out>
  <testcase classname="BookingMaskTestCases.VerifyRoomOccupancyMinAndMaxLimitTC51ToTC53" name="validateBookingAndPriceForRoomOccupancyWithMaxLimits" time="89.365"/>
  <system-out>
    <![CDATA[Select TFT1 in TravelType dropdownList
Selected HK001 - (TESTING) from dropdown list
Selected room 806 from dropdown
Select Falk Tours AG in CompanyID dropdownList
Send number of passenger
Send correct KOS in input field
Send correct ProductCode in input field
Send roomcode in input field
Send correct boardName
Send Occupancy
Send bookinglines 
Send Travel from date
Send Travel To date
Select Number of passenger
Click on sendBookingButton after U action code
Clicked on ViewList
Clicked on SendTBMcode to verify booking is done or not
Send TBM code
Clicked on Booking listButton
Validating Expected ReservationNo 734646649/01 and Actual ReservationNo is 734646649/01
Validating Actual price 8001.00 and Expected Price 8001.00]]>
  </system-out>
</testsuite> <!-- BookingMaskTestCases.VerifyRoomOccupancyMinAndMaxLimitTC51ToTC53 -->
