<?xml version="1.0" encoding="UTF-8"?>
<!-- Generated by org.testng.reporters.JUnitReportReporter -->
<testsuite hostname="DGIT-0099" failures="0" tests="1" name="BookingMaskTC.TCC23" time="179.318" errors="0" timestamp="2022-12-26T15:59:50 IST" skipped="0">
  <testcase classname="BookingMaskTC.TCC23" name="validatePriceByEditingBothTravelFromAndToDate" time="179.318"/>
  <system-out>
    <![CDATA[Validating Actual price 1776.00 and Expected Price 1776.00]]>
  </system-out>
</testsuite> <!-- BookingMaskTC.TCC23 -->
