<?xml version="1.0" encoding="UTF-8"?>
<!-- Generated by org.testng.reporters.JUnitReportReporter -->
<testsuite hostname="DGIT-0099" failures="0" tests="1" name="BookingMaskTC.verifyTravelDateEndingOutOfContract_TC12" time="44.698" errors="0" timestamp="2022-12-21T14:46:24 IST" skipped="0">
  <testcase classname="BookingMaskTC.verifyTravelDateEndingOutOfContract_TC12" name="validateMessageOnBMpage" time="44.698"/>
  <system-out>
    <![CDATA[Validating Actual message Kontingent nicht mehr verfügbar.                                                                                                                                                                                                                                                                                                 and Expected message Kontingent nicht mehr verfügbar.                                                                                                                                                                                                                                                                                                                                                                                                                                                                                                                                                                                          ]]>
  </system-out>
</testsuite> <!-- BookingMaskTC.verifyTravelDateEndingOutOfContract_TC12 -->
