<?xml version="1.0" encoding="UTF-8"?>
<!-- Generated by org.testng.reporters.JUnitReportReporter -->
<testsuite hostname="DGIT-0099" failures="0" tests="1" name="BookingMaskTestCases.VerifyBookingInquiryWithBlankTravelFromDate_TC04" time="48.369" errors="0" timestamp="2023-07-13T14:29:57 IST" skipped="0">
  <testcase classname="BookingMaskTestCases.VerifyBookingInquiryWithBlankTravelFromDate_TC04" name="validateBookingInquiryWithBlankTravelFromDate" time="48.369">
    <system-out>
      <![CDATA[Validating actual Error message Travel From and Travel To date not proper. and Expected Error Message Travel From and Travel To date not proper.]]>
    </system-out>
  </testcase> <!-- validateBookingInquiryWithBlankTravelFromDate -->
  <system-out>
    <![CDATA[Browser Launch 
Valid Username Entered
Valid Password Entered
Clicked on Dashboard button
Select the Falk Tours AG from given list
Clicked on proceed button
Clicked on sales dropdown in Dashboard
Clicked on sales Booking in Dashboard
Clicked on create Button in sales Booking page
Select Falk Tours AG in CompanyID dropdownList
Select TFT1 in TravelType dropdownList
Selected HK001 - (TESTING) from dropdown list
Send Booking action
Send number of passenger
Send correct KOS in input field
Send correct ProductCode in input field
Send roomcode in input field
Send correct boardName
Send Occupancy
Send bookinglines 
Send Travel To date for Season-A 
Send Number of passenger
Clicked on sendbookingButton
Validating actual Error message Travel From and Travel To date not proper. and Expected Error Message Travel From and Travel To date not proper.
Closing Browser]]>
  </system-out>
</testsuite> <!-- BookingMaskTestCases.VerifyBookingInquiryWithBlankTravelFromDate_TC04 -->
