<?xml version="1.0" encoding="UTF-8"?>
<!-- Generated by org.testng.reporters.JUnitReportReporter -->
<testsuite hostname="DGIT-0099" failures="0" tests="1" name="BookingMaskTestCases.VerifyModifyBookingWithActionCodeUXTC44" time="129.464" errors="0" timestamp="2023-05-24T15:36:04 IST" skipped="0">
  <testcase classname="BookingMaskTestCases.VerifyModifyBookingWithActionCodeUXTC44" name="validateModifyBookingWithActionCodeUX" time="129.464"/>
  <system-out>
    <![CDATA[Select TFT1 in TravelType dropdownList
Select HK001 - (TESTING) from dropdown list
Select Falk Tours AG in CompanyID dropdownList
Send number of passenger
Send correct KOS in input field
Send correct ProductCode in input field
Send roomcode in input field
Send correct boardName
Send Occupancy
Send bookinglines 
Send Travel from date for Season-G
Send Travel To date for Season-G
Send Number of passenger
Click on sendBookingButton after U action code
Clicked on ViewList
Clicked on sendTBMcode to verify booking is done or not
Clicked on Booking listButton
Send TBM code
Clicked on Booking listButton
Clicked on edit booking1
Change Booking action yo UA
Send Modified Travel To date
Change Booking Action yo UX
Click on sendBookingButton after U action code
Clicked on ViewList
Clicked on sendTBMcode to verify booking is done or not
Clicked on Booking listButton
Send TBM code
Clicked on Booking listButton
Validating Expected ReservationNo 494896848/02 and Actual ReservationNo is 494896848/02
Validating Actual price 4000.00 and Expected Price 4000.00]]>
  </system-out>
</testsuite> <!-- BookingMaskTestCases.VerifyModifyBookingWithActionCodeUXTC44 -->
