<?xml version="1.0" encoding="UTF-8"?>
<!-- Generated by org.testng.reporters.JUnitReportReporter -->
<testsuite hostname="DGIT-0099" failures="0" tests="1" name="BookingMaskTC.TCC34" time="61.577" errors="0" timestamp="2022-12-12T15:11:13 IST" skipped="0">
  <testcase classname="BookingMaskTC.TCC34" name="validatePriceForTwoPersonTwoRoom" time="61.577"/>
  <system-out>
    <![CDATA[Validating Actual price for Season-B is 11988.00 and Expected Price for Season-B is11988.00
Validating Actual price for season-B is 11988.00 and Expected Price for Season-B is 11988.00]]>
  </system-out>
</testsuite> <!-- BookingMaskTC.TCC34 -->
