<?xml version="1.0" encoding="UTF-8"?>
<!-- Generated by org.testng.reporters.JUnitReportReporter -->
<testsuite hostname="DGIT-0099" failures="0" tests="1" name="BookingMaskTC.verifyBookingWithTravelFromAndTravelToSameDate_TC07" time="247.399" errors="0" timestamp="2022-11-25T09:17:45 IST" skipped="0">
  <testcase classname="BookingMaskTC.verifyBookingWithTravelFromAndTravelToSameDate_TC07" name="validateTravelFromAndTravelToSameDatePopUpMessageonBM" time="247.399"/>
  <system-out>
    <![CDATA[Validating Actual Message Travel From should be less than Travel To date. and Expected Message Travel From should be less than Travel To date.]]>
  </system-out>
</testsuite> <!-- BookingMaskTC.verifyBookingWithTravelFromAndTravelToSameDate_TC07 -->
