<?xml version="1.0" encoding="UTF-8"?>
<!-- Generated by org.testng.reporters.JUnitReportReporter -->
<testsuite hostname="DGIT-0099" failures="0" tests="1" name="LoginPageTC.RecoveryPasswordClickValidation_TC08" time="3.481" errors="0" timestamp="2022-12-28T16:20:33 IST" skipped="0">
  <testcase classname="LoginPageTC.RecoveryPasswordClickValidation_TC08" name="ClickOnRecoveryPasswordLinkTest" time="3.481"/>
  <system-out>
    <![CDATA[Validating actual Copyright © Zeus 2022 and Expected Text Copyright © Zeus 2022]]>
  </system-out>
</testsuite> <!-- LoginPageTC.RecoveryPasswordClickValidation_TC08 -->
