<?xml version="1.0" encoding="UTF-8"?>
<!-- Generated by org.testng.reporters.JUnitReportReporter -->
<testsuite hostname="DGIT-0099" failures="0" tests="1" name="SalesBookingListTestCases.TC4" time="41.163" errors="0" timestamp="2023-03-14T17:06:39 IST" skipped="0">
  <testcase classname="SalesBookingListTestCases.TC4" name="validatepriceFieldWithChangeInBookingAction" time="41.163"/>
  <system-out>
    <![CDATA[Validating Actual Text in Booking mask page is Booking Mask and Expected text in Booking mask page is Booking Mask]]>
  </system-out>
</testsuite> <!-- SalesBookingListTestCases.TC4 -->
