<?xml version="1.0" encoding="UTF-8"?>
<!-- Generated by org.testng.reporters.JUnitReportReporter -->
<testsuite hostname="DGIT-0099" failures="0" tests="1" name="BookingMaskTC.TCC91" time="47.244" errors="0" timestamp="2022-12-29T12:50:36 IST" skipped="0">
  <testcase classname="BookingMaskTC.TCC91" name="validatePriceForWeekDay" time="47.244"/>
  <system-out>
    <![CDATA[Validating Actual price 6666.00 and Expected Price 6666.00]]>
  </system-out>
</testsuite> <!-- BookingMaskTC.TCC91 -->
