<?xml version="1.0" encoding="UTF-8"?>
<!-- Generated by org.testng.reporters.JUnitReportReporter -->
<testsuite hostname="DGIT-0099" failures="0" tests="5" name="BookingMaskTestCases.VerifyBookingConditionSetTC113ToTC117" time="50.966" errors="0" timestamp="2023-06-30T09:57:27 IST" skipped="4">
  <testcase classname="BookingMaskTestCases.VerifyBookingConditionSetTC113ToTC117" name="validatePriceBySendingTravelDateMonToTuesWeekdaySetMonTuesAndWed" time="50.966"/>
  <system-out>
    <![CDATA[Select Falk Tours AG in CompanyID dropdownList
Select TFT1 in TravelType dropdownList
Send number of passenger
Send correct KOS in input field
Send correct ProductCode in input field
Send roomcode in input field
Send correct boardName
Send Occupancy
Send bookinglines 
Send Travel from date
Send Travel To date
Send Number of passenger
Clicked on sendbookingButton
Validating Actual price 112.00 and Expected Price 112.00]]>
  </system-out>
  <testcase classname="BookingMaskTestCases.VerifyBookingConditionSetTC113ToTC117" name="validateErrorMsgBySendingTravelDateThursToFridWeekdaySetMonTuesAndWed">
    <skipped/>
  </testcase> <!-- validateErrorMsgBySendingTravelDateThursToFridWeekdaySetMonTuesAndWed -->
  <system-out/>
  <testcase classname="BookingMaskTestCases.VerifyBookingConditionSetTC113ToTC117" name="validateErrorMsgBySendingTravelDateWedToThursWeekdaySetMonTuesAndWed">
    <skipped/>
  </testcase> <!-- validateErrorMsgBySendingTravelDateWedToThursWeekdaySetMonTuesAndWed -->
  <system-out/>
  <testcase classname="BookingMaskTestCases.VerifyBookingConditionSetTC113ToTC117" name="validateErrorMsgBySendingTravelDateSunToMonWeekdaySetMonTuesAndWed">
    <skipped/>
  </testcase> <!-- validateErrorMsgBySendingTravelDateSunToMonWeekdaySetMonTuesAndWed -->
  <system-out/>
  <testcase classname="BookingMaskTestCases.VerifyBookingConditionSetTC113ToTC117" name="validatePriceBySendingTravelDateMonTuesAndWedWeekdaySetMonTuesAndWed">
    <skipped/>
  </testcase> <!-- validatePriceBySendingTravelDateMonTuesAndWedWeekdaySetMonTuesAndWed -->
  <system-out/>
</testsuite> <!-- BookingMaskTestCases.VerifyBookingConditionSetTC113ToTC117 -->
