<?xml version="1.0" encoding="UTF-8"?>
<!-- Generated by org.testng.reporters.JUnitReportReporter -->
<testsuite hostname="DGIT-0099" failures="0" tests="1" name="BookingMaskTestCases.VerifyTravelDateInBetweenSeasonB_TC81" time="42.987" errors="0" timestamp="2023-05-25T12:46:45 IST" skipped="0">
  <testcase classname="BookingMaskTestCases.VerifyTravelDateInBetweenSeasonB_TC81" name="validatePriceInBetweenSeasonB" time="42.987"/>
  <system-out>
    <![CDATA[Validating Actual price is 4440.00 and Expected Price is 4440.00]]>
  </system-out>
</testsuite> <!-- BookingMaskTestCases.VerifyTravelDateInBetweenSeasonB_TC81 -->
