<?xml version="1.0" encoding="UTF-8"?>
<!-- Generated by org.testng.reporters.JUnitReportReporter -->
<testsuite hostname="DGIT-0099" failures="0" tests="1" name="BookingMaskTC.createBookingForTwoPersonAndTwoRoom_TC34" time="55.216" errors="0" timestamp="2023-02-15T09:20:33 IST" skipped="0">
  <testcase classname="BookingMaskTC.createBookingForTwoPersonAndTwoRoom_TC34" name="validatePriceForTwoPersonTwoRooms" time="55.216"/>
  <system-out>
    <![CDATA[Validating Actual price for Season-H is 2444.00 and Expected Price for Season-H is 2444.00
Validating Actual price for season-H is 2444.00 and Expected Price for Season-H is 2444.00]]>
  </system-out>
</testsuite> <!-- BookingMaskTC.createBookingForTwoPersonAndTwoRoom_TC34 -->
