<?xml version="1.0" encoding="UTF-8"?>
<!-- Generated by org.testng.reporters.JUnitReportReporter -->
<testsuite hostname="DGIT-0099" failures="0" tests="1" name="BookingMaskTestCases.CreateBookingForTwoPersonAndTwoRoom_TC34" time="53.468" errors="0" timestamp="2023-05-26T12:56:27 IST" skipped="0">
  <testcase classname="BookingMaskTestCases.CreateBookingForTwoPersonAndTwoRoom_TC34" name="validatePriceForTwoPersonTwoRooms" time="53.468"/>
  <system-out>
    <![CDATA[Validating Actual price for Season-H is 2444.00 and Expected Price for Season-H is 2444.00
Validating Actual price for season-H is 2444.00 and Expected Price for Season-H is 2444.00]]>
  </system-out>
</testsuite> <!-- BookingMaskTestCases.CreateBookingForTwoPersonAndTwoRoom_TC34 -->
