<?xml version="1.0" encoding="UTF-8"?>
<!-- Generated by org.testng.reporters.JUnitReportReporter -->
<testsuite hostname="DGIT-0099" failures="0" tests="1" name="SalesBookingListTestCases.VerifyCreateBookingformpageheadingandbreadcrumbsTC05" time="33.066" errors="0" timestamp="2023-05-26T18:24:44 IST" skipped="0">
  <testcase classname="SalesBookingListTestCases.VerifyCreateBookingformpageheadingandbreadcrumbsTC05" name="ValidateBookingMaskHeadingAndBreadcrumbs" time="33.066"/>
  <system-out>
    <![CDATA[Validating Actual Text is Booking New
Dashboard
SalesBooking
SalesBookingCreate and Expected text is Booking New
Dashboard
SalesBooking
SalesBookingCreate]]>
  </system-out>
</testsuite> <!-- SalesBookingListTestCases.VerifyCreateBookingformpageheadingandbreadcrumbsTC05 -->
