<?xml version="1.0" encoding="UTF-8"?>
<!-- Generated by org.testng.reporters.JUnitReportReporter -->
<testsuite hostname="DGIT-0099" failures="0" tests="1" name="BookingMaskTC.TCC149" time="56.662" errors="0" timestamp="2022-12-15T09:11:10 IST" skipped="0">
  <testcase classname="BookingMaskTC.TCC149" name="validategetmultisalesLinesBookingErrorMsgwithValidStay" time="56.662"/>
  <system-out>
    <![CDATA[Validating Actual message Mindestaufenthaltsdauer unterschritten bzw Maximale Aufenthaltsdauer überschritten                                                                                                                                                                                                                                               and Expected message Mindestaufenthaltsdauer unterschritten bzw Maximale Aufenthaltsdauer überschritten                                                                                                                                                                                                                                              ]]>
  </system-out>
</testsuite> <!-- BookingMaskTC.TCC149 -->
