<?xml version="1.0" encoding="UTF-8"?>
<!-- Generated by org.testng.reporters.JUnitReportReporter -->
<testsuite hostname="DGIT-0099" failures="0" tests="1" name="LoginPageTC.DashboardValidation_TC02" time="9.082" errors="0" timestamp="2022-12-16T11:40:04 IST" skipped="0">
  <testcase classname="LoginPageTC.DashboardValidation_TC02" name="ValidUserNameAndValidPasswordEnterToDashboardPageTest" time="9.082"/>
  <system-out>
    <![CDATA[Validating actual Text Dashboard and Expected Text Dashboard]]>
  </system-out>
</testsuite> <!-- LoginPageTC.DashboardValidation_TC02 -->
