<?xml version="1.0" encoding="UTF-8"?>
<!-- Generated by org.testng.reporters.JUnitReportReporter -->
<testsuite hostname="DGIT-0099" failures="0" tests="1" name="BookingMaskTestCases.CreateMultisalesLinesBookingWithSameDates_TC147" time="91.933" errors="0" timestamp="2023-07-10T11:46:48 IST" skipped="0">
  <testcase classname="BookingMaskTestCases.CreateMultisalesLinesBookingWithSameDates_TC147" name="validateBookingForThreeRoomsWithSameDateAndPrice" time="91.933">
    <system-out>
      <![CDATA[Validating Actual ReservationNo 145338382/01 and Expected ReservationNo is 145338382/01
Validating Actual price for Room1 is 1776.00 and Expected Price for Room1 is 1776.00
Validating Actual price for Room2 is 888.00 and Expected Price for Room2 is 888.00
Validating Actual price for Room3 is 1064.00 and Expected Price for Room3 is 1064.00]]>
    </system-out>
  </testcase> <!-- validateBookingForThreeRoomsWithSameDateAndPrice -->
  <system-out>
    <![CDATA[Browser Launch
Valid Username Entered
Valid Password Entered
Clicked on Dashboard button
Select the Falk Tours AG from given list
Clicked on proceed button
Clicked on sales dropdown in Dashboard
Clicked on sales Booking in Dashboard
Clicked on create Button in sales Booking page
Select Falk Tours AG in CompanyID dropdownList
Select TFT1 in TravelType dropdownList
Selected HK001 - (TESTING) from dropdown list
Send number of passenger
Send correct KOS in input field
Send correct ProductCode in input field
Send roomcode in input field
Send correct boardName
Send Occupancy
Send bookinglines 
Send Travel from date in Season-E
Send Travel To date in Season-E
Send Number of passenger
Clicked on sendbookingButton
Select Any TravelType option in dropdownList
Clicked on SendbookingButton
Clicking on Logout Button in Booking Mask page
Logout from Booking Mask Page
Closing Browser
Browser Launch 
Valid Username Entered
Valid Password Entered
Clicked on Dashboard button
Select the Falk Tours AG from given list
Clicked on proceed button
Clicked on sales dropdown in Dashboard
Clicked on sales Booking in Dashboard
Clicked on create Button in sales Booking page
Select TFT1 in TravelType dropdownList
Selected HK001 - (TESTING) from dropdown list
Select TFT1 in TravelType dropdownList
Selected HK001 - (TESTING) from dropdown list
Select Falk Tours AG in CompanyID dropdownList
Send number of passengers
Send correct KOS in input field
Send correct ProductCode in input field
Send roomcode in input field
Send correct boardName
Send Occupancy
Send bookinglines 
Send Travel from date
Send Travel To date
Select Number of passenger
Send correct KOS in input field
Send correct ProductCode in input field
Send roomcode in input field
Send correct boardName
Send Occupancy
Send bookinglines 
Send Travel from date for Season-C
Send Travel To date for Season-C
Select Number of passenger
Send correct KOS in input field
Send correct ProductCode in input field
Send roomcode in input field
Send correct boardName
Send Occupancy
Send bookinglines 
Send Travel from date
Send Travel To date 
Select Number of passenger
Click on sendBookingButton 
Clicked on ViewList
Clicked on sendTBMcode to verify booking is done or not
Clicked on Booking listButton
Send TBM code
Clicked on Booking listButton
Validating Actual ReservationNo 224663972/01 and Expected ReservationNo is 224663972/01
Clicking on Logout Button in Booking Mask page
Logout from Booking Mask Page
Closing Browser
Browser Launch 
Valid Username Entered
Valid Password Entered
Clicked on Dashboard button
Select the Falk Tours AG from given list
Clicked on proceed button
Clicked on sales dropdown in Dashboard
Clicked on sales Booking in Dashboard
Clicked on create Button in sales Booking page
Select TFT1 in TravelType dropdownList
Select Falk Tours AG in CompanyID dropdownList
Selected HK001 - (TESTING) from dropdown list
Select TFT1 in TravelType dropdownList
Selected HK001 - (TESTING) from dropdown list
Send number of passengers
Send correct KOS in input field
Send correct ProductCode in input field
Send roomcode in input field
Send correct boardName
Send Occupancy
Send bookinglines 
Send Travel from date
Send Travel To date
Send Number of passenger
Send correct KOS2 in input field
Send correct ProductCode in input field
Send roomcode in input field
Send correct boardName
Send Occupancy
Send bookinglines 
Send Travel from date for Season-C
Send Travel To date for Season-C
Send Number of passenger
Send correct KOS3 in input field
Send correct ProductCode in input field
Send roomcode in input field
Send correct boardName
Send Occupancy
Send bookinglines 
Send Travel from date
Send Travel To date 
Send Number of passenger
Click on sendBookingButton
Clicking on Logout Button in Booking Mask page
Logout from Booking Mask Page
Closing Browser
Browser Launch 
Valid Username Entered
Valid Password Entered
Clicked on Dashboard button
Select the Falk Tours AG from given list
Clicked on proceed button
Clicked on sales dropdown in Dashboard
Clicked on sales Booking in Dashboard
Clicked on create Button in sales Booking page
Select Falk Tours AG in CompanyID dropdownList
Select TFT1 in TravelType dropdownList
Send number of passenger
Send correct KOS in input field
Send correct ProductCode in input field
Send roomcode in input field
Send correct boardName
Send Occupancy
Send bookinglines 
Send Travel from date
Send Travel To date
Send Number of passenger
Clicked on sendbookingButton
Validating Actual price for Season-B 24864.00 and Expected Price for Season-B 24864.00
Clicking on Logout Button in Booking Mask page
Logout from Booking Mask Page
Closing Browser
Browser Launch 
Valid Username Entered
Valid Password Entered
Clicked on Dashboard button
Select the Falk Tours AG from given list
Clicked on proceed button
Clicked on sales dropdown in Dashboard
Clicked on sales Booking in Dashboard
Clicked on create Button in sales Booking page
Select Falk Tours AG in CompanyID dropdownList
Select TFT1 in TravelType dropdownList
Send Booking action
Send number of pax
Send correct KOS in input field
Send correct ProductCode in input field
Send roomcode in input field
Send correct boardName
Send Occupancy
Send bookinglines 
Send Travel from date for Season-B
Send Travel To date for Season-B
Send Number of passenger
Send correct KOS2 in input field
Send correct ProductCode in input field
Send roomcode in input field
Send correct boardName
Send Occupancy
Send bookinglines 
Send Travel from date for Season-B
Send Travel To date for Season-B
Select Number of passenger
Click on sendBookingButton 
Validating Actual price for Season-H is 2444.00 and Expected Price for Season-H is 2444.00
Validating Actual price for season-H is 2444.00 and Expected Price for Season-H is 2444.00
Clicking on Logout Button in Booking Mask page
Logout from Booking Mask Page
Closing Browser
Browser Launch 
Valid Username Entered
Valid Password Entered
Clicked on Dashboard button
Select the Falk Tours AG from given list
Clicked on proceed button
Clicked on sales dropdown in Dashboard
Clicked on sales Booking in Dashboard
Clicked on create Button in sales Booking page
Select Falk Tours AG in CompanyID dropdownList
Select TFT1 in TravelType dropdownList
Selected HK001 - (TESTING) from dropdown list
Select TFT1 in TravelType dropdownList
Send number of passengers
Send correct KOS in input field
Send correct ProductCode in input field
Send roomcode in input field
Send correct boardName
Send Occupancy
Send bookinglines 
Send Travel from date
Send Travel To date
Send Number of passenger
Send correct KOS in input field
Send correct ProductCode in input field
Send roomcode in input field
Send correct boardName
Send Occupancy
Send bookinglines 
Send Travel from date for Season-C
Send Travel To date for Season-C
Select Number of passenger
Send correct KOS in input field
Send correct ProductCode in input field
Send roomcode in input field
Send correct boardName
Send Occupancy
Send bookinglines 
Send Travel from date
Send Travel To date 
Send Number of passenger
Click on sendBookingButton
Clicking on Logout Button in Booking Mask page
Logout from Booking Mask Page
Closing Browser
Browser Launch 
Valid Username Entered
Valid Password Entered
Clicked on Dashboard button
Select the Falk Tours AG from given list
Clicked on proceed button
Clicked on sales dropdown in Dashboard
Clicked on sales Booking in Dashboard
Clicked on create Button in sales Booking page
Select Falk Tours AG in CompanyID dropdownList
Select TFT1 in TravelType dropdownList
Selected HK002 - (code) from dropdown list
Send Booking action
Send number of passenger
Send correct KOS in input field
Send correct ProductCode in input field
Send roomcode in input field
Send correct boardName
Send Occupancy
Send bookinglines 
Send Travel from dates
Send Travel To date
Select Number of passenger
Click on sendBookingButton
Clicked on ViewList
Clicked on SendTBMcode to verify booking is done or not
Clicked on Booking listButton
Send TBM code
Clicked on Booking listButton
Clicked on edit booking1
Send Modified booking action
Click on sendBookingButton after entering SA action code
Clicked on ViewList
Clicked on SendTBMcode to verify booking is done or not
Clicked on Booking listButton
Validating Actual Price with excluding Cancellation charges is 4888.00 and Expected Price excluding Cancellation charges is 4888.00
Validating Actual ReservationNo 749924451/02 and Expected ReservationNo is 749924451/02
Clicking on Logout Button in Booking Mask page
Logout from Booking Mask Page
Valid Username Entered
Valid Password Entered
Clicked on Dashboard button
Select the Falk Tours AG from given list
Clicked on proceed button
Clicked on sales dropdown in Dashboard
Clicked on sales Booking in Dashboard
Clicked on create Button in sales Booking page
Select Falk Tours AG in CompanyID dropdownList
Select TFT1 in TravelType dropdownList
Selected HK002 - (code) from dropdown list
Send Booking action code
Send number of passenger
Send correct KOS in input field
Send correct ProductCode in input field
Send roomcode in input field
Send correct boardName
Send Occupancy
Send TotalPax 
Send Travel from date
Send Travel To date
Select Number of passenger
Click on SendBookingButton
Clicking on Logout Button in Booking Mask page
Logout from Booking Mask Page
Closing Browser
Browser Launch 
Valid Username Entered
Valid Password Entered
Clicked on Dashboard button
Select the Falk Tours AG from given list
Clicked on proceed button
Clicked on sales dropdown in Dashboard
Clicked on sales Booking in Dashboard
Clicked on create Button in sales Booking page
Select Falk Tours AG in CompanyID dropdownList
Select TFT1 in TravelType dropdownList
Selected HK001 - (TESTING) from dropdown list
Send Booking action
Send number of passenger
Send correct KOS in input field
Send correct ProductCode in input field
Send roomcode in input field
Send correct boardName
Send Occupancy
Send bookinglines 
Send Travel from date for season-A
Send Travel To date for season-A
Send Number of passenger
Clicked on sendbookingButton
Clicking on Logout Button in Booking Mask page
Logout from Booking Mask Page
Closing Browser
Browser Launch 
Valid Username Entered
Valid Password Entered
Clicked on Dashboard button
Select the Falk Tours AG from given list
Clicked on proceed button
Clicked on sales dropdown in Dashboard
Clicked on sales Booking in Dashboard
Clicked on create Button in sales Booking page
Select Falk Tours AG in CompanyID dropdownList
Select TFT1 in TravelType dropdownList
Send number of passengers
Send correct KOS in input field
Send correct ProductCode in input field
Send roomcode in input field
Send correct boardName
Send Occupancy
Send bookinglines 
Send Travel from date
Send Travel To date
Select Number of passenger
Send correct KOS2 in input field
Send correct ProductCode in input field
Send roomcode in input field
Send correct boardName
Send Occupancy
Send bookinglines 
Send Travel from date
Send Travel To date
Send Number of passenger
Send correct KOS in input field
Send correct ProductCode in input field
Send roomcode in input field
Send correct boardName
Send Occupancy
Send bookinglines 
Send Travel from date
Send Travel To date
Send Number of passenger
Click on SendBookingButton
Clicked on ViewList
Clicked on sendTBMcode to verify booking is done or not
Clicked on Booking listButton
send TBM code
Clicked on Booking listButton
Validating Actual ReservationNo 145338382/01 and Expected ReservationNo is 145338382/01
Validating Actual price for Room1 is 1776.00 and Expected Price for Room1 is 1776.00
Validating Actual price for Room2 is 888.00 and Expected Price for Room2 is 888.00
Validating Actual price for Room3 is 1064.00 and Expected Price for Room3 is 1064.00
Clicking on Logout Button in Booking Mask page
Logout from Booking Mask Page
Closing Browser
Browser Launch 
Valid Username Entered
Valid Password Entered
Clicked on Dashboard button
Select the Falk Tours AG from given list
Clicked on proceed button
Clicked on sales dropdown in Dashboard
Clicked on sales Booking in Dashboard
Clicked on create Button in sales Booking page
Select Falk Tours AG in CompanyID dropdownList
Select TFT1 in TravelType dropdownList
Selected HK001 - (TESTING) from dropdown list
Select TFT1 in TravelType dropdownList
Selected HK001 - (TESTING) from dropdown list
Send number of passengers
Send correct KOS in input field
Send correct ProductCode in input field
Send roomcode in input field
Send correct boardName
Send Occupancy
Send bookinglines 
Send Travel from date
Send Travel To date
Send Number of passenger
Send correct KOS2 in input field
Send correct ProductCode in input field
Send roomcode in input field
Send correct boardName
Send Occupancy
Send bookinglines 
Send Travel from date for Season-C
Send Travel To date for Season-C
Send Number of passenger
Send correct KOS in input field
Send correct ProductCode in input field
Send roomcode in input field
Send correct boardName
Send Occupancy
Send bookinglines 
Send Travel from date
Send Travel To date 
Send Number of passenger
Click on sendBookingButton 
Clicking on Logout Button in Booking Mask page
Logout from Booking Mask Page
Closing Browser
Browser Launch 
Valid Username Entered
Valid Password Entered
Clicked on Dashboard button
Select the Falk Tours AG from given list
Clicked on proceed button
Clicked on sales dropdown in Dashboard
Clicked on sales Booking in Dashboard
Clicked on create Button in sales Booking page
Select Falk Tours AG in CompanyID dropdownList
Select TFT1 in TravelType dropdownList
Selected HK001 - (TESTING) from dropdown list
Select TFT1 in TravelType dropdownList
Selected HK001 - (TESTING) from dropdown list
Send number of passengers
Send correct KOS in input field
Send correct ProductCode in input field
Send roomcode in input field
Send correct boardName
Send Occupancy
Send bookinglines 
Send Travel from date
Send Travel To date
Select Number of passenger
Send correct KOS in input field
Send correct ProductCode in input field
Send roomcode in input field
Send correct boardName
Send Occupancy
Send bookinglines 
Send Travel from date for Season-C
Send Travel To date for Season-C
Select Number of passenger
Send correct KOS in input field
Send correct ProductCode in input field
Send roomcode in input field
Send correct boardName
Send Occupancy
Send bookinglines 
Send Travel from date
Send Travel To date 
Select Number of passenger
Click on sendBookingButton
Clicking on Logout Button in Booking Mask page
Logout from Booking Mask Page
Closing Browser
Browser Launch 
Valid Username Entered
Valid Password Entered
Clicked on Dashboard button
Select the Falk Tours AG from given list
Clicked on proceed button
Clicked on sales dropdown in Dashboard
Clicked on sales Booking in Dashboard
Clicked on create Button in sales Booking page
Select Falk Tours AG in CompanyID dropdownList
Select FNTR TravelType option in dropdownList
Send number of passenger
Send correct KOS in input field
Send correct ProductCode in input field
Send roomcode in input field
Send correct boardName
Send Occupancy
Send bookinglines 
Send Travel from date 
Send Travel To date 
Send Number of passenger
Clicked on sendbookingButton
Clicked on SendbookingButton
Validating Actual message Bitte prüfen Sie den angegebenen Leistungscode.                                                                                                                                                                                                                                                                                  and Expected message Bitte prüfen Sie den angegebenen Leistungscode.                                                                                                                                                                                                                                                                                 
Clicking on Logout Button in Booking Mask page
Logout from Booking Mask Page
Closing Browser
Browser Launch 
Valid Username Entered
Valid Password Entered
Clicked on Dashboard button
Select the Falk Tours AG from given list
Clicked on proceed button
Clicked on sales dropdown in Dashboard
Clicked on sales Booking in Dashboard
Clicked on create Button in sales Booking page
Select Falk Tours AG in CompanyID dropdownList
Select TFT1 in TravelType dropdownList
Selected HK001 - (TESTING) from dropdown list
Select TFT1 in TravelType dropdownList
Selected HK001 - (TESTING) from dropdown list
Send number of passengers
Send correct KOS in input field
Send correct ProductCode in input field
Send roomcode in input field
Send correct boardName
Send Occupancy
Send bookinglines 
Send Travel from date
Send Travel To date
Send Number of passenger
Send correct KOS2 in input field
Send correct ProductCode in input field
Send roomcode in input field
Send correct boardName
Send Occupancy
Send bookinglines 
Send Travel from date for Season-C
Send Travel To date for Season-C
Select Number of passenger
Send correct KOS3 in input field
Send correct ProductCode in input field
Send roomcode in input field
Send correct boardName
Send Occupancy
Send bookinglines 
Send Travel from date
Send Travel To date 
Send Number of passenger
Click on sendBookingButton after U action code
Clicked on ViewList
Clicked on sendTBMcode to verify booking is done or not
Clicked on Booking listButton
Send TBM code
Clicked on Booking listButton
Clicked on Edit booking1
Change Booking Action to U
Send Modified Travel from date
Send Modified Travel To date
Click on sendBookingButton
Clicking on Logout Button in Booking Mask page
Logout from Booking Mask Page
Closing Browser
Browser Launch 
Valid Username Entered
Valid Password Entered
Clicked on Dashboard button
Select the Falk Tours AG from given list
Clicked on proceed button
Clicked on sales dropdown in Dashboard
Clicked on sales Booking in Dashboard
Clicked on create Button in sales Booking page
Select Falk Tours AG in CompanyID dropdownList
Select TFT1 in TravelType dropdownList
Selected HK001 - (TESTING) from dropdown list
Send Booking action
Send number of passenger
Send correct KOS in input field
Send correct ProductCode in input field
Send roomcode in input field
Send correct boardName
Send Occupancy
Send bookinglines 
Send Travel from date of Season-G
Send Travel To date of Season-G
Select Number of passenger
Send correct KOS in input field
Send correct ProductCode in input field
Send roomcode in input field
Send correct boardName
Send Occupancy
Send bookinglines 
Send Travel from date of Season-G
Send Travel To date of Season-G
Select Number of passenger
Click on SendBookingButton
Clicking on Logout Button on Booking Mask page
Logout from Booking Mask Page
Valid Username Entered
Valid Password Entered
Clicked on Dashboard button
Select the Falk Tours AG from given list
Clicked on proceed button
Clicked on sales dropdown in Dashboard
Clicked on sales Booking in Dashboard
Clicked on create Button in sales Booking page
Select Falk Tours AG in CompanyID dropdownList
Select TFT1 in TravelType dropdownList
Selected HK001 - (TESTING) from dropdown list
Send Booking Action
Send number of passenger
Send correct KOS in input field
Send correct ProductCode in input field
Send roomcode in input field
Send correct boardName
Send Occupancy
Send bookinglines 
Send Travel from date of Season-G
Send Travel To date of Season-G
Select Number of passenger
Click on SendBookingButton
Clicked on ViewList
Clicked on sendTBMcode to verify booking is done or not
Clicked on Booking listButton
Send TBM code
Clicked on Booking listButton
Clicked on edit booking1
Send correct KOS in input field
Send correct ProductCode in input field
Send roomcode in input field
Send correct boardName
Send Occupancy
Send bookinglines 
Send Travel from date of Season-G
Send Travel To date of Season-G
Select Number of passenger
Click on Send booking button
Clicking on Logout Button on Booking Mask page
Logout from Booking Mask Page
Closing Browser]]>
  </system-out>
</testsuite> <!-- BookingMaskTestCases.CreateMultisalesLinesBookingWithSameDates_TC147 -->
