<?xml version="1.0" encoding="UTF-8"?>
<!-- Generated by org.testng.reporters.JUnitReportReporter -->
<testsuite hostname="DGIT-0099" failures="0" tests="1" name="BookingMaskTestCases.VerifyModifyBookingToInvalidRoomCodeTC26" time="112.501" errors="0" timestamp="2023-05-25T12:46:45 IST" skipped="0">
  <testcase classname="BookingMaskTestCases.VerifyModifyBookingToInvalidRoomCodeTC26" name="validateBookingBySendingInvalidRoomcode" time="112.501"/>
  <system-out>
    <![CDATA[Validating Actual message Bitte prüfen Sie den angegebenen Zimmerscode..                                                                                                                                                                                                                                                                                   and Expected message Bitte prüfen Sie den angegebenen Zimmerscode..                                                                                                                                                                                                                                                                                  ]]>
  </system-out>
</testsuite> <!-- BookingMaskTestCases.VerifyModifyBookingToInvalidRoomCodeTC26 -->
