<?xml version="1.0" encoding="UTF-8"?>
<!-- Generated by org.testng.reporters.JUnitReportReporter -->
<testsuite hostname="DGIT-0099" failures="0" tests="1" name="BookingMaskTestCases.VerifyConfirmBookingWithB_TC02" time="93.604" errors="0" timestamp="2023-05-25T12:46:45 IST" skipped="0">
  <testcase classname="BookingMaskTestCases.VerifyConfirmBookingWithB_TC02" name="validateReservationNoField" time="93.604"/>
  <system-out>
    <![CDATA[Validating Expected ReservationNo 199489127/01 and Actual ReservationNo is 199489127/01]]>
  </system-out>
</testsuite> <!-- BookingMaskTestCases.VerifyConfirmBookingWithB_TC02 -->
