<?xml version="1.0" encoding="UTF-8"?>
<!-- Generated by org.testng.reporters.JUnitReportReporter -->
<testsuite hostname="DGIT-0099" failures="0" tests="5" name="BookingMaskTC.TCC126To130WithActionCodeB" time="111.647" errors="0" timestamp="2023-01-16T09:16:21 IST" skipped="3">
  <testcase classname="BookingMaskTC.TCC126To130WithActionCodeB" name="validateBookingForAboveMaxStayDuration" time="53.427"/>
  <system-out>
    <![CDATA[Select TFT1 in TravelType dropdownList
Selected HK001 - (TESTING) from dropdown list
Selected room 805 from dropdown
Select Falk Tours AG in CompanyID dropdownList
Send number of passenger
Send correct KOS in input field
Send correct ProductCode in input field
Send roomcode in input field
Send correct boardName
Send Occupancy
Send bookinglines 
Send Travel from date
Send Travel To date
Select Number of passenger
Clicked on sendbookingButton
Clicked on sendbookingButton
Validating Actual message Maximale Aufenthaltsdauer 端berschritten                                                                                                                                                                                                                                                                                          and Expected message Maximale Aufenthaltsdauer 端berschritten                                                                                                                                                                                                                                                                                         ]]>
  </system-out>
  <testcase classname="BookingMaskTC.TCC126To130WithActionCodeB" name="validteBookingForBelowMinStayDuration" time="58.220"/>
  <system-out>
    <![CDATA[Select TFT1 in TravelType dropdownList
Selected HK001 - (TESTING) from dropdown list
Selected room 805 from dropdown
Select Falk Tours AG in CompanyID dropdownList
Send number of passenger
Send correct KOS in input field
Send correct ProductCode in input field
Send roomcode in input field
Send correct boardName
Send Occupancy
Send bookinglines 
Send Travel from date
Send Travel To date
Select Number of passenger
Clicked on sendbookingButton
Clicked on sendbookingButton
Validating Actual message Mindestaufenthaltsdauer unterschritten bzw Maximale Aufenthaltsdauer 端berschritten                                                                                                                                                                                                                                               and Expected message Mindestaufenthaltsdauer unterschritten bzw Maximale Aufenthaltsdauer 端berschritten                                                                                                                                                                                                                                              ]]>
  </system-out>
  <testcase classname="BookingMaskTC.TCC126To130WithActionCodeB" name="validateBookingForMinStayDuration">
    <skipped/>
  </testcase> <!-- validateBookingForMinStayDuration -->
  <system-out/>
  <testcase classname="BookingMaskTC.TCC126To130WithActionCodeB" name="validateBookingForMaxStayDuration">
    <skipped/>
  </testcase> <!-- validateBookingForMaxStayDuration -->
  <system-out/>
  <testcase classname="BookingMaskTC.TCC126To130WithActionCodeB" name="validateBookingBetweenMinAndMaxStayDuration">
    <skipped/>
  </testcase> <!-- validateBookingBetweenMinAndMaxStayDuration -->
  <system-out/>
</testsuite> <!-- BookingMaskTC.TCC126To130WithActionCodeB -->
