<?xml version="1.0" encoding="UTF-8"?>
<!-- Generated by org.testng.reporters.JUnitReportReporter -->
<testsuite hostname="DGIT-0099" failures="0" tests="3" name="BookingMaskTC.verifyModifyBookingWithMinMaxStayDurationTC140ToTC142" time="236.608" errors="0" timestamp="2023-02-02T15:40:04 IST" skipped="0">
  <testcase classname="BookingMaskTC.verifyModifyBookingWithMinMaxStayDurationTC140ToTC142" name="validateBookingToLessthanMinStay" time="55.215"/>
  <system-out>
    <![CDATA[Select TFT1 in TravelType dropdownList
Selected HK001 - (TESTING) from dropdown list
Select Falk Tours AG in CompanyID dropdownList
Send number of passenger
Send correct KOS in input field
Send correct ProductCode in input field
Send roomcode in input field
Send correct boardName
Send Occupancy
Send bookinglines 
Send Travel from date for Season-G
Send Travel To date for Season-G
Select Number of passenger
Clicked on sendbookingButton
Send Modified Travel from date
Send Modified Travel To date
Clicked on sendbookingButton
Validating Actual message Mindestaufenthaltsdauer unterschritten bzw Maximale Aufenthaltsdauer 端berschritten                                                                                                                                                                                                                                               and Expected message Mindestaufenthaltsdauer unterschritten bzw Maximale Aufenthaltsdauer 端berschritten                                                                                                                                                                                                                                              ]]>
  </system-out>
  <testcase classname="BookingMaskTC.verifyModifyBookingWithMinMaxStayDurationTC140ToTC142" name="validateBookingWithVaildStay" time="125.731"/>
  <system-out>
    <![CDATA[Select TFT1 in TravelType dropdownList
Selected HK001 - (TESTING) from dropdown list
Selected room 804 from dropdown
Select Falk Tours AG in CompanyID dropdownList
Send number of passenger
Send correct KOS in input field
Send correct ProductCode in input field
Send roomcode in input field
Send correct boardName
Send Occupancy
Send bookinglines 
Send Travel from date
Send Travel To date
Select Number of passenger
Clicked on sendbookingButton
Clicked on ViewList
Clicked on sendTBMcode to verify booking is done or not
Clicked on Booking listButton
Send TBM code
Clicked on Booking listButton
Clicked on Edit booking1
Change booking action to U
Send Modified Travel from date
Send Modified Travel To date
Clicked on sendbookingButton
Clicked on ViewList
Clicked on sendTBMcode to verify booking is done or not
Send TBM code
Clicked on Booking listButton
Validating Expected ReservationNo 691948238/02 and Actual ReservationNo is 691948238/02
Validating Actual price 5780.00 and Expected Price 5780.00]]>
  </system-out>
  <testcase classname="BookingMaskTC.verifyModifyBookingWithMinMaxStayDurationTC140ToTC142" name="validateBookingToMorethanMaxStay" time="55.662"/>
  <system-out>
    <![CDATA[Select TFT1 in TravelType dropdownList
Selected HK001 - (TESTING) from dropdown list
Selected room 804 from dropdown
Select Falk Tours AG in CompanyID dropdownList
Send number of passenger
Send correct KOS in input field
Send correct ProductCode in input field
Send roomcode in input field
Send correct boardName
Send Occupancy
Send bookinglines 
Send Travel from date
Send Travel To date
Select Number of passenger
Clicked on sendbookingButton
Send Modified Travel from date
Send Modified Travel To date
Clicked on sendbookingButton
Validating Actual message Maximale Aufenthaltsdauer 端berschritten                                                                                                                                                                                                                                                                                          and Expected message Maximale Aufenthaltsdauer 端berschritten                                                                                                                                                                                                                                                                                         ]]>
  </system-out>
</testsuite> <!-- BookingMaskTC.verifyModifyBookingWithMinMaxStayDurationTC140ToTC142 -->
