<?xml version="1.0" encoding="UTF-8"?>
<!-- Generated by org.testng.reporters.JUnitReportReporter -->
<testsuite hostname="DGIT-0099" failures="0" tests="1" name="BookingMaskTestCases.VerifyCreateBookingForThreePerson_TC35" time="59.230" errors="0" timestamp="2023-05-25T12:46:45 IST" skipped="0">
  <testcase classname="BookingMaskTestCases.VerifyCreateBookingForThreePerson_TC35" name="validatePriceWithThreePerson" time="59.230"/>
  <system-out>
    <![CDATA[Validating Actual price 2001.00 and Expected Price 2001.00]]>
  </system-out>
</testsuite> <!-- BookingMaskTestCases.VerifyCreateBookingForThreePerson_TC35 -->
