<?xml version="1.0" encoding="UTF-8"?>
<!-- Generated by org.testng.reporters.JUnitReportReporter -->
<testsuite hostname="DGIT-0099" failures="0" tests="1" name="BookingMaskTC.verifyTravelDateNotInAnySeason_TC87" time="41.047" errors="0" timestamp="2022-12-28T12:20:56 IST" skipped="0">
  <testcase classname="BookingMaskTC.verifyTravelDateNotInAnySeason_TC87" name="validateErrorMsgDatesOutOfSeason" time="41.047"/>
  <system-out>
    <![CDATA[Validating Actual message Column 'SeasonPrice' does not belong to table .                                                                                                                                                                                                                                                                                 and Expected message Column 'SeasonPrice' does not belong to table .                                                                                                                                                                                                                                                                                                                                                                                                                                                                                                                                                                                                       ]]>
  </system-out>
</testsuite> <!-- BookingMaskTC.verifyTravelDateNotInAnySeason_TC87 -->
