<?xml version="1.0" encoding="UTF-8"?>
<!-- Generated by org.testng.reporters.JUnitReportReporter -->
<testsuite hostname="DGIT-0099" failures="0" tests="3" name="BookingMaskTC.verifyTravelDateConditionSetMonAndTues_TC105ToTC107" time="139.952" errors="0" timestamp="2023-01-06T16:37:12 IST" skipped="0">
  <testcase classname="BookingMaskTC.verifyTravelDateConditionSetMonAndTues_TC105ToTC107" name="validateErrorMsgBySendingTravelDateThursToFridWeekdaySetMonToTues" time="44.495"/>
  <system-out>
    <![CDATA[Select TFT1 in TravelType dropdownList
Selected HK001 - (TESTING) from dropdown list
Selected room 805 from dropdown
Select Falk Tours AG in CompanyID dropdownList
Send number of passenger
Send correct KOS in input field
Send correct ProductCode in input field
Send roomcode in input field
Send correct boardName
Send Occupancy
Send bookinglines 
Send Travel from date
Send Travel To date
Select Number of passenger
Clicked on sendbookingButton
Validating Actual message Invalid Travel Duration-no price information in the net contract.                                                                                                                                                                                                                                                                and Expected message Invalid Travel Duration-no price information in the net contract.                                                                                                                                                                                                                                                               ]]>
  </system-out>
  <testcase classname="BookingMaskTC.verifyTravelDateConditionSetMonAndTues_TC105ToTC107" name="validateErrorMsgBySendingTravelDateSunToTueWeekdaySetMonToTues" time="43.372"/>
  <system-out>
    <![CDATA[Select TFT1 in TravelType dropdownList
Selected HK001 - (TESTING) from dropdown list
Selected room 805 from dropdown
Select Falk Tours AG in CompanyID dropdownList
Send number of passenger
Send correct KOS in input field
Send correct ProductCode in input field
Send roomcode in input field
Send correct boardName
Send Occupancy
Send bookinglines 
Send Travel from date
Send Travel To date
Select Number of passenger
Clicked on sendbookingButton
Validating Actual message Invalid Travel Duration-no price information in the net contract.                                                                                                                                                                                                                                                                and Expected message Invalid Travel Duration-no price information in the net contract.                                                                                                                                                                                                                                                               ]]>
  </system-out>
  <testcase classname="BookingMaskTC.verifyTravelDateConditionSetMonAndTues_TC105ToTC107" name="validateErrorMsgBySendingTravelDateMonToThursWeekdaySetMonToTues" time="52.085"/>
  <system-out>
    <![CDATA[Select TFT1 in TravelType dropdownList
Selected HK001 - (TESTING) from dropdown list
Selected room 904 from dropdown
Select Falk Tours AG in CompanyID dropdownList
Send number of passenger
Send correct KOS in input field
Send correct ProductCode in input field
Send roomcode in input field
Send correct boardName
Send Occupancy
Send bookinglines 
Send Travel from date
Send Travel To date
Select Number of passenger
Clicked on sendbookingButton
Validating Actual message Invalid Travel Duration-no price information in the net contract.                                                                                                                                                                                                                                                                and Expected message Invalid Travel Duration-no price information in the net contract.                                                                                                                                                                                                                                                               ]]>
  </system-out>
</testsuite> <!-- BookingMaskTC.verifyTravelDateConditionSetMonAndTues_TC105ToTC107 -->
