<?xml version="1.0" encoding="UTF-8"?>
<!-- Generated by org.testng.reporters.JUnitReportReporter -->
<testsuite hostname="DGIT-0099" failures="0" tests="1" name="TestNGTest.ValidateErrorMsgOnUserName" time="0.818" errors="0" timestamp="2022-10-10T17:23:10 IST" skipped="0">
  <testcase classname="TestNGTest.ValidateErrorMsgOnUserName" name="CheckIncorrectCredentialsOnUserNameTest" time="0.818"/>
  <system-out>
    <![CDATA[Validating actual & Expected Msg]]>
  </system-out>
</testsuite> <!-- TestNGTest.ValidateErrorMsgOnUserName -->
