<?xml version="1.0" encoding="UTF-8"?>
<!-- Generated by org.testng.reporters.JUnitReportReporter -->
<testsuite hostname="DGIT-0099" failures="0" tests="1" name="TestNGTest.ValidateLoginPageDirectedTC_09" time="1.114" errors="0" timestamp="2022-10-13T14:56:25 IST" skipped="0">
  <testcase classname="TestNGTest.ValidateLoginPageDirectedTC_09" name="RecoverPasswordGoBackToLoginTest" time="1.114"/>
  <system-out>
    <![CDATA[Validating actual & Expected Text]]>
  </system-out>
</testsuite> <!-- TestNGTest.ValidateLoginPageDirectedTC_09 -->
