<?xml version="1.0" encoding="UTF-8"?>
<!-- Generated by org.testng.reporters.JUnitReportReporter -->
<testsuite hostname="DGIT-0099" failures="0" tests="1" name="BookingMaskTC.verifyCreateBookingForThreePerson_TC35" time="250.903" errors="0" timestamp="2022-12-28T18:00:43 IST" skipped="0">
  <testcase classname="BookingMaskTC.verifyCreateBookingForThreePerson_TC35" name="validatePriceWithThreePerson" time="250.903"/>
  <system-out>
    <![CDATA[Validating Actual price 60030.00 and Expected Price 60030.00]]>
  </system-out>
</testsuite> <!-- BookingMaskTC.verifyCreateBookingForThreePerson_TC35 -->
