<?xml version="1.0" encoding="UTF-8"?>
<!-- Generated by org.testng.reporters.JUnitReportReporter -->
<testsuite hostname="DGIT-0099" failures="0" tests="1" name="BookingMaskTestCases.VerifyCreateNewBookingInquiry_TC01" time="49.771" errors="0" timestamp="2023-05-26T12:56:27 IST" skipped="0">
  <testcase classname="BookingMaskTestCases.VerifyCreateNewBookingInquiry_TC01" name="validatePriceFieldWithBookingInquiry" time="49.771"/>
  <system-out>
    <![CDATA[Validating Actual price for Season-H for 1 day is4888.00 and Expected Price 4888.00]]>
  </system-out>
</testsuite> <!-- BookingMaskTestCases.VerifyCreateNewBookingInquiry_TC01 -->
