<?xml version="1.0" encoding="UTF-8"?>
<!-- Generated by org.testng.reporters.JUnitReportReporter -->
<testsuite hostname="DGIT-0099" failures="0" tests="1" name="BookingMaskTC.verifyTravelDateIsWeekDay_TC89" time="48.299" errors="0" timestamp="2022-12-29T12:42:51 IST" skipped="0">
  <testcase classname="BookingMaskTC.verifyTravelDateIsWeekDay_TC89" name="validatePriceForWeekDay" time="48.299"/>
  <system-out>
    <![CDATA[Validating Actual price 8888.00 and Expected Price 8888.00]]>
  </system-out>
</testsuite> <!-- BookingMaskTC.verifyTravelDateIsWeekDay_TC89 -->
