<?xml version="1.0" encoding="UTF-8"?>
<!-- Generated by org.testng.reporters.JUnitReportReporter -->
<testsuite hostname="DGIT-0099" failures="0" tests="1" name="SalesBookingListTestCases.VerifyBookingInquiryTC08" time="45.720" errors="0" timestamp="2023-05-26T18:24:44 IST" skipped="0">
  <testcase classname="SalesBookingListTestCases.VerifyBookingInquiryTC08" name="validateBookingAndSalesBookingList" time="45.720"/>
  <system-out>
    <![CDATA[Validating Actual price is 4000.00 and Expected Price is 4000.00
Validating Actual Message is No data available in table and Expected Message is No data available in table]]>
  </system-out>
</testsuite> <!-- SalesBookingListTestCases.VerifyBookingInquiryTC08 -->
