<?xml version="1.0" encoding="UTF-8"?>
<!-- Generated by org.testng.reporters.JUnitReportReporter -->
<testsuite hostname="DGIT-0099" failures="0" tests="2" name="SalesBookingListTestCases.VerifyBookinglinkinbreadcrumbsTC06AndTC07" time="54.980" errors="0" timestamp="2023-06-29T16:33:37 IST" skipped="0">
  <testcase classname="SalesBookingListTestCases.VerifyBookinglinkinbreadcrumbsTC06AndTC07" name="validateSalesbookinglinkinBreadcrumbs" time="25.666"/>
  <system-out>
    <![CDATA[Clicked on sales booking link on Booking mask page
Validating Actual Text in salesBooking list page is Dashboard and Expected text in the salesBooking list page is Dashboard]]>
  </system-out>
  <testcase classname="SalesBookingListTestCases.VerifyBookinglinkinbreadcrumbsTC06AndTC07" name="validateDashboardlinkinBreadcrumbs" time="29.314"/>
  <system-out>
    <![CDATA[Clicked on dashboard link on Booking mask page
Validating Actual Text in Dashboard page is Dashboard and Expected text in the Dashboard page is Dashboard]]>
  </system-out>
</testsuite> <!-- SalesBookingListTestCases.VerifyBookinglinkinbreadcrumbsTC06AndTC07 -->
