<?xml version="1.0" encoding="UTF-8"?>
<!-- Generated by org.testng.reporters.JUnitReportReporter -->
<testsuite hostname="DGIT-0099" failures="0" tests="2" name="Booking_AllotmentTestCases.verifyAllotmentwithRoomBooking_TC07andTC09" time="67.104" errors="0" timestamp="2023-05-24T16:58:40 IST" skipped="1">
  <testcase classname="Booking_AllotmentTestCases.verifyAllotmentwithRoomBooking_TC07andTC09" name="validateApplyStopSales" time="67.104"/>
  <system-out>
    <![CDATA[Send start date of season_E on allotment page
Send end date of season_E on allotment page
Clicked on load allotment
Clicked on Change allotment button
Enter start date for room1
Enter until date for room1
Send start date of season_E on allotment page
Send end date of season_E on allotment page
Clicked on load Allotment
Validating Actual initial allotment is 5 and Expected allotment for season_E is 5
Validating Actual current allotment is 10 and Expected allotment for season_E is 10
Validating Actual remaining allotment is 7 and Expected allotment for season_E is 7
Validating Actual Stop sale text is STOP and Expected stop sales text for season_E is STOP
Validating Actual sold allotment is 10 and Expected allotment for season_E is 10]]>
  </system-out>
  <testcase classname="Booking_AllotmentTestCases.verifyAllotmentwithRoomBooking_TC07andTC09" name="validateIncrDecrAllotWithRoomBooking">
    <skipped/>
  </testcase> <!-- validateIncrDecrAllotWithRoomBooking -->
  <system-out/>
</testsuite> <!-- Booking_AllotmentTestCases.verifyAllotmentwithRoomBooking_TC07andTC09 -->
