<?xml version="1.0" encoding="UTF-8"?>
<!-- Generated by org.testng.reporters.JUnitReportReporter -->
<testsuite hostname="DGIT-0099" failures="0" tests="1" name="BookingMaskTC.verifyTravelDatesOutOfContract_TC11" time="55.787" errors="0" timestamp="2023-01-08T21:30:24 IST" skipped="0">
  <testcase classname="BookingMaskTC.verifyTravelDatesOutOfContract_TC11" name="validateMessageOnBMwithDatesOutOfContract" time="55.787"/>
  <system-out>
    <![CDATA[Validating Actual message Kontingent nicht mehr verfügbar.                                                                                                                                                                                                                                                                                                 and Expected message Kontingent nicht mehr verfügbar.                                                                                                                                                                                                                                                                                                                                                                                                                                                                                                                                                                                       ]]>
  </system-out>
</testsuite> <!-- BookingMaskTC.verifyTravelDatesOutOfContract_TC11 -->
