<?xml version="1.0" encoding="UTF-8"?>
<!-- Generated by org.testng.reporters.JUnitReportReporter -->
<testsuite hostname="DGIT-0099" failures="0" tests="1" name="BookingMaskTC.verifyCreateBookingForOnePerson_TC32" time="62.961" errors="0" timestamp="2023-01-30T14:44:38 IST" skipped="0">
  <testcase classname="BookingMaskTC.verifyCreateBookingForOnePerson_TC32" name="validatePriceWithOnePersonField" time="62.961"/>
  <system-out>
    <![CDATA[Validating Actual price 667.00 and Expected Price 667.00]]>
  </system-out>
</testsuite> <!-- BookingMaskTC.verifyCreateBookingForOnePerson_TC32 -->
