<?xml version="1.0" encoding="UTF-8"?>
<!-- Generated by org.testng.reporters.JUnitReportReporter -->
<testsuite hostname="DGIT-0099" failures="0" tests="1" name="BookingMaskTestCases.verifyBookingInquiryWithBlankTravelFromAndTravelToDate_TC05" time="39.297" errors="0" timestamp="2023-03-01T09:37:06 IST" skipped="0">
  <testcase classname="BookingMaskTestCases.verifyBookingInquiryWithBlankTravelFromAndTravelToDate_TC05" name="validateBookingInquiryWithBlankTravelFromANDTravelToDateOnBM" time="39.297"/>
  <system-out>
    <![CDATA[Validating actual Error message Travel From and Travel To date not proper. and Expected Error Message Travel From and Travel To date not proper.]]>
  </system-out>
</testsuite> <!-- BookingMaskTestCases.verifyBookingInquiryWithBlankTravelFromAndTravelToDate_TC05 -->
