<?xml version="1.0" encoding="UTF-8"?>
<!-- Generated by org.testng.reporters.JUnitReportReporter -->
<testsuite hostname="DGIT-0099" failures="0" tests="1" name="BookingMaskTestCases.VerifyBookingforSeasonA_TC14" time="57.279" errors="0" timestamp="2023-06-30T11:52:42 IST" skipped="0">
  <testcase classname="BookingMaskTestCases.VerifyBookingforSeasonA_TC14" name="validatePriceForSeasonA" time="57.279"/>
  <system-out>
    <![CDATA[Validating Actual price 13320.00 and Expected Price 13320.00]]>
  </system-out>
</testsuite> <!-- BookingMaskTestCases.VerifyBookingforSeasonA_TC14 -->
