<?xml version="1.0" encoding="UTF-8"?>
<!-- Generated by org.testng.reporters.JUnitReportReporter -->
<testsuite hostname="DGIT-0099" failures="0" tests="1" name="TestNGTest.TC11" time="1.936" errors="0" timestamp="2022-10-10T16:58:57 IST" skipped="0">
  <testcase classname="TestNGTest.TC11" name="EmailChekOnUserAccount" time="1.936"/>
  <system-out/>
</testsuite> <!-- TestNGTest.TC11 -->
