<?xml version="1.0" encoding="UTF-8"?>
<!-- Generated by org.testng.reporters.JUnitReportReporter -->
<testsuite hostname="DGIT-0099" failures="0" tests="1" name="BookingMaskTC.TCC18" time="181.445" errors="0" timestamp="2023-01-21T16:51:43 IST" skipped="0">
  <testcase classname="BookingMaskTC.TCC18" name="validateConfirmBookingWithU" time="181.445"/>
  <system-out>
    <![CDATA[Validating Actual ReservationNo 942225756/02 and Expected ReservationNo is 942225756/02
Validating Actual price 533280.00 and Expected Price 533280.00]]>
  </system-out>
</testsuite> <!-- BookingMaskTC.TCC18 -->
