<?xml version="1.0" encoding="UTF-8"?>
<!-- Generated by org.testng.reporters.JUnitReportReporter -->
<testsuite hostname="DGIT-0099" failures="0" tests="1" name="TestNGTest.LoginValidation_TC01" time="6.098" errors="0" timestamp="2022-10-16T11:50:34 IST" skipped="0">
  <testcase classname="TestNGTest.LoginValidation_TC01" name="ValidUserNameAndValidPasswordTest" time="6.098"/>
  <system-out>
    <![CDATA[Validating actual & Expected Text]]>
  </system-out>
</testsuite> <!-- TestNGTest.LoginValidation_TC01 -->
