<?xml version="1.0" encoding="UTF-8"?>
<!-- Generated by org.testng.reporters.JUnitReportReporter -->
<testsuite hostname="DGIT-0099" failures="0" tests="1" name="BookingMaskTestCases.VerifyOriginalBookingAfterModifyInquiryTC17" time="168.642" errors="0" timestamp="2023-08-02T17:07:21 IST" skipped="0">
  <testcase classname="BookingMaskTestCases.VerifyOriginalBookingAfterModifyInquiryTC17" name="validateOriginalBookingWithUA" time="168.642">
    <system-out>
      <![CDATA[Validating Actual price for Season-G is 266640.00 and Expected Price for Season-G is 266640.00
Validating Actual No. of Pax is 2 and Expected No.of Pax is 2]]>
    </system-out>
  </testcase> <!-- validateOriginalBookingWithUA -->
  <system-out>
    <![CDATA[Browser Launch 
Valid Username Entered
Valid Password Entered
Clicked on Dashboard button
Select the Falk Tours AG from given list
Clicked on proceed button
Clicked on sales dropdown in Dashboard
Clicked on sales Booking in Dashboard
Clicked on create Button in sales Booking page
Select Falk Tours AG in CompanyID dropdownList
Select TFT1 in TravelType dropdownList
Selected HK001 - (TESTING) from dropdown list
Send Booking action
Send number of passenger
Send correct KOS in input field
Send correct ProductCode in input field
Send roomcode in input field
Send correct boardName
Send Occupancy
Send bookinglines 
Send Travel from date
Send Travel To date
Send Number of passenger
Click on sendBookingButton
Clicked on ViewList
Clicked on sendTBMcode to verify booking is done or not
Clicked on Booking listButton
Send TBM code
Clicked on Booking listButton
Clicked on edit booking1
Change booking action to UA
Change No.of pax
Change the occupancy
Send number of passenger
Clicked on ViewList
Clicked on SendTBMcode to verify booking is done or not
Clicked on Booking listButton
Clicked on edit booking1
Validating Actual price for Season-G is 266640.00 and Expected Price for Season-G is 266640.00
Validating Actual No. of Pax is 2 and Expected No.of Pax is 2
Clicking on Logout Button in Booking Mask page
Logout from Booking Mask Page
Closing Browser]]>
  </system-out>
</testsuite> <!-- BookingMaskTestCases.VerifyOriginalBookingAfterModifyInquiryTC17 -->
