<?xml version="1.0" encoding="UTF-8"?>
<!-- Generated by org.testng.reporters.JUnitReportReporter -->
<testsuite hostname="DGIT-0099" failures="0" tests="1" name="BookingMaskTestCases.CreateBA2" time="341.862" errors="0" timestamp="2023-03-23T15:00:24 IST" skipped="0">
  <testcase classname="BookingMaskTestCases.CreateBA2" name="validatePriceFieldWithBookingInquiry" time="341.862"/>
  <system-out>
    <![CDATA[Validating Actual price is 4888.00 and Expected Price is 4888.00]]>
  </system-out>
</testsuite> <!-- BookingMaskTestCases.CreateBA2 -->
