<?xml version="1.0" encoding="UTF-8"?>
<!-- Generated by org.testng.reporters.JUnitReportReporter -->
<testsuite hostname="DGIT-0099" failures="0" tests="1" name="BookingMaskTC.createBA" time="321.224" errors="0" timestamp="2022-11-23T19:21:09 IST" skipped="0">
  <testcase classname="BookingMaskTC.createBA" name="validatePriceFieldWithBookingInquiry" time="321.224"/>
  <system-out>
    <![CDATA[Validating Actual price 17732.00 and Expected Price 17732.00]]>
  </system-out>
</testsuite> <!-- BookingMaskTC.createBA -->
