<?xml version="1.0" encoding="UTF-8"?>
<!-- Generated by org.testng.reporters.JUnitReportReporter -->
<testsuite hostname="DGIT-0099" failures="0" tests="1" name="BookingMaskTC.verifyBookingInquiryWithBlankTravelToDate_TC03" time="39.502" errors="0" timestamp="2023-01-17T10:14:41 IST" skipped="0">
  <testcase classname="BookingMaskTC.verifyBookingInquiryWithBlankTravelToDate_TC03" name="validateBookingInquiryWithBlankTravelToDate" time="39.502"/>
  <system-out>
    <![CDATA[Validating actual Error message Travel From and Travel To date not proper. and Expected Error Message Travel From and Travel To date not proper.]]>
  </system-out>
</testsuite> <!-- BookingMaskTC.verifyBookingInquiryWithBlankTravelToDate_TC03 -->
