<?xml version="1.0" encoding="UTF-8"?>
<!-- Generated by org.testng.reporters.JUnitReportReporter -->
<testsuite hostname="DGIT-0099" failures="0" tests="2" name="SalesBookingListTestCases.TC09AndTC10" time="170.664" errors="0" timestamp="2023-03-16T14:09:31 IST" skipped="0">
  <testcase classname="SalesBookingListTestCases.TC09AndTC10" name="validateReservationNoField" time="90.633"/>
  <system-out>
    <![CDATA[Select TFT1 in TravelType dropdownList
Selected HK001 - (TESTING) from dropdown list
Send booking action
Select Falk Tours AG in CompanyID dropdownList
Send number of passenger
Send correct KOS in input field
Send correct ProductCode in input field
Send roomcode in input field
Send correct boardName
Send Occupancy
Send bookinglines 
Send Travel from date
Send Travel To date
Select Number of passengers
Click on SendBookingButton
Clicked on ViewList
Clicked on SendTBMcode to verify booking is done or not
Clicked on Booking listButton
Send TBM code
Clicked on Booking listButton
Validating Actual price is 4000.00 and Expected Price is 4000.00
Validating Expected ReservationNo 339139729/01 and Actual ReservationNo is 339139729/01]]>
  </system-out>
  <testcase classname="SalesBookingListTestCases.TC09AndTC10" name="validateReservationNoFieldS" time="80.031"/>
  <system-out>
    <![CDATA[Select TFT1 in TravelType dropdownList
Selected HK001 - (TESTING) from dropdown list
Send booking action
Select Falk Tours AG in CompanyID dropdownList
Send number of passenger
Send correct KOS in input field
Send correct ProductCode in input field
Send roomcode in input field
Send correct boardName
Send Occupancy
Send bookinglines 
Send Travel from date
Send Travel To date
Select Number of passengers
Click on SendBookingButton
Clicked on ViewList
Clicked on SendTBMcode to verify booking is done or not
Clicked on Booking listButton
Send TBM code
Clicked on Booking listButton
Validating Actual price is 8000.00 and Expected Price is 4000.00
Validating Expected ReservationNo 443296179/01 and Actual ReservationNo is 443296179/01]]>
  </system-out>
</testsuite> <!-- SalesBookingListTestCases.TC09AndTC10 -->
