<?xml version="1.0" encoding="UTF-8"?>
<!-- Generated by org.testng.reporters.JUnitReportReporter -->
<testsuite hostname="DGIT-0099" failures="0" tests="1" name="TestNGTest.RecoverPasswordAndBackToLoginVaidation_TC09" time="1.065" errors="0" timestamp="2022-10-14T14:12:59 IST" skipped="0">
  <testcase classname="TestNGTest.RecoverPasswordAndBackToLoginVaidation_TC09" name="RecoverPasswordAndGoBackToLoginTest" time="1.065"/>
  <system-out>
    <![CDATA[Validating actual & Expected Text]]>
  </system-out>
</testsuite> <!-- TestNGTest.RecoverPasswordAndBackToLoginVaidation_TC09 -->
