<?xml version="1.0" encoding="UTF-8"?>
<!-- Generated by org.testng.reporters.JUnitReportReporter -->
<testsuite hostname="DGIT-0099" failures="0" tests="1" name="TestNGTest.ValidateErrorMsgOnUserName_TC04" time="5.624" errors="0" timestamp="2022-10-16T19:33:18 IST" skipped="0">
  <testcase classname="TestNGTest.ValidateErrorMsgOnUserName_TC04" name="CheckIncorrectCredentialsOnUserNameFieldTest" time="5.624"/>
  <system-out>
    <![CDATA[Validating actual Credentials are invalid! and Expected Text Credentials are invalid!]]>
  </system-out>
</testsuite> <!-- TestNGTest.ValidateErrorMsgOnUserName_TC04 -->
