<?xml version="1.0" encoding="UTF-8"?>
<!-- Generated by org.testng.reporters.JUnitReportReporter -->
<testsuite hostname="DGIT-0099" failures="0" tests="1" name="BookingMaskTestCases.VerifyModifyBookingToAddAnotherRoomWithDifferentDateTC28" time="135.987" errors="0" timestamp="2023-07-13T15:17:50 IST" skipped="0">
  <testcase classname="BookingMaskTestCases.VerifyModifyBookingToAddAnotherRoomWithDifferentDateTC28" name="validateTotalPriceWithDifferentDates" time="135.987">
    <system-out>
      <![CDATA[Validating Actual price for Room1 is 266640.00 and Expected Price for Room1 is 266640.00
Validating Actual price for Room2 is 9776.00 and Expected Price for Room2 is 9776.00
Validating Total price for both Room is 276416 and Expected total price for both room is 276416]]>
    </system-out>
  </testcase> <!-- validateTotalPriceWithDifferentDates -->
  <system-out>
    <![CDATA[Browser Launch 
Valid Username Entered
Valid Password Entered
Clicked on Dashboard button
Select the Falk Tours AG from given list
Clicked on proceed button
Clicked on sales dropdown in Dashboard
Clicked on sales Booking in Dashboard
Clicked on create Button in sales Booking page
Select Falk Tours AG in CompanyID dropdownList
Select TFT1 in TravelType dropdownList
Selected HK001 - (TESTING) from dropdown list
Send Booking action
Send number of passenger
Send correct KOS in input field
Send correct ProductCode in input field
Send roomcode in input field
Send correct boardName
Send Occupancy
Send bookinglines 
Send Travel from date
Send Travel To date
Send Number of passenger
Click on sendBookingButton after action code
Clicked on ViewList
Clicked on sendTBMcode to verify booking is done or not
Clicked on Booking listButton
Send TBM code
Clicked on Booking listButton
Clicked on edit booking1
Change booking action to U
Change No.of pax
Send correct KOS in input field
Send correct ProductCode in input field
Send roomcode in input field
Send correct boardName
Send Occupancy
Send bookinglines 
Send Modified Travel from date
Send Modified Travel To date
Send Number of passenger
Click on sendBookingButton after U action code
Validating Actual price for Room1 is 266640.00 and Expected Price for Room1 is 266640.00
Validating Actual price for Room2 is 9776.00 and Expected Price for Room2 is 9776.00
Validating Total price for both Room is 276416 and Expected total price for both room is 276416
Clicking on Logout Button in Booking Mask page
Logout from Booking Mask Page
Closing Browser]]>
  </system-out>
</testsuite> <!-- BookingMaskTestCases.VerifyModifyBookingToAddAnotherRoomWithDifferentDateTC28 -->
