<?xml version="1.0" encoding="UTF-8"?>
<!-- Generated by org.testng.reporters.JUnitReportReporter -->
<testsuite hostname="DGIT-0099" failures="0" tests="1" name="TestNGTest.ValidateErrorMsgOnPasswordField" time="1.541" errors="0" timestamp="2022-10-06T12:01:25 IST" skipped="0">
  <testcase classname="TestNGTest.ValidateErrorMsgOnPasswordField" name="incorrectCredentialMsg" time="1.541"/>
  <system-out/>
</testsuite> <!-- TestNGTest.ValidateErrorMsgOnPasswordField -->
