<?xml version="1.0" encoding="UTF-8"?>
<!-- Generated by org.testng.reporters.JUnitReportReporter -->
<testsuite hostname="DGIT-0099" failures="0" tests="4" name="BookingMaskTestCases.verifyRoomOccupancyLimitTC66ToTC69" time="362.686" errors="0" timestamp="2023-03-01T15:50:48 IST" skipped="0">
  <testcase classname="BookingMaskTestCases.verifyRoomOccupancyLimitTC66ToTC69" name="validateBookingWithMinPersonLimit" time="89.042"/>
  <system-out>
    <![CDATA[Select TFT1 in TravelType dropdownList
Selected HK001 - (TESTING) from dropdown list
Selected room 807 from dropdown
Select Falk Tours AG in CompanyID dropdownList
Send number of passenger
Send correct KOS in input field
Send correct ProductCode in input field
Send roomcode in input field
Send correct boardName
Send Occupancy
Send bookinglines 
Send Travel from date
Send Travel To date
Select Number of passenger
Click on sendBookingButton 
Clicked on ViewList
Clicked on sendTBMcode to verify booking is done or not
Send TBM code
Clicked on Booking listButton
Validating Expected ReservationNo 641824196/01 and Actual ReservationNo is 641824196/01
Validating Actual price 2001.00 and Expected Price 2001.00]]>
  </system-out>
  <testcase classname="BookingMaskTestCases.verifyRoomOccupancyLimitTC66ToTC69" name="validateOccupancyLimitForMaxChildrenBooking" time="91.092"/>
  <system-out>
    <![CDATA[Select TFT1 in TravelType dropdownList
Selected HK001 - (TESTING) from dropdown list
Selected room 807 from dropdown
Select Falk Tours AG in CompanyID dropdownList
Send number of passenger
Send correct KOS in input field
Send correct ProductCode in input field
Send roomcode in input field
Send correct boardName
Send Occupancy
Send bookinglines 
Send Travel from date
Send Travel To date
Select Number of passenger
Click on sendBookingButton 
Clicked on ViewList
Clicked on sendTBMcode to verify booking is done or not
Send TBM code
Clicked on Booking listButton
Validating Expected ReservationNo 217639379/01 and Actual ReservationNo is 217639379/01
Validating Actual price 6003.00 and Expected Price 6003.00]]>
  </system-out>
  <testcase classname="BookingMaskTestCases.verifyRoomOccupancyLimitTC66ToTC69" name="validateOccupancyLimitCombinationBooking" time="88.095"/>
  <system-out>
    <![CDATA[Select TFT1 in TravelType dropdownList
Selected HK001 - (TESTING) from dropdown list
Selected room 807 from dropdown
Select Falk Tours AG in CompanyID dropdownList
Send number of passenger
Send correct KOS in input field
Send correct ProductCode in input field
Send roomcode in input field
Send correct boardName
Send Occupancy
Send bookinglines 
Send Travel from date
Send Travel To date
Select Number of passenger
Click on sendBookingButton 
Clicked on ViewList
Clicked on sendTBMcode to verify booking is done or not
Send TBM code
Clicked on Booking listButton
Validating Expected ReservationNo 528724485/01 and Actual ReservationNo is 528724485/01
Validating Actual price 4002.00 and Expected Price 4002.00]]>
  </system-out>
  <testcase classname="BookingMaskTestCases.verifyRoomOccupancyLimitTC66ToTC69" name="validateBookingWithMaxPersonLimit" time="94.457"/>
  <system-out>
    <![CDATA[Select TFT1 in TravelType dropdownList
Selected HK001 - (TESTING) from dropdown list
Selected room 807 from dropdown
Select Falk Tours AG in CompanyID dropdownList
Send number of passenger
Send correct KOS in input field
Send correct ProductCode in input field
Send roomcode in input field
Send correct boardName
Send Occupancy
Send bookinglines 
Send Travel from date
Send Travel To date
Select Number of passenger
Click on sendBookingButton 
Clicked on ViewList
Clicked on sendTBMcode to verify booking is done or not
Send TBM code
Clicked on Booking listButton
Validating Expected ReservationNo 465731481/01 and Actual ReservationNo is 465731481/01
Validating Actual price 10005.00 and Expected Price 10005.00]]>
  </system-out>
</testsuite> <!-- BookingMaskTestCases.verifyRoomOccupancyLimitTC66ToTC69 -->
