<?xml version="1.0" encoding="UTF-8"?>
<!-- Generated by org.testng.reporters.JUnitReportReporter -->
<testsuite hostname="DGIT-0099" failures="0" tests="1" name="BookingMaskTC.TCC07" time="232.397" errors="0" timestamp="2022-11-24T17:18:17 IST" skipped="0">
  <testcase classname="BookingMaskTC.TCC07" name="validatePopUpMessage" time="232.397"/>
  <system-out>
    <![CDATA[Validating Actual price Travel From should be less than Travel To date. and Expected Price Travel From should be less than Travel To date.]]>
  </system-out>
</testsuite> <!-- BookingMaskTC.TCC07 -->
