<?xml version="1.0" encoding="UTF-8"?>
<!-- Generated by org.testng.reporters.JUnitReportReporter -->
<testsuite hostname="DGIT-0099" failures="0" tests="1" name="LoginPageTC.RecoverPasswordAndBackToLoginVaidation_TC09" time="0.960" errors="0" timestamp="2022-11-05T16:43:01 IST" skipped="0">
  <testcase classname="LoginPageTC.RecoverPasswordAndBackToLoginVaidation_TC09" name="RecoverPasswordAndGoBackToLoginTest" time="0.960"/>
  <system-out>
    <![CDATA[Validating actual Copyright © Zeus 2022 and Expected Text Copyright © Zeus 2022]]>
  </system-out>
</testsuite> <!-- LoginPageTC.RecoverPasswordAndBackToLoginVaidation_TC09 -->
