<?xml version="1.0" encoding="UTF-8"?>
<!-- Generated by org.testng.reporters.JUnitReportReporter -->
<testsuite hostname="DGIT-0099" failures="0" tests="1" name="BookingMaskTC.verifyCreateBookingForThreePersonThreeRooms_TC36" time="60.998" errors="0" timestamp="2023-01-30T15:35:13 IST" skipped="0">
  <testcase classname="BookingMaskTC.verifyCreateBookingForThreePersonThreeRooms_TC36" name="validatePriceForThreePersonThreeRoom" time="60.998"/>
  <system-out>
    <![CDATA[Validating Actual price for Season-H is 2444.00 and Expected Price for Season-H is2444.00
Validating Actual price for season-H is 2444.00 and Expected Price for Season-H is 2444.00
Validating Actual price for season-H is 2444.00 and Expected Price for Season-H is 2444.00]]>
  </system-out>
</testsuite> <!-- BookingMaskTC.verifyCreateBookingForThreePersonThreeRooms_TC36 -->
