<?xml version="1.0" encoding="UTF-8"?>
<!-- Generated by org.testng.reporters.JUnitReportReporter -->
<testsuite hostname="DGIT-0099" failures="0" tests="1" name="BookingMaskTestCases.VerifyBookingByEditingTravelTypeTC47" time="47.403" errors="0" timestamp="2023-05-25T12:46:45 IST" skipped="0">
  <testcase classname="BookingMaskTestCases.VerifyBookingByEditingTravelTypeTC47" name="validateBookingWithFNTRTravelType" time="47.403"/>
  <system-out>
    <![CDATA[Validating Actual message Bitte prüfen Sie den angegebenen Leistungscode.                                                                                                                                                                                                                                                                                  and Expected message Bitte prüfen Sie den angegebenen Leistungscode.                                                                                                                                                                                                                                                                                 ]]>
  </system-out>
</testsuite> <!-- BookingMaskTestCases.VerifyBookingByEditingTravelTypeTC47 -->
