<?xml version="1.0" encoding="UTF-8"?>
<!-- Generated by org.testng.reporters.JUnitReportReporter -->
<testsuite hostname="DGIT-0099" failures="0" tests="1" name="TestNGTest.ValidateCredentials_TC01" time="3.149" errors="0" timestamp="2022-10-13T09:20:32 IST" skipped="0">
  <testcase classname="TestNGTest.ValidateCredentials_TC01" name="CheckCorrectCredentials" time="3.149"/>
  <system-out>
    <![CDATA[Validating actual & Expected Text]]>
  </system-out>
</testsuite> <!-- TestNGTest.ValidateCredentials_TC01 -->
