<?xml version="1.0" encoding="UTF-8"?>
<!-- Generated by org.testng.reporters.JUnitReportReporter -->
<testsuite hostname="DGIT-0099" failures="0" tests="1" name="BookingMaskTC.verifyBookingModificationWithTravelToDateIncrease_TC19" time="73.289" errors="0" timestamp="2023-01-30T12:42:16 IST" skipped="0">
  <testcase classname="BookingMaskTC.verifyBookingModificationWithTravelToDateIncrease_TC19" name="validatePriceWithTravelToDateIncrease" time="73.289"/>
  <system-out>
    <![CDATA[Validating Actual Price with increased travel to date  266640.00 and Expected Price with increase in date is 266640.00]]>
  </system-out>
</testsuite> <!-- BookingMaskTC.verifyBookingModificationWithTravelToDateIncrease_TC19 -->
