<?xml version="1.0" encoding="UTF-8"?>
<!-- Generated by org.testng.reporters.JUnitReportReporter -->
<testsuite hostname="DGIT-0099" failures="0" tests="1" name="SalesBookingListTestCases.TC08" time="53.658" errors="0" timestamp="2023-03-15T12:42:16 IST" skipped="0">
  <testcase classname="SalesBookingListTestCases.TC08" name="validatePriceFieldWithBookingInquiry" time="53.658"/>
  <system-out>
    <![CDATA[Validating Actual price is4000.00 and Expected Price is 4000.00
Validating Actual Message isNo data available in table and Expected Message is No data available in table]]>
  </system-out>
</testsuite> <!-- SalesBookingListTestCases.TC08 -->
