<?xml version="1.0" encoding="UTF-8"?>
<!-- Generated by org.testng.reporters.JUnitReportReporter -->
<testsuite hostname="DGIT-0099" failures="0" tests="2" name="BookingMaskTC.verifyModifyBookingWithActionCodeUAandUTC38ToTC39" time="283.274" errors="0" timestamp="2023-01-30T16:42:17 IST" skipped="0">
  <testcase classname="BookingMaskTC.verifyModifyBookingWithActionCodeUAandUTC38ToTC39" name="validateModifyBookingInquiryWithUA" time="143.232"/>
  <system-out>
    <![CDATA[Select TFT1 in TravelType dropdownList
Selected HK001 - (TESTING) from dropdown list
Select Falk Tours AG in CompanyID dropdownList
Send number of passenger
Send correct KOS in input field
Send correct ProductCode in input field
Send roomcode in input field
Send correct boardName
Send Occupancy
Send bookinglines 
Send Travel from date for Season-G
Send Travel To date for Season-G
Select Number of passenger
Clicked on sendbookingButton
Clicked on ViewList
Clicked on sendTBMcode to verify booking is done or not
Clicked on Booking listButton
Send TBM code
Clicked on Booking listButton
Clicked on edit booking1
Change Booking action yo UA
Send Modified Travel To date
Clicked on sendbookingButton
Clicked on ViewList
Clicked on sendTBMcode to verify booking is done or not
Clicked on Booking listButton
Send TBM code
Clicked on Booking listButton
Validating Expected ReservationNo 269338953/01 and Actual ReservationNo is 269338953/01
Validating Actual price 4000.00 and Expected Price 4000.00]]>
  </system-out>
  <testcase classname="BookingMaskTC.verifyModifyBookingWithActionCodeUAandUTC38ToTC39" name="validateConfirmModifyBookingWithU" time="140.042"/>
  <system-out>
    <![CDATA[Select TFT1 in TravelType dropdownList
Selected HK001 - (TESTING) from dropdown list
Select Falk Tours AG in CompanyID dropdownList
Send number of passenger
Send correct KOS in input field
Send correct ProductCode in input field
Send roomcode in input field
Send correct boardName
Send Occupancy
Send bookinglines 
Send Travel from date for Season-G
Send Travel To date for Season-G
Select Number of passenger
Clicked on sendbookingButton
Clicked on ViewList
Clicked on sendTBMcode to verify booking is done or not
Clicked on Booking listButton
Send TBM code
Clicked on Booking listButton
Clicked on edit booking1
Change Booking action yo UA
Send Modified Travel To date
Clicked on sendbookingButton
Clicked on ViewList
Clicked on sendTBMcode to verify booking is done or not
Clicked on Booking listButton
Send TBM code
Clicked on Booking listButton
Validating Expected ReservationNo 159911232/02 and Actual ReservationNo is 159911232/02
Validating Actual price 4000.00 and Expected Price 4000.00]]>
  </system-out>
</testsuite> <!-- BookingMaskTC.verifyModifyBookingWithActionCodeUAandUTC38ToTC39 -->
