<?xml version="1.0" encoding="UTF-8"?>
<!-- Generated by org.testng.reporters.JUnitReportReporter -->
<testsuite hostname="DGIT-0099" failures="0" tests="1" name="BookingMaskTC.verifyTravelDateInBetweenSeasonC_TC82" time="59.073" errors="0" timestamp="2023-01-08T22:24:50 IST" skipped="0">
  <testcase classname="BookingMaskTC.verifyTravelDateInBetweenSeasonC_TC82" name="validatePriceInBetweenSeasonC" time="59.073"/>
  <system-out>
    <![CDATA[Validating Actual price 6670.00 and Expected Price 6670.00]]>
  </system-out>
</testsuite> <!-- BookingMaskTC.verifyTravelDateInBetweenSeasonC_TC82 -->
