<?xml version="1.0" encoding="UTF-8"?>
<!-- Generated by org.testng.reporters.JUnitReportReporter -->
<testsuite hostname="DGIT-0099" failures="0" tests="1" name="Base.TestUrl" time="8.050" errors="0" timestamp="2023-08-16T17:24:42 IST" skipped="0">
  <testcase classname="Base.TestUrl" name="TestApp" time="8.050"/>
</testsuite> <!-- Base.TestUrl -->
