<?xml version="1.0" encoding="UTF-8"?>
<!-- Generated by org.testng.reporters.JUnitReportReporter -->
<testsuite hostname="DGIT-0099" failures="0" tests="1" name="TestNGTest.TC02$ValidateSelectCompany" time="7.562" errors="0" timestamp="2022-10-10T11:53:29 IST" skipped="0">
  <testcase classname="TestNGTest.TC02$ValidateSelectCompany" name="ValidateDashboardPageTest" time="7.562"/>
  <system-out/>
</testsuite> <!-- TestNGTest.TC02$ValidateSelectCompany -->
