<?xml version="1.0" encoding="UTF-8"?>
<!-- Generated by org.testng.reporters.JUnitReportReporter -->
<testsuite hostname="DGIT-0099" failures="0" tests="1" name="CalculationModuleTestCases.TC37" time="175.258" errors="0" timestamp="2023-08-10T12:46:12 IST" skipped="0">
  <testcase classname="CalculationModuleTestCases.TC37" name="validateOfferCalculationWithRoomDetails" time="175.258">
    <system-out>
      <![CDATA[Validating actual Season from date for Season-A on contracts page is 01 January 2024 and Expected Season from date on the calculation page is 01 January 2024
Validating actual Season until date on contracts page is 31 January 2024 and Expected Season until date on the calculation page is 31 January 2024
Validating actual Season from date for Season-B on contracts page is 01 February 2024 and Expected Season from date on the calculation page is 01 February 2024
Validating actual Season until date on contracts page is 28 February 2024 and Expected Season until date on the calculation page is 28 February 2024
Validating actual Season from date for Season-C on contracts page is 01 March 2024 and Expected Season from date on the calculation page is 01 March 2024
Validating actual Season until date on contracts page is 31 March 2024 and Expected Season until date on the calculation page is 31 March 2024
Validating actual Season from date for Season-D on contracts page is 01 April 2024 and Expected Season from date on the calculation page is 01 April 2024
Validating actual Season until date on contracts page is 30 April 2024 and Expected Season until date on the calculation page is 30 April 2024
Validating actual Season from date for Season-E on contracts page is 01 May 2024 and Expected Season from date on the calculation page is 01 May 2024
Validating actual Season until date on contracts page is 31 May 2024 and Expected Season until date on the calculation page is 31 May 2024
Validating actual Season from date for Season-F on contracts page is 01 June 2024 and Expected Season from date on the calculation page is 01 June 2024
Validating actual Season until date on contracts page is 26 August 2024 and Expected Season until date on the calculation page is 26 August 2024
Validating actual Season from date for Season-G on contracts page is 01 September 2024 and Expected Season from date on the calculation page is 01 September 2024
Validating actual Season until date on contracts page is 31 October 2024 and Expected Season until date on the calculation page is 31 October 2024
Validating actual Season from date for Season-H on contracts page is 01 November 2024 and Expected Season from date on the calculation page is 01 November 2024
Validating actual Season until date on contracts page is 31 December 2024 and Expected Season until date on the calculation page is 31 December 2024
Validating actual season name on contracts page is Season A and Expected season name calculation page is Season A
Validating actual season name on contracts page is Season B and Expected season name calculation page is Season B
Validating actual season name on contracts page is Season C and Expected season name calculation page is Season C
Validating actual season name on contracts page isSeason D and Expected season name calculation page is Season D
Validating actual season name on contracts page isSeason E and Expected season name calculation page is Season E
Validating actual season name on contracts page isSeason F and Expected season name calculation page is Season F
Validating actual season name on contracts page isSeason G and Expected season name calculation page is Season G
Validating actual season name on contracts page isSeason H and Expected season name calculation page is Season H
Validating actual price on contracts page is 200 and Expected price on calculation page is 200
Validating actual price on contracts page is  400 and Expected price on calculation page is 400
Validating actual price on contracts page is  600 and Expected price on calculation page is  600
Validating actual price on contracts page is  800 and Expected price on calculation page is  800
Validating actual price on contracts page is  1600 and Expected price on calculation page is  1600
Validating actual price on contracts page is  1800 and Expected price on calculation page is  1800
Validating actual price on contracts page is  2000 and Expected price on calculation page is  2000
Validating actual price on contracts page is  2200 and Expected price on calculation page is  2200
Validating actual DB% on calculation page is  10.00 and Expected DB% on calculation room page is  10.00]]>
    </system-out>
  </testcase> <!-- validateOfferCalculationWithRoomDetails -->
  <system-out>
    <![CDATA[Browser Launch 
Valid Username Entered
Valid Password Entered
Clicked on Dashboard button
Select the Falk Tours AG from given list
Clicked on proceed button
Clicked on purchase option
Clicked on accommodation option in list
Clicked on create Accommodation
Select TBM code from dropdown list
Send hotel stars
Select State from the listBox
Select City from the listBox
Send Zip code
Send Street
Send Number
Send hotel email
Send phone Number
Send contract partner name
Send contract partner Email
Send Reservation Eamil
Select bank details in purchase agency dropdown
Clicked on create AccommdationButton
Clicked on Rooms button
Clicked on create roomButton
Select Room Type from dropdown
Send Room name
Select the sea view Street
Send room code
Send minimum adult person
Send maximum adult person
Send minimum children person
Send maximum children person
Send maximum Total person
Clicked on CreateRoom button
Clicked on contract 
Clicked on create contract
Send contract name
Select currency in the listBox
Select season in the listBox
Send start date of contract
Send End date of contract
Select price type in the listBox
Select price category in the listBox
Select status of contract in the ListBox
Select board basis in the listBox
Select the Price
Clicked on distributor checkbox
Clicked on all the checkboxes
Select the online or offline mode in listbox
Send cancellation Fees upto days
Send cancellation fees value
select cancellation fees discount type in listbox
Send cancellation fees travel from date
Send cancellation fees travel To date
Clicked on create contract on contract page
Clicked on Price option
Send all required details for Season_A
Send all required details for Season_B
Send all required details for Season_C
Send all required details for Season_D
Send all required details for Season_E
Send all required details for Season_F
Send all required details for Season_G
Send all required details for Season_H
Delete the extra created room on price page
Clicked on update price button
Clicked on simple popup as OK 
Clicked on generate Allotment
Clicked on dashboardLink
Clicked on offer defination
Clicked on FalkToursAG option
Clicked on TchiboDE option
Send TBM code 
Clicked on checkBox
Clicked on saveButton
Clicked on Calculation dropdown
Clicked on offer calculationList option
Clicked on offer calculation option
Clicked on FalkToursAG option
Clicked on TchiboDE option
Clicked on Room1
Enter DB% Value
Clicked on save setting button
Clicked on SaveandCalculate button
Clicked on Yes button in popup
Clicked on transfer price
Clicked on Transfer price online
Clicked on Room1
Clicked on Save price
Validating actual Season from date for Season-A on contracts page is 01 January 2024 and Expected Season from date on the calculation page is 01 January 2024
Validating actual Season until date on contracts page is 31 January 2024 and Expected Season until date on the calculation page is 31 January 2024
Validating actual Season from date for Season-B on contracts page is 01 February 2024 and Expected Season from date on the calculation page is 01 February 2024
Validating actual Season until date on contracts page is 28 February 2024 and Expected Season until date on the calculation page is 28 February 2024
Validating actual Season from date for Season-C on contracts page is 01 March 2024 and Expected Season from date on the calculation page is 01 March 2024
Validating actual Season until date on contracts page is 31 March 2024 and Expected Season until date on the calculation page is 31 March 2024
Validating actual Season from date for Season-D on contracts page is 01 April 2024 and Expected Season from date on the calculation page is 01 April 2024
Validating actual Season until date on contracts page is 30 April 2024 and Expected Season until date on the calculation page is 30 April 2024
Validating actual Season from date for Season-E on contracts page is 01 May 2024 and Expected Season from date on the calculation page is 01 May 2024
Validating actual Season until date on contracts page is 31 May 2024 and Expected Season until date on the calculation page is 31 May 2024
Validating actual Season from date for Season-F on contracts page is 01 June 2024 and Expected Season from date on the calculation page is 01 June 2024
Validating actual Season until date on contracts page is 26 August 2024 and Expected Season until date on the calculation page is 26 August 2024
Validating actual Season from date for Season-G on contracts page is 01 September 2024 and Expected Season from date on the calculation page is 01 September 2024
Validating actual Season until date on contracts page is 31 October 2024 and Expected Season until date on the calculation page is 31 October 2024
Validating actual Season from date for Season-H on contracts page is 01 November 2024 and Expected Season from date on the calculation page is 01 November 2024
Validating actual Season until date on contracts page is 31 December 2024 and Expected Season until date on the calculation page is 31 December 2024
Validating actual season name on contracts page is Season A and Expected season name calculation page is Season A
Validating actual season name on contracts page is Season B and Expected season name calculation page is Season B
Validating actual season name on contracts page is Season C and Expected season name calculation page is Season C
Validating actual season name on contracts page isSeason D and Expected season name calculation page is Season D
Validating actual season name on contracts page isSeason E and Expected season name calculation page is Season E
Validating actual season name on contracts page isSeason F and Expected season name calculation page is Season F
Validating actual season name on contracts page isSeason G and Expected season name calculation page is Season G
Validating actual season name on contracts page isSeason H and Expected season name calculation page is Season H
Validating actual price on contracts page is 200 and Expected price on calculation page is 200
Validating actual price on contracts page is  400 and Expected price on calculation page is 400
Validating actual price on contracts page is  600 and Expected price on calculation page is  600
Validating actual price on contracts page is  800 and Expected price on calculation page is  800
Validating actual price on contracts page is  1600 and Expected price on calculation page is  1600
Validating actual price on contracts page is  1800 and Expected price on calculation page is  1800
Validating actual price on contracts page is  2000 and Expected price on calculation page is  2000
Validating actual price on contracts page is  2200 and Expected price on calculation page is  2200
Validating actual DB% on calculation page is  10.00 and Expected DB% on calculation room page is  10.00
Clicking on Logout Button in Booking Mask page
Logout from Booking Mask Page
Closing Browser]]>
  </system-out>
</testsuite> <!-- CalculationModuleTestCases.TC37 -->
