<?xml version="1.0" encoding="UTF-8"?>
<!-- Generated by org.testng.reporters.JUnitReportReporter -->
<testsuite hostname="DGIT-0099" failures="0" tests="1" name="TestNGTest.ValidatePasswordRecoveryGoBackToLogin" time="0.856" errors="0" timestamp="2022-10-07T09:24:33 IST" skipped="0">
  <testcase classname="TestNGTest.ValidatePasswordRecoveryGoBackToLogin" name="ValidatePasswordRecoveryGoBackToLoginTest" time="0.856"/>
  <system-out/>
</testsuite> <!-- TestNGTest.ValidatePasswordRecoveryGoBackToLogin -->
