<?xml version="1.0" encoding="UTF-8"?>
<!-- Generated by org.testng.reporters.JUnitReportReporter -->
<testsuite hostname="DGIT-0099" failures="0" tests="1" name="TestNGTest.ValidateWelcomeSignInMsgOnPage" time="0.057" errors="0" timestamp="2022-10-10T17:23:10 IST" skipped="0">
  <testcase classname="TestNGTest.ValidateWelcomeSignInMsgOnPage" name="ValidateTextOnPageTest" time="0.057"/>
  <system-out>
    <![CDATA[Validating actual & Expected TextMsg
Validating actual & Expected TextMsgg]]>
  </system-out>
</testsuite> <!-- TestNGTest.ValidateWelcomeSignInMsgOnPage -->
