<?xml version="1.0" encoding="UTF-8"?>
<!-- Generated by org.testng.reporters.JUnitReportReporter -->
<testsuite hostname="DGIT-0099" failures="0" tests="1" name="BookingMaskTC.verifyCreateBookingForFivePerson_TC37" time="207.214" errors="0" timestamp="2022-12-28T12:18:31 IST" skipped="0">
  <testcase classname="BookingMaskTC.verifyCreateBookingForFivePerson_TC37" name="validatePriceWithFivePerson" time="207.214"/>
  <system-out>
    <![CDATA[Validating Actual price 100050.00 and Expected Price 100050.00]]>
  </system-out>
</testsuite> <!-- BookingMaskTC.verifyCreateBookingForFivePerson_TC37 -->
