<?xml version="1.0" encoding="UTF-8"?>
<!-- Generated by org.testng.reporters.JUnitReportReporter -->
<testsuite hostname="DGIT-0099" failures="0" tests="1" name="BookingMaskTestCases.verifyEnteringTravelFromBeforeContract_TC13" time="59.654" errors="0" timestamp="2023-02-27T17:15:30 IST" skipped="0">
  <testcase classname="BookingMaskTestCases.verifyEnteringTravelFromBeforeContract_TC13" name="validateMessageOnBMpage" time="59.654"/>
  <system-out>
    <![CDATA[Validating Actual message Kontingent nicht mehr verfügbar.                                                                                                                                                                                                                                                                                                 and Expected message Kontingent nicht mehr verfügbar.                                                                                                                                                                                                                                                                                                                                                                                                                                                                                                                                                                                       ]]>
  </system-out>
</testsuite> <!-- BookingMaskTestCases.verifyEnteringTravelFromBeforeContract_TC13 -->
