<?xml version="1.0" encoding="UTF-8"?>
<!-- Generated by org.testng.reporters.JUnitReportReporter -->
<testsuite hostname="DGIT-0099" failures="0" tests="1" name="LoginPageTC.LoginPageRefreshValidation_TC10" time="1.689" errors="0" timestamp="2023-01-30T09:23:00 IST" skipped="0">
  <testcase classname="LoginPageTC.LoginPageRefreshValidation_TC10" name="ValidUserNamePasswordAndRefreshpageTest" time="1.689"/>
  <system-out>
    <![CDATA[Validating actual https://zeuscloud.azurewebsites.net/CompanySelection and Expected Text https://zeuscloud.azurewebsites.net/CompanySelection]]>
  </system-out>
</testsuite> <!-- LoginPageTC.LoginPageRefreshValidation_TC10 -->
