<?xml version="1.0" encoding="UTF-8"?>
<!-- Generated by org.testng.reporters.JUnitReportReporter -->
<testsuite hostname="DGIT-0099" failures="0" tests="1" name="BookingMaskTestCases.VerifyCreateBookingWithTwoPerson_TC33" time="56.249" errors="0" timestamp="2023-05-25T12:46:45 IST" skipped="0">
  <testcase classname="BookingMaskTestCases.VerifyCreateBookingWithTwoPerson_TC33" name="validatePriceWithTwoPerson" time="56.249"/>
  <system-out>
    <![CDATA[Validating Actual price 1334.00 and Expected Price 1334.00]]>
  </system-out>
</testsuite> <!-- BookingMaskTestCases.VerifyCreateBookingWithTwoPerson_TC33 -->
