<?xml version="1.0" encoding="UTF-8"?>
<!-- Generated by org.testng.reporters.JUnitReportReporter -->
<testsuite hostname="DGIT-0099" failures="0" tests="1" name="TestNGTest.ValidateLoginPageDirected" time="0.850" errors="0" timestamp="2022-10-10T17:23:10 IST" skipped="0">
  <testcase classname="TestNGTest.ValidateLoginPageDirected" name="RecoverPasswordGoBackToLoginTest" time="0.850"/>
  <system-out>
    <![CDATA[Validating actual & Expected Text]]>
  </system-out>
</testsuite> <!-- TestNGTest.ValidateLoginPageDirected -->
