<?xml version="1.0" encoding="UTF-8"?>
<!-- Generated by org.testng.reporters.JUnitReportReporter -->
<testsuite hostname="DGIT-0099" failures="0" tests="3" name="BookingMaskTC.VerifyRoomOccupancyMinAndMaxLimitTC51ToTC53" time="269.286" errors="0" timestamp="2023-01-31T09:59:57 IST" skipped="0">
  <testcase classname="BookingMaskTC.VerifyRoomOccupancyMinAndMaxLimitTC51ToTC53" name="validateBookingWithRoomOccupancyMinLimit" time="87.448"/>
  <system-out>
    <![CDATA[Select TFT1 in TravelType dropdownList
Selected HK001 - (TESTING) from dropdown list
Selected room 806 from dropdown
Select Falk Tours AG in CompanyID dropdownList
Send number of passenger
Send correct KOS in input field
Send correct ProductCode in input field
Send roomcode in input field
Send correct boardName
Send Occupancy
Send bookinglines 
Send Travel from date
Send Travel To date
Select Number of passenger
Clicked on sendbookingButton
Clicked on ViewList
Clicked on sendTBMcode to verify booking is done or not
Send TBM code
Clicked on Booking listButton
Validating Expected ReservationNo 867969675/01 and Actual ReservationNo is 867969675/01
Validating Actual price 5334.00 and Expected Price 5334.00]]>
  </system-out>
  <testcase classname="BookingMaskTC.VerifyRoomOccupancyMinAndMaxLimitTC51ToTC53" name="validateRoomOccupancyMaxLimitWhileBooking" time="86.798"/>
  <system-out>
    <![CDATA[Select TFT1 in TravelType dropdownList
Selected HK001 - (TESTING) from dropdown list
Selected room 806 from dropdown
Select Falk Tours AG in CompanyID dropdownList
Send number of passenger
Send correct KOS in input field
Send correct ProductCode in input field
Send roomcode in input field
Send correct boardName
Send Occupancy
Send bookinglines 
Send Travel from date
Send Travel To date
Select Number of passenger
Clicked on sendbookingButton
Clicked on ViewList
Clicked on sendTBMcode to verify booking is done or not
Send TBM code
Clicked on Booking listButton
Validating Expected ReservationNo 925375617/01 and Actual ReservationNo is 925375617/01
Validating Actual price 8001.00 and Expected Price 8001.00]]>
  </system-out>
  <testcase classname="BookingMaskTC.VerifyRoomOccupancyMinAndMaxLimitTC51ToTC53" name="validateBookingAndPriceForRoomOccupancyWithMaxLimits" time="95.040"/>
  <system-out>
    <![CDATA[Select TFT1 in TravelType dropdownList
Selected HK001 - (TESTING) from dropdown list
Selected room 806 from dropdown
Select Falk Tours AG in CompanyID dropdownList
Send number of passenger
Send correct KOS in input field
Send correct ProductCode in input field
Send roomcode in input field
Send correct boardName
Send Occupancy
Send bookinglines 
Send Travel from date
Send Travel To date
Select Number of passenger
Clicked on sendbookingButton
Clicked on ViewList
Clicked on sendTBMcode to verify booking is done or not
Send TBM code
Clicked on Booking listButton
Validating Expected ReservationNo 272682156/01 and Actual ReservationNo is 272682156/01
Validating Actual price 8001.00 and Expected Price 8001.00]]>
  </system-out>
</testsuite> <!-- BookingMaskTC.VerifyRoomOccupancyMinAndMaxLimitTC51ToTC53 -->
