<?xml version="1.0" encoding="UTF-8"?>
<!-- Generated by org.testng.reporters.JUnitReportReporter -->
<testsuite hostname="DGIT-0099" failures="0" tests="1" name="BookingMaskTestCases.VerifyBookingModificationWithTravelToDateIncrease_TC19" time="77.058" errors="0" timestamp="2023-03-24T12:39:36 IST" skipped="0">
  <testcase classname="BookingMaskTestCases.VerifyBookingModificationWithTravelToDateIncrease_TC19" name="validatePriceWithTravelToDateIncrease" time="77.058"/>
  <system-out>
    <![CDATA[Validating Actual Price with increased travel to date  266640.00 and Expected Price with increase in date is 266640.00]]>
  </system-out>
</testsuite> <!-- BookingMaskTestCases.VerifyBookingModificationWithTravelToDateIncrease_TC19 -->
