<?xml version="1.0" encoding="UTF-8"?>
<!-- Generated by org.testng.reporters.JUnitReportReporter -->
<testsuite hostname="DGIT-0099" failures="0" tests="1" name="LoginPageTC.ValidateRecoverPwdLinkTC_20" time="0.097" errors="0" timestamp="2022-11-05T16:43:01 IST" skipped="0">
  <testcase classname="LoginPageTC.ValidateRecoverPwdLinkTC_20" name="VerifyRecoverPwdIsLinkTest" time="0.097"/>
  <system-out>
    <![CDATA[Validating actual Recover Password and Expected Text Recover Password]]>
  </system-out>
</testsuite> <!-- LoginPageTC.ValidateRecoverPwdLinkTC_20 -->
