<?xml version="1.0" encoding="UTF-8"?>
<!-- Generated by org.testng.reporters.JUnitReportReporter -->
<testsuite hostname="DGIT-0099" failures="0" tests="1" name="TestNGTest.LoginPageRefreshValidation_TC10" time="2.140" errors="0" timestamp="2022-10-14T14:12:59 IST" skipped="0">
  <testcase classname="TestNGTest.LoginPageRefreshValidation_TC10" name="ValidUserNamePasswordAndRefreshpageTest" time="2.140"/>
  <system-out>
    <![CDATA[Validating actual & Expected Url]]>
  </system-out>
</testsuite> <!-- TestNGTest.LoginPageRefreshValidation_TC10 -->
