<?xml version="1.0" encoding="UTF-8"?>
<!-- Generated by org.testng.reporters.JUnitReportReporter -->
<testsuite hostname="DGIT-0099" failures="0" tests="1" name="CalculationModuleTestCases.TC11" time="86.680" errors="0" timestamp="2023-08-10T12:37:27 IST" skipped="0">
  <testcase classname="CalculationModuleTestCases.TC11" name="validateAccommodationStatusAsDeactivated" time="86.680">
    <system-out>
      <![CDATA[Validating Actual message on offer defination page is No data available in table and Expected message on offer defination page is No data available in table]]>
    </system-out>
  </testcase> <!-- validateAccommodationStatusAsDeactivated -->
  <system-out>
    <![CDATA[Browser Launch 
Valid Username Entered
Valid Password Entered
Clicked on Dashboard button
Select the Falk Tours AG from given list
Clicked on proceed button
Clicked on purchase option
Clicked on accommodation option in list
Clicked on Allotment 
Clicked on Update contract button
Clicked on offer defination
Clicked on FalkToursAG option
Clicked on TchiboDE option
Validating Actual message on offer defination page is No data available in table and Expected message on offer defination page is No data available in table
Clicking on Logout Button in Booking Mask page
Logout from Booking Mask Page
Closing Browser]]>
  </system-out>
</testsuite> <!-- CalculationModuleTestCases.TC11 -->
