<?xml version="1.0" encoding="UTF-8"?>
<!-- Generated by org.testng.reporters.JUnitReportReporter -->
<testsuite hostname="DGIT-0099" failures="0" tests="1" name="BookingMaskTC.verifyModifyBookingForTwoDaysTC154" time="145.245" errors="0" timestamp="2023-01-31T15:40:59 IST" skipped="0">
  <testcase classname="BookingMaskTC.verifyModifyBookingForTwoDaysTC154" name="validateModifyBookingForTwoDaysWithArriDeparCondition" time="145.245"/>
  <system-out>
    <![CDATA[Validating Actual message Mindestaufenthaltsdauer unterschritten bzw Maximale Aufenthaltsdauer überschritten                                                                                                                                                                                                                                               and Expected message Mindestaufenthaltsdauer unterschritten bzw Maximale Aufenthaltsdauer überschritten                                                                                                                                                                                                                                              ]]>
  </system-out>
</testsuite> <!-- BookingMaskTC.verifyModifyBookingForTwoDaysTC154 -->
