<?xml version="1.0" encoding="UTF-8"?>
<!-- Generated by org.testng.reporters.JUnitReportReporter -->
<testsuite hostname="DGIT-0099" failures="0" tests="1" name="TestNGTest.ValidateUserNamePwdAnDRefreshPage" time="2.399" errors="0" timestamp="2022-10-07T09:26:04 IST" skipped="0">
  <testcase classname="TestNGTest.ValidateUserNamePwdAnDRefreshPage" name="ValidatePasswordRecoveryGoBackToLoginTest" time="2.399"/>
  <system-out/>
</testsuite> <!-- TestNGTest.ValidateUserNamePwdAnDRefreshPage -->
